[ 2017-05-20T01:12:01+08:00 ] 127.0.0.1 /webshop/admin.php/Admin/admin
INFO: [ route_check ] --START--
INFO: CheckRoute Behavior ::run [ RunTime:0.002856s ]
INFO: [ route_check ] --END-- [ RunTime:0.003032s ]
INFO: [ app_begin ] --START--
INFO: ReadHtmlCache Behavior ::run [ RunTime:0.002564s ]
INFO: [ app_begin ] --END-- [ RunTime:0.002738s ]
INFO: [ view_parse ] --START--
INFO: ParseTemplate Behavior ::run [ RunTime:0.022478s ]
INFO: [ view_parse ] --END-- [ RunTime:0.022679s ]
INFO: [ view_filter ] --START--
INFO: ContentReplace Behavior ::run [ RunTime:0.002368s ]
INFO: TokenBuild Behavior ::run [ RunTime:0.001706s ]
INFO: WriteHtmlCache Behavior ::run [ RunTime:0.002054s ]
INFO: ShowRuntime Behavior ::run [ RunTime:0.002526s ]
INFO: [ view_filter ] --END-- [ RunTime:0.009129s ]
INFO: [ view_end ] --START--
INFO: ShowPageTrace Behavior ::run [ RunTime:0.002872s ]
INFO: [ view_end ] --END-- [ RunTime:0.003015s ]

[ 2017-05-20T01:12:13+08:00 ] 127.0.0.1 /webshop/admin.php/Admin/handleAdminLogin
INFO: [ route_check ] --START--
INFO: CheckRoute Behavior ::run [ RunTime:0.001041s ]
INFO: [ route_check ] --END-- [ RunTime:0.001155s ]
INFO: [ app_begin ] --START--
INFO: ReadHtmlCache Behavior ::run [ RunTime:0.000657s ]
INFO: [ app_begin ] --END-- [ RunTime:0.000763s ]
NOTIC: 建议使用I方法替代_post
NOTIC: 建议使用I方法替代_post
SQL: SHOW COLUMNS FROM `admin` [ RunTime:0.009032s ]
SQL: SELECT COUNT(*) AS tp_count FROM `admin` WHERE ( account='zhangsan' AND password='1234567' ) LIMIT 1   [ RunTime:0.000302s ]

[ 2017-05-20T01:12:13+08:00 ] 127.0.0.1 /webshop/admin.php/Admin/adminHome.shtml
INFO: [ route_check ] --START--
INFO: CheckRoute Behavior ::run [ RunTime:0.001466s ]
INFO: [ route_check ] --END-- [ RunTime:0.001637s ]
INFO: [ app_begin ] --START--
INFO: ReadHtmlCache Behavior ::run [ RunTime:0.000978s ]
INFO: [ app_begin ] --END-- [ RunTime:0.001107s ]
SQL: SHOW COLUMNS FROM `user` [ RunTime:0.007610s ]
NOTIC: 建议使用I方法替代_get
SQL: SELECT COUNT(*) AS tp_count FROM `user` LIMIT 1   [ RunTime:0.000335s ]
NOTIC: 建议使用I方法替代_get
SQL: SELECT `id`,`username`,`phone`,`frozen`,`time` FROM `user` LIMIT 0,5   [ RunTime:0.000411s ]
INFO: [ view_parse ] --START--
INFO: ParseTemplate Behavior ::run [ RunTime:0.017611s ]
INFO: [ view_parse ] --END-- [ RunTime:0.017799s ]
INFO: [ view_filter ] --START--
INFO: ContentReplace Behavior ::run [ RunTime:0.000626s ]
INFO: TokenBuild Behavior ::run [ RunTime:0.000481s ]
INFO: WriteHtmlCache Behavior ::run [ RunTime:0.000330s ]
INFO: ShowRuntime Behavior ::run [ RunTime:0.000561s ]
INFO: [ view_filter ] --END-- [ RunTime:0.002248s ]
INFO: [ view_end ] --START--
INFO: ShowPageTrace Behavior ::run [ RunTime:0.001009s ]
INFO: [ view_end ] --END-- [ RunTime:0.001141s ]

[ 2017-05-20T01:12:14+08:00 ] 127.0.0.1 /webshop/admin.php/Order/order
INFO: [ route_check ] --START--
INFO: CheckRoute Behavior ::run [ RunTime:0.001689s ]
INFO: [ route_check ] --END-- [ RunTime:0.002047s ]
INFO: [ app_begin ] --START--
INFO: ReadHtmlCache Behavior ::run [ RunTime:0.000691s ]
INFO: [ app_begin ] --END-- [ RunTime:0.000783s ]
SQL: SHOW COLUMNS FROM `orders` [ RunTime:0.010553s ]
SQL: SHOW COLUMNS FROM `phone` [ RunTime:0.009482s ]
SQL: SELECT COUNT(*) AS tp_count FROM `orders` WHERE ( tip=0 ) LIMIT 1   [ RunTime:0.000343s ]
NOTIC: 建议使用I方法替代_get
SQL: select orders.id,orders.phoneid,orders.addr,orders.content,orders.num , orders.username,orders.time,phone.color, phone.proname,phone.neicun,phone.cunchu from orders,phone  where orders.phoneid = phone.phoneid and tip=0 limit 0,3 [ RunTime:0.000351s ]
INFO: [ view_parse ] --START--
INFO: ParseTemplate Behavior ::run [ RunTime:0.016394s ]
INFO: [ view_parse ] --END-- [ RunTime:0.016581s ]
INFO: [ view_filter ] --START--
INFO: ContentReplace Behavior ::run [ RunTime:0.000753s ]
INFO: TokenBuild Behavior ::run [ RunTime:0.000699s ]
INFO: WriteHtmlCache Behavior ::run [ RunTime:0.000477s ]
INFO: ShowRuntime Behavior ::run [ RunTime:0.000837s ]
INFO: [ view_filter ] --END-- [ RunTime:0.003190s ]
INFO: [ view_end ] --START--
INFO: ShowPageTrace Behavior ::run [ RunTime:0.001811s ]
INFO: [ view_end ] --END-- [ RunTime:0.002095s ]

[ 2017-05-20T01:16:01+08:00 ] 127.0.0.1 /webshop/admin.php/Order/order
INFO: [ route_check ] --START--
INFO: CheckRoute Behavior ::run [ RunTime:0.001703s ]
INFO: [ route_check ] --END-- [ RunTime:0.001990s ]
INFO: [ app_begin ] --START--
INFO: ReadHtmlCache Behavior ::run [ RunTime:0.001088s ]
INFO: [ app_begin ] --END-- [ RunTime:0.001268s ]
SQL: SHOW COLUMNS FROM `orders` [ RunTime:0.008043s ]
SQL: SHOW COLUMNS FROM `phone` [ RunTime:0.010473s ]
SQL: SELECT COUNT(*) AS tp_count FROM `orders` WHERE ( tip=0 ) LIMIT 1   [ RunTime:0.000365s ]
NOTIC: 建议使用I方法替代_get
SQL: select orders.id,orders.phoneid,orders.addr,orders.content,orders.num , orders.username,orders.time,phone.color, phone.proname,phone.neicun,phone.cunchu from orders,phone  where orders.phoneid = phone.phoneid and tip=0 limit 0,3 [ RunTime:0.000381s ]
INFO: [ view_parse ] --START--
INFO: ParseTemplate Behavior ::run [ RunTime:0.019754s ]
INFO: [ view_parse ] --END-- [ RunTime:0.019904s ]
INFO: [ view_filter ] --START--
INFO: ContentReplace Behavior ::run [ RunTime:0.000772s ]
INFO: TokenBuild Behavior ::run [ RunTime:0.000688s ]
INFO: WriteHtmlCache Behavior ::run [ RunTime:0.000587s ]
INFO: ShowRuntime Behavior ::run [ RunTime:0.000895s ]
INFO: [ view_filter ] --END-- [ RunTime:0.003298s ]
INFO: [ view_end ] --START--
INFO: ShowPageTrace Behavior ::run [ RunTime:0.001225s ]
INFO: [ view_end ] --END-- [ RunTime:0.001450s ]

[ 2017-05-20T01:16:03+08:00 ] 127.0.0.1 /webshop/admin.php/Order/order/page/4
INFO: [ route_check ] --START--
INFO: CheckRoute Behavior ::run [ RunTime:0.001615s ]
INFO: [ route_check ] --END-- [ RunTime:0.001804s ]
INFO: [ app_begin ] --START--
INFO: ReadHtmlCache Behavior ::run [ RunTime:0.000940s ]
INFO: [ app_begin ] --END-- [ RunTime:0.001073s ]
SQL: SHOW COLUMNS FROM `orders` [ RunTime:0.010508s ]
SQL: SHOW COLUMNS FROM `phone` [ RunTime:0.007888s ]
SQL: SELECT COUNT(*) AS tp_count FROM `orders` WHERE ( tip=0 ) LIMIT 1   [ RunTime:0.000615s ]
NOTIC: 建议使用I方法替代_get
SQL: select orders.id,orders.phoneid,orders.addr,orders.content,orders.num , orders.username,orders.time,phone.color, phone.proname,phone.neicun,phone.cunchu from orders,phone  where orders.phoneid = phone.phoneid and tip=0 limit 9,3 [ RunTime:0.000876s ]
INFO: [ view_parse ] --START--
INFO: ParseTemplate Behavior ::run [ RunTime:0.019675s ]
INFO: [ view_parse ] --END-- [ RunTime:0.019858s ]
INFO: [ view_filter ] --START--
INFO: ContentReplace Behavior ::run [ RunTime:0.000860s ]
INFO: TokenBuild Behavior ::run [ RunTime:0.000959s ]
INFO: WriteHtmlCache Behavior ::run [ RunTime:0.000540s ]
INFO: ShowRuntime Behavior ::run [ RunTime:0.000841s ]
INFO: [ view_filter ] --END-- [ RunTime:0.003571s ]
INFO: [ view_end ] --START--
INFO: ShowPageTrace Behavior ::run [ RunTime:0.001167s ]
INFO: [ view_end ] --END-- [ RunTime:0.001322s ]

[ 2017-05-20T01:16:09+08:00 ] 127.0.0.1 /webshop/admin.php/Order/order/page/1
INFO: [ route_check ] --START--
INFO: CheckRoute Behavior ::run [ RunTime:0.002274s ]
INFO: [ route_check ] --END-- [ RunTime:0.002644s ]
INFO: [ app_begin ] --START--
INFO: ReadHtmlCache Behavior ::run [ RunTime:0.001081s ]
INFO: [ app_begin ] --END-- [ RunTime:0.001257s ]
SQL: SHOW COLUMNS FROM `orders` [ RunTime:0.007656s ]
SQL: SHOW COLUMNS FROM `phone` [ RunTime:0.008338s ]
SQL: SELECT COUNT(*) AS tp_count FROM `orders` WHERE ( tip=0 ) LIMIT 1   [ RunTime:0.000653s ]
NOTIC: 建议使用I方法替代_get
SQL: select orders.id,orders.phoneid,orders.addr,orders.content,orders.num , orders.username,orders.time,phone.color, phone.proname,phone.neicun,phone.cunchu from orders,phone  where orders.phoneid = phone.phoneid and tip=0 limit 0,3 [ RunTime:0.000640s ]
INFO: [ view_parse ] --START--
INFO: ParseTemplate Behavior ::run [ RunTime:0.024478s ]
INFO: [ view_parse ] --END-- [ RunTime:0.024662s ]
INFO: [ view_filter ] --START--
INFO: ContentReplace Behavior ::run [ RunTime:0.000863s ]
INFO: TokenBuild Behavior ::run [ RunTime:0.000795s ]
INFO: WriteHtmlCache Behavior ::run [ RunTime:0.000692s ]
INFO: ShowRuntime Behavior ::run [ RunTime:0.001327s ]
INFO: [ view_filter ] --END-- [ RunTime:0.004268s ]
INFO: [ view_end ] --START--
INFO: ShowPageTrace Behavior ::run [ RunTime:0.001225s ]
INFO: [ view_end ] --END-- [ RunTime:0.001399s ]

[ 2017-05-20T01:16:12+08:00 ] 127.0.0.1 /webshop/admin.php/Order/order/page/3
INFO: [ route_check ] --START--
INFO: CheckRoute Behavior ::run [ RunTime:0.001496s ]
INFO: [ route_check ] --END-- [ RunTime:0.001651s ]
INFO: [ app_begin ] --START--
INFO: ReadHtmlCache Behavior ::run [ RunTime:0.000992s ]
INFO: [ app_begin ] --END-- [ RunTime:0.001122s ]
SQL: SHOW COLUMNS FROM `orders` [ RunTime:0.006262s ]
SQL: SHOW COLUMNS FROM `phone` [ RunTime:0.006882s ]
SQL: SELECT COUNT(*) AS tp_count FROM `orders` WHERE ( tip=0 ) LIMIT 1   [ RunTime:0.000427s ]
NOTIC: 建议使用I方法替代_get
SQL: select orders.id,orders.phoneid,orders.addr,orders.content,orders.num , orders.username,orders.time,phone.color, phone.proname,phone.neicun,phone.cunchu from orders,phone  where orders.phoneid = phone.phoneid and tip=0 limit 6,3 [ RunTime:0.000949s ]
INFO: [ view_parse ] --START--
INFO: ParseTemplate Behavior ::run [ RunTime:0.021064s ]
INFO: [ view_parse ] --END-- [ RunTime:0.021223s ]
INFO: [ view_filter ] --START--
INFO: ContentReplace Behavior ::run [ RunTime:0.000778s ]
INFO: TokenBuild Behavior ::run [ RunTime:0.000693s ]
INFO: WriteHtmlCache Behavior ::run [ RunTime:0.000502s ]
INFO: ShowRuntime Behavior ::run [ RunTime:0.000827s ]
INFO: [ view_filter ] --END-- [ RunTime:0.003166s ]
INFO: [ view_end ] --START--
INFO: ShowPageTrace Behavior ::run [ RunTime:0.001178s ]
INFO: [ view_end ] --END-- [ RunTime:0.001326s ]

[ 2017-05-20T21:16:47+08:00 ] 127.0.0.1 /webshop/admin.php/Admin/admin
INFO: [ route_check ] --START--
INFO: CheckRoute Behavior ::run [ RunTime:0.002742s ]
INFO: [ route_check ] --END-- [ RunTime:0.002904s ]
INFO: [ app_begin ] --START--
INFO: ReadHtmlCache Behavior ::run [ RunTime:0.002798s ]
INFO: [ app_begin ] --END-- [ RunTime:0.003214s ]
INFO: [ view_parse ] --START--
INFO: ParseTemplate Behavior ::run [ RunTime:0.031523s ]
INFO: [ view_parse ] --END-- [ RunTime:0.031723s ]
INFO: [ view_filter ] --START--
INFO: ContentReplace Behavior ::run [ RunTime:0.002033s ]
INFO: TokenBuild Behavior ::run [ RunTime:0.002060s ]
INFO: WriteHtmlCache Behavior ::run [ RunTime:0.001942s ]
INFO: ShowRuntime Behavior ::run [ RunTime:0.002523s ]
INFO: [ view_filter ] --END-- [ RunTime:0.008957s ]
INFO: [ view_end ] --START--
INFO: ShowPageTrace Behavior ::run [ RunTime:0.002522s ]
INFO: [ view_end ] --END-- [ RunTime:0.002653s ]

[ 2017-05-20T21:16:55+08:00 ] 127.0.0.1 /webshop/admin.php/Admin/handleAdminLogin
INFO: [ route_check ] --START--
INFO: CheckRoute Behavior ::run [ RunTime:0.002664s ]
INFO: [ route_check ] --END-- [ RunTime:0.002815s ]
INFO: [ app_begin ] --START--
INFO: ReadHtmlCache Behavior ::run [ RunTime:0.001563s ]
INFO: [ app_begin ] --END-- [ RunTime:0.001655s ]
NOTIC: 建议使用I方法替代_post
NOTIC: 建议使用I方法替代_post
SQL: SHOW COLUMNS FROM `admin` [ RunTime:0.312963s ]
SQL: SELECT COUNT(*) AS tp_count FROM `admin` WHERE ( account='zhangsan' AND password='1234567' ) LIMIT 1   [ RunTime:0.000325s ]

[ 2017-05-20T21:16:55+08:00 ] 127.0.0.1 /webshop/admin.php/Admin/adminHome.shtml
INFO: [ route_check ] --START--
INFO: CheckRoute Behavior ::run [ RunTime:0.001056s ]
INFO: [ route_check ] --END-- [ RunTime:0.001165s ]
INFO: [ app_begin ] --START--
INFO: ReadHtmlCache Behavior ::run [ RunTime:0.000659s ]
INFO: [ app_begin ] --END-- [ RunTime:0.000737s ]
SQL: SHOW COLUMNS FROM `user` [ RunTime:0.007612s ]
NOTIC: 建议使用I方法替代_get
SQL: SELECT COUNT(*) AS tp_count FROM `user` LIMIT 1   [ RunTime:0.000507s ]
NOTIC: 建议使用I方法替代_get
SQL: SELECT `id`,`username`,`phone`,`frozen`,`time` FROM `user` LIMIT 0,5   [ RunTime:0.001605s ]
INFO: [ view_parse ] --START--
INFO: ParseTemplate Behavior ::run [ RunTime:0.058593s ]
INFO: [ view_parse ] --END-- [ RunTime:0.058787s ]
INFO: [ view_filter ] --START--
INFO: ContentReplace Behavior ::run [ RunTime:0.001562s ]
INFO: TokenBuild Behavior ::run [ RunTime:0.003560s ]
INFO: WriteHtmlCache Behavior ::run [ RunTime:0.001639s ]
INFO: ShowRuntime Behavior ::run [ RunTime:0.001526s ]
INFO: [ view_filter ] --END-- [ RunTime:0.008615s ]
INFO: [ view_end ] --START--
INFO: ShowPageTrace Behavior ::run [ RunTime:0.002680s ]
INFO: [ view_end ] --END-- [ RunTime:0.002834s ]

[ 2017-05-20T21:16:57+08:00 ] 127.0.0.1 /webshop/admin.php/Product/product
INFO: [ route_check ] --START--
INFO: CheckRoute Behavior ::run [ RunTime:0.002070s ]
INFO: [ route_check ] --END-- [ RunTime:0.002199s ]
INFO: [ app_begin ] --START--
INFO: ReadHtmlCache Behavior ::run [ RunTime:0.001862s ]
INFO: [ app_begin ] --END-- [ RunTime:0.001976s ]
SQL: SHOW COLUMNS FROM `phone` [ RunTime:0.007250s ]
NOTIC: 建议使用I方法替代_get
SQL: SELECT COUNT(*) AS tp_count FROM `phone` LIMIT 1   [ RunTime:0.000245s ]
NOTIC: 建议使用I方法替代_get
SQL: SELECT * FROM `phone` LIMIT 0,3   [ RunTime:0.000251s ]
INFO: [ view_parse ] --START--
INFO: ParseTemplate Behavior ::run [ RunTime:0.033886s ]
INFO: [ view_parse ] --END-- [ RunTime:0.034028s ]
INFO: [ view_filter ] --START--
INFO: ContentReplace Behavior ::run [ RunTime:0.001534s ]
INFO: TokenBuild Behavior ::run [ RunTime:0.001407s ]
INFO: WriteHtmlCache Behavior ::run [ RunTime:0.001271s ]
INFO: ShowRuntime Behavior ::run [ RunTime:0.001520s ]
INFO: [ view_filter ] --END-- [ RunTime:0.005961s ]
INFO: [ view_end ] --START--
INFO: ShowPageTrace Behavior ::run [ RunTime:0.004114s ]
INFO: [ view_end ] --END-- [ RunTime:0.004269s ]

[ 2017-05-20T21:25:41+08:00 ] 127.0.0.1 /webshop/admin.php/Broadcast/broadcast
INFO: [ route_check ] --START--
INFO: CheckRoute Behavior ::run [ RunTime:0.001930s ]
INFO: [ route_check ] --END-- [ RunTime:0.002039s ]
INFO: [ app_begin ] --START--
INFO: ReadHtmlCache Behavior ::run [ RunTime:0.001750s ]
INFO: [ app_begin ] --END-- [ RunTime:0.001844s ]
SQL: SHOW COLUMNS FROM `broadcast` [ RunTime:0.007779s ]
SQL: SELECT * FROM `broadcast`  [ RunTime:0.000274s ]
INFO: [ view_parse ] --START--
INFO: ParseTemplate Behavior ::run [ RunTime:0.047594s ]
INFO: [ view_parse ] --END-- [ RunTime:0.047780s ]
INFO: [ view_filter ] --START--
INFO: ContentReplace Behavior ::run [ RunTime:0.002089s ]
INFO: TokenBuild Behavior ::run [ RunTime:0.001448s ]
INFO: WriteHtmlCache Behavior ::run [ RunTime:0.001262s ]
INFO: ShowRuntime Behavior ::run [ RunTime:0.001491s ]
INFO: [ view_filter ] --END-- [ RunTime:0.006534s ]
INFO: [ view_end ] --START--
INFO: ShowPageTrace Behavior ::run [ RunTime:0.003454s ]
INFO: [ view_end ] --END-- [ RunTime:0.003601s ]

[ 2017-05-20T21:25:44+08:00 ] 127.0.0.1 /webshop/admin.php/Order/order
INFO: [ route_check ] --START--
INFO: CheckRoute Behavior ::run [ RunTime:0.001045s ]
INFO: [ route_check ] --END-- [ RunTime:0.001154s ]
INFO: [ app_begin ] --START--
INFO: ReadHtmlCache Behavior ::run [ RunTime:0.000643s ]
INFO: [ app_begin ] --END-- [ RunTime:0.000720s ]
SQL: SHOW COLUMNS FROM `orders` [ RunTime:0.007450s ]
SQL: SHOW COLUMNS FROM `phone` [ RunTime:0.041926s ]
SQL: SELECT COUNT(*) AS tp_count FROM `orders` WHERE ( tip=0 ) LIMIT 1   [ RunTime:0.000339s ]
NOTIC: 建议使用I方法替代_get
SQL: select orders.id,orders.phoneid,orders.addr,orders.content,orders.num , orders.username,orders.time,phone.color, phone.proname,phone.neicun,phone.cunchu from orders,phone  where orders.phoneid = phone.phoneid and tip=0 limit 0,3 [ RunTime:0.000346s ]
INFO: [ view_parse ] --START--
INFO: ParseTemplate Behavior ::run [ RunTime:0.042131s ]
INFO: [ view_parse ] --END-- [ RunTime:0.042451s ]
INFO: [ view_filter ] --START--
INFO: ContentReplace Behavior ::run [ RunTime:0.000699s ]
INFO: TokenBuild Behavior ::run [ RunTime:0.000521s ]
INFO: WriteHtmlCache Behavior ::run [ RunTime:0.000361s ]
INFO: ShowRuntime Behavior ::run [ RunTime:0.000544s ]
INFO: [ view_filter ] --END-- [ RunTime:0.002370s ]
INFO: [ view_end ] --START--
INFO: ShowPageTrace Behavior ::run [ RunTime:0.001208s ]
INFO: [ view_end ] --END-- [ RunTime:0.001331s ]

