[ 2017-05-19T22:25:18+08:00 ] 127.0.0.1 /webshop/admin.php/Admin/admin
INFO: [ route_check ] --START--
INFO: CheckRoute Behavior ::run [ RunTime:0.001836s ]
INFO: [ route_check ] --END-- [ RunTime:0.001947s ]
INFO: [ app_begin ] --START--
INFO: ReadHtmlCache Behavior ::run [ RunTime:0.001495s ]
INFO: [ app_begin ] --END-- [ RunTime:0.001574s ]
INFO: [ view_parse ] --START--
INFO: ParseTemplate Behavior ::run [ RunTime:0.041497s ]
INFO: [ view_parse ] --END-- [ RunTime:0.041638s ]
INFO: [ view_filter ] --START--
INFO: ContentReplace Behavior ::run [ RunTime:0.001347s ]
INFO: TokenBuild Behavior ::run [ RunTime:0.001312s ]
INFO: WriteHtmlCache Behavior ::run [ RunTime:0.001198s ]
INFO: ShowRuntime Behavior ::run [ RunTime:0.001719s ]
INFO: [ view_filter ] --END-- [ RunTime:0.006473s ]
INFO: [ view_end ] --START--
INFO: ShowPageTrace Behavior ::run [ RunTime:0.001748s ]
INFO: [ view_end ] --END-- [ RunTime:0.001824s ]

[ 2017-05-19T22:25:25+08:00 ] 127.0.0.1 /webshop/admin.php/Admin/handleAdminLogin
INFO: [ route_check ] --START--
INFO: CheckRoute Behavior ::run [ RunTime:0.000927s ]
INFO: [ route_check ] --END-- [ RunTime:0.001027s ]
INFO: [ app_begin ] --START--
INFO: ReadHtmlCache Behavior ::run [ RunTime:0.000608s ]
INFO: [ app_begin ] --END-- [ RunTime:0.000682s ]
NOTIC: 建议使用I方法替代_post
NOTIC: 建议使用I方法替代_post
SQL: SHOW COLUMNS FROM `admin` [ RunTime:0.192942s ]
SQL: SELECT COUNT(*) AS tp_count FROM `admin` WHERE ( account='zhangsan' AND password='1234567' ) LIMIT 1   [ RunTime:0.014381s ]

[ 2017-05-19T22:25:26+08:00 ] 127.0.0.1 /webshop/admin.php/Admin/adminHome.shtml
INFO: [ route_check ] --START--
INFO: CheckRoute Behavior ::run [ RunTime:0.001162s ]
INFO: [ route_check ] --END-- [ RunTime:0.001330s ]
INFO: [ app_begin ] --START--
INFO: ReadHtmlCache Behavior ::run [ RunTime:0.000657s ]
INFO: [ app_begin ] --END-- [ RunTime:0.000739s ]
SQL: SHOW COLUMNS FROM `user` [ RunTime:0.057338s ]
NOTIC: 建议使用I方法替代_get
SQL: SELECT COUNT(*) AS tp_count FROM `user` LIMIT 1   [ RunTime:0.000243s ]
NOTIC: 建议使用I方法替代_get
SQL: SELECT `id`,`username`,`phone`,`frozen`,`time` FROM `user` LIMIT 0,5   [ RunTime:0.000213s ]
INFO: [ view_parse ] --START--
INFO: ParseTemplate Behavior ::run [ RunTime:0.096967s ]
INFO: [ view_parse ] --END-- [ RunTime:0.097086s ]
INFO: [ view_filter ] --START--
INFO: ContentReplace Behavior ::run [ RunTime:0.000521s ]
INFO: TokenBuild Behavior ::run [ RunTime:0.001465s ]
INFO: WriteHtmlCache Behavior ::run [ RunTime:0.000548s ]
INFO: ShowRuntime Behavior ::run [ RunTime:0.000742s ]
INFO: [ view_filter ] --END-- [ RunTime:0.003532s ]
INFO: [ view_end ] --START--
INFO: ShowPageTrace Behavior ::run [ RunTime:0.001282s ]
INFO: [ view_end ] --END-- [ RunTime:0.001441s ]

[ 2017-05-19T22:25:28+08:00 ] 127.0.0.1 /webshop/admin.php/Order/order
INFO: [ route_check ] --START--
INFO: CheckRoute Behavior ::run [ RunTime:0.002889s ]
INFO: [ route_check ] --END-- [ RunTime:0.003059s ]
INFO: [ app_begin ] --START--
INFO: ReadHtmlCache Behavior ::run [ RunTime:0.001731s ]
INFO: [ app_begin ] --END-- [ RunTime:0.001860s ]
SQL: SHOW COLUMNS FROM `orders` [ RunTime:0.451378s ]
SQL: SHOW COLUMNS FROM `phone` [ RunTime:0.004208s ]
SQL: SELECT COUNT(*) AS tp_count FROM `orders` WHERE ( tip=0 ) LIMIT 1   [ RunTime:0.000674s ]
NOTIC: 建议使用I方法替代_get
SQL: select orders.id,orders.phoneid,orders.addr,orders.content,orders.num , orders.username,orders.time,phone.color, phone.proname,phone.neicun,phone.cunchu from orders,phone  where orders.phoneid = phone.phoneid and tip=0 limit 0,3 [ RunTime:0.000405s ]
INFO: [ view_parse ] --START--
INFO: ParseTemplate Behavior ::run [ RunTime:0.047473s ]
INFO: [ view_parse ] --END-- [ RunTime:0.047618s ]
INFO: [ view_filter ] --START--
INFO: ContentReplace Behavior ::run [ RunTime:0.001438s ]
INFO: TokenBuild Behavior ::run [ RunTime:0.001735s ]
INFO: WriteHtmlCache Behavior ::run [ RunTime:0.001253s ]
INFO: ShowRuntime Behavior ::run [ RunTime:0.001931s ]
INFO: [ view_filter ] --END-- [ RunTime:0.006596s ]
INFO: [ view_end ] --START--
INFO: ShowPageTrace Behavior ::run [ RunTime:0.003556s ]
INFO: [ view_end ] --END-- [ RunTime:0.003731s ]

[ 2017-05-19T22:25:35+08:00 ] 127.0.0.1 /webshop/admin.php/Order/order/page/3
INFO: [ route_check ] --START--
INFO: CheckRoute Behavior ::run [ RunTime:0.001225s ]
INFO: [ route_check ] --END-- [ RunTime:0.001442s ]
INFO: [ app_begin ] --START--
INFO: ReadHtmlCache Behavior ::run [ RunTime:0.001036s ]
INFO: [ app_begin ] --END-- [ RunTime:0.001133s ]
SQL: SHOW COLUMNS FROM `orders` [ RunTime:0.004066s ]
SQL: SHOW COLUMNS FROM `phone` [ RunTime:0.005273s ]
SQL: SELECT COUNT(*) AS tp_count FROM `orders` WHERE ( tip=0 ) LIMIT 1   [ RunTime:0.000371s ]
NOTIC: 建议使用I方法替代_get
SQL: select orders.id,orders.phoneid,orders.addr,orders.content,orders.num , orders.username,orders.time,phone.color, phone.proname,phone.neicun,phone.cunchu from orders,phone  where orders.phoneid = phone.phoneid and tip=0 limit 6,3 [ RunTime:0.000689s ]
INFO: [ view_parse ] --START--
INFO: ParseTemplate Behavior ::run [ RunTime:0.022626s ]
INFO: [ view_parse ] --END-- [ RunTime:0.022780s ]
INFO: [ view_filter ] --START--
INFO: ContentReplace Behavior ::run [ RunTime:0.000688s ]
INFO: TokenBuild Behavior ::run [ RunTime:0.000514s ]
INFO: WriteHtmlCache Behavior ::run [ RunTime:0.000313s ]
INFO: ShowRuntime Behavior ::run [ RunTime:0.000527s ]
INFO: [ view_filter ] --END-- [ RunTime:0.002288s ]
INFO: [ view_end ] --START--
INFO: ShowPageTrace Behavior ::run [ RunTime:0.000668s ]
INFO: [ view_end ] --END-- [ RunTime:0.000755s ]

[ 2017-05-19T22:25:40+08:00 ] 127.0.0.1 /webshop/admin.php/Order/order/page/1
INFO: [ route_check ] --START--
INFO: CheckRoute Behavior ::run [ RunTime:0.000916s ]
INFO: [ route_check ] --END-- [ RunTime:0.001015s ]
INFO: [ app_begin ] --START--
INFO: ReadHtmlCache Behavior ::run [ RunTime:0.000624s ]
INFO: [ app_begin ] --END-- [ RunTime:0.000696s ]
SQL: SHOW COLUMNS FROM `orders` [ RunTime:0.004000s ]
SQL: SHOW COLUMNS FROM `phone` [ RunTime:0.004609s ]
SQL: SELECT COUNT(*) AS tp_count FROM `orders` WHERE ( tip=0 ) LIMIT 1   [ RunTime:0.000343s ]
NOTIC: 建议使用I方法替代_get
SQL: select orders.id,orders.phoneid,orders.addr,orders.content,orders.num , orders.username,orders.time,phone.color, phone.proname,phone.neicun,phone.cunchu from orders,phone  where orders.phoneid = phone.phoneid and tip=0 limit 0,3 [ RunTime:0.000290s ]
INFO: [ view_parse ] --START--
INFO: ParseTemplate Behavior ::run [ RunTime:0.040202s ]
INFO: [ view_parse ] --END-- [ RunTime:0.040337s ]
INFO: [ view_filter ] --START--
INFO: ContentReplace Behavior ::run [ RunTime:0.000697s ]
INFO: TokenBuild Behavior ::run [ RunTime:0.000627s ]
INFO: WriteHtmlCache Behavior ::run [ RunTime:0.000413s ]
INFO: ShowRuntime Behavior ::run [ RunTime:0.000723s ]
INFO: [ view_filter ] --END-- [ RunTime:0.002755s ]
INFO: [ view_end ] --START--
INFO: ShowPageTrace Behavior ::run [ RunTime:0.001629s ]
INFO: [ view_end ] --END-- [ RunTime:0.001763s ]

[ 2017-05-19T22:25:47+08:00 ] 127.0.0.1 /webshop/admin.php/Order/hasOrder
INFO: [ route_check ] --START--
INFO: CheckRoute Behavior ::run [ RunTime:0.000909s ]
INFO: [ route_check ] --END-- [ RunTime:0.001011s ]
INFO: [ app_begin ] --START--
INFO: ReadHtmlCache Behavior ::run [ RunTime:0.000602s ]
INFO: [ app_begin ] --END-- [ RunTime:0.000676s ]
SQL: SHOW COLUMNS FROM `orders` [ RunTime:0.003633s ]
SQL: SHOW COLUMNS FROM `phone` [ RunTime:0.003791s ]
SQL: SELECT COUNT(*) AS tp_count FROM `orders` WHERE ( tip=1 ) LIMIT 1   [ RunTime:0.000285s ]
NOTIC: 建议使用I方法替代_get
SQL: select orders.id,orders.phoneid,orders.addr,orders.content,orders.num , orders.username,orders.time,phone.color, phone.proname,phone.neicun,phone.cunchu from orders,phone  where orders.phoneid = phone.phoneid and tip=1 limit 0,5 [ RunTime:0.000293s ]
INFO: [ view_parse ] --START--
INFO: ParseTemplate Behavior ::run [ RunTime:0.041527s ]
INFO: [ view_parse ] --END-- [ RunTime:0.041645s ]
INFO: [ view_filter ] --START--
INFO: ContentReplace Behavior ::run [ RunTime:0.000480s ]
INFO: TokenBuild Behavior ::run [ RunTime:0.000427s ]
INFO: WriteHtmlCache Behavior ::run [ RunTime:0.000300s ]
INFO: ShowRuntime Behavior ::run [ RunTime:0.000512s ]
INFO: [ view_filter ] --END-- [ RunTime:0.001912s ]
INFO: [ view_end ] --START--
INFO: ShowPageTrace Behavior ::run [ RunTime:0.000672s ]
INFO: [ view_end ] --END-- [ RunTime:0.000765s ]

[ 2017-05-19T22:25:49+08:00 ] 127.0.0.1 /webshop/admin.php/Order/order
INFO: [ route_check ] --START--
INFO: CheckRoute Behavior ::run [ RunTime:0.000910s ]
INFO: [ route_check ] --END-- [ RunTime:0.001015s ]
INFO: [ app_begin ] --START--
INFO: ReadHtmlCache Behavior ::run [ RunTime:0.000604s ]
INFO: [ app_begin ] --END-- [ RunTime:0.000675s ]
SQL: SHOW COLUMNS FROM `orders` [ RunTime:0.004619s ]
SQL: SHOW COLUMNS FROM `phone` [ RunTime:0.005375s ]
SQL: SELECT COUNT(*) AS tp_count FROM `orders` WHERE ( tip=0 ) LIMIT 1   [ RunTime:0.000423s ]
NOTIC: 建议使用I方法替代_get
SQL: select orders.id,orders.phoneid,orders.addr,orders.content,orders.num , orders.username,orders.time,phone.color, phone.proname,phone.neicun,phone.cunchu from orders,phone  where orders.phoneid = phone.phoneid and tip=0 limit 0,3 [ RunTime:0.000330s ]
INFO: [ view_parse ] --START--
INFO: ParseTemplate Behavior ::run [ RunTime:0.017775s ]
INFO: [ view_parse ] --END-- [ RunTime:0.017925s ]
INFO: [ view_filter ] --START--
INFO: ContentReplace Behavior ::run [ RunTime:0.000681s ]
INFO: TokenBuild Behavior ::run [ RunTime:0.000629s ]
INFO: WriteHtmlCache Behavior ::run [ RunTime:0.000399s ]
INFO: ShowRuntime Behavior ::run [ RunTime:0.000722s ]
INFO: [ view_filter ] --END-- [ RunTime:0.002733s ]
INFO: [ view_end ] --START--
INFO: ShowPageTrace Behavior ::run [ RunTime:0.001021s ]
INFO: [ view_end ] --END-- [ RunTime:0.001183s ]

[ 2017-05-19T22:26:13+08:00 ] 127.0.0.1 /webshop/admin.php/Admin/admin
INFO: [ route_check ] --START--
INFO: CheckRoute Behavior ::run [ RunTime:0.001699s ]
INFO: [ route_check ] --END-- [ RunTime:0.001877s ]
INFO: [ app_begin ] --START--
INFO: ReadHtmlCache Behavior ::run [ RunTime:0.000694s ]
INFO: [ app_begin ] --END-- [ RunTime:0.000792s ]
INFO: [ view_parse ] --START--
INFO: ParseTemplate Behavior ::run [ RunTime:0.012773s ]
INFO: [ view_parse ] --END-- [ RunTime:0.012903s ]
INFO: [ view_filter ] --START--
INFO: ContentReplace Behavior ::run [ RunTime:0.000459s ]
INFO: TokenBuild Behavior ::run [ RunTime:0.000445s ]
INFO: WriteHtmlCache Behavior ::run [ RunTime:0.000317s ]
INFO: ShowRuntime Behavior ::run [ RunTime:0.000529s ]
INFO: [ view_filter ] --END-- [ RunTime:0.001960s ]
INFO: [ view_end ] --START--
INFO: ShowPageTrace Behavior ::run [ RunTime:0.000778s ]
INFO: [ view_end ] --END-- [ RunTime:0.000857s ]

[ 2017-05-19T22:26:21+08:00 ] 127.0.0.1 /webshop/admin.php/Admin/handleAdminLogin
INFO: [ route_check ] --START--
INFO: CheckRoute Behavior ::run [ RunTime:0.002412s ]
INFO: [ route_check ] --END-- [ RunTime:0.002526s ]
INFO: [ app_begin ] --START--
INFO: ReadHtmlCache Behavior ::run [ RunTime:0.001496s ]
INFO: [ app_begin ] --END-- [ RunTime:0.001578s ]
NOTIC: 建议使用I方法替代_post
NOTIC: 建议使用I方法替代_post
SQL: SHOW COLUMNS FROM `admin` [ RunTime:0.004967s ]
SQL: SELECT COUNT(*) AS tp_count FROM `admin` WHERE ( account='zhangsan' AND password='1234567' ) LIMIT 1   [ RunTime:0.000274s ]

[ 2017-05-19T22:26:21+08:00 ] 127.0.0.1 /webshop/admin.php/Admin/adminHome.shtml
INFO: [ route_check ] --START--
INFO: CheckRoute Behavior ::run [ RunTime:0.000899s ]
INFO: [ route_check ] --END-- [ RunTime:0.001002s ]
INFO: [ app_begin ] --START--
INFO: ReadHtmlCache Behavior ::run [ RunTime:0.000608s ]
INFO: [ app_begin ] --END-- [ RunTime:0.000689s ]
SQL: SHOW COLUMNS FROM `user` [ RunTime:0.003881s ]
NOTIC: 建议使用I方法替代_get
SQL: SELECT COUNT(*) AS tp_count FROM `user` LIMIT 1   [ RunTime:0.000288s ]
NOTIC: 建议使用I方法替代_get
SQL: SELECT `id`,`username`,`phone`,`frozen`,`time` FROM `user` LIMIT 0,5   [ RunTime:0.000264s ]
INFO: [ view_parse ] --START--
INFO: ParseTemplate Behavior ::run [ RunTime:0.020735s ]
INFO: [ view_parse ] --END-- [ RunTime:0.020867s ]
INFO: [ view_filter ] --START--
INFO: ContentReplace Behavior ::run [ RunTime:0.001443s ]
INFO: TokenBuild Behavior ::run [ RunTime:0.001879s ]
INFO: WriteHtmlCache Behavior ::run [ RunTime:0.001560s ]
INFO: ShowRuntime Behavior ::run [ RunTime:0.002144s ]
INFO: [ view_filter ] --END-- [ RunTime:0.007355s ]
INFO: [ view_end ] --START--
INFO: ShowPageTrace Behavior ::run [ RunTime:0.002828s ]
INFO: [ view_end ] --END-- [ RunTime:0.002975s ]

[ 2017-05-19T22:26:23+08:00 ] 127.0.0.1 /webshop/admin.php/Order/order
INFO: [ route_check ] --START--
INFO: CheckRoute Behavior ::run [ RunTime:0.000924s ]
INFO: [ route_check ] --END-- [ RunTime:0.001028s ]
INFO: [ app_begin ] --START--
INFO: ReadHtmlCache Behavior ::run [ RunTime:0.000654s ]
INFO: [ app_begin ] --END-- [ RunTime:0.000743s ]
SQL: SHOW COLUMNS FROM `orders` [ RunTime:0.004000s ]
SQL: SHOW COLUMNS FROM `phone` [ RunTime:0.005394s ]
SQL: SELECT COUNT(*) AS tp_count FROM `orders` WHERE ( tip=0 ) LIMIT 1   [ RunTime:0.000338s ]
NOTIC: 建议使用I方法替代_get
SQL: select orders.id,orders.phoneid,orders.addr,orders.content,orders.num , orders.username,orders.time,phone.color, phone.proname,phone.neicun,phone.cunchu from orders,phone  where orders.phoneid = phone.phoneid and tip=0 limit 0,3 [ RunTime:0.000293s ]
INFO: [ view_parse ] --START--
INFO: ParseTemplate Behavior ::run [ RunTime:0.088844s ]
INFO: [ view_parse ] --END-- [ RunTime:0.089030s ]
INFO: [ view_filter ] --START--
INFO: ContentReplace Behavior ::run [ RunTime:0.001141s ]
INFO: TokenBuild Behavior ::run [ RunTime:0.000650s ]
INFO: WriteHtmlCache Behavior ::run [ RunTime:0.000436s ]
INFO: ShowRuntime Behavior ::run [ RunTime:0.000751s ]
INFO: [ view_filter ] --END-- [ RunTime:0.003303s ]
INFO: [ view_end ] --START--
INFO: ShowPageTrace Behavior ::run [ RunTime:0.001788s ]
INFO: [ view_end ] --END-- [ RunTime:0.002230s ]

[ 2017-05-19T22:26:27+08:00 ] 127.0.0.1 /webshop/admin.php/Order/order/page/3
INFO: [ route_check ] --START--
INFO: CheckRoute Behavior ::run [ RunTime:0.000909s ]
INFO: [ route_check ] --END-- [ RunTime:0.001010s ]
INFO: [ app_begin ] --START--
INFO: ReadHtmlCache Behavior ::run [ RunTime:0.000596s ]
INFO: [ app_begin ] --END-- [ RunTime:0.000670s ]
SQL: SHOW COLUMNS FROM `orders` [ RunTime:0.007453s ]
SQL: SHOW COLUMNS FROM `phone` [ RunTime:0.004455s ]
SQL: SELECT COUNT(*) AS tp_count FROM `orders` WHERE ( tip=0 ) LIMIT 1   [ RunTime:0.000312s ]
NOTIC: 建议使用I方法替代_get
SQL: select orders.id,orders.phoneid,orders.addr,orders.content,orders.num , orders.username,orders.time,phone.color, phone.proname,phone.neicun,phone.cunchu from orders,phone  where orders.phoneid = phone.phoneid and tip=0 limit 6,3 [ RunTime:0.000405s ]
INFO: [ view_parse ] --START--
INFO: ParseTemplate Behavior ::run [ RunTime:0.047287s ]
INFO: [ view_parse ] --END-- [ RunTime:0.047431s ]
INFO: [ view_filter ] --START--
INFO: ContentReplace Behavior ::run [ RunTime:0.000716s ]
INFO: TokenBuild Behavior ::run [ RunTime:0.000628s ]
INFO: WriteHtmlCache Behavior ::run [ RunTime:0.000434s ]
INFO: ShowRuntime Behavior ::run [ RunTime:0.000750s ]
INFO: [ view_filter ] --END-- [ RunTime:0.002842s ]
INFO: [ view_end ] --START--
INFO: ShowPageTrace Behavior ::run [ RunTime:0.001673s ]
INFO: [ view_end ] --END-- [ RunTime:0.002154s ]

