[ 2017-05-23T13:48:41+08:00 ] 127.0.0.1 /webshop/admin.php/Admin/admin
INFO: [ route_check ] --START--
INFO: CheckRoute Behavior ::run [ RunTime:0.003540s ]
INFO: [ route_check ] --END-- [ RunTime:0.003703s ]
INFO: [ app_begin ] --START--
INFO: ReadHtmlCache Behavior ::run [ RunTime:0.003116s ]
INFO: [ app_begin ] --END-- [ RunTime:0.003277s ]
INFO: [ view_parse ] --START--
INFO: ParseTemplate Behavior ::run [ RunTime:0.115486s ]
INFO: [ view_parse ] --END-- [ RunTime:0.115677s ]
INFO: [ view_filter ] --START--
INFO: ContentReplace Behavior ::run [ RunTime:0.002170s ]
INFO: TokenBuild Behavior ::run [ RunTime:0.002296s ]
INFO: WriteHtmlCache Behavior ::run [ RunTime:0.002264s ]
INFO: ShowRuntime Behavior ::run [ RunTime:0.003174s ]
INFO: [ view_filter ] --END-- [ RunTime:0.010352s ]
INFO: [ view_end ] --START--
INFO: ShowPageTrace Behavior ::run [ RunTime:0.003037s ]
INFO: [ view_end ] --END-- [ RunTime:0.003182s ]

[ 2017-05-23T13:49:19+08:00 ] 127.0.0.1 /webshop/admin.php/Admin/handleAdminLogin
INFO: [ route_check ] --START--
INFO: CheckRoute Behavior ::run [ RunTime:0.001943s ]
INFO: [ route_check ] --END-- [ RunTime:0.002052s ]
INFO: [ app_begin ] --START--
INFO: ReadHtmlCache Behavior ::run [ RunTime:0.001648s ]
INFO: [ app_begin ] --END-- [ RunTime:0.001731s ]
NOTIC: 建议使用I方法替代_post
NOTIC: 建议使用I方法替代_post
SQL: SHOW COLUMNS FROM `admin` [ RunTime:0.163108s ]
SQL: SELECT COUNT(*) AS tp_count FROM `admin` WHERE ( account='zhangsan' AND password='123456' ) LIMIT 1   [ RunTime:0.000298s ]

[ 2017-05-23T13:49:21+08:00 ] 127.0.0.1 /webshop/admin.php/Admin/Admin/adminHome
INFO: [ route_check ] --START--
INFO: CheckRoute Behavior ::run [ RunTime:0.001142s ]
INFO: [ route_check ] --END-- [ RunTime:0.001304s ]
INFO: [ app_begin ] --START--
INFO: ReadHtmlCache Behavior ::run [ RunTime:0.000953s ]
INFO: [ app_begin ] --END-- [ RunTime:0.001072s ]
INFO: [ view_parse ] --START--
INFO: ParseTemplate Behavior ::run [ RunTime:0.033883s ]
INFO: [ view_parse ] --END-- [ RunTime:0.034022s ]
INFO: [ view_filter ] --START--
INFO: ContentReplace Behavior ::run [ RunTime:0.001453s ]
INFO: TokenBuild Behavior ::run [ RunTime:0.001790s ]
INFO: WriteHtmlCache Behavior ::run [ RunTime:0.001294s ]
INFO: ShowRuntime Behavior ::run [ RunTime:0.001538s ]
INFO: [ view_filter ] --END-- [ RunTime:0.006350s ]
INFO: [ view_end ] --START--
INFO: ShowPageTrace Behavior ::run [ RunTime:0.001772s ]
INFO: [ view_end ] --END-- [ RunTime:0.001876s ]

[ 2017-05-23T13:49:27+08:00 ] 127.0.0.1 /webshop/admin.php/Admin/handleAdminLogin
INFO: [ route_check ] --START--
INFO: CheckRoute Behavior ::run [ RunTime:0.003242s ]
INFO: [ route_check ] --END-- [ RunTime:0.003639s ]
INFO: [ app_begin ] --START--
INFO: ReadHtmlCache Behavior ::run [ RunTime:0.001684s ]
INFO: [ app_begin ] --END-- [ RunTime:0.001781s ]
NOTIC: 建议使用I方法替代_post
NOTIC: 建议使用I方法替代_post
SQL: SHOW COLUMNS FROM `admin` [ RunTime:0.012112s ]
SQL: SELECT COUNT(*) AS tp_count FROM `admin` WHERE ( account='zhangsan' AND password='1234567' ) LIMIT 1   [ RunTime:0.000311s ]

[ 2017-05-23T13:49:27+08:00 ] 127.0.0.1 /webshop/admin.php/Admin/adminHome.shtml
INFO: [ route_check ] --START--
INFO: CheckRoute Behavior ::run [ RunTime:0.001459s ]
INFO: [ route_check ] --END-- [ RunTime:0.001622s ]
INFO: [ app_begin ] --START--
INFO: ReadHtmlCache Behavior ::run [ RunTime:0.000996s ]
INFO: [ app_begin ] --END-- [ RunTime:0.001121s ]
SQL: SHOW COLUMNS FROM `user` [ RunTime:0.008150s ]
NOTIC: 建议使用I方法替代_get
SQL: SELECT COUNT(*) AS tp_count FROM `user` LIMIT 1   [ RunTime:0.000323s ]
NOTIC: 建议使用I方法替代_get
SQL: SELECT `id`,`username`,`phone`,`frozen`,`time` FROM `user` LIMIT 0,5   [ RunTime:0.000290s ]
INFO: [ view_parse ] --START--
INFO: ParseTemplate Behavior ::run [ RunTime:0.055607s ]
INFO: [ view_parse ] --END-- [ RunTime:0.055745s ]
INFO: [ view_filter ] --START--
INFO: ContentReplace Behavior ::run [ RunTime:0.001541s ]
INFO: TokenBuild Behavior ::run [ RunTime:0.001426s ]
INFO: WriteHtmlCache Behavior ::run [ RunTime:0.001309s ]
INFO: ShowRuntime Behavior ::run [ RunTime:0.001529s ]
INFO: [ view_filter ] --END-- [ RunTime:0.006045s ]
INFO: [ view_end ] --START--
INFO: ShowPageTrace Behavior ::run [ RunTime:0.004426s ]
INFO: [ view_end ] --END-- [ RunTime:0.004579s ]

[ 2017-05-23T13:50:03+08:00 ] 127.0.0.1 /webshop/admin.php/Product/product
INFO: [ route_check ] --START--
INFO: CheckRoute Behavior ::run [ RunTime:0.001002s ]
INFO: [ route_check ] --END-- [ RunTime:0.001111s ]
INFO: [ app_begin ] --START--
INFO: ReadHtmlCache Behavior ::run [ RunTime:0.000648s ]
INFO: [ app_begin ] --END-- [ RunTime:0.000732s ]
SQL: SHOW COLUMNS FROM `phone` [ RunTime:0.007009s ]
NOTIC: 建议使用I方法替代_get
SQL: SELECT COUNT(*) AS tp_count FROM `phone` LIMIT 1   [ RunTime:0.000240s ]
NOTIC: 建议使用I方法替代_get
SQL: SELECT * FROM `phone` LIMIT 0,3   [ RunTime:0.000231s ]
INFO: [ view_parse ] --START--
INFO: ParseTemplate Behavior ::run [ RunTime:0.083134s ]
INFO: [ view_parse ] --END-- [ RunTime:0.083276s ]
INFO: [ view_filter ] --START--
INFO: ContentReplace Behavior ::run [ RunTime:0.000589s ]
INFO: TokenBuild Behavior ::run [ RunTime:0.000752s ]
INFO: WriteHtmlCache Behavior ::run [ RunTime:0.000422s ]
INFO: ShowRuntime Behavior ::run [ RunTime:0.000585s ]
INFO: [ view_filter ] --END-- [ RunTime:0.002630s ]
INFO: [ view_end ] --START--
INFO: ShowPageTrace Behavior ::run [ RunTime:0.005397s ]
INFO: [ view_end ] --END-- [ RunTime:0.005539s ]

[ 2017-05-23T13:50:27+08:00 ] 127.0.0.1 /webshop/admin.php/Broadcast/broadcast
INFO: [ route_check ] --START--
INFO: CheckRoute Behavior ::run [ RunTime:0.000964s ]
INFO: [ route_check ] --END-- [ RunTime:0.001074s ]
INFO: [ app_begin ] --START--
INFO: ReadHtmlCache Behavior ::run [ RunTime:0.000765s ]
INFO: [ app_begin ] --END-- [ RunTime:0.000880s ]
SQL: SHOW COLUMNS FROM `broadcast` [ RunTime:0.007530s ]
SQL: SELECT * FROM `broadcast`  [ RunTime:0.000278s ]
INFO: [ view_parse ] --START--
INFO: ParseTemplate Behavior ::run [ RunTime:0.060204s ]
INFO: [ view_parse ] --END-- [ RunTime:0.060343s ]
INFO: [ view_filter ] --START--
INFO: ContentReplace Behavior ::run [ RunTime:0.000550s ]
INFO: TokenBuild Behavior ::run [ RunTime:0.000457s ]
INFO: WriteHtmlCache Behavior ::run [ RunTime:0.000311s ]
INFO: ShowRuntime Behavior ::run [ RunTime:0.000564s ]
INFO: [ view_filter ] --END-- [ RunTime:0.002124s ]
INFO: [ view_end ] --START--
INFO: ShowPageTrace Behavior ::run [ RunTime:0.001105s ]
INFO: [ view_end ] --END-- [ RunTime:0.001248s ]

[ 2017-05-23T13:50:45+08:00 ] 127.0.0.1 /webshop/admin.php/Order/order
INFO: [ route_check ] --START--
INFO: CheckRoute Behavior ::run [ RunTime:0.001957s ]
INFO: [ route_check ] --END-- [ RunTime:0.002061s ]
INFO: [ app_begin ] --START--
INFO: ReadHtmlCache Behavior ::run [ RunTime:0.001603s ]
INFO: [ app_begin ] --END-- [ RunTime:0.001687s ]
SQL: SHOW COLUMNS FROM `orders` [ RunTime:0.077321s ]
SQL: SHOW COLUMNS FROM `phone` [ RunTime:0.008531s ]
SQL: SELECT COUNT(*) AS tp_count FROM `orders` WHERE ( tip=0 ) LIMIT 1   [ RunTime:0.000288s ]
NOTIC: 建议使用I方法替代_get
SQL: select orders.id,orders.phoneid,orders.addr,orders.content,orders.num , orders.username,orders.time,phone.color, phone.proname,phone.neicun,phone.cunchu from orders,phone  where orders.phoneid = phone.phoneid and tip=0 limit 0,3 [ RunTime:0.000327s ]
INFO: [ view_parse ] --START--
INFO: ParseTemplate Behavior ::run [ RunTime:0.057245s ]
INFO: [ view_parse ] --END-- [ RunTime:0.057412s ]
INFO: [ view_filter ] --START--
INFO: ContentReplace Behavior ::run [ RunTime:0.002382s ]
INFO: TokenBuild Behavior ::run [ RunTime:0.001486s ]
INFO: WriteHtmlCache Behavior ::run [ RunTime:0.001283s ]
INFO: ShowRuntime Behavior ::run [ RunTime:0.001554s ]
INFO: [ view_filter ] --END-- [ RunTime:0.006935s ]
INFO: [ view_end ] --START--
INFO: ShowPageTrace Behavior ::run [ RunTime:0.004942s ]
INFO: [ view_end ] --END-- [ RunTime:0.005091s ]

[ 2017-05-23T13:51:06+08:00 ] 127.0.0.1 /webshop/admin.php/Order/count
INFO: [ route_check ] --START--
INFO: CheckRoute Behavior ::run [ RunTime:0.001289s ]
INFO: [ route_check ] --END-- [ RunTime:0.001434s ]
INFO: [ app_begin ] --START--
INFO: ReadHtmlCache Behavior ::run [ RunTime:0.000670s ]
INFO: [ app_begin ] --END-- [ RunTime:0.000749s ]
NOTIC: 建议使用I方法替代_get
NOTIC: 建议使用I方法替代_get
NOTIC: 建议使用I方法替代_get
SQL: SHOW COLUMNS FROM `orders` [ RunTime:0.007772s ]
SQL: SHOW COLUMNS FROM `phone` [ RunTime:0.007579s ]
SQL: select phone.proname,phone.price,orders.num from  phone,orders where phone.phoneid = orders.phoneid and phone.brand  like '%%' and time between '2016-01-01 00:00:00' and '2017-05-24 01:51:06' and tip=1 [ RunTime:0.023654s ]
INFO: [ view_parse ] --START--
NOTIC: [8] Undefined variable: brand E:\www\webshop\Admin\Runtime\Cache\2b8280c070ec8137ebd12c07ad43f72d.php 第 88 行.
NOTIC: [8] Undefined variable: brand E:\www\webshop\Admin\Runtime\Cache\2b8280c070ec8137ebd12c07ad43f72d.php 第 88 行.
INFO: ParseTemplate Behavior ::run [ RunTime:0.041167s ]
INFO: [ view_parse ] --END-- [ RunTime:0.041269s ]
INFO: [ view_filter ] --START--
INFO: ContentReplace Behavior ::run [ RunTime:0.000460s ]
INFO: TokenBuild Behavior ::run [ RunTime:0.000446s ]
INFO: WriteHtmlCache Behavior ::run [ RunTime:0.000323s ]
INFO: ShowRuntime Behavior ::run [ RunTime:0.000537s ]
INFO: [ view_filter ] --END-- [ RunTime:0.001970s ]
INFO: [ view_end ] --START--
INFO: ShowPageTrace Behavior ::run [ RunTime:0.000713s ]
INFO: [ view_end ] --END-- [ RunTime:0.000785s ]

[ 2017-05-23T13:51:11+08:00 ] 127.0.0.1 /webshop/admin.php/Order/count?brand=%E8%8B%B9%E6%9E%9C&fromtime=2016-01&totime=
INFO: [ route_check ] --START--
INFO: CheckRoute Behavior ::run [ RunTime:0.000935s ]
INFO: [ route_check ] --END-- [ RunTime:0.001038s ]
INFO: [ app_begin ] --START--
INFO: ReadHtmlCache Behavior ::run [ RunTime:0.000618s ]
INFO: [ app_begin ] --END-- [ RunTime:0.000696s ]
NOTIC: 建议使用I方法替代_get
NOTIC: 建议使用I方法替代_get
NOTIC: 建议使用I方法替代_get
SQL: SHOW COLUMNS FROM `orders` [ RunTime:0.007178s ]
SQL: SHOW COLUMNS FROM `phone` [ RunTime:0.007900s ]
SQL: select phone.proname,phone.price,orders.num from  phone,orders where phone.phoneid = orders.phoneid and phone.brand  like '%苹果%' and time between '2016-01-01 00:00:00' and '2017-05-24 01:51:11' and tip=1 [ RunTime:0.000401s ]
INFO: [ view_parse ] --START--
INFO: ParseTemplate Behavior ::run [ RunTime:0.038350s ]
INFO: [ view_parse ] --END-- [ RunTime:0.038492s ]
INFO: [ view_filter ] --START--
INFO: ContentReplace Behavior ::run [ RunTime:0.000694s ]
INFO: TokenBuild Behavior ::run [ RunTime:0.000659s ]
INFO: WriteHtmlCache Behavior ::run [ RunTime:0.000466s ]
INFO: ShowRuntime Behavior ::run [ RunTime:0.000814s ]
INFO: [ view_filter ] --END-- [ RunTime:0.002966s ]
INFO: [ view_end ] --START--
INFO: ShowPageTrace Behavior ::run [ RunTime:0.001088s ]
INFO: [ view_end ] --END-- [ RunTime:0.001210s ]

[ 2017-05-23T13:51:14+08:00 ] 127.0.0.1 /webshop/admin.php/Order/count?brand=%E5%8D%8E%E4%B8%BA&fromtime=2016-01&totime=
INFO: [ route_check ] --START--
INFO: CheckRoute Behavior ::run [ RunTime:0.001422s ]
INFO: [ route_check ] --END-- [ RunTime:0.001591s ]
INFO: [ app_begin ] --START--
INFO: ReadHtmlCache Behavior ::run [ RunTime:0.000934s ]
INFO: [ app_begin ] --END-- [ RunTime:0.001095s ]
NOTIC: 建议使用I方法替代_get
NOTIC: 建议使用I方法替代_get
NOTIC: 建议使用I方法替代_get
SQL: SHOW COLUMNS FROM `orders` [ RunTime:0.010986s ]
SQL: SHOW COLUMNS FROM `phone` [ RunTime:0.011215s ]
SQL: select phone.proname,phone.price,orders.num from  phone,orders where phone.phoneid = orders.phoneid and phone.brand  like '%华为%' and time between '2016-01-01 00:00:00' and '2017-05-24 01:51:14' and tip=1 [ RunTime:0.000780s ]
INFO: [ view_parse ] --START--
INFO: ParseTemplate Behavior ::run [ RunTime:0.021696s ]
INFO: [ view_parse ] --END-- [ RunTime:0.021873s ]
INFO: [ view_filter ] --START--
INFO: ContentReplace Behavior ::run [ RunTime:0.000696s ]
INFO: TokenBuild Behavior ::run [ RunTime:0.000683s ]
INFO: WriteHtmlCache Behavior ::run [ RunTime:0.000479s ]
INFO: ShowRuntime Behavior ::run [ RunTime:0.000839s ]
INFO: [ view_filter ] --END-- [ RunTime:0.003061s ]
INFO: [ view_end ] --START--
INFO: ShowPageTrace Behavior ::run [ RunTime:0.001068s ]
INFO: [ view_end ] --END-- [ RunTime:0.001199s ]

[ 2017-05-23T13:51:17+08:00 ] 127.0.0.1 /webshop/admin.php/Order/count?brand=&fromtime=2016-01&totime=
INFO: [ route_check ] --START--
INFO: CheckRoute Behavior ::run [ RunTime:0.000961s ]
INFO: [ route_check ] --END-- [ RunTime:0.001077s ]
INFO: [ app_begin ] --START--
INFO: ReadHtmlCache Behavior ::run [ RunTime:0.000628s ]
INFO: [ app_begin ] --END-- [ RunTime:0.000709s ]
NOTIC: 建议使用I方法替代_get
NOTIC: 建议使用I方法替代_get
NOTIC: 建议使用I方法替代_get
SQL: SHOW COLUMNS FROM `orders` [ RunTime:0.008038s ]
SQL: SHOW COLUMNS FROM `phone` [ RunTime:0.007299s ]
SQL: select phone.proname,phone.price,orders.num from  phone,orders where phone.phoneid = orders.phoneid and phone.brand  like '%%' and time between '2016-01-01 00:00:00' and '2017-05-24 01:51:17' and tip=1 [ RunTime:0.000401s ]
INFO: [ view_parse ] --START--
NOTIC: [8] Undefined variable: brand E:\www\webshop\Admin\Runtime\Cache\2b8280c070ec8137ebd12c07ad43f72d.php 第 88 行.
NOTIC: [8] Undefined variable: brand E:\www\webshop\Admin\Runtime\Cache\2b8280c070ec8137ebd12c07ad43f72d.php 第 88 行.
INFO: ParseTemplate Behavior ::run [ RunTime:0.017015s ]
INFO: [ view_parse ] --END-- [ RunTime:0.017157s ]
INFO: [ view_filter ] --START--
INFO: ContentReplace Behavior ::run [ RunTime:0.000668s ]
INFO: TokenBuild Behavior ::run [ RunTime:0.000657s ]
INFO: WriteHtmlCache Behavior ::run [ RunTime:0.000514s ]
INFO: ShowRuntime Behavior ::run [ RunTime:0.000784s ]
INFO: [ view_filter ] --END-- [ RunTime:0.002985s ]
INFO: [ view_end ] --START--
INFO: ShowPageTrace Behavior ::run [ RunTime:0.001019s ]
INFO: [ view_end ] --END-- [ RunTime:0.001136s ]

