[ 2017-04-17T12:32:56+08:00 ] 127.0.0.1 /webshop/admin.php/Admin/admin
INFO: [ route_check ] --START--
INFO: CheckRoute Behavior ::run [ RunTime:0.002096s ]
INFO: [ route_check ] --END-- [ RunTime:0.002303s ]
INFO: [ app_begin ] --START--
INFO: ReadHtmlCache Behavior ::run [ RunTime:0.001478s ]
INFO: [ app_begin ] --END-- [ RunTime:0.001648s ]
INFO: [ view_parse ] --START--
INFO: ParseTemplate Behavior ::run [ RunTime:0.026454s ]
INFO: [ view_parse ] --END-- [ RunTime:0.026679s ]
INFO: [ view_filter ] --START--
INFO: ContentReplace Behavior ::run [ RunTime:0.001379s ]
INFO: TokenBuild Behavior ::run [ RunTime:0.001272s ]
INFO: WriteHtmlCache Behavior ::run [ RunTime:0.001011s ]
INFO: ShowRuntime Behavior ::run [ RunTime:0.001332s ]
INFO: [ view_filter ] --END-- [ RunTime:0.005449s ]
INFO: [ view_end ] --START--
INFO: ShowPageTrace Behavior ::run [ RunTime:0.001555s ]
INFO: [ view_end ] --END-- [ RunTime:0.001704s ]

[ 2017-04-17T17:31:22+08:00 ] 127.0.0.1 /webshop/admin.php/Admin/admin
INFO: [ route_check ] --START--
INFO: CheckRoute Behavior ::run [ RunTime:0.002053s ]
INFO: [ route_check ] --END-- [ RunTime:0.002592s ]
INFO: [ app_begin ] --START--
INFO: ReadHtmlCache Behavior ::run [ RunTime:0.001393s ]
INFO: [ app_begin ] --END-- [ RunTime:0.001555s ]
INFO: [ view_parse ] --START--
INFO: ParseTemplate Behavior ::run [ RunTime:0.025337s ]
INFO: [ view_parse ] --END-- [ RunTime:0.025521s ]
INFO: [ view_filter ] --START--
INFO: ContentReplace Behavior ::run [ RunTime:0.000730s ]
INFO: TokenBuild Behavior ::run [ RunTime:0.000759s ]
INFO: WriteHtmlCache Behavior ::run [ RunTime:0.000687s ]
INFO: ShowRuntime Behavior ::run [ RunTime:0.001122s ]
INFO: [ view_filter ] --END-- [ RunTime:0.003586s ]
INFO: [ view_end ] --START--
INFO: ShowPageTrace Behavior ::run [ RunTime:0.001379s ]
INFO: [ view_end ] --END-- [ RunTime:0.001509s ]

[ 2017-04-17T17:31:29+08:00 ] 127.0.0.1 /webshop/admin.php/Admin/handleAdminLogin
INFO: [ route_check ] --START--
INFO: CheckRoute Behavior ::run [ RunTime:0.001165s ]
INFO: [ route_check ] --END-- [ RunTime:0.001271s ]
INFO: [ app_begin ] --START--
INFO: ReadHtmlCache Behavior ::run [ RunTime:0.000905s ]
INFO: [ app_begin ] --END-- [ RunTime:0.000992s ]
NOTIC: 建议使用I方法替代_post
NOTIC: 建议使用I方法替代_post
SQL: SHOW COLUMNS FROM `admin` [ RunTime:0.046451s ]
SQL: SELECT COUNT(*) AS tp_count FROM `admin` WHERE ( account='zhangsan' AND password='123456' ) LIMIT 1   [ RunTime:0.011704s ]

[ 2017-04-17T17:31:29+08:00 ] 127.0.0.1 /webshop/admin.php/Admin/adminHome.shtml
INFO: [ route_check ] --START--
INFO: CheckRoute Behavior ::run [ RunTime:0.001197s ]
INFO: [ route_check ] --END-- [ RunTime:0.001306s ]
INFO: [ app_begin ] --START--
INFO: ReadHtmlCache Behavior ::run [ RunTime:0.000878s ]
INFO: [ app_begin ] --END-- [ RunTime:0.000954s ]
SQL: SHOW COLUMNS FROM `user` [ RunTime:0.014544s ]
SQL: SELECT COUNT(*) AS tp_count FROM `user` LIMIT 1   [ RunTime:0.000293s ]
INFO: [ view_parse ] --START--
NOTIC: [8] Undefined variable: list E:\www\webshop\Admin\Runtime\Cache\9a7178e8d8a68d1d06d52b28442873e4.php 第 160 行.
INFO: ParseTemplate Behavior ::run [ RunTime:0.048399s ]
INFO: [ view_parse ] --END-- [ RunTime:0.048508s ]
INFO: [ view_filter ] --START--
INFO: ContentReplace Behavior ::run [ RunTime:0.000932s ]
INFO: TokenBuild Behavior ::run [ RunTime:0.000741s ]
INFO: WriteHtmlCache Behavior ::run [ RunTime:0.000554s ]
INFO: ShowRuntime Behavior ::run [ RunTime:0.000799s ]
INFO: [ view_filter ] --END-- [ RunTime:0.003252s ]
INFO: [ view_end ] --START--
INFO: ShowPageTrace Behavior ::run [ RunTime:0.000976s ]
INFO: [ view_end ] --END-- [ RunTime:0.001070s ]

[ 2017-04-17T17:31:30+08:00 ] 127.0.0.1 /webshop/admin.php/Admin/postData
INFO: [ route_check ] --START--
INFO: CheckRoute Behavior ::run [ RunTime:0.002673s ]
INFO: [ route_check ] --END-- [ RunTime:0.002800s ]
INFO: [ app_begin ] --START--
INFO: ReadHtmlCache Behavior ::run [ RunTime:0.001091s ]
INFO: [ app_begin ] --END-- [ RunTime:0.001176s ]
SQL: SHOW COLUMNS FROM `user` [ RunTime:0.014697s ]
NOTIC: 建议使用I方法替代_post
SQL: SELECT `id`,`username`,`password`,`phone`,`frozen`,`time` FROM `user` LIMIT 0,5   [ RunTime:0.000356s ]

[ 2017-04-17T17:31:32+08:00 ] 127.0.0.1 /webshop/admin.php/Product/product
INFO: [ route_check ] --START--
INFO: CheckRoute Behavior ::run [ RunTime:0.001154s ]
INFO: [ route_check ] --END-- [ RunTime:0.001262s ]
INFO: [ app_begin ] --START--
INFO: ReadHtmlCache Behavior ::run [ RunTime:0.000857s ]
INFO: [ app_begin ] --END-- [ RunTime:0.000932s ]
INFO: [ view_parse ] --START--
INFO: ParseTemplate Behavior ::run [ RunTime:0.067316s ]
INFO: [ view_parse ] --END-- [ RunTime:0.067521s ]
INFO: [ view_filter ] --START--
INFO: ContentReplace Behavior ::run [ RunTime:0.001010s ]
INFO: TokenBuild Behavior ::run [ RunTime:0.001002s ]
INFO: WriteHtmlCache Behavior ::run [ RunTime:0.000777s ]
INFO: ShowRuntime Behavior ::run [ RunTime:0.001024s ]
INFO: [ view_filter ] --END-- [ RunTime:0.004126s ]
INFO: [ view_end ] --START--
INFO: ShowPageTrace Behavior ::run [ RunTime:0.003931s ]
INFO: [ view_end ] --END-- [ RunTime:0.004063s ]

[ 2017-04-17T17:31:35+08:00 ] 127.0.0.1 /webshop/admin.php/Broadcast/broadcast
INFO: [ route_check ] --START--
INFO: CheckRoute Behavior ::run [ RunTime:0.001216s ]
INFO: [ route_check ] --END-- [ RunTime:0.001351s ]
INFO: [ app_begin ] --START--
INFO: ReadHtmlCache Behavior ::run [ RunTime:0.000882s ]
INFO: [ app_begin ] --END-- [ RunTime:0.000958s ]
SQL: SHOW COLUMNS FROM `broadcast` [ RunTime:0.016952s ]
SQL: SELECT * FROM `broadcast`  [ RunTime:0.000542s ]
INFO: [ view_parse ] --START--
INFO: ParseTemplate Behavior ::run [ RunTime:0.041579s ]
INFO: [ view_parse ] --END-- [ RunTime:0.041721s ]
INFO: [ view_filter ] --START--
INFO: ContentReplace Behavior ::run [ RunTime:0.000846s ]
INFO: TokenBuild Behavior ::run [ RunTime:0.000719s ]
INFO: WriteHtmlCache Behavior ::run [ RunTime:0.000577s ]
INFO: ShowRuntime Behavior ::run [ RunTime:0.000810s ]
INFO: [ view_filter ] --END-- [ RunTime:0.003164s ]
INFO: [ view_end ] --START--
INFO: ShowPageTrace Behavior ::run [ RunTime:0.000954s ]
INFO: [ view_end ] --END-- [ RunTime:0.001039s ]

[ 2017-04-17T17:31:54+08:00 ] 127.0.0.1 /webshop/admin.php/Broadcast/imgDel?phoneid=12345678b
INFO: [ route_check ] --START--
INFO: CheckRoute Behavior ::run [ RunTime:0.003219s ]
INFO: [ route_check ] --END-- [ RunTime:0.003336s ]
INFO: [ app_begin ] --START--
INFO: ReadHtmlCache Behavior ::run [ RunTime:0.002831s ]
INFO: [ app_begin ] --END-- [ RunTime:0.002910s ]
NOTIC: 建议使用I方法替代_get
SQL: SHOW COLUMNS FROM `broadcast` [ RunTime:0.015040s ]
SQL: DELETE FROM `broadcast` WHERE ( phoneid='12345678b' ) [ RunTime:0.295545s ]

[ 2017-04-17T19:11:26+08:00 ] 127.0.0.1 /webshop/admin.php/Product/product
INFO: [ route_check ] --START--
INFO: CheckRoute Behavior ::run [ RunTime:0.003171s ]
INFO: [ route_check ] --END-- [ RunTime:0.003283s ]
INFO: [ app_begin ] --START--
INFO: ReadHtmlCache Behavior ::run [ RunTime:0.002848s ]
INFO: [ app_begin ] --END-- [ RunTime:0.002945s ]
INFO: [ view_parse ] --START--
INFO: ParseTemplate Behavior ::run [ RunTime:0.030027s ]
INFO: [ view_parse ] --END-- [ RunTime:0.030363s ]
INFO: [ view_filter ] --START--
INFO: ContentReplace Behavior ::run [ RunTime:0.003406s ]
INFO: TokenBuild Behavior ::run [ RunTime:0.006517s ]
INFO: WriteHtmlCache Behavior ::run [ RunTime:0.004403s ]
INFO: ShowRuntime Behavior ::run [ RunTime:0.003617s ]
INFO: [ view_filter ] --END-- [ RunTime:0.018309s ]
INFO: [ view_end ] --START--
INFO: ShowPageTrace Behavior ::run [ RunTime:0.005400s ]
INFO: [ view_end ] --END-- [ RunTime:0.005515s ]

[ 2017-04-17T19:11:27+08:00 ] 127.0.0.1 /webshop/admin.php/Admin/adminHome
INFO: [ route_check ] --START--
INFO: CheckRoute Behavior ::run [ RunTime:0.001283s ]
INFO: [ route_check ] --END-- [ RunTime:0.001469s ]
INFO: [ app_begin ] --START--
INFO: ReadHtmlCache Behavior ::run [ RunTime:0.001029s ]
INFO: [ app_begin ] --END-- [ RunTime:0.001121s ]
SQL: SHOW COLUMNS FROM `user` [ RunTime:0.031570s ]
SQL: SELECT COUNT(*) AS tp_count FROM `user` LIMIT 1   [ RunTime:0.000921s ]
INFO: [ view_parse ] --START--
NOTIC: [8] Undefined variable: list E:\www\webshop\Admin\Runtime\Cache\9a7178e8d8a68d1d06d52b28442873e4.php 第 160 行.
INFO: ParseTemplate Behavior ::run [ RunTime:0.031859s ]
INFO: [ view_parse ] --END-- [ RunTime:0.031992s ]
INFO: [ view_filter ] --START--
INFO: ContentReplace Behavior ::run [ RunTime:0.000876s ]
INFO: TokenBuild Behavior ::run [ RunTime:0.000711s ]
INFO: WriteHtmlCache Behavior ::run [ RunTime:0.000618s ]
INFO: ShowRuntime Behavior ::run [ RunTime:0.001006s ]
INFO: [ view_filter ] --END-- [ RunTime:0.003490s ]
INFO: [ view_end ] --START--
INFO: ShowPageTrace Behavior ::run [ RunTime:0.001760s ]
INFO: [ view_end ] --END-- [ RunTime:0.001921s ]

[ 2017-04-17T19:11:27+08:00 ] 127.0.0.1 /webshop/admin.php/Admin/postData
INFO: [ route_check ] --START--
INFO: CheckRoute Behavior ::run [ RunTime:0.002600s ]
INFO: [ route_check ] --END-- [ RunTime:0.003103s ]
INFO: [ app_begin ] --START--
INFO: ReadHtmlCache Behavior ::run [ RunTime:0.001205s ]
INFO: [ app_begin ] --END-- [ RunTime:0.001352s ]
SQL: SHOW COLUMNS FROM `user` [ RunTime:0.035298s ]
NOTIC: 建议使用I方法替代_post
SQL: SELECT `id`,`username`,`password`,`phone`,`frozen`,`time` FROM `user` LIMIT 0,5   [ RunTime:0.000536s ]

