[ 2017-05-25T16:20:42+08:00 ] 127.0.0.1 /webshop/admin.php/Admin/admin
INFO: [ route_check ] --START--
INFO: CheckRoute Behavior ::run [ RunTime:0.003037s ]
INFO: [ route_check ] --END-- [ RunTime:0.003222s ]
INFO: [ app_begin ] --START--
INFO: ReadHtmlCache Behavior ::run [ RunTime:0.002321s ]
INFO: [ app_begin ] --END-- [ RunTime:0.002463s ]
INFO: [ view_parse ] --START--
INFO: ParseTemplate Behavior ::run [ RunTime:0.054756s ]
INFO: [ view_parse ] --END-- [ RunTime:0.054956s ]
INFO: [ view_filter ] --START--
INFO: ContentReplace Behavior ::run [ RunTime:0.002598s ]
INFO: TokenBuild Behavior ::run [ RunTime:0.002280s ]
INFO: WriteHtmlCache Behavior ::run [ RunTime:0.001460s ]
INFO: ShowRuntime Behavior ::run [ RunTime:0.001418s ]
INFO: [ view_filter ] --END-- [ RunTime:0.008080s ]
INFO: [ view_end ] --START--
INFO: ShowPageTrace Behavior ::run [ RunTime:0.001728s ]
INFO: [ view_end ] --END-- [ RunTime:0.001804s ]

[ 2017-05-25T16:21:02+08:00 ] 127.0.0.1 /webshop/admin.php/Admin/handleAdminLogin
INFO: [ route_check ] --START--
INFO: CheckRoute Behavior ::run [ RunTime:0.001831s ]
INFO: [ route_check ] --END-- [ RunTime:0.001935s ]
INFO: [ app_begin ] --START--
INFO: ReadHtmlCache Behavior ::run [ RunTime:0.001621s ]
INFO: [ app_begin ] --END-- [ RunTime:0.001728s ]
NOTIC: 建议使用I方法替代_post
NOTIC: 建议使用I方法替代_post
SQL: SHOW COLUMNS FROM `admin` [ RunTime:0.075185s ]
SQL: SELECT COUNT(*) AS tp_count FROM `admin` WHERE ( account='zhangsan' AND password='1234567' ) LIMIT 1   [ RunTime:0.000297s ]

[ 2017-05-25T16:21:03+08:00 ] 127.0.0.1 /webshop/admin.php/Admin/adminHome.shtml
INFO: [ route_check ] --START--
INFO: CheckRoute Behavior ::run [ RunTime:0.000945s ]
INFO: [ route_check ] --END-- [ RunTime:0.001053s ]
INFO: [ app_begin ] --START--
INFO: ReadHtmlCache Behavior ::run [ RunTime:0.000610s ]
INFO: [ app_begin ] --END-- [ RunTime:0.000680s ]
SQL: SHOW COLUMNS FROM `user` [ RunTime:0.004204s ]
NOTIC: 建议使用I方法替代_get
SQL: SELECT COUNT(*) AS tp_count FROM `user` LIMIT 1   [ RunTime:0.000271s ]
NOTIC: 建议使用I方法替代_get
SQL: SELECT `id`,`username`,`phone`,`frozen`,`time` FROM `user` LIMIT 0,5   [ RunTime:0.000225s ]
INFO: [ view_parse ] --START--
INFO: ParseTemplate Behavior ::run [ RunTime:0.115779s ]
INFO: [ view_parse ] --END-- [ RunTime:0.115896s ]
INFO: [ view_filter ] --START--
INFO: ContentReplace Behavior ::run [ RunTime:0.001438s ]
INFO: TokenBuild Behavior ::run [ RunTime:0.001320s ]
INFO: WriteHtmlCache Behavior ::run [ RunTime:0.001181s ]
INFO: ShowRuntime Behavior ::run [ RunTime:0.001398s ]
INFO: [ view_filter ] --END-- [ RunTime:0.005556s ]
INFO: [ view_end ] --START--
INFO: ShowPageTrace Behavior ::run [ RunTime:0.002487s ]
INFO: [ view_end ] --END-- [ RunTime:0.002640s ]

[ 2017-05-25T16:21:15+08:00 ] 127.0.0.1 /webshop/admin.php/Admin/adminHome/page/2/searchval/
INFO: [ route_check ] --START--
INFO: CheckRoute Behavior ::run [ RunTime:0.001871s ]
INFO: [ route_check ] --END-- [ RunTime:0.001980s ]
INFO: [ app_begin ] --START--
INFO: ReadHtmlCache Behavior ::run [ RunTime:0.001490s ]
INFO: [ app_begin ] --END-- [ RunTime:0.001570s ]
SQL: SHOW COLUMNS FROM `user` [ RunTime:0.005795s ]
NOTIC: 建议使用I方法替代_get
SQL: SELECT COUNT(*) AS tp_count FROM `user` LIMIT 1   [ RunTime:0.000375s ]
NOTIC: 建议使用I方法替代_get
SQL: SELECT `id`,`username`,`phone`,`frozen`,`time` FROM `user` LIMIT 5,5   [ RunTime:0.000297s ]
INFO: [ view_parse ] --START--
INFO: ParseTemplate Behavior ::run [ RunTime:0.034857s ]
INFO: [ view_parse ] --END-- [ RunTime:0.035041s ]
INFO: [ view_filter ] --START--
INFO: ContentReplace Behavior ::run [ RunTime:0.001947s ]
INFO: TokenBuild Behavior ::run [ RunTime:0.001520s ]
INFO: WriteHtmlCache Behavior ::run [ RunTime:0.001706s ]
INFO: ShowRuntime Behavior ::run [ RunTime:0.002490s ]
INFO: [ view_filter ] --END-- [ RunTime:0.008040s ]
INFO: [ view_end ] --START--
INFO: ShowPageTrace Behavior ::run [ RunTime:0.002599s ]
INFO: [ view_end ] --END-- [ RunTime:0.002830s ]

[ 2017-05-25T16:21:17+08:00 ] 127.0.0.1 /webshop/admin.php/Admin/adminHome/page/3/searchval/
INFO: [ route_check ] --START--
INFO: CheckRoute Behavior ::run [ RunTime:0.000993s ]
INFO: [ route_check ] --END-- [ RunTime:0.001097s ]
INFO: [ app_begin ] --START--
INFO: ReadHtmlCache Behavior ::run [ RunTime:0.000602s ]
INFO: [ app_begin ] --END-- [ RunTime:0.000675s ]
SQL: SHOW COLUMNS FROM `user` [ RunTime:0.004956s ]
NOTIC: 建议使用I方法替代_get
SQL: SELECT COUNT(*) AS tp_count FROM `user` LIMIT 1   [ RunTime:0.000237s ]
NOTIC: 建议使用I方法替代_get
SQL: SELECT `id`,`username`,`phone`,`frozen`,`time` FROM `user` LIMIT 10,5   [ RunTime:0.000208s ]
INFO: [ view_parse ] --START--
INFO: ParseTemplate Behavior ::run [ RunTime:0.017487s ]
INFO: [ view_parse ] --END-- [ RunTime:0.017661s ]
INFO: [ view_filter ] --START--
INFO: ContentReplace Behavior ::run [ RunTime:0.000731s ]
INFO: TokenBuild Behavior ::run [ RunTime:0.000737s ]
INFO: WriteHtmlCache Behavior ::run [ RunTime:0.000459s ]
INFO: ShowRuntime Behavior ::run [ RunTime:0.000783s ]
INFO: [ view_filter ] --END-- [ RunTime:0.003035s ]
INFO: [ view_end ] --START--
INFO: ShowPageTrace Behavior ::run [ RunTime:0.001016s ]
INFO: [ view_end ] --END-- [ RunTime:0.001140s ]

[ 2017-05-25T16:21:18+08:00 ] 127.0.0.1 /webshop/admin.php/Admin/adminHome/page/1/searchval/
INFO: [ route_check ] --START--
INFO: CheckRoute Behavior ::run [ RunTime:0.002124s ]
INFO: [ route_check ] --END-- [ RunTime:0.002586s ]
INFO: [ app_begin ] --START--
INFO: ReadHtmlCache Behavior ::run [ RunTime:0.000791s ]
INFO: [ app_begin ] --END-- [ RunTime:0.000984s ]
SQL: SHOW COLUMNS FROM `user` [ RunTime:0.007907s ]
NOTIC: 建议使用I方法替代_get
SQL: SELECT COUNT(*) AS tp_count FROM `user` LIMIT 1   [ RunTime:0.000358s ]
NOTIC: 建议使用I方法替代_get
SQL: SELECT `id`,`username`,`phone`,`frozen`,`time` FROM `user` LIMIT 0,5   [ RunTime:0.000295s ]
INFO: [ view_parse ] --START--
INFO: ParseTemplate Behavior ::run [ RunTime:0.020554s ]
INFO: [ view_parse ] --END-- [ RunTime:0.020745s ]
INFO: [ view_filter ] --START--
INFO: ContentReplace Behavior ::run [ RunTime:0.000735s ]
INFO: TokenBuild Behavior ::run [ RunTime:0.000651s ]
INFO: WriteHtmlCache Behavior ::run [ RunTime:0.000439s ]
INFO: ShowRuntime Behavior ::run [ RunTime:0.000798s ]
INFO: [ view_filter ] --END-- [ RunTime:0.002948s ]
INFO: [ view_end ] --START--
INFO: ShowPageTrace Behavior ::run [ RunTime:0.003411s ]
INFO: [ view_end ] --END-- [ RunTime:0.003558s ]

[ 2017-05-25T16:21:20+08:00 ] 127.0.0.1 /webshop/admin.php/Admin/frozenUser?id=15&searchval=
INFO: [ route_check ] --START--
INFO: CheckRoute Behavior ::run [ RunTime:0.001206s ]
INFO: [ route_check ] --END-- [ RunTime:0.001371s ]
INFO: [ app_begin ] --START--
INFO: ReadHtmlCache Behavior ::run [ RunTime:0.000823s ]
INFO: [ app_begin ] --END-- [ RunTime:0.000934s ]
SQL: SHOW COLUMNS FROM `user` [ RunTime:0.005678s ]
NOTIC: 建议使用I方法替代_get
SQL: SELECT `frozen` FROM `user` WHERE ( id=15 ) LIMIT 1   [ RunTime:0.000360s ]
SQL: UPDATE `user` SET `frozen`=1 WHERE ( id=15 ) [ RunTime:0.255418s ]

[ 2017-05-25T16:21:27+08:00 ] 127.0.0.1 /webshop/admin.php/Product/product
INFO: [ route_check ] --START--
INFO: CheckRoute Behavior ::run [ RunTime:0.000931s ]
INFO: [ route_check ] --END-- [ RunTime:0.001036s ]
INFO: [ app_begin ] --START--
INFO: ReadHtmlCache Behavior ::run [ RunTime:0.000623s ]
INFO: [ app_begin ] --END-- [ RunTime:0.000701s ]
SQL: SHOW COLUMNS FROM `phone` [ RunTime:0.005161s ]
NOTIC: 建议使用I方法替代_get
SQL: SELECT COUNT(*) AS tp_count FROM `phone` LIMIT 1   [ RunTime:0.000248s ]
NOTIC: 建议使用I方法替代_get
SQL: SELECT * FROM `phone` LIMIT 0,3   [ RunTime:0.000233s ]
INFO: [ view_parse ] --START--
INFO: ParseTemplate Behavior ::run [ RunTime:0.066038s ]
INFO: [ view_parse ] --END-- [ RunTime:0.066175s ]
INFO: [ view_filter ] --START--
INFO: ContentReplace Behavior ::run [ RunTime:0.000738s ]
INFO: TokenBuild Behavior ::run [ RunTime:0.000599s ]
INFO: WriteHtmlCache Behavior ::run [ RunTime:0.000390s ]
INFO: ShowRuntime Behavior ::run [ RunTime:0.000797s ]
INFO: [ view_filter ] --END-- [ RunTime:0.002788s ]
INFO: [ view_end ] --START--
INFO: ShowPageTrace Behavior ::run [ RunTime:0.000941s ]
INFO: [ view_end ] --END-- [ RunTime:0.001055s ]

[ 2017-05-25T16:21:54+08:00 ] 127.0.0.1 /webshop/admin.php/Broadcast/broadcast
INFO: [ route_check ] --START--
INFO: CheckRoute Behavior ::run [ RunTime:0.001796s ]
INFO: [ route_check ] --END-- [ RunTime:0.001907s ]
INFO: [ app_begin ] --START--
INFO: ReadHtmlCache Behavior ::run [ RunTime:0.001483s ]
INFO: [ app_begin ] --END-- [ RunTime:0.001565s ]
SQL: SHOW COLUMNS FROM `broadcast` [ RunTime:0.005335s ]
SQL: SELECT * FROM `broadcast`  [ RunTime:0.000259s ]
INFO: [ view_parse ] --START--
INFO: ParseTemplate Behavior ::run [ RunTime:0.071204s ]
INFO: [ view_parse ] --END-- [ RunTime:0.071349s ]
INFO: [ view_filter ] --START--
INFO: ContentReplace Behavior ::run [ RunTime:0.001498s ]
INFO: TokenBuild Behavior ::run [ RunTime:0.001385s ]
INFO: WriteHtmlCache Behavior ::run [ RunTime:0.001222s ]
INFO: ShowRuntime Behavior ::run [ RunTime:0.001972s ]
INFO: [ view_filter ] --END-- [ RunTime:0.006305s ]
INFO: [ view_end ] --START--
INFO: ShowPageTrace Behavior ::run [ RunTime:0.004051s ]
INFO: [ view_end ] --END-- [ RunTime:0.004201s ]

[ 2017-05-25T16:21:56+08:00 ] 127.0.0.1 /webshop/admin.php/Product/product
INFO: [ route_check ] --START--
INFO: CheckRoute Behavior ::run [ RunTime:0.000924s ]
INFO: [ route_check ] --END-- [ RunTime:0.001032s ]
INFO: [ app_begin ] --START--
INFO: ReadHtmlCache Behavior ::run [ RunTime:0.000606s ]
INFO: [ app_begin ] --END-- [ RunTime:0.000680s ]
SQL: SHOW COLUMNS FROM `phone` [ RunTime:0.005401s ]
NOTIC: 建议使用I方法替代_get
SQL: SELECT COUNT(*) AS tp_count FROM `phone` LIMIT 1   [ RunTime:0.000291s ]
NOTIC: 建议使用I方法替代_get
SQL: SELECT * FROM `phone` LIMIT 0,3   [ RunTime:0.000236s ]
INFO: [ view_parse ] --START--
INFO: ParseTemplate Behavior ::run [ RunTime:0.024163s ]
INFO: [ view_parse ] --END-- [ RunTime:0.024303s ]
INFO: [ view_filter ] --START--
INFO: ContentReplace Behavior ::run [ RunTime:0.000806s ]
INFO: TokenBuild Behavior ::run [ RunTime:0.000629s ]
INFO: WriteHtmlCache Behavior ::run [ RunTime:0.000466s ]
INFO: ShowRuntime Behavior ::run [ RunTime:0.000889s ]
INFO: [ view_filter ] --END-- [ RunTime:0.003264s ]
INFO: [ view_end ] --START--
INFO: ShowPageTrace Behavior ::run [ RunTime:0.001176s ]
INFO: [ view_end ] --END-- [ RunTime:0.001370s ]

