[ 2017-04-01T23:54:19+08:00 ] 127.0.0.1 /webshop/index.php
INFO: [ app_begin ] --START--
INFO: ReadHtmlCache Behavior ::run [ RunTime:0.039780s ]
INFO: [ app_begin ] --END-- [ RunTime:0.051115s ]
INFO: [ view_parse ] --START--
INFO: ParseTemplate Behavior ::run [ RunTime:0.073573s ]
INFO: [ view_parse ] --END-- [ RunTime:0.073714s ]
INFO: [ view_filter ] --START--
INFO: ContentReplace Behavior ::run [ RunTime:0.004796s ]
INFO: TokenBuild Behavior ::run [ RunTime:0.011478s ]
INFO: WriteHtmlCache Behavior ::run [ RunTime:0.003520s ]
INFO: ShowRuntime Behavior ::run [ RunTime:0.003715s ]
INFO: [ view_filter ] --END-- [ RunTime:0.023835s ]
INFO: [ view_end ] --START--
INFO: ShowPageTrace Behavior ::run [ RunTime:0.004195s ]
INFO: [ view_end ] --END-- [ RunTime:0.004319s ]

[ 2017-04-01T23:54:45+08:00 ] 127.0.0.1 /webshop/index.php/Form/handleLogin
INFO: [ route_check ] --START--
INFO: CheckRoute Behavior ::run [ RunTime:0.017213s ]
INFO: [ route_check ] --END-- [ RunTime:0.017360s ]
INFO: [ app_begin ] --START--
INFO: ReadHtmlCache Behavior ::run [ RunTime:0.003193s ]
INFO: [ app_begin ] --END-- [ RunTime:0.003305s ]
INFO: [ view_parse ] --START--
INFO: ParseTemplate Behavior ::run [ RunTime:0.031945s ]
INFO: [ view_parse ] --END-- [ RunTime:0.032068s ]
INFO: [ view_filter ] --START--
INFO: ContentReplace Behavior ::run [ RunTime:0.002785s ]
INFO: TokenBuild Behavior ::run [ RunTime:0.002936s ]
INFO: WriteHtmlCache Behavior ::run [ RunTime:0.002810s ]
INFO: ShowRuntime Behavior ::run [ RunTime:0.002816s ]
INFO: [ view_filter ] --END-- [ RunTime:0.012228s ]
INFO: [ view_end ] --START--
INFO: ShowPageTrace Behavior ::run [ RunTime:0.003779s ]
INFO: [ view_end ] --END-- [ RunTime:0.003881s ]

[ 2017-04-01T23:55:36+08:00 ] 127.0.0.1 /webshop/index.php/Form/handleLogin
INFO: [ route_check ] --START--
INFO: CheckRoute Behavior ::run [ RunTime:0.003311s ]
INFO: [ route_check ] --END-- [ RunTime:0.003421s ]
INFO: [ app_begin ] --START--
INFO: ReadHtmlCache Behavior ::run [ RunTime:0.002975s ]
INFO: [ app_begin ] --END-- [ RunTime:0.003079s ]
INFO: [ view_parse ] --START--
INFO: ParseTemplate Behavior ::run [ RunTime:0.032223s ]
INFO: [ view_parse ] --END-- [ RunTime:0.032350s ]
INFO: [ view_filter ] --START--
INFO: ContentReplace Behavior ::run [ RunTime:0.002880s ]
INFO: TokenBuild Behavior ::run [ RunTime:0.002978s ]
INFO: WriteHtmlCache Behavior ::run [ RunTime:0.003132s ]
INFO: ShowRuntime Behavior ::run [ RunTime:0.003307s ]
INFO: [ view_filter ] --END-- [ RunTime:0.012576s ]
INFO: [ view_end ] --START--
INFO: ShowPageTrace Behavior ::run [ RunTime:0.003373s ]
INFO: [ view_end ] --END-- [ RunTime:0.003501s ]

