[ 2017-03-14T00:38:48+08:00 ] 127.0.0.1 /webshop/index.php
INFO: [ app_begin ] --START--
INFO: ReadHtmlCache Behavior ::run [ RunTime:0.114422s ]
INFO: [ app_begin ] --END-- [ RunTime:0.150086s ]
INFO: [ view_parse ] --START--
INFO: ParseTemplate Behavior ::run [ RunTime:0.213013s ]
INFO: [ view_parse ] --END-- [ RunTime:0.213166s ]
INFO: [ view_filter ] --START--
INFO: ContentReplace Behavior ::run [ RunTime:0.053027s ]
INFO: TokenBuild Behavior ::run [ RunTime:0.003991s ]
INFO: WriteHtmlCache Behavior ::run [ RunTime:0.003948s ]
INFO: ShowRuntime Behavior ::run [ RunTime:0.004272s ]
INFO: [ view_filter ] --END-- [ RunTime:0.067695s ]
INFO: [ view_end ] --START--
INFO: ShowPageTrace Behavior ::run [ RunTime:0.022231s ]
INFO: [ view_end ] --END-- [ RunTime:0.022398s ]

[ 2017-03-14T00:39:08+08:00 ] 127.0.0.1 /webshop/index.php/Index/showProduct
INFO: [ route_check ] --START--
INFO: CheckRoute Behavior ::run [ RunTime:0.029024s ]
INFO: [ route_check ] --END-- [ RunTime:0.029259s ]
INFO: [ app_begin ] --START--
INFO: ReadHtmlCache Behavior ::run [ RunTime:0.006367s ]
INFO: [ app_begin ] --END-- [ RunTime:0.006716s ]
INFO: [ view_parse ] --START--
INFO: ParseTemplate Behavior ::run [ RunTime:0.110512s ]
INFO: [ view_parse ] --END-- [ RunTime:0.110734s ]
INFO: [ view_filter ] --START--
INFO: ContentReplace Behavior ::run [ RunTime:0.003969s ]
INFO: TokenBuild Behavior ::run [ RunTime:0.005509s ]
INFO: WriteHtmlCache Behavior ::run [ RunTime:0.003179s ]
INFO: ShowRuntime Behavior ::run [ RunTime:0.003369s ]
INFO: [ view_filter ] --END-- [ RunTime:0.016342s ]
INFO: [ view_end ] --START--
INFO: ShowPageTrace Behavior ::run [ RunTime:0.003595s ]
INFO: [ view_end ] --END-- [ RunTime:0.003732s ]

[ 2017-03-14T00:39:40+08:00 ] 127.0.0.1 /webshop/index.php/Index/proCategory
INFO: [ route_check ] --START--
INFO: CheckRoute Behavior ::run [ RunTime:0.001592s ]
INFO: [ route_check ] --END-- [ RunTime:0.001729s ]
INFO: [ app_begin ] --START--
INFO: ReadHtmlCache Behavior ::run [ RunTime:0.001078s ]
INFO: [ app_begin ] --END-- [ RunTime:0.001174s ]
INFO: [ view_parse ] --START--
INFO: ParseTemplate Behavior ::run [ RunTime:0.051573s ]
INFO: [ view_parse ] --END-- [ RunTime:0.051690s ]
INFO: [ view_filter ] --START--
INFO: ContentReplace Behavior ::run [ RunTime:0.000834s ]
INFO: TokenBuild Behavior ::run [ RunTime:0.000782s ]
INFO: WriteHtmlCache Behavior ::run [ RunTime:0.000593s ]
INFO: ShowRuntime Behavior ::run [ RunTime:0.000792s ]
INFO: [ view_filter ] --END-- [ RunTime:0.003221s ]
INFO: [ view_end ] --START--
INFO: ShowPageTrace Behavior ::run [ RunTime:0.001128s ]
INFO: [ view_end ] --END-- [ RunTime:0.001256s ]

[ 2017-03-14T00:40:05+08:00 ] 127.0.0.1 /webshop/index.php/Form/handleLogin
INFO: [ route_check ] --START--
INFO: CheckRoute Behavior ::run [ RunTime:0.003419s ]
INFO: [ route_check ] --END-- [ RunTime:0.003540s ]
INFO: [ app_begin ] --START--
INFO: ReadHtmlCache Behavior ::run [ RunTime:0.003216s ]
INFO: [ app_begin ] --END-- [ RunTime:0.003344s ]
INFO: [ view_parse ] --START--
INFO: ParseTemplate Behavior ::run [ RunTime:0.053783s ]
INFO: [ view_parse ] --END-- [ RunTime:0.054050s ]
INFO: [ view_filter ] --START--
INFO: ContentReplace Behavior ::run [ RunTime:0.003144s ]
INFO: TokenBuild Behavior ::run [ RunTime:0.002633s ]
INFO: WriteHtmlCache Behavior ::run [ RunTime:0.003070s ]
INFO: ShowRuntime Behavior ::run [ RunTime:0.003520s ]
INFO: [ view_filter ] --END-- [ RunTime:0.012689s ]
INFO: [ view_end ] --START--
INFO: ShowPageTrace Behavior ::run [ RunTime:0.003513s ]
INFO: [ view_end ] --END-- [ RunTime:0.003613s ]

[ 2017-03-14T00:40:08+08:00 ] 127.0.0.1 /webshop/index.php/Form/handleEnroll
INFO: [ route_check ] --START--
INFO: CheckRoute Behavior ::run [ RunTime:0.003345s ]
INFO: [ route_check ] --END-- [ RunTime:0.003462s ]
INFO: [ app_begin ] --START--
INFO: ReadHtmlCache Behavior ::run [ RunTime:0.000871s ]
INFO: [ app_begin ] --END-- [ RunTime:0.000951s ]
INFO: [ view_parse ] --START--
INFO: ParseTemplate Behavior ::run [ RunTime:0.103869s ]
INFO: [ view_parse ] --END-- [ RunTime:0.103995s ]
INFO: [ view_filter ] --START--
INFO: ContentReplace Behavior ::run [ RunTime:0.000756s ]
INFO: TokenBuild Behavior ::run [ RunTime:0.000749s ]
INFO: WriteHtmlCache Behavior ::run [ RunTime:0.000602s ]
INFO: ShowRuntime Behavior ::run [ RunTime:0.000835s ]
INFO: [ view_filter ] --END-- [ RunTime:0.003163s ]
INFO: [ view_end ] --START--
INFO: ShowPageTrace Behavior ::run [ RunTime:0.001222s ]
INFO: [ view_end ] --END-- [ RunTime:0.001326s ]

[ 2017-03-14T09:49:36+08:00 ] 127.0.0.1 /webshop/index.php
INFO: [ app_begin ] --START--
INFO: ReadHtmlCache Behavior ::run [ RunTime:0.020580s ]
INFO: [ app_begin ] --END-- [ RunTime:0.021061s ]
INFO: [ view_parse ] --START--
INFO: ParseTemplate Behavior ::run [ RunTime:0.093094s ]
INFO: [ view_parse ] --END-- [ RunTime:0.093243s ]
INFO: [ view_filter ] --START--
INFO: ContentReplace Behavior ::run [ RunTime:0.003400s ]
INFO: TokenBuild Behavior ::run [ RunTime:0.003018s ]
INFO: WriteHtmlCache Behavior ::run [ RunTime:0.003067s ]
INFO: ShowRuntime Behavior ::run [ RunTime:0.003631s ]
INFO: [ view_filter ] --END-- [ RunTime:0.013389s ]
INFO: [ view_end ] --START--
INFO: ShowPageTrace Behavior ::run [ RunTime:0.004190s ]
INFO: [ view_end ] --END-- [ RunTime:0.004333s ]

[ 2017-03-14T10:37:18+08:00 ] 127.0.0.1 /webshop/MP_verify_PnZOaA6d3wh8k7bK.txt
INFO: [ route_check ] --START--
INFO: CheckRoute Behavior ::run [ RunTime:0.022545s ]
INFO: [ route_check ] --END-- [ RunTime:0.022694s ]
INFO: [ app_begin ] --START--
INFO: ReadHtmlCache Behavior ::run [ RunTime:0.003020s ]
INFO: [ app_begin ] --END-- [ RunTime:0.003142s ]
NOTIC: [8] Undefined variable: group E:\www\webshop\ThinkPHP\Lib\Core\App.class.php 第 102 行.
ERR: 无法加载模块:MP_verify_PnZOaA6d3wh8k7bK.txt

[ 2017-03-14T15:22:24+08:00 ] 127.0.0.1 /webshop/index.php
INFO: [ app_begin ] --START--
INFO: ReadHtmlCache Behavior ::run [ RunTime:0.029081s ]
INFO: [ app_begin ] --END-- [ RunTime:0.046874s ]
INFO: [ view_parse ] --START--
INFO: ParseTemplate Behavior ::run [ RunTime:0.254931s ]
INFO: [ view_parse ] --END-- [ RunTime:0.255103s ]
INFO: [ view_filter ] --START--
INFO: ContentReplace Behavior ::run [ RunTime:0.025655s ]
INFO: TokenBuild Behavior ::run [ RunTime:0.018754s ]
INFO: WriteHtmlCache Behavior ::run [ RunTime:0.007717s ]
INFO: ShowRuntime Behavior ::run [ RunTime:0.005102s ]
INFO: [ view_filter ] --END-- [ RunTime:0.057566s ]
INFO: [ view_end ] --START--
INFO: ShowPageTrace Behavior ::run [ RunTime:0.018488s ]
INFO: [ view_end ] --END-- [ RunTime:0.018626s ]

[ 2017-03-14T15:22:39+08:00 ] 127.0.0.1 /webshop/index.php/Form/handleLogin
INFO: [ route_check ] --START--
INFO: CheckRoute Behavior ::run [ RunTime:0.017197s ]
INFO: [ route_check ] --END-- [ RunTime:0.017340s ]
INFO: [ app_begin ] --START--
INFO: ReadHtmlCache Behavior ::run [ RunTime:0.001085s ]
INFO: [ app_begin ] --END-- [ RunTime:0.001177s ]
INFO: [ view_parse ] --START--
INFO: ParseTemplate Behavior ::run [ RunTime:0.047529s ]
INFO: [ view_parse ] --END-- [ RunTime:0.047686s ]
INFO: [ view_filter ] --START--
INFO: ContentReplace Behavior ::run [ RunTime:0.000881s ]
INFO: TokenBuild Behavior ::run [ RunTime:0.000772s ]
INFO: WriteHtmlCache Behavior ::run [ RunTime:0.000604s ]
INFO: ShowRuntime Behavior ::run [ RunTime:0.000802s ]
INFO: [ view_filter ] --END-- [ RunTime:0.003333s ]
INFO: [ view_end ] --START--
INFO: ShowPageTrace Behavior ::run [ RunTime:0.000969s ]
INFO: [ view_end ] --END-- [ RunTime:0.001056s ]

[ 2017-03-14T15:22:43+08:00 ] 127.0.0.1 /webshop/index.php/Form/handleEnroll
INFO: [ route_check ] --START--
INFO: CheckRoute Behavior ::run [ RunTime:0.001218s ]
INFO: [ route_check ] --END-- [ RunTime:0.001328s ]
INFO: [ app_begin ] --START--
INFO: ReadHtmlCache Behavior ::run [ RunTime:0.000905s ]
INFO: [ app_begin ] --END-- [ RunTime:0.000981s ]
INFO: [ view_parse ] --START--
INFO: ParseTemplate Behavior ::run [ RunTime:0.093165s ]
INFO: [ view_parse ] --END-- [ RunTime:0.093369s ]
INFO: [ view_filter ] --START--
INFO: ContentReplace Behavior ::run [ RunTime:0.001758s ]
INFO: TokenBuild Behavior ::run [ RunTime:0.001548s ]
INFO: WriteHtmlCache Behavior ::run [ RunTime:0.001264s ]
INFO: ShowRuntime Behavior ::run [ RunTime:0.001666s ]
INFO: [ view_filter ] --END-- [ RunTime:0.006660s ]
INFO: [ view_end ] --START--
INFO: ShowPageTrace Behavior ::run [ RunTime:0.001213s ]
INFO: [ view_end ] --END-- [ RunTime:0.001303s ]

[ 2017-03-14T15:22:56+08:00 ] 127.0.0.1 /webshop/index.php/Index/showProduct
INFO: [ route_check ] --START--
INFO: CheckRoute Behavior ::run [ RunTime:0.001196s ]
INFO: [ route_check ] --END-- [ RunTime:0.001303s ]
INFO: [ app_begin ] --START--
INFO: ReadHtmlCache Behavior ::run [ RunTime:0.000873s ]
INFO: [ app_begin ] --END-- [ RunTime:0.000952s ]
INFO: [ view_parse ] --START--
INFO: ParseTemplate Behavior ::run [ RunTime:0.076128s ]
INFO: [ view_parse ] --END-- [ RunTime:0.076258s ]
INFO: [ view_filter ] --START--
INFO: ContentReplace Behavior ::run [ RunTime:0.001377s ]
INFO: TokenBuild Behavior ::run [ RunTime:0.001208s ]
INFO: WriteHtmlCache Behavior ::run [ RunTime:0.000723s ]
INFO: ShowRuntime Behavior ::run [ RunTime:0.000851s ]
INFO: [ view_filter ] --END-- [ RunTime:0.004464s ]
INFO: [ view_end ] --START--
INFO: ShowPageTrace Behavior ::run [ RunTime:0.001180s ]
INFO: [ view_end ] --END-- [ RunTime:0.001273s ]

[ 2017-03-14T15:23:15+08:00 ] 127.0.0.1 /webshop/index.php/Index/proCategory
INFO: [ route_check ] --START--
INFO: CheckRoute Behavior ::run [ RunTime:0.003412s ]
INFO: [ route_check ] --END-- [ RunTime:0.003539s ]
INFO: [ app_begin ] --START--
INFO: ReadHtmlCache Behavior ::run [ RunTime:0.002963s ]
INFO: [ app_begin ] --END-- [ RunTime:0.003074s ]
INFO: [ view_parse ] --START--
INFO: ParseTemplate Behavior ::run [ RunTime:0.071907s ]
INFO: [ view_parse ] --END-- [ RunTime:0.072042s ]
INFO: [ view_filter ] --START--
INFO: ContentReplace Behavior ::run [ RunTime:0.003071s ]
INFO: TokenBuild Behavior ::run [ RunTime:0.002963s ]
INFO: WriteHtmlCache Behavior ::run [ RunTime:0.002833s ]
INFO: ShowRuntime Behavior ::run [ RunTime:0.003220s ]
INFO: [ view_filter ] --END-- [ RunTime:0.012377s ]
INFO: [ view_end ] --START--
INFO: ShowPageTrace Behavior ::run [ RunTime:0.003846s ]
INFO: [ view_end ] --END-- [ RunTime:0.003953s ]

