[ 2017-04-15T11:14:49+08:00 ] 127.0.0.1 /webshop/Public/bootstrap/css/bootstrap.min.css.map
INFO: [ route_check ] --START--
INFO: CheckRoute Behavior ::run [ RunTime:0.001863s ]
INFO: [ route_check ] --END-- [ RunTime:0.002101s ]
INFO: [ app_begin ] --START--
INFO: ReadHtmlCache Behavior ::run [ RunTime:0.000983s ]
INFO: [ app_begin ] --END-- [ RunTime:0.001126s ]
ERR: 无法加载模块:Public

[ 2017-04-15T11:14:50+08:00 ] 127.0.0.1 /webshop/Public/bootstrap/css/bootstrap.min.css.map
INFO: [ route_check ] --START--
INFO: CheckRoute Behavior ::run [ RunTime:0.001419s ]
INFO: [ route_check ] --END-- [ RunTime:0.001546s ]
INFO: [ app_begin ] --START--
INFO: ReadHtmlCache Behavior ::run [ RunTime:0.001278s ]
INFO: [ app_begin ] --END-- [ RunTime:0.001377s ]
ERR: 无法加载模块:Public

[ 2017-04-15T12:35:35+08:00 ] 127.0.0.1 /webshop/Public/bootstrap/css/bootstrap.min.css.map
INFO: [ route_check ] --START--
INFO: CheckRoute Behavior ::run [ RunTime:0.001431s ]
INFO: [ route_check ] --END-- [ RunTime:0.001571s ]
INFO: [ app_begin ] --START--
INFO: ReadHtmlCache Behavior ::run [ RunTime:0.001863s ]
INFO: [ app_begin ] --END-- [ RunTime:0.002032s ]
ERR: 无法加载模块:Public

[ 2017-04-15T12:35:36+08:00 ] 127.0.0.1 /webshop/Public/bootstrap/css/bootstrap.min.css.map
INFO: [ route_check ] --START--
INFO: CheckRoute Behavior ::run [ RunTime:0.003455s ]
INFO: [ route_check ] --END-- [ RunTime:0.003588s ]
INFO: [ app_begin ] --START--
INFO: ReadHtmlCache Behavior ::run [ RunTime:0.004299s ]
INFO: [ app_begin ] --END-- [ RunTime:0.004494s ]
ERR: 无法加载模块:Public

[ 2017-04-15T12:46:37+08:00 ] 127.0.0.1 /webshop/Public/bootstrap/css/bootstrap.min.css.map
INFO: [ route_check ] --START--
INFO: CheckRoute Behavior ::run [ RunTime:0.003245s ]
INFO: [ route_check ] --END-- [ RunTime:0.003360s ]
INFO: [ app_begin ] --START--
INFO: ReadHtmlCache Behavior ::run [ RunTime:0.003494s ]
INFO: [ app_begin ] --END-- [ RunTime:0.003586s ]
ERR: 无法加载模块:Public

[ 2017-04-15T12:46:48+08:00 ] 127.0.0.1 /webshop/Public/bootstrap/css/bootstrap.min.css.map
INFO: [ route_check ] --START--
INFO: CheckRoute Behavior ::run [ RunTime:0.001883s ]
INFO: [ route_check ] --END-- [ RunTime:0.002063s ]
INFO: [ app_begin ] --START--
INFO: ReadHtmlCache Behavior ::run [ RunTime:0.001699s ]
INFO: [ app_begin ] --END-- [ RunTime:0.001948s ]
ERR: 无法加载模块:Public

[ 2017-04-15T12:47:27+08:00 ] 127.0.0.1 /webshop/Public/bootstrap/css/bootstrap.min.css.map
INFO: [ route_check ] --START--
INFO: CheckRoute Behavior ::run [ RunTime:0.004599s ]
INFO: [ route_check ] --END-- [ RunTime:0.004758s ]
INFO: [ app_begin ] --START--
INFO: ReadHtmlCache Behavior ::run [ RunTime:0.003901s ]
INFO: [ app_begin ] --END-- [ RunTime:0.004052s ]
ERR: 无法加载模块:Public

[ 2017-04-15T12:47:41+08:00 ] 127.0.0.1 /webshop/Public/bootstrap/css/bootstrap.min.css.map
INFO: [ route_check ] --START--
INFO: CheckRoute Behavior ::run [ RunTime:0.001778s ]
INFO: [ route_check ] --END-- [ RunTime:0.001949s ]
INFO: [ app_begin ] --START--
INFO: ReadHtmlCache Behavior ::run [ RunTime:0.001568s ]
INFO: [ app_begin ] --END-- [ RunTime:0.001743s ]
ERR: 无法加载模块:Public

[ 2017-04-15T12:55:42+08:00 ] 127.0.0.1 /webshop/Public/bootstrap/css/bootstrap.min.css.map
INFO: [ route_check ] --START--
INFO: CheckRoute Behavior ::run [ RunTime:0.001185s ]
INFO: [ route_check ] --END-- [ RunTime:0.001294s ]
INFO: [ app_begin ] --START--
INFO: ReadHtmlCache Behavior ::run [ RunTime:0.000971s ]
INFO: [ app_begin ] --END-- [ RunTime:0.001074s ]
ERR: 无法加载模块:Public

[ 2017-04-15T12:56:02+08:00 ] 127.0.0.1 /webshop/Public/bootstrap/css/bootstrap.min.css.map
INFO: [ route_check ] --START--
INFO: CheckRoute Behavior ::run [ RunTime:0.002442s ]
INFO: [ route_check ] --END-- [ RunTime:0.002780s ]
INFO: [ app_begin ] --START--
INFO: ReadHtmlCache Behavior ::run [ RunTime:0.001626s ]
INFO: [ app_begin ] --END-- [ RunTime:0.001806s ]
ERR: 无法加载模块:Public

[ 2017-04-15T12:57:06+08:00 ] 127.0.0.1 /webshop/Public/bootstrap/css/bootstrap.min.css.map
INFO: [ route_check ] --START--
INFO: CheckRoute Behavior ::run [ RunTime:0.002077s ]
INFO: [ route_check ] --END-- [ RunTime:0.002266s ]
INFO: [ app_begin ] --START--
INFO: ReadHtmlCache Behavior ::run [ RunTime:0.001354s ]
INFO: [ app_begin ] --END-- [ RunTime:0.001525s ]
ERR: 无法加载模块:Public

[ 2017-04-15T13:00:50+08:00 ] 127.0.0.1 /webshop/Public/bootstrap/css/bootstrap.min.css.map
INFO: [ route_check ] --START--
INFO: CheckRoute Behavior ::run [ RunTime:0.003022s ]
INFO: [ route_check ] --END-- [ RunTime:0.003424s ]
INFO: [ app_begin ] --START--
INFO: ReadHtmlCache Behavior ::run [ RunTime:0.001636s ]
INFO: [ app_begin ] --END-- [ RunTime:0.001835s ]
ERR: 无法加载模块:Public

[ 2017-04-15T13:02:10+08:00 ] 127.0.0.1 /webshop/Public/bootstrap/css/bootstrap.min.css.map
INFO: [ route_check ] --START--
INFO: CheckRoute Behavior ::run [ RunTime:0.001964s ]
INFO: [ route_check ] --END-- [ RunTime:0.002141s ]
INFO: [ app_begin ] --START--
INFO: ReadHtmlCache Behavior ::run [ RunTime:0.001400s ]
INFO: [ app_begin ] --END-- [ RunTime:0.001540s ]
ERR: 无法加载模块:Public

[ 2017-04-15T13:03:24+08:00 ] 127.0.0.1 /webshop/Public/bootstrap/css/bootstrap.min.css.map
INFO: [ route_check ] --START--
INFO: CheckRoute Behavior ::run [ RunTime:0.001997s ]
INFO: [ route_check ] --END-- [ RunTime:0.002234s ]
INFO: [ app_begin ] --START--
INFO: ReadHtmlCache Behavior ::run [ RunTime:0.001649s ]
INFO: [ app_begin ] --END-- [ RunTime:0.001884s ]
ERR: 无法加载模块:Public

[ 2017-04-15T13:50:00+08:00 ] 127.0.0.1 /webshop/Admin/Tpl/Public/broadcast/undefined
INFO: [ route_check ] --START--
INFO: CheckRoute Behavior ::run [ RunTime:0.001185s ]
INFO: [ route_check ] --END-- [ RunTime:0.001291s ]
INFO: [ app_begin ] --START--
INFO: ReadHtmlCache Behavior ::run [ RunTime:0.000861s ]
INFO: [ app_begin ] --END-- [ RunTime:0.000944s ]
ERR: 无法加载模块:Admin

[ 2017-04-15T13:50:04+08:00 ] 127.0.0.1 /webshop/Public/bootstrap/css/bootstrap.min.css.map
INFO: [ route_check ] --START--
INFO: CheckRoute Behavior ::run [ RunTime:0.001215s ]
INFO: [ route_check ] --END-- [ RunTime:0.001332s ]
INFO: [ app_begin ] --START--
INFO: ReadHtmlCache Behavior ::run [ RunTime:0.000967s ]
INFO: [ app_begin ] --END-- [ RunTime:0.001064s ]
ERR: 无法加载模块:Public

[ 2017-04-15T13:51:00+08:00 ] 127.0.0.1 /webshop/Public/bootstrap/css/bootstrap.min.css.map
INFO: [ route_check ] --START--
INFO: CheckRoute Behavior ::run [ RunTime:0.002515s ]
INFO: [ route_check ] --END-- [ RunTime:0.002769s ]
INFO: [ app_begin ] --START--
INFO: ReadHtmlCache Behavior ::run [ RunTime:0.001407s ]
INFO: [ app_begin ] --END-- [ RunTime:0.001576s ]
ERR: 无法加载模块:Public

[ 2017-04-15T13:51:21+08:00 ] 127.0.0.1 /webshop/Admin/Tpl/Public/broadcast/undefined
INFO: [ route_check ] --START--
INFO: CheckRoute Behavior ::run [ RunTime:0.001833s ]
INFO: [ route_check ] --END-- [ RunTime:0.002048s ]
INFO: [ app_begin ] --START--
INFO: ReadHtmlCache Behavior ::run [ RunTime:0.000901s ]
INFO: [ app_begin ] --END-- [ RunTime:0.000986s ]
ERR: 无法加载模块:Admin

[ 2017-04-15T13:54:00+08:00 ] 127.0.0.1 /webshop/Public/bootstrap/css/bootstrap.min.css.map
INFO: [ route_check ] --START--
INFO: CheckRoute Behavior ::run [ RunTime:0.003393s ]
INFO: [ route_check ] --END-- [ RunTime:0.003529s ]
INFO: [ app_begin ] --START--
INFO: ReadHtmlCache Behavior ::run [ RunTime:0.003174s ]
INFO: [ app_begin ] --END-- [ RunTime:0.003329s ]
ERR: 无法加载模块:Public

[ 2017-04-15T13:54:01+08:00 ] 127.0.0.1 /webshop/Public/bootstrap/css/bootstrap.min.css.map
INFO: [ route_check ] --START--
INFO: CheckRoute Behavior ::run [ RunTime:0.002241s ]
INFO: [ route_check ] --END-- [ RunTime:0.002533s ]
INFO: [ app_begin ] --START--
INFO: ReadHtmlCache Behavior ::run [ RunTime:0.001793s ]
INFO: [ app_begin ] --END-- [ RunTime:0.002012s ]
ERR: 无法加载模块:Public

[ 2017-04-15T14:16:23+08:00 ] 127.0.0.1 /webshop/Public/bootstrap/css/bootstrap.min.css.map
INFO: [ route_check ] --START--
INFO: CheckRoute Behavior ::run [ RunTime:0.001251s ]
INFO: [ route_check ] --END-- [ RunTime:0.001366s ]
INFO: [ app_begin ] --START--
INFO: ReadHtmlCache Behavior ::run [ RunTime:0.000893s ]
INFO: [ app_begin ] --END-- [ RunTime:0.000985s ]
ERR: 无法加载模块:Public

[ 2017-04-15T14:16:45+08:00 ] 127.0.0.1 /webshop/Public/bootstrap/css/bootstrap.min.css.map
INFO: [ route_check ] --START--
INFO: CheckRoute Behavior ::run [ RunTime:0.001915s ]
INFO: [ route_check ] --END-- [ RunTime:0.002094s ]
INFO: [ app_begin ] --START--
INFO: ReadHtmlCache Behavior ::run [ RunTime:0.001408s ]
INFO: [ app_begin ] --END-- [ RunTime:0.001562s ]
ERR: 无法加载模块:Public

[ 2017-04-15T14:16:49+08:00 ] 127.0.0.1 /webshop/Public/bootstrap/css/bootstrap.min.css.map
INFO: [ route_check ] --START--
INFO: CheckRoute Behavior ::run [ RunTime:0.003212s ]
INFO: [ route_check ] --END-- [ RunTime:0.003395s ]
INFO: [ app_begin ] --START--
INFO: ReadHtmlCache Behavior ::run [ RunTime:0.001375s ]
INFO: [ app_begin ] --END-- [ RunTime:0.001544s ]
ERR: 无法加载模块:Public

[ 2017-04-15T14:18:49+08:00 ] 127.0.0.1 /webshop/Public/bootstrap/css/bootstrap.min.css.map
INFO: [ route_check ] --START--
INFO: CheckRoute Behavior ::run [ RunTime:0.002300s ]
INFO: [ route_check ] --END-- [ RunTime:0.002526s ]
INFO: [ app_begin ] --START--
INFO: ReadHtmlCache Behavior ::run [ RunTime:0.001570s ]
INFO: [ app_begin ] --END-- [ RunTime:0.001825s ]
ERR: 无法加载模块:Public

[ 2017-04-15T14:20:02+08:00 ] 127.0.0.1 /webshop/Public/bootstrap/css/bootstrap.min.css.map
INFO: [ route_check ] --START--
INFO: CheckRoute Behavior ::run [ RunTime:0.002066s ]
INFO: [ route_check ] --END-- [ RunTime:0.002348s ]
INFO: [ app_begin ] --START--
INFO: ReadHtmlCache Behavior ::run [ RunTime:0.001590s ]
INFO: [ app_begin ] --END-- [ RunTime:0.001816s ]
ERR: 无法加载模块:Public

[ 2017-04-15T15:35:50+08:00 ] 127.0.0.1 /webshop/index.php
INFO: [ app_begin ] --START--
INFO: ReadHtmlCache Behavior ::run [ RunTime:0.003019s ]
INFO: [ app_begin ] --END-- [ RunTime:0.003142s ]
INFO: [ view_parse ] --START--
INFO: ParseTemplate Behavior ::run [ RunTime:0.069488s ]
INFO: [ view_parse ] --END-- [ RunTime:0.069616s ]
INFO: [ view_filter ] --START--
INFO: ContentReplace Behavior ::run [ RunTime:0.002975s ]
INFO: TokenBuild Behavior ::run [ RunTime:0.002881s ]
INFO: WriteHtmlCache Behavior ::run [ RunTime:0.002733s ]
INFO: ShowRuntime Behavior ::run [ RunTime:0.002866s ]
INFO: [ view_filter ] --END-- [ RunTime:0.011713s ]
INFO: [ view_end ] --START--
INFO: ShowPageTrace Behavior ::run [ RunTime:0.004131s ]
INFO: [ view_end ] --END-- [ RunTime:0.004242s ]

[ 2017-04-15T18:10:12+08:00 ] 127.0.0.1 /webshop/index.php
INFO: [ app_begin ] --START--
INFO: ReadHtmlCache Behavior ::run [ RunTime:0.003012s ]
INFO: [ app_begin ] --END-- [ RunTime:0.003131s ]
INFO: [ view_parse ] --START--
INFO: ParseTemplate Behavior ::run [ RunTime:0.039448s ]
INFO: [ view_parse ] --END-- [ RunTime:0.039673s ]
INFO: [ view_filter ] --START--
INFO: ContentReplace Behavior ::run [ RunTime:0.006408s ]
INFO: TokenBuild Behavior ::run [ RunTime:0.003214s ]
INFO: WriteHtmlCache Behavior ::run [ RunTime:0.004181s ]
INFO: ShowRuntime Behavior ::run [ RunTime:0.005701s ]
INFO: [ view_filter ] --END-- [ RunTime:0.019862s ]
INFO: [ view_end ] --START--
INFO: ShowPageTrace Behavior ::run [ RunTime:0.018531s ]
INFO: [ view_end ] --END-- [ RunTime:0.018658s ]

[ 2017-04-15T22:44:04+08:00 ] 127.0.0.1 /webshop/index.php
INFO: [ app_begin ] --START--
INFO: ReadHtmlCache Behavior ::run [ RunTime:0.003618s ]
INFO: [ app_begin ] --END-- [ RunTime:0.003747s ]
INFO: [ view_parse ] --START--
INFO: ParseTemplate Behavior ::run [ RunTime:0.038413s ]
INFO: [ view_parse ] --END-- [ RunTime:0.038546s ]
INFO: [ view_filter ] --START--
INFO: ContentReplace Behavior ::run [ RunTime:0.005605s ]
INFO: TokenBuild Behavior ::run [ RunTime:0.004035s ]
INFO: WriteHtmlCache Behavior ::run [ RunTime:0.002645s ]
INFO: ShowRuntime Behavior ::run [ RunTime:0.003380s ]
INFO: [ view_filter ] --END-- [ RunTime:0.016153s ]
INFO: [ view_end ] --START--
INFO: ShowPageTrace Behavior ::run [ RunTime:0.003748s ]
INFO: [ view_end ] --END-- [ RunTime:0.004197s ]

[ 2017-04-15T22:50:15+08:00 ] 127.0.0.1 /webshop/index.php
INFO: [ app_begin ] --START--
INFO: ReadHtmlCache Behavior ::run [ RunTime:0.003994s ]
INFO: [ app_begin ] --END-- [ RunTime:0.004134s ]
INFO: [ view_parse ] --START--
INFO: ParseTemplate Behavior ::run [ RunTime:0.038159s ]
INFO: [ view_parse ] --END-- [ RunTime:0.038285s ]
INFO: [ view_filter ] --START--
INFO: ContentReplace Behavior ::run [ RunTime:0.002929s ]
INFO: TokenBuild Behavior ::run [ RunTime:0.003332s ]
INFO: WriteHtmlCache Behavior ::run [ RunTime:0.002767s ]
INFO: ShowRuntime Behavior ::run [ RunTime:0.002801s ]
INFO: [ view_filter ] --END-- [ RunTime:0.012239s ]
INFO: [ view_end ] --START--
INFO: ShowPageTrace Behavior ::run [ RunTime:0.003095s ]
INFO: [ view_end ] --END-- [ RunTime:0.003198s ]

[ 2017-04-15T22:50:19+08:00 ] 127.0.0.1 /webshop/Public/bootstrap/css/bootstrap.min.css.map
INFO: [ route_check ] --START--
INFO: CheckRoute Behavior ::run [ RunTime:0.004006s ]
INFO: [ route_check ] --END-- [ RunTime:0.004145s ]
INFO: [ app_begin ] --START--
INFO: ReadHtmlCache Behavior ::run [ RunTime:0.000955s ]
INFO: [ app_begin ] --END-- [ RunTime:0.001043s ]
ERR: 无法加载模块:Public

[ 2017-04-15T22:50:20+08:00 ] 127.0.0.1 /webshop/index.php
INFO: [ app_begin ] --START--
INFO: ReadHtmlCache Behavior ::run [ RunTime:0.000886s ]
INFO: [ app_begin ] --END-- [ RunTime:0.000989s ]
INFO: [ view_parse ] --START--
INFO: ParseTemplate Behavior ::run [ RunTime:0.028271s ]
INFO: [ view_parse ] --END-- [ RunTime:0.028391s ]
INFO: [ view_filter ] --START--
INFO: ContentReplace Behavior ::run [ RunTime:0.000853s ]
INFO: TokenBuild Behavior ::run [ RunTime:0.000786s ]
INFO: WriteHtmlCache Behavior ::run [ RunTime:0.001441s ]
INFO: ShowRuntime Behavior ::run [ RunTime:0.000866s ]
INFO: [ view_filter ] --END-- [ RunTime:0.004192s ]
INFO: [ view_end ] --START--
INFO: ShowPageTrace Behavior ::run [ RunTime:0.001168s ]
INFO: [ view_end ] --END-- [ RunTime:0.001264s ]

[ 2017-04-15T22:50:21+08:00 ] 127.0.0.1 /webshop/Public/bootstrap/css/bootstrap.min.css.map
INFO: [ route_check ] --START--
INFO: CheckRoute Behavior ::run [ RunTime:0.004800s ]
INFO: [ route_check ] --END-- [ RunTime:0.004949s ]
INFO: [ app_begin ] --START--
INFO: ReadHtmlCache Behavior ::run [ RunTime:0.004373s ]
INFO: [ app_begin ] --END-- [ RunTime:0.004508s ]
ERR: 无法加载模块:Public

[ 2017-04-15T22:52:26+08:00 ] 127.0.0.1 /webshop/index.php
INFO: [ app_begin ] --START--
INFO: ReadHtmlCache Behavior ::run [ RunTime:0.002932s ]
INFO: [ app_begin ] --END-- [ RunTime:0.003064s ]
INFO: [ view_parse ] --START--
INFO: ParseTemplate Behavior ::run [ RunTime:0.038720s ]
INFO: [ view_parse ] --END-- [ RunTime:0.038846s ]
INFO: [ view_filter ] --START--
INFO: ContentReplace Behavior ::run [ RunTime:0.002948s ]
INFO: TokenBuild Behavior ::run [ RunTime:0.003711s ]
INFO: WriteHtmlCache Behavior ::run [ RunTime:0.002910s ]
INFO: ShowRuntime Behavior ::run [ RunTime:0.002884s ]
INFO: [ view_filter ] --END-- [ RunTime:0.012840s ]
INFO: [ view_end ] --START--
INFO: ShowPageTrace Behavior ::run [ RunTime:0.004044s ]
INFO: [ view_end ] --END-- [ RunTime:0.004152s ]

[ 2017-04-15T22:52:44+08:00 ] 127.0.0.1 /webshop/index.php
INFO: [ app_begin ] --START--
INFO: ReadHtmlCache Behavior ::run [ RunTime:0.000917s ]
INFO: [ app_begin ] --END-- [ RunTime:0.001031s ]
INFO: [ view_parse ] --START--
INFO: ParseTemplate Behavior ::run [ RunTime:0.042001s ]
INFO: [ view_parse ] --END-- [ RunTime:0.042116s ]
INFO: [ view_filter ] --START--
INFO: ContentReplace Behavior ::run [ RunTime:0.000888s ]
INFO: TokenBuild Behavior ::run [ RunTime:0.000743s ]
INFO: WriteHtmlCache Behavior ::run [ RunTime:0.000606s ]
INFO: ShowRuntime Behavior ::run [ RunTime:0.000869s ]
INFO: [ view_filter ] --END-- [ RunTime:0.003331s ]
INFO: [ view_end ] --START--
INFO: ShowPageTrace Behavior ::run [ RunTime:0.001451s ]
INFO: [ view_end ] --END-- [ RunTime:0.001569s ]

[ 2017-04-15T22:52:59+08:00 ] 127.0.0.1 /webshop/index.php
INFO: [ app_begin ] --START--
INFO: ReadHtmlCache Behavior ::run [ RunTime:0.002853s ]
INFO: [ app_begin ] --END-- [ RunTime:0.002966s ]
INFO: [ view_parse ] --START--
INFO: ParseTemplate Behavior ::run [ RunTime:0.037530s ]
INFO: [ view_parse ] --END-- [ RunTime:0.037659s ]
INFO: [ view_filter ] --START--
INFO: ContentReplace Behavior ::run [ RunTime:0.002817s ]
INFO: TokenBuild Behavior ::run [ RunTime:0.002625s ]
INFO: WriteHtmlCache Behavior ::run [ RunTime:0.002549s ]
INFO: ShowRuntime Behavior ::run [ RunTime:0.002896s ]
INFO: [ view_filter ] --END-- [ RunTime:0.011137s ]
INFO: [ view_end ] --START--
INFO: ShowPageTrace Behavior ::run [ RunTime:0.003208s ]
INFO: [ view_end ] --END-- [ RunTime:0.003440s ]

[ 2017-04-15T22:53:13+08:00 ] 127.0.0.1 /webshop/index.php
INFO: [ app_begin ] --START--
INFO: ReadHtmlCache Behavior ::run [ RunTime:0.001825s ]
INFO: [ app_begin ] --END-- [ RunTime:0.002014s ]
INFO: [ view_parse ] --START--
INFO: ParseTemplate Behavior ::run [ RunTime:0.046126s ]
INFO: [ view_parse ] --END-- [ RunTime:0.046302s ]
INFO: [ view_filter ] --START--
INFO: ContentReplace Behavior ::run [ RunTime:0.001526s ]
INFO: TokenBuild Behavior ::run [ RunTime:0.002593s ]
INFO: WriteHtmlCache Behavior ::run [ RunTime:0.001265s ]
INFO: ShowRuntime Behavior ::run [ RunTime:0.001229s ]
INFO: [ view_filter ] --END-- [ RunTime:0.007064s ]
INFO: [ view_end ] --START--
INFO: ShowPageTrace Behavior ::run [ RunTime:0.001533s ]
INFO: [ view_end ] --END-- [ RunTime:0.001675s ]

[ 2017-04-15T22:53:33+08:00 ] 127.0.0.1 /webshop/index.php
INFO: [ app_begin ] --START--
INFO: ReadHtmlCache Behavior ::run [ RunTime:0.004073s ]
INFO: [ app_begin ] --END-- [ RunTime:0.004215s ]
INFO: [ view_parse ] --START--
INFO: ParseTemplate Behavior ::run [ RunTime:0.043880s ]
INFO: [ view_parse ] --END-- [ RunTime:0.044053s ]
INFO: [ view_filter ] --START--
INFO: ContentReplace Behavior ::run [ RunTime:0.002876s ]
INFO: TokenBuild Behavior ::run [ RunTime:0.004227s ]
INFO: WriteHtmlCache Behavior ::run [ RunTime:0.002651s ]
INFO: ShowRuntime Behavior ::run [ RunTime:0.002786s ]
INFO: [ view_filter ] --END-- [ RunTime:0.012900s ]
INFO: [ view_end ] --START--
INFO: ShowPageTrace Behavior ::run [ RunTime:0.004010s ]
INFO: [ view_end ] --END-- [ RunTime:0.004128s ]

[ 2017-04-15T22:53:59+08:00 ] 127.0.0.1 /webshop/index.php
INFO: [ app_begin ] --START--
INFO: ReadHtmlCache Behavior ::run [ RunTime:0.004270s ]
INFO: [ app_begin ] --END-- [ RunTime:0.004438s ]
INFO: [ view_parse ] --START--
INFO: ParseTemplate Behavior ::run [ RunTime:0.045597s ]
INFO: [ view_parse ] --END-- [ RunTime:0.045729s ]
INFO: [ view_filter ] --START--
INFO: ContentReplace Behavior ::run [ RunTime:0.004565s ]
INFO: TokenBuild Behavior ::run [ RunTime:0.003304s ]
INFO: WriteHtmlCache Behavior ::run [ RunTime:0.006429s ]
INFO: ShowRuntime Behavior ::run [ RunTime:0.003459s ]
INFO: [ view_filter ] --END-- [ RunTime:0.018121s ]
INFO: [ view_end ] --START--
INFO: ShowPageTrace Behavior ::run [ RunTime:0.004350s ]
INFO: [ view_end ] --END-- [ RunTime:0.004510s ]

[ 2017-04-15T22:54:22+08:00 ] 127.0.0.1 /webshop/index.php
INFO: [ app_begin ] --START--
INFO: ReadHtmlCache Behavior ::run [ RunTime:0.002141s ]
INFO: [ app_begin ] --END-- [ RunTime:0.002490s ]
INFO: [ view_parse ] --START--
INFO: ParseTemplate Behavior ::run [ RunTime:0.045820s ]
INFO: [ view_parse ] --END-- [ RunTime:0.045991s ]
INFO: [ view_filter ] --START--
INFO: ContentReplace Behavior ::run [ RunTime:0.001143s ]
INFO: TokenBuild Behavior ::run [ RunTime:0.001115s ]
INFO: WriteHtmlCache Behavior ::run [ RunTime:0.000651s ]
INFO: ShowRuntime Behavior ::run [ RunTime:0.000803s ]
INFO: [ view_filter ] --END-- [ RunTime:0.003990s ]
INFO: [ view_end ] --START--
INFO: ShowPageTrace Behavior ::run [ RunTime:0.001518s ]
INFO: [ view_end ] --END-- [ RunTime:0.001674s ]

[ 2017-04-15T22:54:35+08:00 ] 127.0.0.1 /webshop/index.php
INFO: [ app_begin ] --START--
INFO: ReadHtmlCache Behavior ::run [ RunTime:0.002935s ]
INFO: [ app_begin ] --END-- [ RunTime:0.003066s ]
INFO: [ view_parse ] --START--
INFO: ParseTemplate Behavior ::run [ RunTime:0.038057s ]
INFO: [ view_parse ] --END-- [ RunTime:0.038221s ]
INFO: [ view_filter ] --START--
INFO: ContentReplace Behavior ::run [ RunTime:0.002816s ]
INFO: TokenBuild Behavior ::run [ RunTime:0.003345s ]
INFO: WriteHtmlCache Behavior ::run [ RunTime:0.003919s ]
INFO: ShowRuntime Behavior ::run [ RunTime:0.003397s ]
INFO: [ view_filter ] --END-- [ RunTime:0.013765s ]
INFO: [ view_end ] --START--
INFO: ShowPageTrace Behavior ::run [ RunTime:0.003429s ]
INFO: [ view_end ] --END-- [ RunTime:0.003533s ]

[ 2017-04-15T22:54:54+08:00 ] 127.0.0.1 /webshop/index.php
INFO: [ app_begin ] --START--
INFO: ReadHtmlCache Behavior ::run [ RunTime:0.001041s ]
INFO: [ app_begin ] --END-- [ RunTime:0.001203s ]
INFO: [ view_parse ] --START--
INFO: ParseTemplate Behavior ::run [ RunTime:0.030363s ]
INFO: [ view_parse ] --END-- [ RunTime:0.030491s ]
INFO: [ view_filter ] --START--
INFO: ContentReplace Behavior ::run [ RunTime:0.000980s ]
INFO: TokenBuild Behavior ::run [ RunTime:0.000739s ]
INFO: WriteHtmlCache Behavior ::run [ RunTime:0.000574s ]
INFO: ShowRuntime Behavior ::run [ RunTime:0.000785s ]
INFO: [ view_filter ] --END-- [ RunTime:0.003300s ]
INFO: [ view_end ] --START--
INFO: ShowPageTrace Behavior ::run [ RunTime:0.001477s ]
INFO: [ view_end ] --END-- [ RunTime:0.001606s ]

[ 2017-04-15T22:55:13+08:00 ] 127.0.0.1 /webshop/index.php
INFO: [ app_begin ] --START--
INFO: ReadHtmlCache Behavior ::run [ RunTime:0.000889s ]
INFO: [ app_begin ] --END-- [ RunTime:0.000995s ]
INFO: [ view_parse ] --START--
INFO: ParseTemplate Behavior ::run [ RunTime:0.042585s ]
INFO: [ view_parse ] --END-- [ RunTime:0.042762s ]
INFO: [ view_filter ] --START--
INFO: ContentReplace Behavior ::run [ RunTime:0.001442s ]
INFO: TokenBuild Behavior ::run [ RunTime:0.001254s ]
INFO: WriteHtmlCache Behavior ::run [ RunTime:0.000989s ]
INFO: ShowRuntime Behavior ::run [ RunTime:0.001243s ]
INFO: [ view_filter ] --END-- [ RunTime:0.005330s ]
INFO: [ view_end ] --START--
INFO: ShowPageTrace Behavior ::run [ RunTime:0.001756s ]
INFO: [ view_end ] --END-- [ RunTime:0.001916s ]

[ 2017-04-15T22:56:30+08:00 ] 127.0.0.1 /webshop/index.php
INFO: [ app_begin ] --START--
INFO: ReadHtmlCache Behavior ::run [ RunTime:0.002930s ]
INFO: [ app_begin ] --END-- [ RunTime:0.003055s ]
INFO: [ view_parse ] --START--
INFO: ParseTemplate Behavior ::run [ RunTime:0.038415s ]
INFO: [ view_parse ] --END-- [ RunTime:0.038539s ]
INFO: [ view_filter ] --START--
INFO: ContentReplace Behavior ::run [ RunTime:0.002867s ]
INFO: TokenBuild Behavior ::run [ RunTime:0.002668s ]
INFO: WriteHtmlCache Behavior ::run [ RunTime:0.002511s ]
INFO: ShowRuntime Behavior ::run [ RunTime:0.002722s ]
INFO: [ view_filter ] --END-- [ RunTime:0.010993s ]
INFO: [ view_end ] --START--
INFO: ShowPageTrace Behavior ::run [ RunTime:0.004063s ]
INFO: [ view_end ] --END-- [ RunTime:0.004173s ]

[ 2017-04-15T22:56:46+08:00 ] 127.0.0.1 /webshop/index.php
INFO: [ app_begin ] --START--
INFO: ReadHtmlCache Behavior ::run [ RunTime:0.003740s ]
INFO: [ app_begin ] --END-- [ RunTime:0.003999s ]
INFO: [ view_parse ] --START--
INFO: ParseTemplate Behavior ::run [ RunTime:0.045085s ]
INFO: [ view_parse ] --END-- [ RunTime:0.045324s ]
INFO: [ view_filter ] --START--
INFO: ContentReplace Behavior ::run [ RunTime:0.003861s ]
INFO: TokenBuild Behavior ::run [ RunTime:0.005524s ]
INFO: WriteHtmlCache Behavior ::run [ RunTime:0.002726s ]
INFO: ShowRuntime Behavior ::run [ RunTime:0.003790s ]
INFO: [ view_filter ] --END-- [ RunTime:0.016232s ]
INFO: [ view_end ] --START--
INFO: ShowPageTrace Behavior ::run [ RunTime:0.005886s ]
INFO: [ view_end ] --END-- [ RunTime:0.006050s ]

[ 2017-04-15T22:56:55+08:00 ] 127.0.0.1 /webshop/index.php
INFO: [ app_begin ] --START--
INFO: ReadHtmlCache Behavior ::run [ RunTime:0.003004s ]
INFO: [ app_begin ] --END-- [ RunTime:0.003118s ]
INFO: [ view_parse ] --START--
INFO: ParseTemplate Behavior ::run [ RunTime:0.045268s ]
INFO: [ view_parse ] --END-- [ RunTime:0.045391s ]
INFO: [ view_filter ] --START--
INFO: ContentReplace Behavior ::run [ RunTime:0.002907s ]
INFO: TokenBuild Behavior ::run [ RunTime:0.002724s ]
INFO: WriteHtmlCache Behavior ::run [ RunTime:0.002593s ]
INFO: ShowRuntime Behavior ::run [ RunTime:0.002823s ]
INFO: [ view_filter ] --END-- [ RunTime:0.011282s ]
INFO: [ view_end ] --START--
INFO: ShowPageTrace Behavior ::run [ RunTime:0.003077s ]
INFO: [ view_end ] --END-- [ RunTime:0.003179s ]

[ 2017-04-15T22:57:06+08:00 ] 127.0.0.1 /webshop/index.php
INFO: [ app_begin ] --START--
INFO: ReadHtmlCache Behavior ::run [ RunTime:0.001700s ]
INFO: [ app_begin ] --END-- [ RunTime:0.001992s ]
INFO: [ view_parse ] --START--
INFO: ParseTemplate Behavior ::run [ RunTime:0.043518s ]
INFO: [ view_parse ] --END-- [ RunTime:0.043843s ]
INFO: [ view_filter ] --START--
INFO: ContentReplace Behavior ::run [ RunTime:0.001680s ]
INFO: TokenBuild Behavior ::run [ RunTime:0.001261s ]
INFO: WriteHtmlCache Behavior ::run [ RunTime:0.000937s ]
INFO: ShowRuntime Behavior ::run [ RunTime:0.000853s ]
INFO: [ view_filter ] --END-- [ RunTime:0.005121s ]
INFO: [ view_end ] --START--
INFO: ShowPageTrace Behavior ::run [ RunTime:0.001480s ]
INFO: [ view_end ] --END-- [ RunTime:0.001607s ]

[ 2017-04-15T22:58:18+08:00 ] 127.0.0.1 /webshop/index.php
INFO: [ app_begin ] --START--
INFO: ReadHtmlCache Behavior ::run [ RunTime:0.000940s ]
INFO: [ app_begin ] --END-- [ RunTime:0.001057s ]
INFO: [ view_parse ] --START--
INFO: ParseTemplate Behavior ::run [ RunTime:0.029697s ]
INFO: [ view_parse ] --END-- [ RunTime:0.029817s ]
INFO: [ view_filter ] --START--
INFO: ContentReplace Behavior ::run [ RunTime:0.000894s ]
INFO: TokenBuild Behavior ::run [ RunTime:0.000715s ]
INFO: WriteHtmlCache Behavior ::run [ RunTime:0.000598s ]
INFO: ShowRuntime Behavior ::run [ RunTime:0.000812s ]
INFO: [ view_filter ] --END-- [ RunTime:0.003243s ]
INFO: [ view_end ] --START--
INFO: ShowPageTrace Behavior ::run [ RunTime:0.001447s ]
INFO: [ view_end ] --END-- [ RunTime:0.001567s ]

[ 2017-04-15T22:58:21+08:00 ] 127.0.0.1 /webshop/index.php
INFO: [ app_begin ] --START--
INFO: ReadHtmlCache Behavior ::run [ RunTime:0.000922s ]
INFO: [ app_begin ] --END-- [ RunTime:0.001027s ]
INFO: [ view_parse ] --START--
INFO: ParseTemplate Behavior ::run [ RunTime:0.027407s ]
INFO: [ view_parse ] --END-- [ RunTime:0.027543s ]
INFO: [ view_filter ] --START--
INFO: ContentReplace Behavior ::run [ RunTime:0.000969s ]
INFO: TokenBuild Behavior ::run [ RunTime:0.000770s ]
INFO: WriteHtmlCache Behavior ::run [ RunTime:0.002285s ]
INFO: ShowRuntime Behavior ::run [ RunTime:0.001211s ]
INFO: [ view_filter ] --END-- [ RunTime:0.005533s ]
INFO: [ view_end ] --START--
INFO: ShowPageTrace Behavior ::run [ RunTime:0.002553s ]
INFO: [ view_end ] --END-- [ RunTime:0.003143s ]

[ 2017-04-15T22:58:32+08:00 ] 127.0.0.1 /webshop/index.php
INFO: [ app_begin ] --START--
INFO: ReadHtmlCache Behavior ::run [ RunTime:0.000883s ]
INFO: [ app_begin ] --END-- [ RunTime:0.000986s ]
INFO: [ view_parse ] --START--
INFO: ParseTemplate Behavior ::run [ RunTime:0.030408s ]
INFO: [ view_parse ] --END-- [ RunTime:0.030526s ]
INFO: [ view_filter ] --START--
INFO: ContentReplace Behavior ::run [ RunTime:0.000872s ]
INFO: TokenBuild Behavior ::run [ RunTime:0.000699s ]
INFO: WriteHtmlCache Behavior ::run [ RunTime:0.000570s ]
INFO: ShowRuntime Behavior ::run [ RunTime:0.001675s ]
INFO: [ view_filter ] --END-- [ RunTime:0.004034s ]
INFO: [ view_end ] --START--
INFO: ShowPageTrace Behavior ::run [ RunTime:0.002318s ]
INFO: [ view_end ] --END-- [ RunTime:0.002564s ]

[ 2017-04-15T22:58:42+08:00 ] 127.0.0.1 /webshop/index.php
INFO: [ app_begin ] --START--
INFO: ReadHtmlCache Behavior ::run [ RunTime:0.005209s ]
INFO: [ app_begin ] --END-- [ RunTime:0.005401s ]
INFO: [ view_parse ] --START--
INFO: ParseTemplate Behavior ::run [ RunTime:0.115636s ]
INFO: [ view_parse ] --END-- [ RunTime:0.115795s ]
INFO: [ view_filter ] --START--
INFO: ContentReplace Behavior ::run [ RunTime:0.004095s ]
INFO: TokenBuild Behavior ::run [ RunTime:0.006204s ]
INFO: WriteHtmlCache Behavior ::run [ RunTime:0.005212s ]
INFO: ShowRuntime Behavior ::run [ RunTime:0.004562s ]
INFO: [ view_filter ] --END-- [ RunTime:0.020538s ]
INFO: [ view_end ] --START--
INFO: ShowPageTrace Behavior ::run [ RunTime:0.005858s ]
INFO: [ view_end ] --END-- [ RunTime:0.007469s ]

[ 2017-04-15T22:59:03+08:00 ] 127.0.0.1 /webshop/index.php
INFO: [ app_begin ] --START--
INFO: ReadHtmlCache Behavior ::run [ RunTime:0.004403s ]
INFO: [ app_begin ] --END-- [ RunTime:0.004563s ]
INFO: [ view_parse ] --START--
INFO: ParseTemplate Behavior ::run [ RunTime:0.040761s ]
INFO: [ view_parse ] --END-- [ RunTime:0.040886s ]
INFO: [ view_filter ] --START--
INFO: ContentReplace Behavior ::run [ RunTime:0.005561s ]
INFO: TokenBuild Behavior ::run [ RunTime:0.005341s ]
INFO: WriteHtmlCache Behavior ::run [ RunTime:0.002728s ]
INFO: ShowRuntime Behavior ::run [ RunTime:0.002804s ]
INFO: [ view_filter ] --END-- [ RunTime:0.016770s ]
INFO: [ view_end ] --START--
INFO: ShowPageTrace Behavior ::run [ RunTime:0.005990s ]
INFO: [ view_end ] --END-- [ RunTime:0.006153s ]

[ 2017-04-15T22:59:10+08:00 ] 127.0.0.1 /webshop/index.php
INFO: [ app_begin ] --START--
INFO: ReadHtmlCache Behavior ::run [ RunTime:0.004600s ]
INFO: [ app_begin ] --END-- [ RunTime:0.004795s ]
INFO: [ view_parse ] --START--
INFO: ParseTemplate Behavior ::run [ RunTime:0.052894s ]
INFO: [ view_parse ] --END-- [ RunTime:0.053050s ]
INFO: [ view_filter ] --START--
INFO: ContentReplace Behavior ::run [ RunTime:0.003313s ]
INFO: TokenBuild Behavior ::run [ RunTime:0.005235s ]
INFO: WriteHtmlCache Behavior ::run [ RunTime:0.005228s ]
INFO: ShowRuntime Behavior ::run [ RunTime:0.004204s ]
INFO: [ view_filter ] --END-- [ RunTime:0.018392s ]
INFO: [ view_end ] --START--
INFO: ShowPageTrace Behavior ::run [ RunTime:0.005552s ]
INFO: [ view_end ] --END-- [ RunTime:0.005693s ]

[ 2017-04-15T22:59:23+08:00 ] 127.0.0.1 /webshop/index.php
INFO: [ app_begin ] --START--
INFO: ReadHtmlCache Behavior ::run [ RunTime:0.002972s ]
INFO: [ app_begin ] --END-- [ RunTime:0.003083s ]
INFO: [ view_parse ] --START--
INFO: ParseTemplate Behavior ::run [ RunTime:0.045668s ]
INFO: [ view_parse ] --END-- [ RunTime:0.045798s ]
INFO: [ view_filter ] --START--
INFO: ContentReplace Behavior ::run [ RunTime:0.003144s ]
INFO: TokenBuild Behavior ::run [ RunTime:0.003049s ]
INFO: WriteHtmlCache Behavior ::run [ RunTime:0.002691s ]
INFO: ShowRuntime Behavior ::run [ RunTime:0.004390s ]
INFO: [ view_filter ] --END-- [ RunTime:0.013543s ]
INFO: [ view_end ] --START--
INFO: ShowPageTrace Behavior ::run [ RunTime:0.004856s ]
INFO: [ view_end ] --END-- [ RunTime:0.005029s ]

[ 2017-04-15T22:59:38+08:00 ] 127.0.0.1 /webshop/index.php
INFO: [ app_begin ] --START--
INFO: ReadHtmlCache Behavior ::run [ RunTime:0.000903s ]
INFO: [ app_begin ] --END-- [ RunTime:0.001013s ]
INFO: [ view_parse ] --START--
INFO: ParseTemplate Behavior ::run [ RunTime:0.039515s ]
INFO: [ view_parse ] --END-- [ RunTime:0.039688s ]
INFO: [ view_filter ] --START--
INFO: ContentReplace Behavior ::run [ RunTime:0.001376s ]
INFO: TokenBuild Behavior ::run [ RunTime:0.000769s ]
INFO: WriteHtmlCache Behavior ::run [ RunTime:0.000728s ]
INFO: ShowRuntime Behavior ::run [ RunTime:0.001784s ]
INFO: [ view_filter ] --END-- [ RunTime:0.004982s ]
INFO: [ view_end ] --START--
INFO: ShowPageTrace Behavior ::run [ RunTime:0.001792s ]
INFO: [ view_end ] --END-- [ RunTime:0.001938s ]

[ 2017-04-15T22:59:53+08:00 ] 127.0.0.1 /webshop/index.php
INFO: [ app_begin ] --START--
INFO: ReadHtmlCache Behavior ::run [ RunTime:0.005790s ]
INFO: [ app_begin ] --END-- [ RunTime:0.005967s ]
INFO: [ view_parse ] --START--
INFO: ParseTemplate Behavior ::run [ RunTime:0.041113s ]
INFO: [ view_parse ] --END-- [ RunTime:0.041276s ]
INFO: [ view_filter ] --START--
INFO: ContentReplace Behavior ::run [ RunTime:0.004174s ]
INFO: TokenBuild Behavior ::run [ RunTime:0.003435s ]
INFO: WriteHtmlCache Behavior ::run [ RunTime:0.002603s ]
INFO: ShowRuntime Behavior ::run [ RunTime:0.002826s ]
INFO: [ view_filter ] --END-- [ RunTime:0.013326s ]
INFO: [ view_end ] --START--
INFO: ShowPageTrace Behavior ::run [ RunTime:0.005408s ]
INFO: [ view_end ] --END-- [ RunTime:0.005542s ]

[ 2017-04-15T23:00:04+08:00 ] 127.0.0.1 /webshop/index.php
INFO: [ app_begin ] --START--
INFO: ReadHtmlCache Behavior ::run [ RunTime:0.001517s ]
INFO: [ app_begin ] --END-- [ RunTime:0.001693s ]
INFO: [ view_parse ] --START--
INFO: ParseTemplate Behavior ::run [ RunTime:0.056366s ]
INFO: [ view_parse ] --END-- [ RunTime:0.056542s ]
INFO: [ view_filter ] --START--
INFO: ContentReplace Behavior ::run [ RunTime:0.001280s ]
INFO: TokenBuild Behavior ::run [ RunTime:0.001195s ]
INFO: WriteHtmlCache Behavior ::run [ RunTime:0.001415s ]
INFO: ShowRuntime Behavior ::run [ RunTime:0.002700s ]
INFO: [ view_filter ] --END-- [ RunTime:0.007298s ]
INFO: [ view_end ] --START--
INFO: ShowPageTrace Behavior ::run [ RunTime:0.002038s ]
INFO: [ view_end ] --END-- [ RunTime:0.002310s ]

[ 2017-04-15T23:00:21+08:00 ] 127.0.0.1 /webshop/index.php
INFO: [ app_begin ] --START--
INFO: ReadHtmlCache Behavior ::run [ RunTime:0.000888s ]
INFO: [ app_begin ] --END-- [ RunTime:0.000990s ]
INFO: [ view_parse ] --START--
INFO: ParseTemplate Behavior ::run [ RunTime:0.029380s ]
INFO: [ view_parse ] --END-- [ RunTime:0.029493s ]
INFO: [ view_filter ] --START--
INFO: ContentReplace Behavior ::run [ RunTime:0.000861s ]
INFO: TokenBuild Behavior ::run [ RunTime:0.001563s ]
INFO: WriteHtmlCache Behavior ::run [ RunTime:0.000598s ]
INFO: ShowRuntime Behavior ::run [ RunTime:0.000776s ]
INFO: [ view_filter ] --END-- [ RunTime:0.004015s ]
INFO: [ view_end ] --START--
INFO: ShowPageTrace Behavior ::run [ RunTime:0.001952s ]
INFO: [ view_end ] --END-- [ RunTime:0.002058s ]

[ 2017-04-15T23:01:21+08:00 ] 127.0.0.1 /webshop/index.php
INFO: [ app_begin ] --START--
INFO: ReadHtmlCache Behavior ::run [ RunTime:0.003788s ]
INFO: [ app_begin ] --END-- [ RunTime:0.003946s ]
INFO: [ view_parse ] --START--
INFO: ParseTemplate Behavior ::run [ RunTime:0.040221s ]
INFO: [ view_parse ] --END-- [ RunTime:0.040381s ]
INFO: [ view_filter ] --START--
INFO: ContentReplace Behavior ::run [ RunTime:0.005159s ]
INFO: TokenBuild Behavior ::run [ RunTime:0.003737s ]
INFO: WriteHtmlCache Behavior ::run [ RunTime:0.003601s ]
INFO: ShowRuntime Behavior ::run [ RunTime:0.003355s ]
INFO: [ view_filter ] --END-- [ RunTime:0.016224s ]
INFO: [ view_end ] --START--
INFO: ShowPageTrace Behavior ::run [ RunTime:0.005884s ]
INFO: [ view_end ] --END-- [ RunTime:0.006248s ]

[ 2017-04-15T23:01:30+08:00 ] 127.0.0.1 /webshop/index.php
INFO: [ app_begin ] --START--
INFO: ReadHtmlCache Behavior ::run [ RunTime:0.002900s ]
INFO: [ app_begin ] --END-- [ RunTime:0.003006s ]
INFO: [ view_parse ] --START--
INFO: ParseTemplate Behavior ::run [ RunTime:0.041459s ]
INFO: [ view_parse ] --END-- [ RunTime:0.041619s ]
INFO: [ view_filter ] --START--
INFO: ContentReplace Behavior ::run [ RunTime:0.003925s ]
INFO: TokenBuild Behavior ::run [ RunTime:0.003101s ]
INFO: WriteHtmlCache Behavior ::run [ RunTime:0.004869s ]
INFO: ShowRuntime Behavior ::run [ RunTime:0.008704s ]
INFO: [ view_filter ] --END-- [ RunTime:0.021111s ]
INFO: [ view_end ] --START--
INFO: ShowPageTrace Behavior ::run [ RunTime:0.005115s ]
INFO: [ view_end ] --END-- [ RunTime:0.005332s ]

[ 2017-04-15T23:01:55+08:00 ] 127.0.0.1 /webshop/index.php
INFO: [ app_begin ] --START--
INFO: ReadHtmlCache Behavior ::run [ RunTime:0.004615s ]
INFO: [ app_begin ] --END-- [ RunTime:0.004777s ]
INFO: [ view_parse ] --START--
INFO: ParseTemplate Behavior ::run [ RunTime:0.048866s ]
INFO: [ view_parse ] --END-- [ RunTime:0.049018s ]
INFO: [ view_filter ] --START--
INFO: ContentReplace Behavior ::run [ RunTime:0.005582s ]
INFO: TokenBuild Behavior ::run [ RunTime:0.006042s ]
INFO: WriteHtmlCache Behavior ::run [ RunTime:0.005052s ]
INFO: ShowRuntime Behavior ::run [ RunTime:0.007359s ]
INFO: [ view_filter ] --END-- [ RunTime:0.024707s ]
INFO: [ view_end ] --START--
INFO: ShowPageTrace Behavior ::run [ RunTime:0.006854s ]
INFO: [ view_end ] --END-- [ RunTime:0.007009s ]

[ 2017-04-15T23:02:13+08:00 ] 127.0.0.1 /webshop/index.php
INFO: [ app_begin ] --START--
INFO: ReadHtmlCache Behavior ::run [ RunTime:0.001699s ]
INFO: [ app_begin ] --END-- [ RunTime:0.002033s ]
INFO: [ view_parse ] --START--
INFO: ParseTemplate Behavior ::run [ RunTime:0.032258s ]
INFO: [ view_parse ] --END-- [ RunTime:0.032412s ]
INFO: [ view_filter ] --START--
INFO: ContentReplace Behavior ::run [ RunTime:0.001387s ]
INFO: TokenBuild Behavior ::run [ RunTime:0.003468s ]
INFO: WriteHtmlCache Behavior ::run [ RunTime:0.000705s ]
INFO: ShowRuntime Behavior ::run [ RunTime:0.001165s ]
INFO: [ view_filter ] --END-- [ RunTime:0.007075s ]
INFO: [ view_end ] --START--
INFO: ShowPageTrace Behavior ::run [ RunTime:0.001033s ]
INFO: [ view_end ] --END-- [ RunTime:0.001122s ]

[ 2017-04-15T23:13:09+08:00 ] 127.0.0.1 /webshop/index.php
INFO: [ app_begin ] --START--
INFO: ReadHtmlCache Behavior ::run [ RunTime:0.002831s ]
INFO: [ app_begin ] --END-- [ RunTime:0.002951s ]
INFO: [ view_parse ] --START--
INFO: ParseTemplate Behavior ::run [ RunTime:0.037318s ]
INFO: [ view_parse ] --END-- [ RunTime:0.037455s ]
INFO: [ view_filter ] --START--
INFO: ContentReplace Behavior ::run [ RunTime:0.002987s ]
INFO: TokenBuild Behavior ::run [ RunTime:0.002884s ]
INFO: WriteHtmlCache Behavior ::run [ RunTime:0.003704s ]
INFO: ShowRuntime Behavior ::run [ RunTime:0.005007s ]
INFO: [ view_filter ] --END-- [ RunTime:0.015020s ]
INFO: [ view_end ] --START--
INFO: ShowPageTrace Behavior ::run [ RunTime:0.007776s ]
INFO: [ view_end ] --END-- [ RunTime:0.007998s ]

[ 2017-04-15T23:13:33+08:00 ] 127.0.0.1 /webshop/index.php
INFO: [ app_begin ] --START--
INFO: ReadHtmlCache Behavior ::run [ RunTime:0.003155s ]
INFO: [ app_begin ] --END-- [ RunTime:0.003286s ]
INFO: [ view_parse ] --START--
INFO: ParseTemplate Behavior ::run [ RunTime:0.063953s ]
INFO: [ view_parse ] --END-- [ RunTime:0.064163s ]
INFO: [ view_filter ] --START--
INFO: ContentReplace Behavior ::run [ RunTime:0.004988s ]
INFO: TokenBuild Behavior ::run [ RunTime:0.003076s ]
INFO: WriteHtmlCache Behavior ::run [ RunTime:0.007743s ]
INFO: ShowRuntime Behavior ::run [ RunTime:0.003620s ]
INFO: [ view_filter ] --END-- [ RunTime:0.019774s ]
INFO: [ view_end ] --START--
INFO: ShowPageTrace Behavior ::run [ RunTime:0.004527s ]
INFO: [ view_end ] --END-- [ RunTime:0.004674s ]

[ 2017-04-15T23:14:34+08:00 ] 127.0.0.1 /webshop/index.php
INFO: [ app_begin ] --START--
INFO: ReadHtmlCache Behavior ::run [ RunTime:0.003013s ]
INFO: [ app_begin ] --END-- [ RunTime:0.003135s ]
INFO: [ view_parse ] --START--
INFO: ParseTemplate Behavior ::run [ RunTime:0.038413s ]
INFO: [ view_parse ] --END-- [ RunTime:0.038541s ]
INFO: [ view_filter ] --START--
INFO: ContentReplace Behavior ::run [ RunTime:0.003868s ]
INFO: TokenBuild Behavior ::run [ RunTime:0.002799s ]
INFO: WriteHtmlCache Behavior ::run [ RunTime:0.002679s ]
INFO: ShowRuntime Behavior ::run [ RunTime:0.003018s ]
INFO: [ view_filter ] --END-- [ RunTime:0.012661s ]
INFO: [ view_end ] --START--
INFO: ShowPageTrace Behavior ::run [ RunTime:0.008506s ]
INFO: [ view_end ] --END-- [ RunTime:0.008617s ]

[ 2017-04-15T23:14:40+08:00 ] 127.0.0.1 /webshop/Public/bootstrap/css/bootstrap.min.css.map
INFO: [ route_check ] --START--
INFO: CheckRoute Behavior ::run [ RunTime:0.003368s ]
INFO: [ route_check ] --END-- [ RunTime:0.003491s ]
INFO: [ app_begin ] --START--
INFO: ReadHtmlCache Behavior ::run [ RunTime:0.000916s ]
INFO: [ app_begin ] --END-- [ RunTime:0.000996s ]
ERR: 无法加载模块:Public

[ 2017-04-15T23:14:54+08:00 ] 127.0.0.1 /webshop/index.php
INFO: [ app_begin ] --START--
INFO: ReadHtmlCache Behavior ::run [ RunTime:0.001975s ]
INFO: [ app_begin ] --END-- [ RunTime:0.002157s ]
INFO: [ view_parse ] --START--
INFO: ParseTemplate Behavior ::run [ RunTime:0.057956s ]
INFO: [ view_parse ] --END-- [ RunTime:0.058140s ]
INFO: [ view_filter ] --START--
INFO: ContentReplace Behavior ::run [ RunTime:0.001712s ]
INFO: TokenBuild Behavior ::run [ RunTime:0.001902s ]
INFO: WriteHtmlCache Behavior ::run [ RunTime:0.000825s ]
INFO: ShowRuntime Behavior ::run [ RunTime:0.001228s ]
INFO: [ view_filter ] --END-- [ RunTime:0.006262s ]
INFO: [ view_end ] --START--
INFO: ShowPageTrace Behavior ::run [ RunTime:0.002269s ]
INFO: [ view_end ] --END-- [ RunTime:0.002424s ]

[ 2017-04-15T23:14:54+08:00 ] 127.0.0.1 /webshop/Public/bootstrap/css/bootstrap.min.css.map
INFO: [ route_check ] --START--
INFO: CheckRoute Behavior ::run [ RunTime:0.002005s ]
INFO: [ route_check ] --END-- [ RunTime:0.002182s ]
INFO: [ app_begin ] --START--
INFO: ReadHtmlCache Behavior ::run [ RunTime:0.001536s ]
INFO: [ app_begin ] --END-- [ RunTime:0.001684s ]
ERR: 无法加载模块:Public

[ 2017-04-15T23:16:53+08:00 ] 127.0.0.1 /webshop/index.php
INFO: [ app_begin ] --START--
INFO: ReadHtmlCache Behavior ::run [ RunTime:0.002890s ]
INFO: [ app_begin ] --END-- [ RunTime:0.003008s ]
INFO: [ view_parse ] --START--
INFO: ParseTemplate Behavior ::run [ RunTime:0.060325s ]
INFO: [ view_parse ] --END-- [ RunTime:0.060545s ]
INFO: [ view_filter ] --START--
INFO: ContentReplace Behavior ::run [ RunTime:0.011589s ]
INFO: TokenBuild Behavior ::run [ RunTime:0.004665s ]
INFO: WriteHtmlCache Behavior ::run [ RunTime:0.002771s ]
INFO: ShowRuntime Behavior ::run [ RunTime:0.003199s ]
INFO: [ view_filter ] --END-- [ RunTime:0.022556s ]
INFO: [ view_end ] --START--
INFO: ShowPageTrace Behavior ::run [ RunTime:0.004961s ]
INFO: [ view_end ] --END-- [ RunTime:0.005119s ]

[ 2017-04-15T23:16:54+08:00 ] 127.0.0.1 /webshop/Public/bootstrap/css/bootstrap.min.css.map
INFO: [ route_check ] --START--
INFO: CheckRoute Behavior ::run [ RunTime:0.006124s ]
INFO: [ route_check ] --END-- [ RunTime:0.006305s ]
INFO: [ app_begin ] --START--
INFO: ReadHtmlCache Behavior ::run [ RunTime:0.001516s ]
INFO: [ app_begin ] --END-- [ RunTime:0.001678s ]
ERR: 无法加载模块:Public

[ 2017-04-15T23:17:25+08:00 ] 127.0.0.1 /webshop/index.php
INFO: [ app_begin ] --START--
INFO: ReadHtmlCache Behavior ::run [ RunTime:0.004302s ]
INFO: [ app_begin ] --END-- [ RunTime:0.004494s ]
INFO: [ view_parse ] --START--
INFO: ParseTemplate Behavior ::run [ RunTime:0.058745s ]
INFO: [ view_parse ] --END-- [ RunTime:0.058916s ]
INFO: [ view_filter ] --START--
INFO: ContentReplace Behavior ::run [ RunTime:0.005844s ]
INFO: TokenBuild Behavior ::run [ RunTime:0.006377s ]
INFO: WriteHtmlCache Behavior ::run [ RunTime:0.006016s ]
INFO: ShowRuntime Behavior ::run [ RunTime:0.005925s ]
INFO: [ view_filter ] --END-- [ RunTime:0.024688s ]
INFO: [ view_end ] --START--
INFO: ShowPageTrace Behavior ::run [ RunTime:0.005861s ]
INFO: [ view_end ] --END-- [ RunTime:0.006041s ]

[ 2017-04-15T23:17:26+08:00 ] 127.0.0.1 /webshop/Public/bootstrap/css/bootstrap.min.css.map
INFO: [ route_check ] --START--
INFO: CheckRoute Behavior ::run [ RunTime:0.002429s ]
INFO: [ route_check ] --END-- [ RunTime:0.002635s ]
INFO: [ app_begin ] --START--
INFO: ReadHtmlCache Behavior ::run [ RunTime:0.002790s ]
INFO: [ app_begin ] --END-- [ RunTime:0.002965s ]
ERR: 无法加载模块:Public

[ 2017-04-15T23:17:55+08:00 ] 127.0.0.1 /webshop/index.php
INFO: [ app_begin ] --START--
INFO: ReadHtmlCache Behavior ::run [ RunTime:0.003393s ]
INFO: [ app_begin ] --END-- [ RunTime:0.003547s ]
INFO: [ view_parse ] --START--
INFO: ParseTemplate Behavior ::run [ RunTime:0.054009s ]
INFO: [ view_parse ] --END-- [ RunTime:0.054322s ]
INFO: [ view_filter ] --START--
INFO: ContentReplace Behavior ::run [ RunTime:0.006809s ]
INFO: TokenBuild Behavior ::run [ RunTime:0.008634s ]
INFO: WriteHtmlCache Behavior ::run [ RunTime:0.007052s ]
INFO: ShowRuntime Behavior ::run [ RunTime:0.007111s ]
INFO: [ view_filter ] --END-- [ RunTime:0.030188s ]
INFO: [ view_end ] --START--
INFO: ShowPageTrace Behavior ::run [ RunTime:0.006026s ]
INFO: [ view_end ] --END-- [ RunTime:0.006169s ]

[ 2017-04-15T23:21:43+08:00 ] 127.0.0.1 /webshop/index.php
INFO: [ app_begin ] --START--
INFO: ReadHtmlCache Behavior ::run [ RunTime:0.004548s ]
INFO: [ app_begin ] --END-- [ RunTime:0.004898s ]
INFO: [ view_parse ] --START--
INFO: ParseTemplate Behavior ::run [ RunTime:0.052976s ]
INFO: [ view_parse ] --END-- [ RunTime:0.053154s ]
INFO: [ view_filter ] --START--
INFO: ContentReplace Behavior ::run [ RunTime:0.013576s ]
INFO: TokenBuild Behavior ::run [ RunTime:0.006066s ]
INFO: WriteHtmlCache Behavior ::run [ RunTime:0.003745s ]
INFO: ShowRuntime Behavior ::run [ RunTime:0.005108s ]
INFO: [ view_filter ] --END-- [ RunTime:0.028908s ]
INFO: [ view_end ] --START--
INFO: ShowPageTrace Behavior ::run [ RunTime:0.005394s ]
INFO: [ view_end ] --END-- [ RunTime:0.005553s ]

[ 2017-04-15T23:22:24+08:00 ] 127.0.0.1 /webshop/index.php
INFO: [ app_begin ] --START--
INFO: ReadHtmlCache Behavior ::run [ RunTime:0.001992s ]
INFO: [ app_begin ] --END-- [ RunTime:0.002278s ]
INFO: [ view_parse ] --START--
INFO: ParseTemplate Behavior ::run [ RunTime:0.031486s ]
INFO: [ view_parse ] --END-- [ RunTime:0.031603s ]
INFO: [ view_filter ] --START--
INFO: ContentReplace Behavior ::run [ RunTime:0.000912s ]
INFO: TokenBuild Behavior ::run [ RunTime:0.000731s ]
INFO: WriteHtmlCache Behavior ::run [ RunTime:0.000578s ]
INFO: ShowRuntime Behavior ::run [ RunTime:0.000820s ]
INFO: [ view_filter ] --END-- [ RunTime:0.003255s ]
INFO: [ view_end ] --START--
INFO: ShowPageTrace Behavior ::run [ RunTime:0.001134s ]
INFO: [ view_end ] --END-- [ RunTime:0.001235s ]

[ 2017-04-15T23:22:34+08:00 ] 127.0.0.1 /webshop/index.php
INFO: [ app_begin ] --START--
INFO: ReadHtmlCache Behavior ::run [ RunTime:0.001740s ]
INFO: [ app_begin ] --END-- [ RunTime:0.001956s ]
INFO: [ view_parse ] --START--
INFO: ParseTemplate Behavior ::run [ RunTime:0.037613s ]
INFO: [ view_parse ] --END-- [ RunTime:0.037801s ]
INFO: [ view_filter ] --START--
INFO: ContentReplace Behavior ::run [ RunTime:0.001274s ]
INFO: TokenBuild Behavior ::run [ RunTime:0.000764s ]
INFO: WriteHtmlCache Behavior ::run [ RunTime:0.000588s ]
INFO: ShowRuntime Behavior ::run [ RunTime:0.000899s ]
INFO: [ view_filter ] --END-- [ RunTime:0.003804s ]
INFO: [ view_end ] --START--
INFO: ShowPageTrace Behavior ::run [ RunTime:0.001637s ]
INFO: [ view_end ] --END-- [ RunTime:0.001849s ]

[ 2017-04-15T23:22:38+08:00 ] 127.0.0.1 /webshop/Public/bootstrap/css/bootstrap.min.css.map
INFO: [ route_check ] --START--
INFO: CheckRoute Behavior ::run [ RunTime:0.004935s ]
INFO: [ route_check ] --END-- [ RunTime:0.005121s ]
INFO: [ app_begin ] --START--
INFO: ReadHtmlCache Behavior ::run [ RunTime:0.003567s ]
INFO: [ app_begin ] --END-- [ RunTime:0.003726s ]
ERR: 无法加载模块:Public

[ 2017-04-15T23:22:38+08:00 ] 127.0.0.1 /webshop/index.php
INFO: [ app_begin ] --START--
INFO: ReadHtmlCache Behavior ::run [ RunTime:0.000894s ]
INFO: [ app_begin ] --END-- [ RunTime:0.000998s ]
INFO: [ view_parse ] --START--
INFO: ParseTemplate Behavior ::run [ RunTime:0.029110s ]
INFO: [ view_parse ] --END-- [ RunTime:0.029236s ]
INFO: [ view_filter ] --START--
INFO: ContentReplace Behavior ::run [ RunTime:0.000897s ]
INFO: TokenBuild Behavior ::run [ RunTime:0.000732s ]
INFO: WriteHtmlCache Behavior ::run [ RunTime:0.001727s ]
INFO: ShowRuntime Behavior ::run [ RunTime:0.001258s ]
INFO: [ view_filter ] --END-- [ RunTime:0.005035s ]
INFO: [ view_end ] --START--
INFO: ShowPageTrace Behavior ::run [ RunTime:0.001639s ]
INFO: [ view_end ] --END-- [ RunTime:0.001796s ]

[ 2017-04-15T23:22:39+08:00 ] 127.0.0.1 /webshop/Public/bootstrap/css/bootstrap.min.css.map
INFO: [ route_check ] --START--
INFO: CheckRoute Behavior ::run [ RunTime:0.002251s ]
INFO: [ route_check ] --END-- [ RunTime:0.002439s ]
INFO: [ app_begin ] --START--
INFO: ReadHtmlCache Behavior ::run [ RunTime:0.001555s ]
INFO: [ app_begin ] --END-- [ RunTime:0.001691s ]
ERR: 无法加载模块:Public

[ 2017-04-15T23:23:37+08:00 ] 127.0.0.1 /webshop/index.php
INFO: [ app_begin ] --START--
INFO: ReadHtmlCache Behavior ::run [ RunTime:0.006278s ]
INFO: [ app_begin ] --END-- [ RunTime:0.006828s ]
INFO: [ view_parse ] --START--
INFO: ParseTemplate Behavior ::run [ RunTime:0.053482s ]
INFO: [ view_parse ] --END-- [ RunTime:0.053642s ]
INFO: [ view_filter ] --START--
INFO: ContentReplace Behavior ::run [ RunTime:0.005299s ]
INFO: TokenBuild Behavior ::run [ RunTime:0.004749s ]
INFO: WriteHtmlCache Behavior ::run [ RunTime:0.004374s ]
INFO: ShowRuntime Behavior ::run [ RunTime:0.003552s ]
INFO: [ view_filter ] --END-- [ RunTime:0.018422s ]
INFO: [ view_end ] --START--
INFO: ShowPageTrace Behavior ::run [ RunTime:0.003116s ]
INFO: [ view_end ] --END-- [ RunTime:0.003221s ]

[ 2017-04-15T23:23:41+08:00 ] 127.0.0.1 /webshop/index.php
INFO: [ app_begin ] --START--
INFO: ReadHtmlCache Behavior ::run [ RunTime:0.003397s ]
INFO: [ app_begin ] --END-- [ RunTime:0.003537s ]
INFO: [ view_parse ] --START--
INFO: ParseTemplate Behavior ::run [ RunTime:0.043479s ]
INFO: [ view_parse ] --END-- [ RunTime:0.043837s ]
INFO: [ view_filter ] --START--
INFO: ContentReplace Behavior ::run [ RunTime:0.003087s ]
INFO: TokenBuild Behavior ::run [ RunTime:0.004636s ]
INFO: WriteHtmlCache Behavior ::run [ RunTime:0.003730s ]
INFO: ShowRuntime Behavior ::run [ RunTime:0.002954s ]
INFO: [ view_filter ] --END-- [ RunTime:0.014769s ]
INFO: [ view_end ] --START--
INFO: ShowPageTrace Behavior ::run [ RunTime:0.003548s ]
INFO: [ view_end ] --END-- [ RunTime:0.003703s ]

[ 2017-04-15T23:23:46+08:00 ] 127.0.0.1 /webshop/index.php
INFO: [ app_begin ] --START--
INFO: ReadHtmlCache Behavior ::run [ RunTime:0.001394s ]
INFO: [ app_begin ] --END-- [ RunTime:0.001552s ]
INFO: [ view_parse ] --START--
INFO: ParseTemplate Behavior ::run [ RunTime:0.040185s ]
INFO: [ view_parse ] --END-- [ RunTime:0.040437s ]
INFO: [ view_filter ] --START--
INFO: ContentReplace Behavior ::run [ RunTime:0.000933s ]
INFO: TokenBuild Behavior ::run [ RunTime:0.001021s ]
INFO: WriteHtmlCache Behavior ::run [ RunTime:0.000644s ]
INFO: ShowRuntime Behavior ::run [ RunTime:0.000863s ]
INFO: [ view_filter ] --END-- [ RunTime:0.003725s ]
INFO: [ view_end ] --START--
INFO: ShowPageTrace Behavior ::run [ RunTime:0.001908s ]
INFO: [ view_end ] --END-- [ RunTime:0.002002s ]

[ 2017-04-15T23:24:04+08:00 ] 127.0.0.1 /webshop/index.php
INFO: [ app_begin ] --START--
INFO: ReadHtmlCache Behavior ::run [ RunTime:0.001545s ]
INFO: [ app_begin ] --END-- [ RunTime:0.001803s ]
INFO: [ view_parse ] --START--
INFO: ParseTemplate Behavior ::run [ RunTime:0.028819s ]
INFO: [ view_parse ] --END-- [ RunTime:0.028948s ]
INFO: [ view_filter ] --START--
INFO: ContentReplace Behavior ::run [ RunTime:0.001008s ]
INFO: TokenBuild Behavior ::run [ RunTime:0.000826s ]
INFO: WriteHtmlCache Behavior ::run [ RunTime:0.000777s ]
INFO: ShowRuntime Behavior ::run [ RunTime:0.000819s ]
INFO: [ view_filter ] --END-- [ RunTime:0.003676s ]
INFO: [ view_end ] --START--
INFO: ShowPageTrace Behavior ::run [ RunTime:0.000992s ]
INFO: [ view_end ] --END-- [ RunTime:0.001081s ]

[ 2017-04-15T23:24:27+08:00 ] 127.0.0.1 /webshop/index.php
INFO: [ app_begin ] --START--
INFO: ReadHtmlCache Behavior ::run [ RunTime:0.001129s ]
INFO: [ app_begin ] --END-- [ RunTime:0.001268s ]
INFO: [ view_parse ] --START--
INFO: ParseTemplate Behavior ::run [ RunTime:0.050081s ]
INFO: [ view_parse ] --END-- [ RunTime:0.050267s ]
INFO: [ view_filter ] --START--
INFO: ContentReplace Behavior ::run [ RunTime:0.002275s ]
INFO: TokenBuild Behavior ::run [ RunTime:0.001205s ]
INFO: WriteHtmlCache Behavior ::run [ RunTime:0.001018s ]
INFO: ShowRuntime Behavior ::run [ RunTime:0.001276s ]
INFO: [ view_filter ] --END-- [ RunTime:0.006246s ]
INFO: [ view_end ] --START--
INFO: ShowPageTrace Behavior ::run [ RunTime:0.001527s ]
INFO: [ view_end ] --END-- [ RunTime:0.001686s ]

[ 2017-04-15T23:24:30+08:00 ] 127.0.0.1 /webshop/index.php
INFO: [ app_begin ] --START--
INFO: ReadHtmlCache Behavior ::run [ RunTime:0.000943s ]
INFO: [ app_begin ] --END-- [ RunTime:0.001058s ]
INFO: [ view_parse ] --START--
INFO: ParseTemplate Behavior ::run [ RunTime:0.031019s ]
INFO: [ view_parse ] --END-- [ RunTime:0.031135s ]
INFO: [ view_filter ] --START--
INFO: ContentReplace Behavior ::run [ RunTime:0.000922s ]
INFO: TokenBuild Behavior ::run [ RunTime:0.000769s ]
INFO: WriteHtmlCache Behavior ::run [ RunTime:0.001463s ]
INFO: ShowRuntime Behavior ::run [ RunTime:0.001235s ]
INFO: [ view_filter ] --END-- [ RunTime:0.004620s ]
INFO: [ view_end ] --START--
INFO: ShowPageTrace Behavior ::run [ RunTime:0.003988s ]
INFO: [ view_end ] --END-- [ RunTime:0.004158s ]

[ 2017-04-15T23:25:38+08:00 ] 127.0.0.1 /webshop/index.php
INFO: [ app_begin ] --START--
INFO: ReadHtmlCache Behavior ::run [ RunTime:0.003160s ]
INFO: [ app_begin ] --END-- [ RunTime:0.003310s ]
INFO: [ view_parse ] --START--
INFO: ParseTemplate Behavior ::run [ RunTime:0.042550s ]
INFO: [ view_parse ] --END-- [ RunTime:0.042715s ]
INFO: [ view_filter ] --START--
INFO: ContentReplace Behavior ::run [ RunTime:0.010240s ]
INFO: TokenBuild Behavior ::run [ RunTime:0.003660s ]
INFO: WriteHtmlCache Behavior ::run [ RunTime:0.003616s ]
INFO: ShowRuntime Behavior ::run [ RunTime:0.005119s ]
INFO: [ view_filter ] --END-- [ RunTime:0.023185s ]
INFO: [ view_end ] --START--
INFO: ShowPageTrace Behavior ::run [ RunTime:0.005780s ]
INFO: [ view_end ] --END-- [ RunTime:0.006068s ]

[ 2017-04-15T23:26:40+08:00 ] 127.0.0.1 /webshop/index.php
INFO: [ app_begin ] --START--
INFO: ReadHtmlCache Behavior ::run [ RunTime:0.005306s ]
INFO: [ app_begin ] --END-- [ RunTime:0.005508s ]
INFO: [ view_parse ] --START--
INFO: ParseTemplate Behavior ::run [ RunTime:0.070644s ]
INFO: [ view_parse ] --END-- [ RunTime:0.070853s ]
INFO: [ view_filter ] --START--
INFO: ContentReplace Behavior ::run [ RunTime:0.005641s ]
INFO: TokenBuild Behavior ::run [ RunTime:0.012266s ]
INFO: WriteHtmlCache Behavior ::run [ RunTime:0.004372s ]
INFO: ShowRuntime Behavior ::run [ RunTime:0.003128s ]
INFO: [ view_filter ] --END-- [ RunTime:0.025843s ]
INFO: [ view_end ] --START--
INFO: ShowPageTrace Behavior ::run [ RunTime:0.007905s ]
INFO: [ view_end ] --END-- [ RunTime:0.008056s ]

[ 2017-04-15T23:26:50+08:00 ] 127.0.0.1 /webshop/index.php
INFO: [ app_begin ] --START--
INFO: ReadHtmlCache Behavior ::run [ RunTime:0.001248s ]
INFO: [ app_begin ] --END-- [ RunTime:0.001401s ]
INFO: [ view_parse ] --START--
INFO: ParseTemplate Behavior ::run [ RunTime:0.036108s ]
INFO: [ view_parse ] --END-- [ RunTime:0.036345s ]
INFO: [ view_filter ] --START--
INFO: ContentReplace Behavior ::run [ RunTime:0.003411s ]
INFO: TokenBuild Behavior ::run [ RunTime:0.001708s ]
INFO: WriteHtmlCache Behavior ::run [ RunTime:0.000689s ]
INFO: ShowRuntime Behavior ::run [ RunTime:0.000926s ]
INFO: [ view_filter ] --END-- [ RunTime:0.007192s ]
INFO: [ view_end ] --START--
INFO: ShowPageTrace Behavior ::run [ RunTime:0.001540s ]
INFO: [ view_end ] --END-- [ RunTime:0.001709s ]

[ 2017-04-15T23:27:20+08:00 ] 127.0.0.1 /webshop/index.php
INFO: [ app_begin ] --START--
INFO: ReadHtmlCache Behavior ::run [ RunTime:0.001544s ]
INFO: [ app_begin ] --END-- [ RunTime:0.001713s ]
INFO: [ view_parse ] --START--
INFO: ParseTemplate Behavior ::run [ RunTime:0.034356s ]
INFO: [ view_parse ] --END-- [ RunTime:0.034474s ]
INFO: [ view_filter ] --START--
INFO: ContentReplace Behavior ::run [ RunTime:0.000888s ]
INFO: TokenBuild Behavior ::run [ RunTime:0.001706s ]
INFO: WriteHtmlCache Behavior ::run [ RunTime:0.000678s ]
INFO: ShowRuntime Behavior ::run [ RunTime:0.001119s ]
INFO: [ view_filter ] --END-- [ RunTime:0.004687s ]
INFO: [ view_end ] --START--
INFO: ShowPageTrace Behavior ::run [ RunTime:0.002387s ]
INFO: [ view_end ] --END-- [ RunTime:0.002608s ]

[ 2017-04-15T23:27:32+08:00 ] 127.0.0.1 /webshop/index.php
INFO: [ app_begin ] --START--
INFO: ReadHtmlCache Behavior ::run [ RunTime:0.001647s ]
INFO: [ app_begin ] --END-- [ RunTime:0.001791s ]
INFO: [ view_parse ] --START--
INFO: ParseTemplate Behavior ::run [ RunTime:0.028056s ]
INFO: [ view_parse ] --END-- [ RunTime:0.028188s ]
INFO: [ view_filter ] --START--
INFO: ContentReplace Behavior ::run [ RunTime:0.000952s ]
INFO: TokenBuild Behavior ::run [ RunTime:0.000789s ]
INFO: WriteHtmlCache Behavior ::run [ RunTime:0.000614s ]
INFO: ShowRuntime Behavior ::run [ RunTime:0.000802s ]
INFO: [ view_filter ] --END-- [ RunTime:0.003401s ]
INFO: [ view_end ] --START--
INFO: ShowPageTrace Behavior ::run [ RunTime:0.000992s ]
INFO: [ view_end ] --END-- [ RunTime:0.001080s ]

[ 2017-04-15T23:28:42+08:00 ] 127.0.0.1 /webshop/index.php
INFO: [ app_begin ] --START--
INFO: ReadHtmlCache Behavior ::run [ RunTime:0.003208s ]
INFO: [ app_begin ] --END-- [ RunTime:0.003487s ]
INFO: [ view_parse ] --START--
INFO: ParseTemplate Behavior ::run [ RunTime:0.060653s ]
INFO: [ view_parse ] --END-- [ RunTime:0.060820s ]
INFO: [ view_filter ] --START--
INFO: ContentReplace Behavior ::run [ RunTime:0.005134s ]
INFO: TokenBuild Behavior ::run [ RunTime:0.008272s ]
INFO: WriteHtmlCache Behavior ::run [ RunTime:0.006210s ]
INFO: ShowRuntime Behavior ::run [ RunTime:0.012666s ]
INFO: [ view_filter ] --END-- [ RunTime:0.032938s ]
INFO: [ view_end ] --START--
INFO: ShowPageTrace Behavior ::run [ RunTime:0.005128s ]
INFO: [ view_end ] --END-- [ RunTime:0.005611s ]

[ 2017-04-15T23:29:26+08:00 ] 127.0.0.1 /webshop/index.php
INFO: [ app_begin ] --START--
INFO: ReadHtmlCache Behavior ::run [ RunTime:0.002939s ]
INFO: [ app_begin ] --END-- [ RunTime:0.003058s ]
INFO: [ view_parse ] --START--
INFO: ParseTemplate Behavior ::run [ RunTime:0.041335s ]
INFO: [ view_parse ] --END-- [ RunTime:0.041471s ]
INFO: [ view_filter ] --START--
INFO: ContentReplace Behavior ::run [ RunTime:0.003634s ]
INFO: TokenBuild Behavior ::run [ RunTime:0.007465s ]
INFO: WriteHtmlCache Behavior ::run [ RunTime:0.005155s ]
INFO: ShowRuntime Behavior ::run [ RunTime:0.005453s ]
INFO: [ view_filter ] --END-- [ RunTime:0.022107s ]
INFO: [ view_end ] --START--
INFO: ShowPageTrace Behavior ::run [ RunTime:0.004782s ]
INFO: [ view_end ] --END-- [ RunTime:0.004928s ]

[ 2017-04-15T23:30:30+08:00 ] 127.0.0.1 /webshop/index.php
INFO: [ app_begin ] --START--
INFO: ReadHtmlCache Behavior ::run [ RunTime:0.003468s ]
INFO: [ app_begin ] --END-- [ RunTime:0.003589s ]
INFO: [ view_parse ] --START--
INFO: ParseTemplate Behavior ::run [ RunTime:0.038045s ]
INFO: [ view_parse ] --END-- [ RunTime:0.038173s ]
INFO: [ view_filter ] --START--
INFO: ContentReplace Behavior ::run [ RunTime:0.002941s ]
INFO: TokenBuild Behavior ::run [ RunTime:0.002786s ]
INFO: WriteHtmlCache Behavior ::run [ RunTime:0.002614s ]
INFO: ShowRuntime Behavior ::run [ RunTime:0.002851s ]
INFO: [ view_filter ] --END-- [ RunTime:0.011451s ]
INFO: [ view_end ] --START--
INFO: ShowPageTrace Behavior ::run [ RunTime:0.003120s ]
INFO: [ view_end ] --END-- [ RunTime:0.003225s ]

[ 2017-04-15T23:31:05+08:00 ] 127.0.0.1 /webshop/index.php
INFO: [ app_begin ] --START--
INFO: ReadHtmlCache Behavior ::run [ RunTime:0.004172s ]
INFO: [ app_begin ] --END-- [ RunTime:0.004302s ]
INFO: [ view_parse ] --START--
INFO: ParseTemplate Behavior ::run [ RunTime:0.052900s ]
INFO: [ view_parse ] --END-- [ RunTime:0.053058s ]
INFO: [ view_filter ] --START--
INFO: ContentReplace Behavior ::run [ RunTime:0.006094s ]
INFO: TokenBuild Behavior ::run [ RunTime:0.007717s ]
INFO: WriteHtmlCache Behavior ::run [ RunTime:0.004534s ]
INFO: ShowRuntime Behavior ::run [ RunTime:0.003495s ]
INFO: [ view_filter ] --END-- [ RunTime:0.022526s ]
INFO: [ view_end ] --START--
INFO: ShowPageTrace Behavior ::run [ RunTime:0.005754s ]
INFO: [ view_end ] --END-- [ RunTime:0.005924s ]

[ 2017-04-15T23:32:03+08:00 ] 127.0.0.1 /webshop/index.php
INFO: [ app_begin ] --START--
INFO: ReadHtmlCache Behavior ::run [ RunTime:0.000981s ]
INFO: [ app_begin ] --END-- [ RunTime:0.001091s ]
INFO: [ view_parse ] --START--
INFO: ParseTemplate Behavior ::run [ RunTime:0.031050s ]
INFO: [ view_parse ] --END-- [ RunTime:0.031201s ]
INFO: [ view_filter ] --START--
INFO: ContentReplace Behavior ::run [ RunTime:0.000956s ]
INFO: TokenBuild Behavior ::run [ RunTime:0.000752s ]
INFO: WriteHtmlCache Behavior ::run [ RunTime:0.000732s ]
INFO: ShowRuntime Behavior ::run [ RunTime:0.001340s ]
INFO: [ view_filter ] --END-- [ RunTime:0.004097s ]
INFO: [ view_end ] --START--
INFO: ShowPageTrace Behavior ::run [ RunTime:0.001587s ]
INFO: [ view_end ] --END-- [ RunTime:0.001731s ]

[ 2017-04-15T23:32:51+08:00 ] 127.0.0.1 /webshop/index.php
INFO: [ app_begin ] --START--
INFO: ReadHtmlCache Behavior ::run [ RunTime:0.003421s ]
INFO: [ app_begin ] --END-- [ RunTime:0.003542s ]
INFO: [ view_parse ] --START--
INFO: ParseTemplate Behavior ::run [ RunTime:0.059246s ]
INFO: [ view_parse ] --END-- [ RunTime:0.059412s ]
INFO: [ view_filter ] --START--
INFO: ContentReplace Behavior ::run [ RunTime:0.005348s ]
INFO: TokenBuild Behavior ::run [ RunTime:0.006175s ]
INFO: WriteHtmlCache Behavior ::run [ RunTime:0.004389s ]
INFO: ShowRuntime Behavior ::run [ RunTime:0.004151s ]
INFO: [ view_filter ] --END-- [ RunTime:0.020478s ]
INFO: [ view_end ] --START--
INFO: ShowPageTrace Behavior ::run [ RunTime:0.006172s ]
INFO: [ view_end ] --END-- [ RunTime:0.006366s ]

[ 2017-04-15T23:33:02+08:00 ] 127.0.0.1 /webshop/Public/bootstrap/css/bootstrap.min.css.map
INFO: [ route_check ] --START--
INFO: CheckRoute Behavior ::run [ RunTime:0.003186s ]
INFO: [ route_check ] --END-- [ RunTime:0.003301s ]
INFO: [ app_begin ] --START--
INFO: ReadHtmlCache Behavior ::run [ RunTime:0.002834s ]
INFO: [ app_begin ] --END-- [ RunTime:0.002930s ]
ERR: 无法加载模块:Public

[ 2017-04-15T23:33:14+08:00 ] 127.0.0.1 /webshop/index.php
INFO: [ app_begin ] --START--
INFO: ReadHtmlCache Behavior ::run [ RunTime:0.002951s ]
INFO: [ app_begin ] --END-- [ RunTime:0.003071s ]
INFO: [ view_parse ] --START--
INFO: ParseTemplate Behavior ::run [ RunTime:0.040485s ]
INFO: [ view_parse ] --END-- [ RunTime:0.040613s ]
INFO: [ view_filter ] --START--
INFO: ContentReplace Behavior ::run [ RunTime:0.003020s ]
INFO: TokenBuild Behavior ::run [ RunTime:0.002906s ]
INFO: WriteHtmlCache Behavior ::run [ RunTime:0.002677s ]
INFO: ShowRuntime Behavior ::run [ RunTime:0.002840s ]
INFO: [ view_filter ] --END-- [ RunTime:0.011699s ]
INFO: [ view_end ] --START--
INFO: ShowPageTrace Behavior ::run [ RunTime:0.003099s ]
INFO: [ view_end ] --END-- [ RunTime:0.003206s ]

[ 2017-04-15T23:33:14+08:00 ] 127.0.0.1 /webshop/Public/bootstrap/css/bootstrap.min.css.map
INFO: [ route_check ] --START--
INFO: CheckRoute Behavior ::run [ RunTime:0.006045s ]
INFO: [ route_check ] --END-- [ RunTime:0.006262s ]
INFO: [ app_begin ] --START--
INFO: ReadHtmlCache Behavior ::run [ RunTime:0.001562s ]
INFO: [ app_begin ] --END-- [ RunTime:0.001741s ]
ERR: 无法加载模块:Public

[ 2017-04-15T23:39:16+08:00 ] 127.0.0.1 /webshop/index.php
INFO: [ app_begin ] --START--
INFO: ReadHtmlCache Behavior ::run [ RunTime:0.003419s ]
INFO: [ app_begin ] --END-- [ RunTime:0.003579s ]
SQL: SHOW COLUMNS FROM `broadcast` [ RunTime:0.022820s ]
SQL: SELECT COUNT(*) AS tp_count FROM `broadcast` LIMIT 1   [ RunTime:0.000565s ]
SQL: SELECT * FROM `broadcast`  [ RunTime:0.007443s ]
INFO: [ view_parse ] --START--
NOTIC: [8] Undefined index:  iphoneid E:\www\webshop\Index\Runtime\Cache\f9c22b8b40e560036663a0ce7ed378ae.php 第 218 行.
NOTIC: [8] Undefined index:  iphoneid E:\www\webshop\Index\Runtime\Cache\f9c22b8b40e560036663a0ce7ed378ae.php 第 218 行.
INFO: ParseTemplate Behavior ::run [ RunTime:0.057222s ]
INFO: [ view_parse ] --END-- [ RunTime:0.057371s ]
INFO: [ view_filter ] --START--
INFO: ContentReplace Behavior ::run [ RunTime:0.005878s ]
INFO: TokenBuild Behavior ::run [ RunTime:0.003573s ]
INFO: WriteHtmlCache Behavior ::run [ RunTime:0.004376s ]
INFO: ShowRuntime Behavior ::run [ RunTime:0.002862s ]
INFO: [ view_filter ] --END-- [ RunTime:0.017055s ]
INFO: [ view_end ] --START--
INFO: ShowPageTrace Behavior ::run [ RunTime:0.005026s ]
INFO: [ view_end ] --END-- [ RunTime:0.005160s ]

[ 2017-04-15T23:39:55+08:00 ] 127.0.0.1 /webshop/index.php
INFO: [ app_begin ] --START--
INFO: ReadHtmlCache Behavior ::run [ RunTime:0.000979s ]
INFO: [ app_begin ] --END-- [ RunTime:0.001101s ]
SQL: SHOW COLUMNS FROM `broadcast` [ RunTime:0.027271s ]
SQL: SELECT COUNT(*) AS tp_count FROM `broadcast` LIMIT 1   [ RunTime:0.000415s ]
SQL: SELECT * FROM `broadcast`  [ RunTime:0.000268s ]
INFO: [ view_parse ] --START--
NOTIC: [8] Undefined index:  iphoneid E:\www\webshop\Index\Runtime\Cache\f9c22b8b40e560036663a0ce7ed378ae.php 第 11 行.
NOTIC: [8] Undefined index:  iphoneid E:\www\webshop\Index\Runtime\Cache\f9c22b8b40e560036663a0ce7ed378ae.php 第 11 行.
INFO: ParseTemplate Behavior ::run [ RunTime:0.034858s ]
INFO: [ view_parse ] --END-- [ RunTime:0.034996s ]
INFO: [ view_filter ] --START--
INFO: ContentReplace Behavior ::run [ RunTime:0.001139s ]
INFO: TokenBuild Behavior ::run [ RunTime:0.001908s ]
INFO: WriteHtmlCache Behavior ::run [ RunTime:0.001052s ]
INFO: ShowRuntime Behavior ::run [ RunTime:0.000839s ]
INFO: [ view_filter ] --END-- [ RunTime:0.005228s ]
INFO: [ view_end ] --START--
INFO: ShowPageTrace Behavior ::run [ RunTime:0.001210s ]
INFO: [ view_end ] --END-- [ RunTime:0.001342s ]

[ 2017-04-15T23:40:51+08:00 ] 127.0.0.1 /webshop/index.php
INFO: [ app_begin ] --START--
INFO: ReadHtmlCache Behavior ::run [ RunTime:0.001184s ]
INFO: [ app_begin ] --END-- [ RunTime:0.001351s ]
SQL: SHOW COLUMNS FROM `broadcast` [ RunTime:0.017885s ]
SQL: SELECT COUNT(*) AS tp_count FROM `broadcast` LIMIT 1   [ RunTime:0.000346s ]
SQL: SELECT * FROM `broadcast`  [ RunTime:0.000283s ]
INFO: [ view_parse ] --START--
INFO: ParseTemplate Behavior ::run [ RunTime:0.036577s ]
INFO: [ view_parse ] --END-- [ RunTime:0.036713s ]
INFO: [ view_filter ] --START--
INFO: ContentReplace Behavior ::run [ RunTime:0.001035s ]
INFO: TokenBuild Behavior ::run [ RunTime:0.000881s ]
INFO: WriteHtmlCache Behavior ::run [ RunTime:0.000603s ]
INFO: ShowRuntime Behavior ::run [ RunTime:0.000804s ]
INFO: [ view_filter ] --END-- [ RunTime:0.003571s ]
INFO: [ view_end ] --START--
INFO: ShowPageTrace Behavior ::run [ RunTime:0.001613s ]
INFO: [ view_end ] --END-- [ RunTime:0.001999s ]

[ 2017-04-15T23:46:02+08:00 ] 127.0.0.1 /webshop/index.php
INFO: [ app_begin ] --START--
INFO: ReadHtmlCache Behavior ::run [ RunTime:0.000965s ]
INFO: [ app_begin ] --END-- [ RunTime:0.001088s ]
SQL: SHOW COLUMNS FROM `broadcast` [ RunTime:0.036234s ]
SQL: SELECT COUNT(*) AS tp_count FROM `broadcast` LIMIT 1   [ RunTime:0.000633s ]
SQL: SELECT * FROM `broadcast`  [ RunTime:0.000458s ]
INFO: [ view_parse ] --START--
NOTIC: [2] simplexml_load_string() [<a href='function.simplexml-load-string'>function.simplexml-load-string</a>]: Entity: line 1: parser error : AttValue: &quot; or ' expected E:\www\webshop\ThinkPHP\Lib\Template\TagLib.class.php 第 84 行.
NOTIC: [2] simplexml_load_string() [<a href='function.simplexml-load-string'>function.simplexml-load-string</a>]: &lt;tpl&gt;&lt;tag start=&quot;1&quot; end={$num} /&gt;&lt;/tpl&gt; E:\www\webshop\ThinkPHP\Lib\Template\TagLib.class.php 第 84 行.
NOTIC: [2] simplexml_load_string() [<a href='function.simplexml-load-string'>function.simplexml-load-string</a>]:                         ^ E:\www\webshop\ThinkPHP\Lib\Template\TagLib.class.php 第 84 行.
NOTIC: [2] simplexml_load_string() [<a href='function.simplexml-load-string'>function.simplexml-load-string</a>]: Entity: line 1: parser error : attributes construct error E:\www\webshop\ThinkPHP\Lib\Template\TagLib.class.php 第 84 行.
NOTIC: [2] simplexml_load_string() [<a href='function.simplexml-load-string'>function.simplexml-load-string</a>]: &lt;tpl&gt;&lt;tag start=&quot;1&quot; end={$num} /&gt;&lt;/tpl&gt; E:\www\webshop\ThinkPHP\Lib\Template\TagLib.class.php 第 84 行.
NOTIC: [2] simplexml_load_string() [<a href='function.simplexml-load-string'>function.simplexml-load-string</a>]:                         ^ E:\www\webshop\ThinkPHP\Lib\Template\TagLib.class.php 第 84 行.
NOTIC: [2] simplexml_load_string() [<a href='function.simplexml-load-string'>function.simplexml-load-string</a>]: Entity: line 1: parser error : Couldn't find end of Start Tag tag line 1 E:\www\webshop\ThinkPHP\Lib\Template\TagLib.class.php 第 84 行.
NOTIC: [2] simplexml_load_string() [<a href='function.simplexml-load-string'>function.simplexml-load-string</a>]: &lt;tpl&gt;&lt;tag start=&quot;1&quot; end={$num} /&gt;&lt;/tpl&gt; E:\www\webshop\ThinkPHP\Lib\Template\TagLib.class.php 第 84 行.
NOTIC: [2] simplexml_load_string() [<a href='function.simplexml-load-string'>function.simplexml-load-string</a>]:                         ^ E:\www\webshop\ThinkPHP\Lib\Template\TagLib.class.php 第 84 行.
ERR: XML标签语法错误 : start="1" end={$num}

[ 2017-04-15T23:46:19+08:00 ] 127.0.0.1 /webshop/index.php
INFO: [ app_begin ] --START--
INFO: ReadHtmlCache Behavior ::run [ RunTime:0.001051s ]
INFO: [ app_begin ] --END-- [ RunTime:0.001167s ]
SQL: SHOW COLUMNS FROM `broadcast` [ RunTime:0.021120s ]
SQL: SELECT COUNT(*) AS tp_count FROM `broadcast` LIMIT 1   [ RunTime:0.037411s ]
SQL: SELECT * FROM `broadcast`  [ RunTime:0.000419s ]
INFO: [ view_parse ] --START--

[ 2017-04-15T23:46:40+08:00 ] 127.0.0.1 /webshop/index.php
INFO: [ app_begin ] --START--
INFO: ReadHtmlCache Behavior ::run [ RunTime:0.002946s ]
INFO: [ app_begin ] --END-- [ RunTime:0.003068s ]
SQL: SHOW COLUMNS FROM `broadcast` [ RunTime:0.020437s ]
SQL: SELECT COUNT(*) AS tp_count FROM `broadcast` LIMIT 1   [ RunTime:0.000309s ]
SQL: SELECT * FROM `broadcast`  [ RunTime:0.000269s ]
INFO: [ view_parse ] --START--

[ 2017-04-15T23:46:50+08:00 ] 127.0.0.1 /webshop/index.php
INFO: [ app_begin ] --START--
INFO: ReadHtmlCache Behavior ::run [ RunTime:0.000937s ]
INFO: [ app_begin ] --END-- [ RunTime:0.001053s ]
SQL: SHOW COLUMNS FROM `broadcast` [ RunTime:0.018652s ]
SQL: SELECT COUNT(*) AS tp_count FROM `broadcast` LIMIT 1   [ RunTime:0.000324s ]
SQL: SELECT * FROM `broadcast`  [ RunTime:0.000295s ]
INFO: [ view_parse ] --START--
INFO: ParseTemplate Behavior ::run [ RunTime:0.036814s ]
INFO: [ view_parse ] --END-- [ RunTime:0.036965s ]
INFO: [ view_filter ] --START--
INFO: ContentReplace Behavior ::run [ RunTime:0.005335s ]
INFO: TokenBuild Behavior ::run [ RunTime:0.006082s ]
INFO: WriteHtmlCache Behavior ::run [ RunTime:0.004684s ]
INFO: ShowRuntime Behavior ::run [ RunTime:0.004795s ]
INFO: [ view_filter ] --END-- [ RunTime:0.021545s ]
INFO: [ view_end ] --START--
INFO: ShowPageTrace Behavior ::run [ RunTime:0.006475s ]
INFO: [ view_end ] --END-- [ RunTime:0.006674s ]

[ 2017-04-15T23:47:39+08:00 ] 127.0.0.1 /webshop/index.php
INFO: [ app_begin ] --START--
INFO: ReadHtmlCache Behavior ::run [ RunTime:0.004834s ]
INFO: [ app_begin ] --END-- [ RunTime:0.005027s ]
SQL: SHOW COLUMNS FROM `broadcast` [ RunTime:0.025712s ]
SQL: SELECT COUNT(*) AS tp_count FROM `broadcast` LIMIT 1   [ RunTime:0.000498s ]
SQL: SELECT * FROM `broadcast`  [ RunTime:0.000418s ]
INFO: [ view_parse ] --START--

[ 2017-04-15T23:49:15+08:00 ] 127.0.0.1 /webshop/index.php
INFO: [ app_begin ] --START--
INFO: ReadHtmlCache Behavior ::run [ RunTime:0.003134s ]
INFO: [ app_begin ] --END-- [ RunTime:0.003263s ]
SQL: SHOW COLUMNS FROM `broadcast` [ RunTime:0.029512s ]
SQL: SELECT COUNT(*) AS tp_count FROM `broadcast` LIMIT 1   [ RunTime:0.002278s ]
SQL: SELECT * FROM `broadcast`  [ RunTime:0.000554s ]
INFO: [ view_parse ] --START--

[ 2017-04-15T23:49:42+08:00 ] 127.0.0.1 /webshop/index.php
INFO: [ app_begin ] --START--
INFO: ReadHtmlCache Behavior ::run [ RunTime:0.000917s ]
INFO: [ app_begin ] --END-- [ RunTime:0.001022s ]
SQL: SHOW COLUMNS FROM `broadcast` [ RunTime:0.041423s ]
SQL: SELECT COUNT(*) AS tp_count FROM `broadcast` LIMIT 1   [ RunTime:0.000374s ]
SQL: SELECT * FROM `broadcast`  [ RunTime:0.000310s ]
INFO: [ view_parse ] --START--

[ 2017-04-15T23:49:59+08:00 ] 127.0.0.1 /webshop/index.php
INFO: [ app_begin ] --START--
INFO: ReadHtmlCache Behavior ::run [ RunTime:0.006773s ]
INFO: [ app_begin ] --END-- [ RunTime:0.007074s ]
SQL: SHOW COLUMNS FROM `broadcast` [ RunTime:0.020706s ]
SQL: SELECT COUNT(*) AS tp_count FROM `broadcast` LIMIT 1   [ RunTime:0.000432s ]
SQL: SELECT * FROM `broadcast`  [ RunTime:0.000357s ]
INFO: [ view_parse ] --START--

[ 2017-04-15T23:50:15+08:00 ] 127.0.0.1 /webshop/index.php
INFO: [ app_begin ] --START--
INFO: ReadHtmlCache Behavior ::run [ RunTime:0.001028s ]
INFO: [ app_begin ] --END-- [ RunTime:0.001150s ]
SQL: SHOW COLUMNS FROM `broadcast` [ RunTime:0.015813s ]
SQL: SELECT COUNT(*) AS tp_count FROM `broadcast` LIMIT 1   [ RunTime:0.000288s ]
SQL: SELECT * FROM `broadcast`  [ RunTime:0.000226s ]
INFO: [ view_parse ] --START--
INFO: ParseTemplate Behavior ::run [ RunTime:0.033593s ]
INFO: [ view_parse ] --END-- [ RunTime:0.033704s ]
INFO: [ view_filter ] --START--
INFO: ContentReplace Behavior ::run [ RunTime:0.004301s ]
INFO: TokenBuild Behavior ::run [ RunTime:0.003246s ]
INFO: WriteHtmlCache Behavior ::run [ RunTime:0.002591s ]
INFO: ShowRuntime Behavior ::run [ RunTime:0.002999s ]
INFO: [ view_filter ] --END-- [ RunTime:0.013447s ]
INFO: [ view_end ] --START--
INFO: ShowPageTrace Behavior ::run [ RunTime:0.007966s ]
INFO: [ view_end ] --END-- [ RunTime:0.008272s ]

[ 2017-04-15T23:50:28+08:00 ] 127.0.0.1 /webshop/index.php
INFO: [ app_begin ] --START--
INFO: ReadHtmlCache Behavior ::run [ RunTime:0.004504s ]
INFO: [ app_begin ] --END-- [ RunTime:0.004669s ]
SQL: SHOW COLUMNS FROM `broadcast` [ RunTime:0.018066s ]
SQL: SELECT COUNT(*) AS tp_count FROM `broadcast` LIMIT 1   [ RunTime:0.000331s ]
SQL: SELECT * FROM `broadcast`  [ RunTime:0.000368s ]
INFO: [ view_parse ] --START--
INFO: ParseTemplate Behavior ::run [ RunTime:0.044465s ]
INFO: [ view_parse ] --END-- [ RunTime:0.044621s ]
INFO: [ view_filter ] --START--
INFO: ContentReplace Behavior ::run [ RunTime:0.004652s ]
INFO: TokenBuild Behavior ::run [ RunTime:0.002961s ]
INFO: WriteHtmlCache Behavior ::run [ RunTime:0.002898s ]
INFO: ShowRuntime Behavior ::run [ RunTime:0.003211s ]
INFO: [ view_filter ] --END-- [ RunTime:0.014041s ]
INFO: [ view_end ] --START--
INFO: ShowPageTrace Behavior ::run [ RunTime:0.006520s ]
INFO: [ view_end ] --END-- [ RunTime:0.006665s ]

[ 2017-04-15T23:50:42+08:00 ] 127.0.0.1 /webshop/index.php
INFO: [ app_begin ] --START--
INFO: ReadHtmlCache Behavior ::run [ RunTime:0.001471s ]
INFO: [ app_begin ] --END-- [ RunTime:0.001638s ]
SQL: SHOW COLUMNS FROM `broadcast` [ RunTime:0.017290s ]
SQL: SELECT COUNT(*) AS tp_count FROM `broadcast` LIMIT 1   [ RunTime:0.000428s ]
SQL: SELECT * FROM `broadcast`  [ RunTime:0.000410s ]
INFO: [ view_parse ] --START--

[ 2017-04-15T23:52:01+08:00 ] 127.0.0.1 /webshop/index.php
INFO: [ app_begin ] --START--
INFO: ReadHtmlCache Behavior ::run [ RunTime:0.003108s ]
INFO: [ app_begin ] --END-- [ RunTime:0.003252s ]
SQL: SHOW COLUMNS FROM `broadcast` [ RunTime:0.014907s ]
SQL: SELECT COUNT(*) AS tp_count FROM `broadcast` LIMIT 1   [ RunTime:0.000331s ]
SQL: SELECT * FROM `broadcast`  [ RunTime:0.000275s ]
INFO: [ view_parse ] --START--

[ 2017-04-15T23:52:14+08:00 ] 127.0.0.1 /webshop/index.php
INFO: [ app_begin ] --START--
INFO: ReadHtmlCache Behavior ::run [ RunTime:0.000912s ]
INFO: [ app_begin ] --END-- [ RunTime:0.001019s ]
SQL: SHOW COLUMNS FROM `broadcast` [ RunTime:0.016898s ]
SQL: SELECT COUNT(*) AS tp_count FROM `broadcast` LIMIT 1   [ RunTime:0.001330s ]
SQL: SELECT * FROM `broadcast`  [ RunTime:0.000631s ]
INFO: [ view_parse ] --START--

[ 2017-04-15T23:52:15+08:00 ] 127.0.0.1 /webshop/index.php
INFO: [ app_begin ] --START--
INFO: ReadHtmlCache Behavior ::run [ RunTime:0.003068s ]
INFO: [ app_begin ] --END-- [ RunTime:0.003203s ]
SQL: SHOW COLUMNS FROM `broadcast` [ RunTime:0.016385s ]
SQL: SELECT COUNT(*) AS tp_count FROM `broadcast` LIMIT 1   [ RunTime:0.000656s ]
SQL: SELECT * FROM `broadcast`  [ RunTime:0.000318s ]
INFO: [ view_parse ] --START--

[ 2017-04-15T23:52:38+08:00 ] 127.0.0.1 /webshop/index.php
INFO: [ app_begin ] --START--
INFO: ReadHtmlCache Behavior ::run [ RunTime:0.003574s ]
INFO: [ app_begin ] --END-- [ RunTime:0.003741s ]
SQL: SHOW COLUMNS FROM `broadcast` [ RunTime:0.041295s ]
SQL: SELECT COUNT(*) AS tp_count FROM `broadcast` LIMIT 1   [ RunTime:0.000426s ]
SQL: SELECT * FROM `broadcast`  [ RunTime:0.000334s ]
INFO: [ view_parse ] --START--
INFO: ParseTemplate Behavior ::run [ RunTime:0.057882s ]
INFO: [ view_parse ] --END-- [ RunTime:0.058021s ]
INFO: [ view_filter ] --START--
INFO: ContentReplace Behavior ::run [ RunTime:0.006447s ]
INFO: TokenBuild Behavior ::run [ RunTime:0.003901s ]
INFO: WriteHtmlCache Behavior ::run [ RunTime:0.004118s ]
INFO: ShowRuntime Behavior ::run [ RunTime:0.002847s ]
INFO: [ view_filter ] --END-- [ RunTime:0.017667s ]
INFO: [ view_end ] --START--
INFO: ShowPageTrace Behavior ::run [ RunTime:0.004815s ]
INFO: [ view_end ] --END-- [ RunTime:0.004974s ]

[ 2017-04-15T23:52:50+08:00 ] 127.0.0.1 /webshop/index.php
INFO: [ app_begin ] --START--
INFO: ReadHtmlCache Behavior ::run [ RunTime:0.001455s ]
INFO: [ app_begin ] --END-- [ RunTime:0.001629s ]
SQL: SHOW COLUMNS FROM `broadcast` [ RunTime:0.024656s ]
SQL: SELECT COUNT(*) AS tp_count FROM `broadcast` LIMIT 1   [ RunTime:0.000348s ]
SQL: SELECT * FROM `broadcast`  [ RunTime:0.000357s ]
INFO: [ view_parse ] --START--
INFO: ParseTemplate Behavior ::run [ RunTime:0.048849s ]
INFO: [ view_parse ] --END-- [ RunTime:0.049008s ]
INFO: [ view_filter ] --START--
INFO: ContentReplace Behavior ::run [ RunTime:0.005524s ]
INFO: TokenBuild Behavior ::run [ RunTime:0.004588s ]
INFO: WriteHtmlCache Behavior ::run [ RunTime:0.004354s ]
INFO: ShowRuntime Behavior ::run [ RunTime:0.006779s ]
INFO: [ view_filter ] --END-- [ RunTime:0.021713s ]
INFO: [ view_end ] --START--
INFO: ShowPageTrace Behavior ::run [ RunTime:0.004827s ]
INFO: [ view_end ] --END-- [ RunTime:0.004974s ]

[ 2017-04-15T23:54:22+08:00 ] 127.0.0.1 /webshop/index.php
INFO: [ app_begin ] --START--
INFO: ReadHtmlCache Behavior ::run [ RunTime:0.002973s ]
INFO: [ app_begin ] --END-- [ RunTime:0.003128s ]
SQL: SHOW COLUMNS FROM `broadcast` [ RunTime:0.017734s ]
SQL: SELECT COUNT(*) AS tp_count FROM `broadcast` LIMIT 1   [ RunTime:0.000346s ]
SQL: SELECT * FROM `broadcast`  [ RunTime:0.000312s ]
INFO: [ view_parse ] --START--
NOTIC: [2] simplexml_load_string() [<a href='function.simplexml-load-string'>function.simplexml-load-string</a>]: Entity: line 1: parser error : AttValue: &quot; or ' expected E:\www\webshop\ThinkPHP\Lib\Template\TagLib.class.php 第 84 行.
NOTIC: [2] simplexml_load_string() [<a href='function.simplexml-load-string'>function.simplexml-load-string</a>]: &lt;tpl&gt;&lt;tag start=&quot;1&quot; end={$num} /&gt;&lt;/tpl&gt; E:\www\webshop\ThinkPHP\Lib\Template\TagLib.class.php 第 84 行.
NOTIC: [2] simplexml_load_string() [<a href='function.simplexml-load-string'>function.simplexml-load-string</a>]:                         ^ E:\www\webshop\ThinkPHP\Lib\Template\TagLib.class.php 第 84 行.
NOTIC: [2] simplexml_load_string() [<a href='function.simplexml-load-string'>function.simplexml-load-string</a>]: Entity: line 1: parser error : attributes construct error E:\www\webshop\ThinkPHP\Lib\Template\TagLib.class.php 第 84 行.
NOTIC: [2] simplexml_load_string() [<a href='function.simplexml-load-string'>function.simplexml-load-string</a>]: &lt;tpl&gt;&lt;tag start=&quot;1&quot; end={$num} /&gt;&lt;/tpl&gt; E:\www\webshop\ThinkPHP\Lib\Template\TagLib.class.php 第 84 行.
NOTIC: [2] simplexml_load_string() [<a href='function.simplexml-load-string'>function.simplexml-load-string</a>]:                         ^ E:\www\webshop\ThinkPHP\Lib\Template\TagLib.class.php 第 84 行.
NOTIC: [2] simplexml_load_string() [<a href='function.simplexml-load-string'>function.simplexml-load-string</a>]: Entity: line 1: parser error : Couldn't find end of Start Tag tag line 1 E:\www\webshop\ThinkPHP\Lib\Template\TagLib.class.php 第 84 行.
NOTIC: [2] simplexml_load_string() [<a href='function.simplexml-load-string'>function.simplexml-load-string</a>]: &lt;tpl&gt;&lt;tag start=&quot;1&quot; end={$num} /&gt;&lt;/tpl&gt; E:\www\webshop\ThinkPHP\Lib\Template\TagLib.class.php 第 84 行.
NOTIC: [2] simplexml_load_string() [<a href='function.simplexml-load-string'>function.simplexml-load-string</a>]:                         ^ E:\www\webshop\ThinkPHP\Lib\Template\TagLib.class.php 第 84 行.
ERR: XML标签语法错误 : start="1" end={$num}

[ 2017-04-15T23:55:55+08:00 ] 127.0.0.1 /webshop/index.php
INFO: [ app_begin ] --START--
INFO: ReadHtmlCache Behavior ::run [ RunTime:0.001133s ]
INFO: [ app_begin ] --END-- [ RunTime:0.001254s ]
SQL: SHOW COLUMNS FROM `broadcast` [ RunTime:0.015080s ]
SQL: SELECT COUNT(*) AS tp_count FROM `broadcast` LIMIT 1   [ RunTime:0.000326s ]
SQL: SELECT * FROM `broadcast`  [ RunTime:0.000281s ]
INFO: [ view_parse ] --START--
INFO: ParseTemplate Behavior ::run [ RunTime:0.031205s ]
INFO: [ view_parse ] --END-- [ RunTime:0.031334s ]
INFO: [ view_filter ] --START--
INFO: ContentReplace Behavior ::run [ RunTime:0.002867s ]
INFO: TokenBuild Behavior ::run [ RunTime:0.002721s ]
INFO: WriteHtmlCache Behavior ::run [ RunTime:0.002694s ]
INFO: ShowRuntime Behavior ::run [ RunTime:0.002793s ]
INFO: [ view_filter ] --END-- [ RunTime:0.011348s ]
INFO: [ view_end ] --START--
INFO: ShowPageTrace Behavior ::run [ RunTime:0.003055s ]
INFO: [ view_end ] --END-- [ RunTime:0.003157s ]

[ 2017-04-15T23:56:18+08:00 ] 127.0.0.1 /webshop/index.php
INFO: [ app_begin ] --START--
INFO: ReadHtmlCache Behavior ::run [ RunTime:0.004415s ]
INFO: [ app_begin ] --END-- [ RunTime:0.004595s ]
SQL: SHOW COLUMNS FROM `broadcast` [ RunTime:0.016136s ]
SQL: SELECT COUNT(*) AS tp_count FROM `broadcast` LIMIT 1   [ RunTime:0.000352s ]
SQL: SELECT * FROM `broadcast`  [ RunTime:0.000291s ]
INFO: [ view_parse ] --START--
NOTIC: [2] simplexml_load_string() [<a href='function.simplexml-load-string'>function.simplexml-load-string</a>]: Entity: line 1: parser error : AttValue: &quot; or ' expected E:\www\webshop\ThinkPHP\Lib\Template\TagLib.class.php 第 84 行.
NOTIC: [2] simplexml_load_string() [<a href='function.simplexml-load-string'>function.simplexml-load-string</a>]: &lt;tpl&gt;&lt;tag start=&quot;1&quot; end={$num} /&gt;&lt;/tpl&gt; E:\www\webshop\ThinkPHP\Lib\Template\TagLib.class.php 第 84 行.
NOTIC: [2] simplexml_load_string() [<a href='function.simplexml-load-string'>function.simplexml-load-string</a>]:                         ^ E:\www\webshop\ThinkPHP\Lib\Template\TagLib.class.php 第 84 行.
NOTIC: [2] simplexml_load_string() [<a href='function.simplexml-load-string'>function.simplexml-load-string</a>]: Entity: line 1: parser error : attributes construct error E:\www\webshop\ThinkPHP\Lib\Template\TagLib.class.php 第 84 行.
NOTIC: [2] simplexml_load_string() [<a href='function.simplexml-load-string'>function.simplexml-load-string</a>]: &lt;tpl&gt;&lt;tag start=&quot;1&quot; end={$num} /&gt;&lt;/tpl&gt; E:\www\webshop\ThinkPHP\Lib\Template\TagLib.class.php 第 84 行.
NOTIC: [2] simplexml_load_string() [<a href='function.simplexml-load-string'>function.simplexml-load-string</a>]:                         ^ E:\www\webshop\ThinkPHP\Lib\Template\TagLib.class.php 第 84 行.
NOTIC: [2] simplexml_load_string() [<a href='function.simplexml-load-string'>function.simplexml-load-string</a>]: Entity: line 1: parser error : Couldn't find end of Start Tag tag line 1 E:\www\webshop\ThinkPHP\Lib\Template\TagLib.class.php 第 84 行.
NOTIC: [2] simplexml_load_string() [<a href='function.simplexml-load-string'>function.simplexml-load-string</a>]: &lt;tpl&gt;&lt;tag start=&quot;1&quot; end={$num} /&gt;&lt;/tpl&gt; E:\www\webshop\ThinkPHP\Lib\Template\TagLib.class.php 第 84 行.
NOTIC: [2] simplexml_load_string() [<a href='function.simplexml-load-string'>function.simplexml-load-string</a>]:                         ^ E:\www\webshop\ThinkPHP\Lib\Template\TagLib.class.php 第 84 行.
ERR: XML标签语法错误 : start="1" end={$num}

[ 2017-04-15T23:56:40+08:00 ] 127.0.0.1 /webshop/index.php
INFO: [ app_begin ] --START--
INFO: ReadHtmlCache Behavior ::run [ RunTime:0.000922s ]
INFO: [ app_begin ] --END-- [ RunTime:0.001028s ]
SQL: SHOW COLUMNS FROM `broadcast` [ RunTime:0.017474s ]
SQL: SELECT COUNT(*) AS tp_count FROM `broadcast` LIMIT 1   [ RunTime:0.000511s ]
SQL: SELECT * FROM `broadcast`  [ RunTime:0.000456s ]
INFO: [ view_parse ] --START--
INFO: ParseTemplate Behavior ::run [ RunTime:0.032809s ]
INFO: [ view_parse ] --END-- [ RunTime:0.032989s ]
INFO: [ view_filter ] --START--
INFO: ContentReplace Behavior ::run [ RunTime:0.004078s ]
INFO: TokenBuild Behavior ::run [ RunTime:0.004231s ]
INFO: WriteHtmlCache Behavior ::run [ RunTime:0.003383s ]
INFO: ShowRuntime Behavior ::run [ RunTime:0.003403s ]
INFO: [ view_filter ] --END-- [ RunTime:0.015469s ]
INFO: [ view_end ] --START--
INFO: ShowPageTrace Behavior ::run [ RunTime:0.008361s ]
INFO: [ view_end ] --END-- [ RunTime:0.008533s ]

[ 2017-04-15T23:58:31+08:00 ] 127.0.0.1 /webshop/index.php
INFO: [ app_begin ] --START--
INFO: ReadHtmlCache Behavior ::run [ RunTime:0.002921s ]
INFO: [ app_begin ] --END-- [ RunTime:0.003064s ]
SQL: SHOW COLUMNS FROM `broadcast` [ RunTime:0.016306s ]
SQL: SELECT COUNT(*) AS tp_count FROM `broadcast` LIMIT 1   [ RunTime:0.000662s ]
SQL: SELECT * FROM `broadcast`  [ RunTime:0.000893s ]
INFO: [ view_parse ] --START--

[ 2017-04-15T23:59:20+08:00 ] 127.0.0.1 /webshop/index.php
INFO: [ app_begin ] --START--
INFO: ReadHtmlCache Behavior ::run [ RunTime:0.003220s ]
INFO: [ app_begin ] --END-- [ RunTime:0.003358s ]
SQL: SHOW COLUMNS FROM `broadcast` [ RunTime:0.016930s ]
SQL: SELECT COUNT(*) AS tp_count FROM `broadcast` LIMIT 1   [ RunTime:0.000391s ]
SQL: SELECT * FROM `broadcast`  [ RunTime:0.000336s ]
INFO: [ view_parse ] --START--

[ 2017-04-15T23:59:42+08:00 ] 127.0.0.1 /webshop/index.php
INFO: [ app_begin ] --START--
INFO: ReadHtmlCache Behavior ::run [ RunTime:0.000966s ]
INFO: [ app_begin ] --END-- [ RunTime:0.001085s ]
SQL: SHOW COLUMNS FROM `broadcast` [ RunTime:0.021513s ]
SQL: SELECT COUNT(*) AS tp_count FROM `broadcast` LIMIT 1   [ RunTime:0.000838s ]
SQL: SELECT * FROM `broadcast`  [ RunTime:0.000410s ]
INFO: [ view_parse ] --START--
INFO: ParseTemplate Behavior ::run [ RunTime:0.029938s ]
INFO: [ view_parse ] --END-- [ RunTime:0.030063s ]
INFO: [ view_filter ] --START--
INFO: ContentReplace Behavior ::run [ RunTime:0.004371s ]
INFO: TokenBuild Behavior ::run [ RunTime:0.002983s ]
INFO: WriteHtmlCache Behavior ::run [ RunTime:0.003006s ]
INFO: ShowRuntime Behavior ::run [ RunTime:0.002826s ]
INFO: [ view_filter ] --END-- [ RunTime:0.013485s ]
INFO: [ view_end ] --START--
INFO: ShowPageTrace Behavior ::run [ RunTime:0.003084s ]
INFO: [ view_end ] --END-- [ RunTime:0.003190s ]

