[ 2017-03-06T23:44:01+08:00 ] 127.0.0.1 /webshop/index.php
INFO: [ app_begin ] --START--
INFO: ReadHtmlCache Behavior ::run [ RunTime:0.003020s ]
INFO: [ app_begin ] --END-- [ RunTime:0.003146s ]
INFO: [ view_parse ] --START--
INFO: ParseTemplate Behavior ::run [ RunTime:0.025434s ]
INFO: [ view_parse ] --END-- [ RunTime:0.025548s ]
INFO: [ view_filter ] --START--
INFO: ContentReplace Behavior ::run [ RunTime:0.002681s ]
INFO: TokenBuild Behavior ::run [ RunTime:0.002683s ]
INFO: WriteHtmlCache Behavior ::run [ RunTime:0.002530s ]
INFO: ShowRuntime Behavior ::run [ RunTime:0.002774s ]
INFO: [ view_filter ] --END-- [ RunTime:0.010908s ]
INFO: [ view_end ] --START--
INFO: ShowPageTrace Behavior ::run [ RunTime:0.002927s ]
INFO: [ view_end ] --END-- [ RunTime:0.003004s ]

[ 2017-03-06T23:44:23+08:00 ] 127.0.0.1 /webshop/index.php
INFO: [ app_begin ] --START--
INFO: ReadHtmlCache Behavior ::run [ RunTime:0.003038s ]
INFO: [ app_begin ] --END-- [ RunTime:0.003189s ]
INFO: [ view_parse ] --START--
INFO: ParseTemplate Behavior ::run [ RunTime:0.027101s ]
INFO: [ view_parse ] --END-- [ RunTime:0.027282s ]
INFO: [ view_filter ] --START--
INFO: ContentReplace Behavior ::run [ RunTime:0.003489s ]
INFO: TokenBuild Behavior ::run [ RunTime:0.003107s ]
INFO: WriteHtmlCache Behavior ::run [ RunTime:0.003144s ]
INFO: ShowRuntime Behavior ::run [ RunTime:0.003229s ]
INFO: [ view_filter ] --END-- [ RunTime:0.013313s ]
INFO: [ view_end ] --START--
INFO: ShowPageTrace Behavior ::run [ RunTime:0.003586s ]
INFO: [ view_end ] --END-- [ RunTime:0.003762s ]

[ 2017-03-06T23:45:55+08:00 ] 127.0.0.1 /webshop/index.php
INFO: [ app_begin ] --START--
INFO: ReadHtmlCache Behavior ::run [ RunTime:0.003001s ]
INFO: [ app_begin ] --END-- [ RunTime:0.003124s ]
INFO: [ view_parse ] --START--
INFO: ParseTemplate Behavior ::run [ RunTime:0.026846s ]
INFO: [ view_parse ] --END-- [ RunTime:0.026965s ]
INFO: [ view_filter ] --START--
INFO: ContentReplace Behavior ::run [ RunTime:0.002813s ]
INFO: TokenBuild Behavior ::run [ RunTime:0.013430s ]
INFO: WriteHtmlCache Behavior ::run [ RunTime:0.002716s ]
INFO: ShowRuntime Behavior ::run [ RunTime:0.002744s ]
INFO: [ view_filter ] --END-- [ RunTime:0.021963s ]
INFO: [ view_end ] --START--
INFO: ShowPageTrace Behavior ::run [ RunTime:0.003047s ]
INFO: [ view_end ] --END-- [ RunTime:0.003127s ]

[ 2017-03-06T23:46:05+08:00 ] 127.0.0.1 /webshop/index.php
INFO: [ app_begin ] --START--
INFO: ReadHtmlCache Behavior ::run [ RunTime:0.002972s ]
INFO: [ app_begin ] --END-- [ RunTime:0.003100s ]
INFO: [ view_parse ] --START--
INFO: ParseTemplate Behavior ::run [ RunTime:0.266437s ]
INFO: [ view_parse ] --END-- [ RunTime:0.266600s ]
INFO: [ view_filter ] --START--
INFO: ContentReplace Behavior ::run [ RunTime:0.006658s ]
INFO: TokenBuild Behavior ::run [ RunTime:0.004094s ]
INFO: WriteHtmlCache Behavior ::run [ RunTime:0.004335s ]
INFO: ShowRuntime Behavior ::run [ RunTime:0.004142s ]
INFO: [ view_filter ] --END-- [ RunTime:0.019654s ]
INFO: [ view_end ] --START--
INFO: ShowPageTrace Behavior ::run [ RunTime:0.004803s ]
INFO: [ view_end ] --END-- [ RunTime:0.004951s ]

[ 2017-03-06T23:47:53+08:00 ] 127.0.0.1 /webshop/index.php
INFO: [ app_begin ] --START--
INFO: ReadHtmlCache Behavior ::run [ RunTime:0.003056s ]
INFO: [ app_begin ] --END-- [ RunTime:0.003279s ]
INFO: [ view_parse ] --START--
INFO: ParseTemplate Behavior ::run [ RunTime:0.051367s ]
INFO: [ view_parse ] --END-- [ RunTime:0.051487s ]
INFO: [ view_filter ] --START--
INFO: ContentReplace Behavior ::run [ RunTime:0.003132s ]
INFO: TokenBuild Behavior ::run [ RunTime:0.003117s ]
INFO: WriteHtmlCache Behavior ::run [ RunTime:0.002680s ]
INFO: ShowRuntime Behavior ::run [ RunTime:0.002975s ]
INFO: [ view_filter ] --END-- [ RunTime:0.012150s ]
INFO: [ view_end ] --START--
INFO: ShowPageTrace Behavior ::run [ RunTime:0.004239s ]
INFO: [ view_end ] --END-- [ RunTime:0.004340s ]

[ 2017-03-06T23:48:26+08:00 ] 127.0.0.1 /webshop/index.php
INFO: [ app_begin ] --START--
INFO: ReadHtmlCache Behavior ::run [ RunTime:0.003336s ]
INFO: [ app_begin ] --END-- [ RunTime:0.003453s ]
INFO: [ view_parse ] --START--
INFO: ParseTemplate Behavior ::run [ RunTime:0.031263s ]
INFO: [ view_parse ] --END-- [ RunTime:0.031541s ]
INFO: [ view_filter ] --START--
INFO: ContentReplace Behavior ::run [ RunTime:0.002973s ]
INFO: TokenBuild Behavior ::run [ RunTime:0.003935s ]
INFO: WriteHtmlCache Behavior ::run [ RunTime:0.002862s ]
INFO: ShowRuntime Behavior ::run [ RunTime:0.002809s ]
INFO: [ view_filter ] --END-- [ RunTime:0.012859s ]
INFO: [ view_end ] --START--
INFO: ShowPageTrace Behavior ::run [ RunTime:0.002991s ]
INFO: [ view_end ] --END-- [ RunTime:0.003073s ]

[ 2017-03-06T23:48:27+08:00 ] 127.0.0.1 /webshop/index.php
INFO: [ app_begin ] --START--
INFO: ReadHtmlCache Behavior ::run [ RunTime:0.001060s ]
INFO: [ app_begin ] --END-- [ RunTime:0.001185s ]
INFO: [ view_parse ] --START--
INFO: ParseTemplate Behavior ::run [ RunTime:0.018461s ]
INFO: [ view_parse ] --END-- [ RunTime:0.018592s ]
INFO: [ view_filter ] --START--
INFO: ContentReplace Behavior ::run [ RunTime:0.000744s ]
INFO: TokenBuild Behavior ::run [ RunTime:0.000713s ]
INFO: WriteHtmlCache Behavior ::run [ RunTime:0.000573s ]
INFO: ShowRuntime Behavior ::run [ RunTime:0.000783s ]
INFO: [ view_filter ] --END-- [ RunTime:0.003033s ]
INFO: [ view_end ] --START--
INFO: ShowPageTrace Behavior ::run [ RunTime:0.000934s ]
INFO: [ view_end ] --END-- [ RunTime:0.001009s ]

[ 2017-03-06T23:48:47+08:00 ] 127.0.0.1 /webshop/index.php
INFO: [ app_begin ] --START--
INFO: ReadHtmlCache Behavior ::run [ RunTime:0.001008s ]
INFO: [ app_begin ] --END-- [ RunTime:0.001135s ]
INFO: [ view_parse ] --START--
INFO: ParseTemplate Behavior ::run [ RunTime:0.017356s ]
INFO: [ view_parse ] --END-- [ RunTime:0.017478s ]
INFO: [ view_filter ] --START--
INFO: ContentReplace Behavior ::run [ RunTime:0.000724s ]
INFO: TokenBuild Behavior ::run [ RunTime:0.000711s ]
INFO: WriteHtmlCache Behavior ::run [ RunTime:0.000645s ]
INFO: ShowRuntime Behavior ::run [ RunTime:0.000803s ]
INFO: [ view_filter ] --END-- [ RunTime:0.003105s ]
INFO: [ view_end ] --START--
INFO: ShowPageTrace Behavior ::run [ RunTime:0.001039s ]
INFO: [ view_end ] --END-- [ RunTime:0.001151s ]

[ 2017-03-06T23:48:50+08:00 ] 127.0.0.1 /webshop/index.php
INFO: [ app_begin ] --START--
INFO: ReadHtmlCache Behavior ::run [ RunTime:0.001113s ]
INFO: [ app_begin ] --END-- [ RunTime:0.001226s ]
INFO: [ view_parse ] --START--
INFO: ParseTemplate Behavior ::run [ RunTime:0.016344s ]
INFO: [ view_parse ] --END-- [ RunTime:0.016484s ]
INFO: [ view_filter ] --START--
INFO: ContentReplace Behavior ::run [ RunTime:0.000803s ]
INFO: TokenBuild Behavior ::run [ RunTime:0.000807s ]
INFO: WriteHtmlCache Behavior ::run [ RunTime:0.000592s ]
INFO: ShowRuntime Behavior ::run [ RunTime:0.000788s ]
INFO: [ view_filter ] --END-- [ RunTime:0.003233s ]
INFO: [ view_end ] --START--
INFO: ShowPageTrace Behavior ::run [ RunTime:0.001079s ]
INFO: [ view_end ] --END-- [ RunTime:0.001162s ]

[ 2017-03-06T23:48:51+08:00 ] 127.0.0.1 /webshop/index.php
INFO: [ app_begin ] --START--
INFO: ReadHtmlCache Behavior ::run [ RunTime:0.000891s ]
INFO: [ app_begin ] --END-- [ RunTime:0.000996s ]
INFO: [ view_parse ] --START--
INFO: ParseTemplate Behavior ::run [ RunTime:0.017392s ]
INFO: [ view_parse ] --END-- [ RunTime:0.017702s ]
INFO: [ view_filter ] --START--
INFO: ContentReplace Behavior ::run [ RunTime:0.001122s ]
INFO: TokenBuild Behavior ::run [ RunTime:0.001327s ]
INFO: WriteHtmlCache Behavior ::run [ RunTime:0.001525s ]
INFO: ShowRuntime Behavior ::run [ RunTime:0.002857s ]
INFO: [ view_filter ] --END-- [ RunTime:0.007216s ]
INFO: [ view_end ] --START--
INFO: ShowPageTrace Behavior ::run [ RunTime:0.001065s ]
INFO: [ view_end ] --END-- [ RunTime:0.001173s ]

[ 2017-03-06T23:48:51+08:00 ] 127.0.0.1 /webshop/index.php
INFO: [ app_begin ] --START--
INFO: ReadHtmlCache Behavior ::run [ RunTime:0.000928s ]
INFO: [ app_begin ] --END-- [ RunTime:0.001038s ]
INFO: [ view_parse ] --START--
INFO: ParseTemplate Behavior ::run [ RunTime:0.017692s ]
INFO: [ view_parse ] --END-- [ RunTime:0.017829s ]
INFO: [ view_filter ] --START--
INFO: ContentReplace Behavior ::run [ RunTime:0.000761s ]
INFO: TokenBuild Behavior ::run [ RunTime:0.000736s ]
INFO: WriteHtmlCache Behavior ::run [ RunTime:0.000561s ]
INFO: ShowRuntime Behavior ::run [ RunTime:0.000933s ]
INFO: [ view_filter ] --END-- [ RunTime:0.003238s ]
INFO: [ view_end ] --START--
INFO: ShowPageTrace Behavior ::run [ RunTime:0.001333s ]
INFO: [ view_end ] --END-- [ RunTime:0.001441s ]

[ 2017-03-06T23:48:51+08:00 ] 127.0.0.1 /webshop/index.php
INFO: [ app_begin ] --START--
INFO: ReadHtmlCache Behavior ::run [ RunTime:0.001389s ]
INFO: [ app_begin ] --END-- [ RunTime:0.001550s ]
INFO: [ view_parse ] --START--
INFO: ParseTemplate Behavior ::run [ RunTime:0.023023s ]
INFO: [ view_parse ] --END-- [ RunTime:0.023164s ]
INFO: [ view_filter ] --START--
INFO: ContentReplace Behavior ::run [ RunTime:0.000734s ]
INFO: TokenBuild Behavior ::run [ RunTime:0.001133s ]
INFO: WriteHtmlCache Behavior ::run [ RunTime:0.000991s ]
INFO: ShowRuntime Behavior ::run [ RunTime:0.000906s ]
INFO: [ view_filter ] --END-- [ RunTime:0.004075s ]
INFO: [ view_end ] --START--
INFO: ShowPageTrace Behavior ::run [ RunTime:0.001191s ]
INFO: [ view_end ] --END-- [ RunTime:0.001276s ]

[ 2017-03-06T23:49:52+08:00 ] 127.0.0.1 /webshop/index.php
INFO: [ app_begin ] --START--
INFO: ReadHtmlCache Behavior ::run [ RunTime:0.000898s ]
INFO: [ app_begin ] --END-- [ RunTime:0.001005s ]
INFO: [ view_parse ] --START--
INFO: ParseTemplate Behavior ::run [ RunTime:0.017491s ]
INFO: [ view_parse ] --END-- [ RunTime:0.017616s ]
INFO: [ view_filter ] --START--
INFO: ContentReplace Behavior ::run [ RunTime:0.002039s ]
INFO: TokenBuild Behavior ::run [ RunTime:0.000802s ]
INFO: WriteHtmlCache Behavior ::run [ RunTime:0.000594s ]
INFO: ShowRuntime Behavior ::run [ RunTime:0.000795s ]
INFO: [ view_filter ] --END-- [ RunTime:0.004490s ]
INFO: [ view_end ] --START--
INFO: ShowPageTrace Behavior ::run [ RunTime:0.000954s ]
INFO: [ view_end ] --END-- [ RunTime:0.001027s ]

[ 2017-03-06T23:49:59+08:00 ] 127.0.0.1 /webshop/index.php
INFO: [ app_begin ] --START--
INFO: ReadHtmlCache Behavior ::run [ RunTime:0.004888s ]
INFO: [ app_begin ] --END-- [ RunTime:0.005074s ]
INFO: [ view_parse ] --START--
INFO: ParseTemplate Behavior ::run [ RunTime:0.030738s ]
INFO: [ view_parse ] --END-- [ RunTime:0.030873s ]
INFO: [ view_filter ] --START--
INFO: ContentReplace Behavior ::run [ RunTime:0.004628s ]
INFO: TokenBuild Behavior ::run [ RunTime:0.004657s ]
INFO: WriteHtmlCache Behavior ::run [ RunTime:0.003641s ]
INFO: ShowRuntime Behavior ::run [ RunTime:0.002937s ]
INFO: [ view_filter ] --END-- [ RunTime:0.016275s ]
INFO: [ view_end ] --START--
INFO: ShowPageTrace Behavior ::run [ RunTime:0.003141s ]
INFO: [ view_end ] --END-- [ RunTime:0.003261s ]

[ 2017-03-06T23:53:02+08:00 ] 127.0.0.1 /webshop/index.php
INFO: [ app_begin ] --START--
INFO: ReadHtmlCache Behavior ::run [ RunTime:0.003208s ]
INFO: [ app_begin ] --END-- [ RunTime:0.003380s ]
INFO: [ view_parse ] --START--
INFO: ParseTemplate Behavior ::run [ RunTime:0.026822s ]
INFO: [ view_parse ] --END-- [ RunTime:0.026951s ]
INFO: [ view_filter ] --START--
INFO: ContentReplace Behavior ::run [ RunTime:0.002984s ]
INFO: TokenBuild Behavior ::run [ RunTime:0.003025s ]
INFO: WriteHtmlCache Behavior ::run [ RunTime:0.003011s ]
INFO: ShowRuntime Behavior ::run [ RunTime:0.002950s ]
INFO: [ view_filter ] --END-- [ RunTime:0.012231s ]
INFO: [ view_end ] --START--
INFO: ShowPageTrace Behavior ::run [ RunTime:0.004120s ]
INFO: [ view_end ] --END-- [ RunTime:0.004220s ]

[ 2017-03-06T23:53:02+08:00 ] 127.0.0.1 /webshop/index.php
INFO: [ app_begin ] --START--
INFO: ReadHtmlCache Behavior ::run [ RunTime:0.000904s ]
INFO: [ app_begin ] --END-- [ RunTime:0.001013s ]
INFO: [ view_parse ] --START--
INFO: ParseTemplate Behavior ::run [ RunTime:0.018291s ]
INFO: [ view_parse ] --END-- [ RunTime:0.018414s ]
INFO: [ view_filter ] --START--
INFO: ContentReplace Behavior ::run [ RunTime:0.000740s ]
INFO: TokenBuild Behavior ::run [ RunTime:0.000739s ]
INFO: WriteHtmlCache Behavior ::run [ RunTime:0.000590s ]
INFO: ShowRuntime Behavior ::run [ RunTime:0.000857s ]
INFO: [ view_filter ] --END-- [ RunTime:0.003151s ]
INFO: [ view_end ] --START--
INFO: ShowPageTrace Behavior ::run [ RunTime:0.002540s ]
INFO: [ view_end ] --END-- [ RunTime:0.003993s ]

[ 2017-03-06T23:53:19+08:00 ] 127.0.0.1 /webshop/index.php
INFO: [ app_begin ] --START--
INFO: ReadHtmlCache Behavior ::run [ RunTime:0.003267s ]
INFO: [ app_begin ] --END-- [ RunTime:0.003404s ]
INFO: [ view_parse ] --START--
INFO: ParseTemplate Behavior ::run [ RunTime:0.027745s ]
INFO: [ view_parse ] --END-- [ RunTime:0.027873s ]
INFO: [ view_filter ] --START--
INFO: ContentReplace Behavior ::run [ RunTime:0.003093s ]
INFO: TokenBuild Behavior ::run [ RunTime:0.003137s ]
INFO: WriteHtmlCache Behavior ::run [ RunTime:0.002647s ]
INFO: ShowRuntime Behavior ::run [ RunTime:0.002807s ]
INFO: [ view_filter ] --END-- [ RunTime:0.011935s ]
INFO: [ view_end ] --START--
INFO: ShowPageTrace Behavior ::run [ RunTime:0.004062s ]
INFO: [ view_end ] --END-- [ RunTime:0.004186s ]

[ 2017-03-06T23:53:34+08:00 ] 127.0.0.1 /webshop/index.php
INFO: [ app_begin ] --START--
INFO: ReadHtmlCache Behavior ::run [ RunTime:0.003234s ]
INFO: [ app_begin ] --END-- [ RunTime:0.003366s ]
INFO: [ view_parse ] --START--
INFO: ParseTemplate Behavior ::run [ RunTime:0.028255s ]
INFO: [ view_parse ] --END-- [ RunTime:0.028388s ]
INFO: [ view_filter ] --START--
INFO: ContentReplace Behavior ::run [ RunTime:0.003095s ]
INFO: TokenBuild Behavior ::run [ RunTime:0.002859s ]
INFO: WriteHtmlCache Behavior ::run [ RunTime:0.002661s ]
INFO: ShowRuntime Behavior ::run [ RunTime:0.003028s ]
INFO: [ view_filter ] --END-- [ RunTime:0.011967s ]
INFO: [ view_end ] --START--
INFO: ShowPageTrace Behavior ::run [ RunTime:0.004183s ]
INFO: [ view_end ] --END-- [ RunTime:0.004291s ]

[ 2017-03-06T23:53:34+08:00 ] 127.0.0.1 /webshop/index.php
INFO: [ app_begin ] --START--
INFO: ReadHtmlCache Behavior ::run [ RunTime:0.000910s ]
INFO: [ app_begin ] --END-- [ RunTime:0.001020s ]
INFO: [ view_parse ] --START--
INFO: ParseTemplate Behavior ::run [ RunTime:0.018036s ]
INFO: [ view_parse ] --END-- [ RunTime:0.018157s ]
INFO: [ view_filter ] --START--
INFO: ContentReplace Behavior ::run [ RunTime:0.000734s ]
INFO: TokenBuild Behavior ::run [ RunTime:0.001281s ]
INFO: WriteHtmlCache Behavior ::run [ RunTime:0.000843s ]
INFO: ShowRuntime Behavior ::run [ RunTime:0.000804s ]
INFO: [ view_filter ] --END-- [ RunTime:0.003907s ]
INFO: [ view_end ] --START--
INFO: ShowPageTrace Behavior ::run [ RunTime:0.001061s ]
INFO: [ view_end ] --END-- [ RunTime:0.001136s ]

[ 2017-03-06T23:53:34+08:00 ] 127.0.0.1 /webshop/index.php
INFO: [ app_begin ] --START--
INFO: ReadHtmlCache Behavior ::run [ RunTime:0.000950s ]
INFO: [ app_begin ] --END-- [ RunTime:0.001056s ]
INFO: [ view_parse ] --START--
INFO: ParseTemplate Behavior ::run [ RunTime:0.016548s ]
INFO: [ view_parse ] --END-- [ RunTime:0.016663s ]
INFO: [ view_filter ] --START--
INFO: ContentReplace Behavior ::run [ RunTime:0.000731s ]
INFO: TokenBuild Behavior ::run [ RunTime:0.000686s ]
INFO: WriteHtmlCache Behavior ::run [ RunTime:0.000554s ]
INFO: ShowRuntime Behavior ::run [ RunTime:0.000765s ]
INFO: [ view_filter ] --END-- [ RunTime:0.002957s ]
INFO: [ view_end ] --START--
INFO: ShowPageTrace Behavior ::run [ RunTime:0.000937s ]
INFO: [ view_end ] --END-- [ RunTime:0.001029s ]

[ 2017-03-06T23:54:08+08:00 ] 127.0.0.1 /webshop/index.php
INFO: [ app_begin ] --START--
INFO: ReadHtmlCache Behavior ::run [ RunTime:0.000924s ]
INFO: [ app_begin ] --END-- [ RunTime:0.001030s ]
INFO: [ view_parse ] --START--
INFO: ParseTemplate Behavior ::run [ RunTime:0.017273s ]
INFO: [ view_parse ] --END-- [ RunTime:0.017423s ]
INFO: [ view_filter ] --START--
INFO: ContentReplace Behavior ::run [ RunTime:0.001105s ]
INFO: TokenBuild Behavior ::run [ RunTime:0.001113s ]
INFO: WriteHtmlCache Behavior ::run [ RunTime:0.000988s ]
INFO: ShowRuntime Behavior ::run [ RunTime:0.001212s ]
INFO: [ view_filter ] --END-- [ RunTime:0.004763s ]
INFO: [ view_end ] --START--
INFO: ShowPageTrace Behavior ::run [ RunTime:0.001462s ]
INFO: [ view_end ] --END-- [ RunTime:0.001589s ]

[ 2017-03-06T23:54:09+08:00 ] 127.0.0.1 /webshop/index.php
INFO: [ app_begin ] --START--
INFO: ReadHtmlCache Behavior ::run [ RunTime:0.001097s ]
INFO: [ app_begin ] --END-- [ RunTime:0.001228s ]
INFO: [ view_parse ] --START--
INFO: ParseTemplate Behavior ::run [ RunTime:0.019820s ]
INFO: [ view_parse ] --END-- [ RunTime:0.019975s ]
INFO: [ view_filter ] --START--
INFO: ContentReplace Behavior ::run [ RunTime:0.001160s ]
INFO: TokenBuild Behavior ::run [ RunTime:0.001301s ]
INFO: WriteHtmlCache Behavior ::run [ RunTime:0.000998s ]
INFO: ShowRuntime Behavior ::run [ RunTime:0.001381s ]
INFO: [ view_filter ] --END-- [ RunTime:0.005248s ]
INFO: [ view_end ] --START--
INFO: ShowPageTrace Behavior ::run [ RunTime:0.001473s ]
INFO: [ view_end ] --END-- [ RunTime:0.001595s ]

[ 2017-03-06T23:54:09+08:00 ] 127.0.0.1 /webshop/index.php
INFO: [ app_begin ] --START--
INFO: ReadHtmlCache Behavior ::run [ RunTime:0.000968s ]
INFO: [ app_begin ] --END-- [ RunTime:0.001107s ]
INFO: [ view_parse ] --START--
INFO: ParseTemplate Behavior ::run [ RunTime:0.018326s ]
INFO: [ view_parse ] --END-- [ RunTime:0.018452s ]
INFO: [ view_filter ] --START--
INFO: ContentReplace Behavior ::run [ RunTime:0.001138s ]
INFO: TokenBuild Behavior ::run [ RunTime:0.001129s ]
INFO: WriteHtmlCache Behavior ::run [ RunTime:0.000922s ]
INFO: ShowRuntime Behavior ::run [ RunTime:0.001233s ]
INFO: [ view_filter ] --END-- [ RunTime:0.004764s ]
INFO: [ view_end ] --START--
INFO: ShowPageTrace Behavior ::run [ RunTime:0.001459s ]
INFO: [ view_end ] --END-- [ RunTime:0.001591s ]

[ 2017-03-06T23:54:10+08:00 ] 127.0.0.1 /webshop/index.php
INFO: [ app_begin ] --START--
INFO: ReadHtmlCache Behavior ::run [ RunTime:0.001953s ]
INFO: [ app_begin ] --END-- [ RunTime:0.002207s ]
INFO: [ view_parse ] --START--
INFO: ParseTemplate Behavior ::run [ RunTime:0.019965s ]
INFO: [ view_parse ] --END-- [ RunTime:0.020081s ]
INFO: [ view_filter ] --START--
INFO: ContentReplace Behavior ::run [ RunTime:0.000726s ]
INFO: TokenBuild Behavior ::run [ RunTime:0.001312s ]
INFO: WriteHtmlCache Behavior ::run [ RunTime:0.001596s ]
INFO: ShowRuntime Behavior ::run [ RunTime:0.001102s ]
INFO: [ view_filter ] --END-- [ RunTime:0.005077s ]
INFO: [ view_end ] --START--
INFO: ShowPageTrace Behavior ::run [ RunTime:0.000999s ]
INFO: [ view_end ] --END-- [ RunTime:0.001077s ]

[ 2017-03-06T23:54:10+08:00 ] 127.0.0.1 /webshop/index.php
INFO: [ app_begin ] --START--
INFO: ReadHtmlCache Behavior ::run [ RunTime:0.000901s ]
INFO: [ app_begin ] --END-- [ RunTime:0.001007s ]
INFO: [ view_parse ] --START--
INFO: ParseTemplate Behavior ::run [ RunTime:0.017091s ]
INFO: [ view_parse ] --END-- [ RunTime:0.017238s ]
INFO: [ view_filter ] --START--
INFO: ContentReplace Behavior ::run [ RunTime:0.001127s ]
INFO: TokenBuild Behavior ::run [ RunTime:0.001355s ]
INFO: WriteHtmlCache Behavior ::run [ RunTime:0.000693s ]
INFO: ShowRuntime Behavior ::run [ RunTime:0.000836s ]
INFO: [ view_filter ] --END-- [ RunTime:0.004361s ]
INFO: [ view_end ] --START--
INFO: ShowPageTrace Behavior ::run [ RunTime:0.001036s ]
INFO: [ view_end ] --END-- [ RunTime:0.001128s ]

[ 2017-03-06T23:54:11+08:00 ] 127.0.0.1 /webshop/index.php
INFO: [ app_begin ] --START--
INFO: ReadHtmlCache Behavior ::run [ RunTime:0.001621s ]
INFO: [ app_begin ] --END-- [ RunTime:0.001811s ]
INFO: [ view_parse ] --START--
INFO: ParseTemplate Behavior ::run [ RunTime:0.019020s ]
INFO: [ view_parse ] --END-- [ RunTime:0.019147s ]
INFO: [ view_filter ] --START--
INFO: ContentReplace Behavior ::run [ RunTime:0.000722s ]
INFO: TokenBuild Behavior ::run [ RunTime:0.000714s ]
INFO: WriteHtmlCache Behavior ::run [ RunTime:0.000656s ]
INFO: ShowRuntime Behavior ::run [ RunTime:0.000797s ]
INFO: [ view_filter ] --END-- [ RunTime:0.003111s ]
INFO: [ view_end ] --START--
INFO: ShowPageTrace Behavior ::run [ RunTime:0.000984s ]
INFO: [ view_end ] --END-- [ RunTime:0.001061s ]

[ 2017-03-06T23:54:11+08:00 ] 127.0.0.1 /webshop/index.php
INFO: [ app_begin ] --START--
INFO: ReadHtmlCache Behavior ::run [ RunTime:0.000883s ]
INFO: [ app_begin ] --END-- [ RunTime:0.000987s ]
INFO: [ view_parse ] --START--
INFO: ParseTemplate Behavior ::run [ RunTime:0.016675s ]
INFO: [ view_parse ] --END-- [ RunTime:0.016782s ]
INFO: [ view_filter ] --START--
INFO: ContentReplace Behavior ::run [ RunTime:0.000697s ]
INFO: TokenBuild Behavior ::run [ RunTime:0.000700s ]
INFO: WriteHtmlCache Behavior ::run [ RunTime:0.000666s ]
INFO: ShowRuntime Behavior ::run [ RunTime:0.000845s ]
INFO: [ view_filter ] --END-- [ RunTime:0.003144s ]
INFO: [ view_end ] --START--
INFO: ShowPageTrace Behavior ::run [ RunTime:0.000992s ]
INFO: [ view_end ] --END-- [ RunTime:0.001068s ]

[ 2017-03-06T23:54:11+08:00 ] 127.0.0.1 /webshop/index.php
INFO: [ app_begin ] --START--
INFO: ReadHtmlCache Behavior ::run [ RunTime:0.000878s ]
INFO: [ app_begin ] --END-- [ RunTime:0.000980s ]
INFO: [ view_parse ] --START--
INFO: ParseTemplate Behavior ::run [ RunTime:0.016597s ]
INFO: [ view_parse ] --END-- [ RunTime:0.016710s ]
INFO: [ view_filter ] --START--
INFO: ContentReplace Behavior ::run [ RunTime:0.000704s ]
INFO: TokenBuild Behavior ::run [ RunTime:0.000690s ]
INFO: WriteHtmlCache Behavior ::run [ RunTime:0.000562s ]
INFO: ShowRuntime Behavior ::run [ RunTime:0.000762s ]
INFO: [ view_filter ] --END-- [ RunTime:0.002923s ]
INFO: [ view_end ] --START--
INFO: ShowPageTrace Behavior ::run [ RunTime:0.000929s ]
INFO: [ view_end ] --END-- [ RunTime:0.001001s ]

[ 2017-03-06T23:54:11+08:00 ] 127.0.0.1 /webshop/index.php
INFO: [ app_begin ] --START--
INFO: ReadHtmlCache Behavior ::run [ RunTime:0.000879s ]
INFO: [ app_begin ] --END-- [ RunTime:0.000984s ]
INFO: [ view_parse ] --START--
INFO: ParseTemplate Behavior ::run [ RunTime:0.017169s ]
INFO: [ view_parse ] --END-- [ RunTime:0.017279s ]
INFO: [ view_filter ] --START--
INFO: ContentReplace Behavior ::run [ RunTime:0.000717s ]
INFO: TokenBuild Behavior ::run [ RunTime:0.000711s ]
INFO: WriteHtmlCache Behavior ::run [ RunTime:0.000610s ]
INFO: ShowRuntime Behavior ::run [ RunTime:0.000816s ]
INFO: [ view_filter ] --END-- [ RunTime:0.003074s ]
INFO: [ view_end ] --START--
INFO: ShowPageTrace Behavior ::run [ RunTime:0.000930s ]
INFO: [ view_end ] --END-- [ RunTime:0.001003s ]

[ 2017-03-06T23:54:33+08:00 ] 127.0.0.1 /webshop/index.php
INFO: [ app_begin ] --START--
INFO: ReadHtmlCache Behavior ::run [ RunTime:0.000909s ]
INFO: [ app_begin ] --END-- [ RunTime:0.001013s ]
INFO: [ view_parse ] --START--
INFO: ParseTemplate Behavior ::run [ RunTime:0.017013s ]
INFO: [ view_parse ] --END-- [ RunTime:0.017130s ]
INFO: [ view_filter ] --START--
INFO: ContentReplace Behavior ::run [ RunTime:0.000734s ]
INFO: TokenBuild Behavior ::run [ RunTime:0.000752s ]
INFO: WriteHtmlCache Behavior ::run [ RunTime:0.001497s ]
INFO: ShowRuntime Behavior ::run [ RunTime:0.001086s ]
INFO: [ view_filter ] --END-- [ RunTime:0.004328s ]
INFO: [ view_end ] --START--
INFO: ShowPageTrace Behavior ::run [ RunTime:0.000987s ]
INFO: [ view_end ] --END-- [ RunTime:0.001062s ]

[ 2017-03-06T23:54:33+08:00 ] 127.0.0.1 /webshop/index.php
INFO: [ app_begin ] --START--
INFO: ReadHtmlCache Behavior ::run [ RunTime:0.000876s ]
INFO: [ app_begin ] --END-- [ RunTime:0.000980s ]
INFO: [ view_parse ] --START--
INFO: ParseTemplate Behavior ::run [ RunTime:0.017165s ]
INFO: [ view_parse ] --END-- [ RunTime:0.017305s ]
INFO: [ view_filter ] --START--
INFO: ContentReplace Behavior ::run [ RunTime:0.001110s ]
INFO: TokenBuild Behavior ::run [ RunTime:0.000777s ]
INFO: WriteHtmlCache Behavior ::run [ RunTime:0.000609s ]
INFO: ShowRuntime Behavior ::run [ RunTime:0.000796s ]
INFO: [ view_filter ] --END-- [ RunTime:0.003542s ]
INFO: [ view_end ] --START--
INFO: ShowPageTrace Behavior ::run [ RunTime:0.000938s ]
INFO: [ view_end ] --END-- [ RunTime:0.001014s ]

[ 2017-03-06T23:54:33+08:00 ] 127.0.0.1 /webshop/index.php
INFO: [ app_begin ] --START--
INFO: ReadHtmlCache Behavior ::run [ RunTime:0.000882s ]
INFO: [ app_begin ] --END-- [ RunTime:0.000987s ]
INFO: [ view_parse ] --START--
INFO: ParseTemplate Behavior ::run [ RunTime:0.016213s ]
INFO: [ view_parse ] --END-- [ RunTime:0.016322s ]
INFO: [ view_filter ] --START--
INFO: ContentReplace Behavior ::run [ RunTime:0.000693s ]
INFO: TokenBuild Behavior ::run [ RunTime:0.000683s ]
INFO: WriteHtmlCache Behavior ::run [ RunTime:0.000552s ]
INFO: ShowRuntime Behavior ::run [ RunTime:0.000756s ]
INFO: [ view_filter ] --END-- [ RunTime:0.002887s ]
INFO: [ view_end ] --START--
INFO: ShowPageTrace Behavior ::run [ RunTime:0.000920s ]
INFO: [ view_end ] --END-- [ RunTime:0.000991s ]

[ 2017-03-06T23:55:09+08:00 ] 127.0.0.1 /webshop/index.php
INFO: [ app_begin ] --START--
INFO: ReadHtmlCache Behavior ::run [ RunTime:0.001394s ]
INFO: [ app_begin ] --END-- [ RunTime:0.001552s ]
INFO: [ view_parse ] --START--
INFO: ParseTemplate Behavior ::run [ RunTime:0.024312s ]
INFO: [ view_parse ] --END-- [ RunTime:0.024471s ]
INFO: [ view_filter ] --START--
INFO: ContentReplace Behavior ::run [ RunTime:0.001178s ]
INFO: TokenBuild Behavior ::run [ RunTime:0.001136s ]
INFO: WriteHtmlCache Behavior ::run [ RunTime:0.000916s ]
INFO: ShowRuntime Behavior ::run [ RunTime:0.001250s ]
INFO: [ view_filter ] --END-- [ RunTime:0.004874s ]
INFO: [ view_end ] --START--
INFO: ShowPageTrace Behavior ::run [ RunTime:0.001654s ]
INFO: [ view_end ] --END-- [ RunTime:0.001899s ]

[ 2017-03-06T23:55:20+08:00 ] 127.0.0.1 /webshop/index.php
INFO: [ app_begin ] --START--
INFO: ReadHtmlCache Behavior ::run [ RunTime:0.003462s ]
INFO: [ app_begin ] --END-- [ RunTime:0.003588s ]
INFO: [ view_parse ] --START--
INFO: ParseTemplate Behavior ::run [ RunTime:0.027356s ]
INFO: [ view_parse ] --END-- [ RunTime:0.027490s ]
INFO: [ view_filter ] --START--
INFO: ContentReplace Behavior ::run [ RunTime:0.003440s ]
INFO: TokenBuild Behavior ::run [ RunTime:0.004881s ]
INFO: WriteHtmlCache Behavior ::run [ RunTime:0.003400s ]
INFO: ShowRuntime Behavior ::run [ RunTime:0.003411s ]
INFO: [ view_filter ] --END-- [ RunTime:0.015451s ]
INFO: [ view_end ] --START--
INFO: ShowPageTrace Behavior ::run [ RunTime:0.004041s ]
INFO: [ view_end ] --END-- [ RunTime:0.004150s ]

[ 2017-03-06T23:55:26+08:00 ] 127.0.0.1 /webshop/index.php
INFO: [ app_begin ] --START--
INFO: ReadHtmlCache Behavior ::run [ RunTime:0.000887s ]
INFO: [ app_begin ] --END-- [ RunTime:0.000991s ]
INFO: [ view_parse ] --START--
INFO: ParseTemplate Behavior ::run [ RunTime:0.017110s ]
INFO: [ view_parse ] --END-- [ RunTime:0.017378s ]
INFO: [ view_filter ] --START--
INFO: ContentReplace Behavior ::run [ RunTime:0.002349s ]
INFO: TokenBuild Behavior ::run [ RunTime:0.002309s ]
INFO: WriteHtmlCache Behavior ::run [ RunTime:0.003710s ]
INFO: ShowRuntime Behavior ::run [ RunTime:0.002724s ]
INFO: [ view_filter ] --END-- [ RunTime:0.013557s ]
INFO: [ view_end ] --START--
INFO: ShowPageTrace Behavior ::run [ RunTime:0.003389s ]
INFO: [ view_end ] --END-- [ RunTime:0.003695s ]

[ 2017-03-06T23:55:59+08:00 ] 127.0.0.1 /webshop/index.php
INFO: [ app_begin ] --START--
INFO: ReadHtmlCache Behavior ::run [ RunTime:0.000924s ]
INFO: [ app_begin ] --END-- [ RunTime:0.001043s ]
INFO: [ view_parse ] --START--
INFO: ParseTemplate Behavior ::run [ RunTime:0.016604s ]
INFO: [ view_parse ] --END-- [ RunTime:0.016741s ]
INFO: [ view_filter ] --START--
INFO: ContentReplace Behavior ::run [ RunTime:0.000767s ]
INFO: TokenBuild Behavior ::run [ RunTime:0.000719s ]
INFO: WriteHtmlCache Behavior ::run [ RunTime:0.000597s ]
INFO: ShowRuntime Behavior ::run [ RunTime:0.000786s ]
INFO: [ view_filter ] --END-- [ RunTime:0.003080s ]
INFO: [ view_end ] --START--
INFO: ShowPageTrace Behavior ::run [ RunTime:0.000946s ]
INFO: [ view_end ] --END-- [ RunTime:0.001020s ]

[ 2017-03-06T23:56:00+08:00 ] 127.0.0.1 /webshop/index.php
INFO: [ app_begin ] --START--
INFO: ReadHtmlCache Behavior ::run [ RunTime:0.001834s ]
INFO: [ app_begin ] --END-- [ RunTime:0.001975s ]
INFO: [ view_parse ] --START--
INFO: ParseTemplate Behavior ::run [ RunTime:0.018264s ]
INFO: [ view_parse ] --END-- [ RunTime:0.018394s ]
INFO: [ view_filter ] --START--
INFO: ContentReplace Behavior ::run [ RunTime:0.000752s ]
INFO: TokenBuild Behavior ::run [ RunTime:0.000793s ]
INFO: WriteHtmlCache Behavior ::run [ RunTime:0.000599s ]
INFO: ShowRuntime Behavior ::run [ RunTime:0.000825s ]
INFO: [ view_filter ] --END-- [ RunTime:0.003200s ]
INFO: [ view_end ] --START--
INFO: ShowPageTrace Behavior ::run [ RunTime:0.000961s ]
INFO: [ view_end ] --END-- [ RunTime:0.001037s ]

[ 2017-03-06T23:56:00+08:00 ] 127.0.0.1 /webshop/index.php
INFO: [ app_begin ] --START--
INFO: ReadHtmlCache Behavior ::run [ RunTime:0.000922s ]
INFO: [ app_begin ] --END-- [ RunTime:0.001034s ]
INFO: [ view_parse ] --START--
INFO: ParseTemplate Behavior ::run [ RunTime:0.016201s ]
INFO: [ view_parse ] --END-- [ RunTime:0.016318s ]
INFO: [ view_filter ] --START--
INFO: ContentReplace Behavior ::run [ RunTime:0.000717s ]
INFO: TokenBuild Behavior ::run [ RunTime:0.000700s ]
INFO: WriteHtmlCache Behavior ::run [ RunTime:0.000566s ]
INFO: ShowRuntime Behavior ::run [ RunTime:0.000768s ]
INFO: [ view_filter ] --END-- [ RunTime:0.002966s ]
INFO: [ view_end ] --START--
INFO: ShowPageTrace Behavior ::run [ RunTime:0.000924s ]
INFO: [ view_end ] --END-- [ RunTime:0.000998s ]

[ 2017-03-06T23:56:17+08:00 ] 127.0.0.1 /webshop/index.php
INFO: [ app_begin ] --START--
INFO: ReadHtmlCache Behavior ::run [ RunTime:0.002871s ]
INFO: [ app_begin ] --END-- [ RunTime:0.002983s ]
INFO: [ view_parse ] --START--
INFO: ParseTemplate Behavior ::run [ RunTime:0.031675s ]
INFO: [ view_parse ] --END-- [ RunTime:0.031811s ]
INFO: [ view_filter ] --START--
INFO: ContentReplace Behavior ::run [ RunTime:0.002814s ]
INFO: TokenBuild Behavior ::run [ RunTime:0.002742s ]
INFO: WriteHtmlCache Behavior ::run [ RunTime:0.002789s ]
INFO: ShowRuntime Behavior ::run [ RunTime:0.002975s ]
INFO: [ view_filter ] --END-- [ RunTime:0.011580s ]
INFO: [ view_end ] --START--
INFO: ShowPageTrace Behavior ::run [ RunTime:0.007807s ]
INFO: [ view_end ] --END-- [ RunTime:0.007951s ]

[ 2017-03-06T23:56:38+08:00 ] 127.0.0.1 /webshop/Public/bootstrap/css/bootstrap.min.css.map
INFO: [ route_check ] --START--
INFO: CheckRoute Behavior ::run [ RunTime:0.020437s ]
INFO: [ route_check ] --END-- [ RunTime:0.020585s ]
INFO: [ app_begin ] --START--
INFO: ReadHtmlCache Behavior ::run [ RunTime:0.000956s ]
INFO: [ app_begin ] --END-- [ RunTime:0.001045s ]
ERR: 无法加载模块:Public

[ 2017-03-06T23:56:46+08:00 ] 127.0.0.1 /webshop/index.php
INFO: [ app_begin ] --START--
INFO: ReadHtmlCache Behavior ::run [ RunTime:0.003883s ]
INFO: [ app_begin ] --END-- [ RunTime:0.004101s ]
INFO: [ view_parse ] --START--
INFO: ParseTemplate Behavior ::run [ RunTime:0.026905s ]
INFO: [ view_parse ] --END-- [ RunTime:0.027049s ]
INFO: [ view_filter ] --START--
INFO: ContentReplace Behavior ::run [ RunTime:0.002838s ]
INFO: TokenBuild Behavior ::run [ RunTime:0.002809s ]
INFO: WriteHtmlCache Behavior ::run [ RunTime:0.002843s ]
INFO: ShowRuntime Behavior ::run [ RunTime:0.002868s ]
INFO: [ view_filter ] --END-- [ RunTime:0.011646s ]
INFO: [ view_end ] --START--
INFO: ShowPageTrace Behavior ::run [ RunTime:0.002990s ]
INFO: [ view_end ] --END-- [ RunTime:0.003070s ]

[ 2017-03-06T23:56:46+08:00 ] 127.0.0.1 /webshop/Public/bootstrap/css/bootstrap.min.css.map
INFO: [ route_check ] --START--
INFO: CheckRoute Behavior ::run [ RunTime:0.005754s ]
INFO: [ route_check ] --END-- [ RunTime:0.005964s ]
INFO: [ app_begin ] --START--
INFO: ReadHtmlCache Behavior ::run [ RunTime:0.001008s ]
INFO: [ app_begin ] --END-- [ RunTime:0.001203s ]
ERR: 无法加载模块:Public

[ 2017-03-06T23:57:04+08:00 ] 127.0.0.1 /webshop/index.php
INFO: [ app_begin ] --START--
INFO: ReadHtmlCache Behavior ::run [ RunTime:0.003107s ]
INFO: [ app_begin ] --END-- [ RunTime:0.003220s ]
INFO: [ view_parse ] --START--
INFO: ParseTemplate Behavior ::run [ RunTime:0.032664s ]
INFO: [ view_parse ] --END-- [ RunTime:0.032797s ]
INFO: [ view_filter ] --START--
INFO: ContentReplace Behavior ::run [ RunTime:0.006371s ]
INFO: TokenBuild Behavior ::run [ RunTime:0.004290s ]
INFO: WriteHtmlCache Behavior ::run [ RunTime:0.002845s ]
INFO: ShowRuntime Behavior ::run [ RunTime:0.003823s ]
INFO: [ view_filter ] --END-- [ RunTime:0.017682s ]
INFO: [ view_end ] --START--
INFO: ShowPageTrace Behavior ::run [ RunTime:0.007709s ]
INFO: [ view_end ] --END-- [ RunTime:0.007896s ]

[ 2017-03-06T23:57:04+08:00 ] 127.0.0.1 /webshop/Public/bootstrap/css/bootstrap.min.css.map
INFO: [ route_check ] --START--
INFO: CheckRoute Behavior ::run [ RunTime:0.005615s ]
INFO: [ route_check ] --END-- [ RunTime:0.005828s ]
INFO: [ app_begin ] --START--
INFO: ReadHtmlCache Behavior ::run [ RunTime:0.001795s ]
INFO: [ app_begin ] --END-- [ RunTime:0.001976s ]
ERR: 无法加载模块:Public

[ 2017-03-06T23:57:13+08:00 ] 127.0.0.1 /webshop/Public/bootstrap/css/bootstrap.min.css.map
INFO: [ route_check ] --START--
INFO: CheckRoute Behavior ::run [ RunTime:0.003685s ]
INFO: [ route_check ] --END-- [ RunTime:0.003839s ]
INFO: [ app_begin ] --START--
INFO: ReadHtmlCache Behavior ::run [ RunTime:0.002915s ]
INFO: [ app_begin ] --END-- [ RunTime:0.003018s ]
ERR: 无法加载模块:Public

[ 2017-03-06T23:57:30+08:00 ] 127.0.0.1 /webshop/index.php
INFO: [ app_begin ] --START--
INFO: ReadHtmlCache Behavior ::run [ RunTime:0.002968s ]
INFO: [ app_begin ] --END-- [ RunTime:0.003086s ]
INFO: [ view_parse ] --START--
INFO: ParseTemplate Behavior ::run [ RunTime:0.029933s ]
INFO: [ view_parse ] --END-- [ RunTime:0.030051s ]
INFO: [ view_filter ] --START--
INFO: ContentReplace Behavior ::run [ RunTime:0.003201s ]
INFO: TokenBuild Behavior ::run [ RunTime:0.002698s ]
INFO: WriteHtmlCache Behavior ::run [ RunTime:0.002726s ]
INFO: ShowRuntime Behavior ::run [ RunTime:0.004636s ]
INFO: [ view_filter ] --END-- [ RunTime:0.013625s ]
INFO: [ view_end ] --START--
INFO: ShowPageTrace Behavior ::run [ RunTime:0.005093s ]
INFO: [ view_end ] --END-- [ RunTime:0.005210s ]

[ 2017-03-06T23:57:49+08:00 ] 127.0.0.1 /webshop/index.php
INFO: [ app_begin ] --START--
INFO: ReadHtmlCache Behavior ::run [ RunTime:0.000931s ]
INFO: [ app_begin ] --END-- [ RunTime:0.001035s ]
INFO: [ view_parse ] --START--
INFO: ParseTemplate Behavior ::run [ RunTime:0.015879s ]
INFO: [ view_parse ] --END-- [ RunTime:0.015998s ]
INFO: [ view_filter ] --START--
INFO: ContentReplace Behavior ::run [ RunTime:0.000730s ]
INFO: TokenBuild Behavior ::run [ RunTime:0.000706s ]
INFO: WriteHtmlCache Behavior ::run [ RunTime:0.000583s ]
INFO: ShowRuntime Behavior ::run [ RunTime:0.000780s ]
INFO: [ view_filter ] --END-- [ RunTime:0.003011s ]
INFO: [ view_end ] --START--
INFO: ShowPageTrace Behavior ::run [ RunTime:0.000934s ]
INFO: [ view_end ] --END-- [ RunTime:0.001008s ]

[ 2017-03-06T23:57:55+08:00 ] 127.0.0.1 /webshop/index.php
INFO: [ app_begin ] --START--
INFO: ReadHtmlCache Behavior ::run [ RunTime:0.001111s ]
INFO: [ app_begin ] --END-- [ RunTime:0.001247s ]
INFO: [ view_parse ] --START--
INFO: ParseTemplate Behavior ::run [ RunTime:0.021988s ]
INFO: [ view_parse ] --END-- [ RunTime:0.022170s ]
INFO: [ view_filter ] --START--
INFO: ContentReplace Behavior ::run [ RunTime:0.001148s ]
INFO: TokenBuild Behavior ::run [ RunTime:0.001145s ]
INFO: WriteHtmlCache Behavior ::run [ RunTime:0.000906s ]
INFO: ShowRuntime Behavior ::run [ RunTime:0.001199s ]
INFO: [ view_filter ] --END-- [ RunTime:0.004753s ]
INFO: [ view_end ] --START--
INFO: ShowPageTrace Behavior ::run [ RunTime:0.002888s ]
INFO: [ view_end ] --END-- [ RunTime:0.003047s ]

[ 2017-03-06T23:57:56+08:00 ] 127.0.0.1 /webshop/index.php
INFO: [ app_begin ] --START--
INFO: ReadHtmlCache Behavior ::run [ RunTime:0.000890s ]
INFO: [ app_begin ] --END-- [ RunTime:0.000997s ]
INFO: [ view_parse ] --START--
INFO: ParseTemplate Behavior ::run [ RunTime:0.017970s ]
INFO: [ view_parse ] --END-- [ RunTime:0.018083s ]
INFO: [ view_filter ] --START--
INFO: ContentReplace Behavior ::run [ RunTime:0.000716s ]
INFO: TokenBuild Behavior ::run [ RunTime:0.000700s ]
INFO: WriteHtmlCache Behavior ::run [ RunTime:0.000573s ]
INFO: ShowRuntime Behavior ::run [ RunTime:0.000790s ]
INFO: [ view_filter ] --END-- [ RunTime:0.002995s ]
INFO: [ view_end ] --START--
INFO: ShowPageTrace Behavior ::run [ RunTime:0.002394s ]
INFO: [ view_end ] --END-- [ RunTime:0.002494s ]

[ 2017-03-06T23:58:02+08:00 ] 127.0.0.1 /webshop/index.php
INFO: [ app_begin ] --START--
INFO: ReadHtmlCache Behavior ::run [ RunTime:0.000916s ]
INFO: [ app_begin ] --END-- [ RunTime:0.001023s ]
INFO: [ view_parse ] --START--
INFO: ParseTemplate Behavior ::run [ RunTime:0.018860s ]
INFO: [ view_parse ] --END-- [ RunTime:0.018983s ]
INFO: [ view_filter ] --START--
INFO: ContentReplace Behavior ::run [ RunTime:0.000748s ]
INFO: TokenBuild Behavior ::run [ RunTime:0.000745s ]
INFO: WriteHtmlCache Behavior ::run [ RunTime:0.000603s ]
INFO: ShowRuntime Behavior ::run [ RunTime:0.000856s ]
INFO: [ view_filter ] --END-- [ RunTime:0.003196s ]
INFO: [ view_end ] --START--
INFO: ShowPageTrace Behavior ::run [ RunTime:0.000960s ]
INFO: [ view_end ] --END-- [ RunTime:0.001034s ]

[ 2017-03-06T23:58:44+08:00 ] 127.0.0.1 /webshop/index.php
INFO: [ app_begin ] --START--
INFO: ReadHtmlCache Behavior ::run [ RunTime:0.000923s ]
INFO: [ app_begin ] --END-- [ RunTime:0.001029s ]
INFO: [ view_parse ] --START--
INFO: ParseTemplate Behavior ::run [ RunTime:0.016236s ]
INFO: [ view_parse ] --END-- [ RunTime:0.016352s ]
INFO: [ view_filter ] --START--
INFO: ContentReplace Behavior ::run [ RunTime:0.000755s ]
INFO: TokenBuild Behavior ::run [ RunTime:0.000702s ]
INFO: WriteHtmlCache Behavior ::run [ RunTime:0.000587s ]
INFO: ShowRuntime Behavior ::run [ RunTime:0.000784s ]
INFO: [ view_filter ] --END-- [ RunTime:0.003035s ]
INFO: [ view_end ] --START--
INFO: ShowPageTrace Behavior ::run [ RunTime:0.000938s ]
INFO: [ view_end ] --END-- [ RunTime:0.001011s ]

