[ 2017-03-26T20:11:30+08:00 ] 127.0.0.1 /webshop/
INFO: [ app_begin ] --START--
INFO: ReadHtmlCache Behavior ::run [ RunTime:0.045210s ]
INFO: [ app_begin ] --END-- [ RunTime:0.045753s ]
INFO: [ view_parse ] --START--
INFO: ParseTemplate Behavior ::run [ RunTime:0.139311s ]
INFO: [ view_parse ] --END-- [ RunTime:0.139547s ]
INFO: [ view_filter ] --START--
INFO: ContentReplace Behavior ::run [ RunTime:0.005640s ]
INFO: TokenBuild Behavior ::run [ RunTime:0.004425s ]
INFO: WriteHtmlCache Behavior ::run [ RunTime:0.023431s ]
INFO: ShowRuntime Behavior ::run [ RunTime:0.011077s ]
INFO: [ view_filter ] --END-- [ RunTime:0.044896s ]
INFO: [ view_end ] --START--
INFO: ShowPageTrace Behavior ::run [ RunTime:0.042511s ]
INFO: [ view_end ] --END-- [ RunTime:0.042868s ]

[ 2017-03-26T20:12:23+08:00 ] 127.0.0.1 /webshop/index.php/Form/handleLogin
INFO: [ route_check ] --START--
INFO: CheckRoute Behavior ::run [ RunTime:0.020057s ]
INFO: [ route_check ] --END-- [ RunTime:0.020190s ]
INFO: [ app_begin ] --START--
INFO: ReadHtmlCache Behavior ::run [ RunTime:0.003006s ]
INFO: [ app_begin ] --END-- [ RunTime:0.003108s ]
INFO: [ view_parse ] --START--
INFO: ParseTemplate Behavior ::run [ RunTime:0.071641s ]
INFO: [ view_parse ] --END-- [ RunTime:0.071775s ]
INFO: [ view_filter ] --START--
INFO: ContentReplace Behavior ::run [ RunTime:0.003034s ]
INFO: TokenBuild Behavior ::run [ RunTime:0.002877s ]
INFO: WriteHtmlCache Behavior ::run [ RunTime:0.002550s ]
INFO: ShowRuntime Behavior ::run [ RunTime:0.002732s ]
INFO: [ view_filter ] --END-- [ RunTime:0.011445s ]
INFO: [ view_end ] --START--
INFO: ShowPageTrace Behavior ::run [ RunTime:0.002981s ]
INFO: [ view_end ] --END-- [ RunTime:0.003062s ]

[ 2017-03-26T20:13:18+08:00 ] 127.0.0.1 /webshop/index.php/Index/showProduct
INFO: [ route_check ] --START--
INFO: CheckRoute Behavior ::run [ RunTime:0.003638s ]
INFO: [ route_check ] --END-- [ RunTime:0.003890s ]
INFO: [ app_begin ] --START--
INFO: ReadHtmlCache Behavior ::run [ RunTime:0.002847s ]
INFO: [ app_begin ] --END-- [ RunTime:0.002931s ]
INFO: [ view_parse ] --START--
INFO: ParseTemplate Behavior ::run [ RunTime:0.069065s ]
INFO: [ view_parse ] --END-- [ RunTime:0.069199s ]
INFO: [ view_filter ] --START--
INFO: ContentReplace Behavior ::run [ RunTime:0.002900s ]
INFO: TokenBuild Behavior ::run [ RunTime:0.002748s ]
INFO: WriteHtmlCache Behavior ::run [ RunTime:0.002586s ]
INFO: ShowRuntime Behavior ::run [ RunTime:0.002744s ]
INFO: [ view_filter ] --END-- [ RunTime:0.011204s ]
INFO: [ view_end ] --START--
INFO: ShowPageTrace Behavior ::run [ RunTime:0.013183s ]
INFO: [ view_end ] --END-- [ RunTime:0.013324s ]

[ 2017-03-26T20:14:10+08:00 ] 127.0.0.1 /webshop/index.php/Index/index
INFO: [ route_check ] --START--
INFO: CheckRoute Behavior ::run [ RunTime:0.003364s ]
INFO: [ route_check ] --END-- [ RunTime:0.003485s ]
INFO: [ app_begin ] --START--
INFO: ReadHtmlCache Behavior ::run [ RunTime:0.002952s ]
INFO: [ app_begin ] --END-- [ RunTime:0.003039s ]
INFO: [ view_parse ] --START--
INFO: ParseTemplate Behavior ::run [ RunTime:0.044817s ]
INFO: [ view_parse ] --END-- [ RunTime:0.044945s ]
INFO: [ view_filter ] --START--
INFO: ContentReplace Behavior ::run [ RunTime:0.005662s ]
INFO: TokenBuild Behavior ::run [ RunTime:0.003059s ]
INFO: WriteHtmlCache Behavior ::run [ RunTime:0.003858s ]
INFO: ShowRuntime Behavior ::run [ RunTime:0.002999s ]
INFO: [ view_filter ] --END-- [ RunTime:0.016367s ]
INFO: [ view_end ] --START--
INFO: ShowPageTrace Behavior ::run [ RunTime:0.003331s ]
INFO: [ view_end ] --END-- [ RunTime:0.003471s ]

[ 2017-03-26T20:14:11+08:00 ] 127.0.0.1 /webshop/index.php/Index/index
INFO: [ route_check ] --START--
INFO: CheckRoute Behavior ::run [ RunTime:0.001372s ]
INFO: [ route_check ] --END-- [ RunTime:0.001505s ]
INFO: [ app_begin ] --START--
INFO: ReadHtmlCache Behavior ::run [ RunTime:0.000934s ]
INFO: [ app_begin ] --END-- [ RunTime:0.001014s ]
INFO: [ view_parse ] --START--
INFO: ParseTemplate Behavior ::run [ RunTime:0.050523s ]
INFO: [ view_parse ] --END-- [ RunTime:0.050641s ]
INFO: [ view_filter ] --START--
INFO: ContentReplace Behavior ::run [ RunTime:0.000929s ]
INFO: TokenBuild Behavior ::run [ RunTime:0.000749s ]
INFO: WriteHtmlCache Behavior ::run [ RunTime:0.000591s ]
INFO: ShowRuntime Behavior ::run [ RunTime:0.000825s ]
INFO: [ view_filter ] --END-- [ RunTime:0.003326s ]
INFO: [ view_end ] --START--
INFO: ShowPageTrace Behavior ::run [ RunTime:0.000992s ]
INFO: [ view_end ] --END-- [ RunTime:0.001084s ]

[ 2017-03-26T20:14:12+08:00 ] 127.0.0.1 /webshop/index.php/Index/proCategory
INFO: [ route_check ] --START--
INFO: CheckRoute Behavior ::run [ RunTime:0.001246s ]
INFO: [ route_check ] --END-- [ RunTime:0.001369s ]
INFO: [ app_begin ] --START--
INFO: ReadHtmlCache Behavior ::run [ RunTime:0.000954s ]
INFO: [ app_begin ] --END-- [ RunTime:0.001038s ]
INFO: [ view_parse ] --START--
INFO: ParseTemplate Behavior ::run [ RunTime:0.081809s ]
INFO: [ view_parse ] --END-- [ RunTime:0.081932s ]
INFO: [ view_filter ] --START--
INFO: ContentReplace Behavior ::run [ RunTime:0.000789s ]
INFO: TokenBuild Behavior ::run [ RunTime:0.000728s ]
INFO: WriteHtmlCache Behavior ::run [ RunTime:0.000590s ]
INFO: ShowRuntime Behavior ::run [ RunTime:0.000799s ]
INFO: [ view_filter ] --END-- [ RunTime:0.003140s ]
INFO: [ view_end ] --START--
INFO: ShowPageTrace Behavior ::run [ RunTime:0.000995s ]
INFO: [ view_end ] --END-- [ RunTime:0.001084s ]

[ 2017-03-26T20:14:20+08:00 ] 127.0.0.1 /webshop/index.php/Index/proCategory
INFO: [ route_check ] --START--
INFO: CheckRoute Behavior ::run [ RunTime:0.003235s ]
INFO: [ route_check ] --END-- [ RunTime:0.003352s ]
INFO: [ app_begin ] --START--
INFO: ReadHtmlCache Behavior ::run [ RunTime:0.002825s ]
INFO: [ app_begin ] --END-- [ RunTime:0.002910s ]
INFO: [ view_parse ] --START--
INFO: ParseTemplate Behavior ::run [ RunTime:0.037045s ]
INFO: [ view_parse ] --END-- [ RunTime:0.037180s ]
INFO: [ view_filter ] --START--
INFO: ContentReplace Behavior ::run [ RunTime:0.002789s ]
INFO: TokenBuild Behavior ::run [ RunTime:0.002669s ]
INFO: WriteHtmlCache Behavior ::run [ RunTime:0.002488s ]
INFO: ShowRuntime Behavior ::run [ RunTime:0.002725s ]
INFO: [ view_filter ] --END-- [ RunTime:0.010894s ]
INFO: [ view_end ] --START--
INFO: ShowPageTrace Behavior ::run [ RunTime:0.003296s ]
INFO: [ view_end ] --END-- [ RunTime:0.003405s ]

[ 2017-03-26T20:14:21+08:00 ] 127.0.0.1 /webshop/index.php/Index/proCategory
INFO: [ route_check ] --START--
INFO: CheckRoute Behavior ::run [ RunTime:0.001842s ]
INFO: [ route_check ] --END-- [ RunTime:0.002006s ]
INFO: [ app_begin ] --START--
INFO: ReadHtmlCache Behavior ::run [ RunTime:0.001372s ]
INFO: [ app_begin ] --END-- [ RunTime:0.001496s ]
INFO: [ view_parse ] --START--
INFO: ParseTemplate Behavior ::run [ RunTime:0.025862s ]
INFO: [ view_parse ] --END-- [ RunTime:0.025978s ]
INFO: [ view_filter ] --START--
INFO: ContentReplace Behavior ::run [ RunTime:0.000852s ]
INFO: TokenBuild Behavior ::run [ RunTime:0.000749s ]
INFO: WriteHtmlCache Behavior ::run [ RunTime:0.000612s ]
INFO: ShowRuntime Behavior ::run [ RunTime:0.000918s ]
INFO: [ view_filter ] --END-- [ RunTime:0.003394s ]
INFO: [ view_end ] --START--
INFO: ShowPageTrace Behavior ::run [ RunTime:0.001510s ]
INFO: [ view_end ] --END-- [ RunTime:0.001648s ]

[ 2017-03-26T20:14:22+08:00 ] 127.0.0.1 /webshop/index.php/Index/proCategory
INFO: [ route_check ] --START--
INFO: CheckRoute Behavior ::run [ RunTime:0.001173s ]
INFO: [ route_check ] --END-- [ RunTime:0.001280s ]
INFO: [ app_begin ] --START--
INFO: ReadHtmlCache Behavior ::run [ RunTime:0.001067s ]
INFO: [ app_begin ] --END-- [ RunTime:0.001144s ]
INFO: [ view_parse ] --START--
INFO: ParseTemplate Behavior ::run [ RunTime:0.023293s ]
INFO: [ view_parse ] --END-- [ RunTime:0.023414s ]
INFO: [ view_filter ] --START--
INFO: ContentReplace Behavior ::run [ RunTime:0.000789s ]
INFO: TokenBuild Behavior ::run [ RunTime:0.000723s ]
INFO: WriteHtmlCache Behavior ::run [ RunTime:0.000573s ]
INFO: ShowRuntime Behavior ::run [ RunTime:0.000782s ]
INFO: [ view_filter ] --END-- [ RunTime:0.003101s ]
INFO: [ view_end ] --START--
INFO: ShowPageTrace Behavior ::run [ RunTime:0.001598s ]
INFO: [ view_end ] --END-- [ RunTime:0.001720s ]

[ 2017-03-26T20:14:54+08:00 ] 127.0.0.1 /webshop/index.php/Index/proCategory
INFO: [ route_check ] --START--
INFO: CheckRoute Behavior ::run [ RunTime:0.001173s ]
INFO: [ route_check ] --END-- [ RunTime:0.001280s ]
INFO: [ app_begin ] --START--
INFO: ReadHtmlCache Behavior ::run [ RunTime:0.000856s ]
INFO: [ app_begin ] --END-- [ RunTime:0.000931s ]
INFO: [ view_parse ] --START--
INFO: ParseTemplate Behavior ::run [ RunTime:0.023631s ]
INFO: [ view_parse ] --END-- [ RunTime:0.023749s ]
INFO: [ view_filter ] --START--
INFO: ContentReplace Behavior ::run [ RunTime:0.000788s ]
INFO: TokenBuild Behavior ::run [ RunTime:0.000715s ]
INFO: WriteHtmlCache Behavior ::run [ RunTime:0.000579s ]
INFO: ShowRuntime Behavior ::run [ RunTime:0.000793s ]
INFO: [ view_filter ] --END-- [ RunTime:0.003084s ]
INFO: [ view_end ] --START--
INFO: ShowPageTrace Behavior ::run [ RunTime:0.004640s ]
INFO: [ view_end ] --END-- [ RunTime:0.006148s ]

[ 2017-03-26T20:14:54+08:00 ] 127.0.0.1 /webshop/index.php/Index/index
INFO: [ route_check ] --START--
INFO: CheckRoute Behavior ::run [ RunTime:0.001161s ]
INFO: [ route_check ] --END-- [ RunTime:0.001265s ]
INFO: [ app_begin ] --START--
INFO: ReadHtmlCache Behavior ::run [ RunTime:0.000856s ]
INFO: [ app_begin ] --END-- [ RunTime:0.000930s ]
INFO: [ view_parse ] --START--
INFO: ParseTemplate Behavior ::run [ RunTime:0.027195s ]
INFO: [ view_parse ] --END-- [ RunTime:0.027315s ]
INFO: [ view_filter ] --START--
INFO: ContentReplace Behavior ::run [ RunTime:0.000875s ]
INFO: TokenBuild Behavior ::run [ RunTime:0.000712s ]
INFO: WriteHtmlCache Behavior ::run [ RunTime:0.000581s ]
INFO: ShowRuntime Behavior ::run [ RunTime:0.000808s ]
INFO: [ view_filter ] --END-- [ RunTime:0.003186s ]
INFO: [ view_end ] --START--
INFO: ShowPageTrace Behavior ::run [ RunTime:0.000969s ]
INFO: [ view_end ] --END-- [ RunTime:0.001060s ]

