[ 2017-04-13T10:38:36+08:00 ] 127.0.0.1 /webshop/Index/Tpl/Index/__PUBLIC__/css/index.css
INFO: [ route_check ] --START--
INFO: CheckRoute Behavior ::run [ RunTime:0.003432s ]
INFO: [ route_check ] --END-- [ RunTime:0.003567s ]
INFO: [ app_begin ] --START--
INFO: ReadHtmlCache Behavior ::run [ RunTime:0.002939s ]
INFO: [ app_begin ] --END-- [ RunTime:0.003035s ]
ERR: 非法操作:Tpl

[ 2017-04-13T10:39:26+08:00 ] 127.0.0.1 /webshop/Index/Tpl/Index/index
INFO: [ route_check ] --START--
INFO: CheckRoute Behavior ::run [ RunTime:0.001249s ]
INFO: [ route_check ] --END-- [ RunTime:0.001362s ]
INFO: [ app_begin ] --START--
INFO: ReadHtmlCache Behavior ::run [ RunTime:0.000908s ]
INFO: [ app_begin ] --END-- [ RunTime:0.000990s ]
ERR: 非法操作:Tpl

[ 2017-04-13T10:39:50+08:00 ] 127.0.0.1 /webshop/index.php/Index/index
INFO: [ route_check ] --START--
INFO: CheckRoute Behavior ::run [ RunTime:0.003814s ]
INFO: [ route_check ] --END-- [ RunTime:0.003996s ]
INFO: [ app_begin ] --START--
INFO: ReadHtmlCache Behavior ::run [ RunTime:0.002972s ]
INFO: [ app_begin ] --END-- [ RunTime:0.003075s ]
INFO: [ view_parse ] --START--
INFO: ParseTemplate Behavior ::run [ RunTime:0.056656s ]
INFO: [ view_parse ] --END-- [ RunTime:0.056843s ]
INFO: [ view_filter ] --START--
INFO: ContentReplace Behavior ::run [ RunTime:0.004611s ]
INFO: TokenBuild Behavior ::run [ RunTime:0.002931s ]
INFO: WriteHtmlCache Behavior ::run [ RunTime:0.002930s ]
INFO: ShowRuntime Behavior ::run [ RunTime:0.002925s ]
INFO: [ view_filter ] --END-- [ RunTime:0.013758s ]
INFO: [ view_end ] --START--
INFO: ShowPageTrace Behavior ::run [ RunTime:0.003472s ]
INFO: [ view_end ] --END-- [ RunTime:0.003647s ]

[ 2017-04-13T13:25:57+08:00 ] 127.0.0.1 /webshop/Public/bootstrap/css/bootstrap.min.css.map
INFO: [ route_check ] --START--
INFO: CheckRoute Behavior ::run [ RunTime:0.001577s ]
INFO: [ route_check ] --END-- [ RunTime:0.001714s ]
INFO: [ app_begin ] --START--
INFO: ReadHtmlCache Behavior ::run [ RunTime:0.000914s ]
INFO: [ app_begin ] --END-- [ RunTime:0.000996s ]
ERR: 无法加载模块:Public

[ 2017-04-13T13:26:11+08:00 ] 127.0.0.1 /webshop/Public/bootstrap/css/bootstrap.min.css.map
INFO: [ route_check ] --START--
INFO: CheckRoute Behavior ::run [ RunTime:0.005925s ]
INFO: [ route_check ] --END-- [ RunTime:0.006118s ]
INFO: [ app_begin ] --START--
INFO: ReadHtmlCache Behavior ::run [ RunTime:0.005061s ]
INFO: [ app_begin ] --END-- [ RunTime:0.005243s ]
ERR: 无法加载模块:Public

[ 2017-04-13T13:27:58+08:00 ] 127.0.0.1 /webshop/Public/bootstrap/css/bootstrap.min.css.map
INFO: [ route_check ] --START--
INFO: CheckRoute Behavior ::run [ RunTime:0.004589s ]
INFO: [ route_check ] --END-- [ RunTime:0.004908s ]
INFO: [ app_begin ] --START--
INFO: ReadHtmlCache Behavior ::run [ RunTime:0.003181s ]
INFO: [ app_begin ] --END-- [ RunTime:0.003275s ]
ERR: 无法加载模块:Public

[ 2017-04-13T13:28:21+08:00 ] 127.0.0.1 /webshop/Public/bootstrap/css/bootstrap.min.css.map
INFO: [ route_check ] --START--
INFO: CheckRoute Behavior ::run [ RunTime:0.006415s ]
INFO: [ route_check ] --END-- [ RunTime:0.006746s ]
INFO: [ app_begin ] --START--
INFO: ReadHtmlCache Behavior ::run [ RunTime:0.004378s ]
INFO: [ app_begin ] --END-- [ RunTime:0.004530s ]
ERR: 无法加载模块:Public

[ 2017-04-13T13:28:40+08:00 ] 127.0.0.1 /webshop/Public/bootstrap/css/bootstrap.min.css.map
INFO: [ route_check ] --START--
INFO: CheckRoute Behavior ::run [ RunTime:0.001946s ]
INFO: [ route_check ] --END-- [ RunTime:0.002136s ]
INFO: [ app_begin ] --START--
INFO: ReadHtmlCache Behavior ::run [ RunTime:0.001469s ]
INFO: [ app_begin ] --END-- [ RunTime:0.001655s ]
ERR: 无法加载模块:Public

[ 2017-04-13T13:28:52+08:00 ] 127.0.0.1 /webshop/Public/bootstrap/css/bootstrap.min.css.map
INFO: [ route_check ] --START--
INFO: CheckRoute Behavior ::run [ RunTime:0.001251s ]
INFO: [ route_check ] --END-- [ RunTime:0.001370s ]
INFO: [ app_begin ] --START--
INFO: ReadHtmlCache Behavior ::run [ RunTime:0.001342s ]
INFO: [ app_begin ] --END-- [ RunTime:0.001489s ]
ERR: 无法加载模块:Public

[ 2017-04-13T13:30:14+08:00 ] 127.0.0.1 /webshop/Public/bootstrap/css/bootstrap.min.css.map
INFO: [ route_check ] --START--
INFO: CheckRoute Behavior ::run [ RunTime:0.005651s ]
INFO: [ route_check ] --END-- [ RunTime:0.005856s ]
INFO: [ app_begin ] --START--
INFO: ReadHtmlCache Behavior ::run [ RunTime:0.007871s ]
INFO: [ app_begin ] --END-- [ RunTime:0.008066s ]
ERR: 无法加载模块:Public

[ 2017-04-13T13:31:22+08:00 ] 127.0.0.1 /webshop/Public/bootstrap/css/bootstrap.min.css.map
INFO: [ route_check ] --START--
INFO: CheckRoute Behavior ::run [ RunTime:0.001900s ]
INFO: [ route_check ] --END-- [ RunTime:0.002082s ]
INFO: [ app_begin ] --START--
INFO: ReadHtmlCache Behavior ::run [ RunTime:0.001548s ]
INFO: [ app_begin ] --END-- [ RunTime:0.001708s ]
ERR: 无法加载模块:Public

[ 2017-04-13T13:32:19+08:00 ] 127.0.0.1 /webshop/Public/bootstrap/css/bootstrap.min.css.map
INFO: [ route_check ] --START--
INFO: CheckRoute Behavior ::run [ RunTime:0.001921s ]
INFO: [ route_check ] --END-- [ RunTime:0.002104s ]
INFO: [ app_begin ] --START--
INFO: ReadHtmlCache Behavior ::run [ RunTime:0.001423s ]
INFO: [ app_begin ] --END-- [ RunTime:0.001605s ]
ERR: 无法加载模块:Public

[ 2017-04-13T13:33:16+08:00 ] 127.0.0.1 /webshop/Public/bootstrap/css/bootstrap.min.css.map
INFO: [ route_check ] --START--
INFO: CheckRoute Behavior ::run [ RunTime:0.002382s ]
INFO: [ route_check ] --END-- [ RunTime:0.002583s ]
INFO: [ app_begin ] --START--
INFO: ReadHtmlCache Behavior ::run [ RunTime:0.001402s ]
INFO: [ app_begin ] --END-- [ RunTime:0.001530s ]
ERR: 无法加载模块:Public

[ 2017-04-13T13:33:30+08:00 ] 127.0.0.1 /webshop/Public/bootstrap/css/bootstrap.min.css.map
INFO: [ route_check ] --START--
INFO: CheckRoute Behavior ::run [ RunTime:0.001279s ]
INFO: [ route_check ] --END-- [ RunTime:0.001422s ]
INFO: [ app_begin ] --START--
INFO: ReadHtmlCache Behavior ::run [ RunTime:0.000936s ]
INFO: [ app_begin ] --END-- [ RunTime:0.001024s ]
ERR: 无法加载模块:Public

[ 2017-04-13T15:04:32+08:00 ] 127.0.0.1 /webshop/Public/bootstrap/css/bootstrap.min.css.map
INFO: [ route_check ] --START--
INFO: CheckRoute Behavior ::run [ RunTime:0.001349s ]
INFO: [ route_check ] --END-- [ RunTime:0.001473s ]
INFO: [ app_begin ] --START--
INFO: ReadHtmlCache Behavior ::run [ RunTime:0.000934s ]
INFO: [ app_begin ] --END-- [ RunTime:0.001034s ]
ERR: 无法加载模块:Public

[ 2017-04-13T15:04:33+08:00 ] 127.0.0.1 /webshop/Public/bootstrap/css/bootstrap.min.css.map
INFO: [ route_check ] --START--
INFO: CheckRoute Behavior ::run [ RunTime:0.003222s ]
INFO: [ route_check ] --END-- [ RunTime:0.003342s ]
INFO: [ app_begin ] --START--
INFO: ReadHtmlCache Behavior ::run [ RunTime:0.003294s ]
INFO: [ app_begin ] --END-- [ RunTime:0.003476s ]
ERR: 无法加载模块:Public

[ 2017-04-13T15:04:59+08:00 ] 127.0.0.1 /webshop/Public/bootstrap/css/bootstrap.min.css.map
INFO: [ route_check ] --START--
INFO: CheckRoute Behavior ::run [ RunTime:0.001244s ]
INFO: [ route_check ] --END-- [ RunTime:0.001361s ]
INFO: [ app_begin ] --START--
INFO: ReadHtmlCache Behavior ::run [ RunTime:0.001477s ]
INFO: [ app_begin ] --END-- [ RunTime:0.001639s ]
ERR: 无法加载模块:Public

[ 2017-04-13T15:05:28+08:00 ] 127.0.0.1 /webshop/Public/bootstrap/css/bootstrap.min.css.map
INFO: [ route_check ] --START--
INFO: CheckRoute Behavior ::run [ RunTime:0.005408s ]
INFO: [ route_check ] --END-- [ RunTime:0.005791s ]
INFO: [ app_begin ] --START--
INFO: ReadHtmlCache Behavior ::run [ RunTime:0.004776s ]
INFO: [ app_begin ] --END-- [ RunTime:0.004959s ]
ERR: 无法加载模块:Public

[ 2017-04-13T15:05:41+08:00 ] 127.0.0.1 /webshop/Public/bootstrap/css/bootstrap.min.css.map
INFO: [ route_check ] --START--
INFO: CheckRoute Behavior ::run [ RunTime:0.001562s ]
INFO: [ route_check ] --END-- [ RunTime:0.001715s ]
INFO: [ app_begin ] --START--
INFO: ReadHtmlCache Behavior ::run [ RunTime:0.001034s ]
INFO: [ app_begin ] --END-- [ RunTime:0.001150s ]
ERR: 无法加载模块:Public

[ 2017-04-13T15:17:35+08:00 ] 127.0.0.1 /webshop/Public/bootstrap/css/bootstrap.min.css.map
INFO: [ route_check ] --START--
INFO: CheckRoute Behavior ::run [ RunTime:0.001964s ]
INFO: [ route_check ] --END-- [ RunTime:0.002156s ]
INFO: [ app_begin ] --START--
INFO: ReadHtmlCache Behavior ::run [ RunTime:0.001494s ]
INFO: [ app_begin ] --END-- [ RunTime:0.001668s ]
ERR: 无法加载模块:Public

[ 2017-04-13T15:17:39+08:00 ] 127.0.0.1 /webshop/Public/bootstrap/css/bootstrap.min.css.map
INFO: [ route_check ] --START--
INFO: CheckRoute Behavior ::run [ RunTime:0.002229s ]
INFO: [ route_check ] --END-- [ RunTime:0.002451s ]
INFO: [ app_begin ] --START--
INFO: ReadHtmlCache Behavior ::run [ RunTime:0.001651s ]
INFO: [ app_begin ] --END-- [ RunTime:0.001897s ]
ERR: 无法加载模块:Public

[ 2017-04-13T16:49:15+08:00 ] 127.0.0.1 /webshop/Public/bootstrap/css/bootstrap.min.css.map
INFO: [ route_check ] --START--
INFO: CheckRoute Behavior ::run [ RunTime:0.005476s ]
INFO: [ route_check ] --END-- [ RunTime:0.005627s ]
INFO: [ app_begin ] --START--
INFO: ReadHtmlCache Behavior ::run [ RunTime:0.003605s ]
INFO: [ app_begin ] --END-- [ RunTime:0.003727s ]
ERR: 无法加载模块:Public

[ 2017-04-13T16:49:43+08:00 ] 127.0.0.1 /webshop/Public/bootstrap/css/bootstrap.min.css.map
INFO: [ route_check ] --START--
INFO: CheckRoute Behavior ::run [ RunTime:0.002069s ]
INFO: [ route_check ] --END-- [ RunTime:0.002280s ]
INFO: [ app_begin ] --START--
INFO: ReadHtmlCache Behavior ::run [ RunTime:0.001425s ]
INFO: [ app_begin ] --END-- [ RunTime:0.001565s ]
ERR: 无法加载模块:Public

[ 2017-04-13T16:52:05+08:00 ] 127.0.0.1 /webshop/Public/bootstrap/css/bootstrap.min.css.map
INFO: [ route_check ] --START--
INFO: CheckRoute Behavior ::run [ RunTime:0.002100s ]
INFO: [ route_check ] --END-- [ RunTime:0.002290s ]
INFO: [ app_begin ] --START--
INFO: ReadHtmlCache Behavior ::run [ RunTime:0.001560s ]
INFO: [ app_begin ] --END-- [ RunTime:0.001740s ]
ERR: 无法加载模块:Public

[ 2017-04-13T16:52:12+08:00 ] 127.0.0.1 /webshop/Public/bootstrap/css/bootstrap.min.css.map
INFO: [ route_check ] --START--
INFO: CheckRoute Behavior ::run [ RunTime:0.006001s ]
INFO: [ route_check ] --END-- [ RunTime:0.006320s ]
INFO: [ app_begin ] --START--
INFO: ReadHtmlCache Behavior ::run [ RunTime:0.005607s ]
INFO: [ app_begin ] --END-- [ RunTime:0.005865s ]
ERR: 无法加载模块:Public

[ 2017-04-13T16:57:28+08:00 ] 127.0.0.1 /webshop/Public/bootstrap/css/bootstrap.min.css.map
INFO: [ route_check ] --START--
INFO: CheckRoute Behavior ::run [ RunTime:0.001995s ]
INFO: [ route_check ] --END-- [ RunTime:0.002189s ]
INFO: [ app_begin ] --START--
INFO: ReadHtmlCache Behavior ::run [ RunTime:0.001438s ]
INFO: [ app_begin ] --END-- [ RunTime:0.001616s ]
ERR: 无法加载模块:Public

[ 2017-04-13T16:57:56+08:00 ] 127.0.0.1 /webshop/Public/bootstrap/css/bootstrap.min.css.map
INFO: [ route_check ] --START--
INFO: CheckRoute Behavior ::run [ RunTime:0.002158s ]
INFO: [ route_check ] --END-- [ RunTime:0.002349s ]
INFO: [ app_begin ] --START--
INFO: ReadHtmlCache Behavior ::run [ RunTime:0.001883s ]
INFO: [ app_begin ] --END-- [ RunTime:0.002087s ]
ERR: 无法加载模块:Public

[ 2017-04-13T16:58:47+08:00 ] 127.0.0.1 /webshop/Public/bootstrap/css/bootstrap.min.css.map
INFO: [ route_check ] --START--
INFO: CheckRoute Behavior ::run [ RunTime:0.001586s ]
INFO: [ route_check ] --END-- [ RunTime:0.001799s ]
INFO: [ app_begin ] --START--
INFO: ReadHtmlCache Behavior ::run [ RunTime:0.001536s ]
INFO: [ app_begin ] --END-- [ RunTime:0.001721s ]
ERR: 无法加载模块:Public

[ 2017-04-13T16:58:54+08:00 ] 127.0.0.1 /webshop/Public/bootstrap/css/bootstrap.min.css.map
INFO: [ route_check ] --START--
INFO: CheckRoute Behavior ::run [ RunTime:0.002384s ]
INFO: [ route_check ] --END-- [ RunTime:0.002633s ]
INFO: [ app_begin ] --START--
INFO: ReadHtmlCache Behavior ::run [ RunTime:0.001493s ]
INFO: [ app_begin ] --END-- [ RunTime:0.001658s ]
ERR: 无法加载模块:Public

[ 2017-04-13T16:59:21+08:00 ] 127.0.0.1 /webshop/Public/bootstrap/css/bootstrap.min.css.map
INFO: [ route_check ] --START--
INFO: CheckRoute Behavior ::run [ RunTime:0.001894s ]
INFO: [ route_check ] --END-- [ RunTime:0.002083s ]
INFO: [ app_begin ] --START--
INFO: ReadHtmlCache Behavior ::run [ RunTime:0.001532s ]
INFO: [ app_begin ] --END-- [ RunTime:0.001690s ]
ERR: 无法加载模块:Public

[ 2017-04-13T16:59:35+08:00 ] 127.0.0.1 /webshop/Public/bootstrap/css/bootstrap.min.css.map
INFO: [ route_check ] --START--
INFO: CheckRoute Behavior ::run [ RunTime:0.001962s ]
INFO: [ route_check ] --END-- [ RunTime:0.002163s ]
INFO: [ app_begin ] --START--
INFO: ReadHtmlCache Behavior ::run [ RunTime:0.001411s ]
INFO: [ app_begin ] --END-- [ RunTime:0.001557s ]
ERR: 无法加载模块:Public

[ 2017-04-13T17:07:01+08:00 ] 127.0.0.1 /webshop/Public/bootstrap/css/bootstrap.min.css.map
INFO: [ route_check ] --START--
INFO: CheckRoute Behavior ::run [ RunTime:0.003534s ]
INFO: [ route_check ] --END-- [ RunTime:0.003657s ]
INFO: [ app_begin ] --START--
INFO: ReadHtmlCache Behavior ::run [ RunTime:0.003092s ]
INFO: [ app_begin ] --END-- [ RunTime:0.003231s ]
ERR: 无法加载模块:Public

[ 2017-04-13T17:07:32+08:00 ] 127.0.0.1 /webshop/Public/bootstrap/css/bootstrap.min.css.map
INFO: [ route_check ] --START--
INFO: CheckRoute Behavior ::run [ RunTime:0.001355s ]
INFO: [ route_check ] --END-- [ RunTime:0.001475s ]
INFO: [ app_begin ] --START--
INFO: ReadHtmlCache Behavior ::run [ RunTime:0.001039s ]
INFO: [ app_begin ] --END-- [ RunTime:0.001173s ]
ERR: 无法加载模块:Public

[ 2017-04-13T17:07:51+08:00 ] 127.0.0.1 /webshop/Public/bootstrap/css/bootstrap.min.css.map
INFO: [ route_check ] --START--
INFO: CheckRoute Behavior ::run [ RunTime:0.001788s ]
INFO: [ route_check ] --END-- [ RunTime:0.001949s ]
INFO: [ app_begin ] --START--
INFO: ReadHtmlCache Behavior ::run [ RunTime:0.001779s ]
INFO: [ app_begin ] --END-- [ RunTime:0.002060s ]
ERR: 无法加载模块:Public

[ 2017-04-13T17:13:31+08:00 ] 127.0.0.1 /webshop/Public/bootstrap/css/bootstrap.min.css.map
INFO: [ route_check ] --START--
INFO: CheckRoute Behavior ::run [ RunTime:0.001238s ]
INFO: [ route_check ] --END-- [ RunTime:0.001349s ]
INFO: [ app_begin ] --START--
INFO: ReadHtmlCache Behavior ::run [ RunTime:0.000920s ]
INFO: [ app_begin ] --END-- [ RunTime:0.001009s ]
ERR: 无法加载模块:Public

[ 2017-04-13T17:13:57+08:00 ] 127.0.0.1 /webshop/Public/bootstrap/css/bootstrap.min.css.map
INFO: [ route_check ] --START--
INFO: CheckRoute Behavior ::run [ RunTime:0.001877s ]
INFO: [ route_check ] --END-- [ RunTime:0.002048s ]
INFO: [ app_begin ] --START--
INFO: ReadHtmlCache Behavior ::run [ RunTime:0.001413s ]
INFO: [ app_begin ] --END-- [ RunTime:0.001587s ]
ERR: 无法加载模块:Public

[ 2017-04-13T17:35:28+08:00 ] 127.0.0.1 /webshop/Public/bootstrap/css/bootstrap.min.css.map
INFO: [ route_check ] --START--
INFO: CheckRoute Behavior ::run [ RunTime:0.002364s ]
INFO: [ route_check ] --END-- [ RunTime:0.002496s ]
INFO: [ app_begin ] --START--
INFO: ReadHtmlCache Behavior ::run [ RunTime:0.001720s ]
INFO: [ app_begin ] --END-- [ RunTime:0.001983s ]
ERR: 无法加载模块:Public

[ 2017-04-13T17:36:11+08:00 ] 127.0.0.1 /webshop/Public/bootstrap/css/bootstrap.min.css.map
INFO: [ route_check ] --START--
INFO: CheckRoute Behavior ::run [ RunTime:0.002300s ]
INFO: [ route_check ] --END-- [ RunTime:0.002634s ]
INFO: [ app_begin ] --START--
INFO: ReadHtmlCache Behavior ::run [ RunTime:0.001392s ]
INFO: [ app_begin ] --END-- [ RunTime:0.001547s ]
ERR: 无法加载模块:Public

[ 2017-04-13T17:51:29+08:00 ] 127.0.0.1 /webshop/Public/bootstrap/css/bootstrap.min.css.map
INFO: [ route_check ] --START--
INFO: CheckRoute Behavior ::run [ RunTime:0.002363s ]
INFO: [ route_check ] --END-- [ RunTime:0.002579s ]
INFO: [ app_begin ] --START--
INFO: ReadHtmlCache Behavior ::run [ RunTime:0.001343s ]
INFO: [ app_begin ] --END-- [ RunTime:0.001503s ]
ERR: 无法加载模块:Public

[ 2017-04-13T17:52:43+08:00 ] 127.0.0.1 /webshop/Public/bootstrap/css/bootstrap.min.css.map
INFO: [ route_check ] --START--
INFO: CheckRoute Behavior ::run [ RunTime:0.001873s ]
INFO: [ route_check ] --END-- [ RunTime:0.002050s ]
INFO: [ app_begin ] --START--
INFO: ReadHtmlCache Behavior ::run [ RunTime:0.001940s ]
INFO: [ app_begin ] --END-- [ RunTime:0.002137s ]
ERR: 无法加载模块:Public

[ 2017-04-13T17:53:42+08:00 ] 127.0.0.1 /webshop/Public/bootstrap/css/bootstrap.min.css.map
INFO: [ route_check ] --START--
INFO: CheckRoute Behavior ::run [ RunTime:0.002718s ]
INFO: [ route_check ] --END-- [ RunTime:0.003073s ]
INFO: [ app_begin ] --START--
INFO: ReadHtmlCache Behavior ::run [ RunTime:0.001188s ]
INFO: [ app_begin ] --END-- [ RunTime:0.001334s ]
ERR: 无法加载模块:Public

[ 2017-04-13T17:57:01+08:00 ] 127.0.0.1 /webshop/Public/bootstrap/css/bootstrap.min.css.map
INFO: [ route_check ] --START--
INFO: CheckRoute Behavior ::run [ RunTime:0.001917s ]
INFO: [ route_check ] --END-- [ RunTime:0.002091s ]
INFO: [ app_begin ] --START--
INFO: ReadHtmlCache Behavior ::run [ RunTime:0.001517s ]
INFO: [ app_begin ] --END-- [ RunTime:0.001703s ]
ERR: 无法加载模块:Public

[ 2017-04-13T17:58:01+08:00 ] 127.0.0.1 /webshop/Public/bootstrap/css/bootstrap.min.css.map
INFO: [ route_check ] --START--
INFO: CheckRoute Behavior ::run [ RunTime:0.002059s ]
INFO: [ route_check ] --END-- [ RunTime:0.002278s ]
INFO: [ app_begin ] --START--
INFO: ReadHtmlCache Behavior ::run [ RunTime:0.001674s ]
INFO: [ app_begin ] --END-- [ RunTime:0.002020s ]
ERR: 无法加载模块:Public

[ 2017-04-13T17:59:11+08:00 ] 127.0.0.1 /webshop/Public/bootstrap/css/bootstrap.min.css.map
INFO: [ route_check ] --START--
INFO: CheckRoute Behavior ::run [ RunTime:0.002080s ]
INFO: [ route_check ] --END-- [ RunTime:0.002300s ]
INFO: [ app_begin ] --START--
INFO: ReadHtmlCache Behavior ::run [ RunTime:0.001517s ]
INFO: [ app_begin ] --END-- [ RunTime:0.001731s ]
ERR: 无法加载模块:Public

[ 2017-04-13T19:04:57+08:00 ] 127.0.0.1 /webshop/Public/bootstrap/css/bootstrap.min.css.map
INFO: [ route_check ] --START--
INFO: CheckRoute Behavior ::run [ RunTime:0.002235s ]
INFO: [ route_check ] --END-- [ RunTime:0.002517s ]
INFO: [ app_begin ] --START--
INFO: ReadHtmlCache Behavior ::run [ RunTime:0.002281s ]
INFO: [ app_begin ] --END-- [ RunTime:0.002485s ]
ERR: 无法加载模块:Public

[ 2017-04-13T19:04:59+08:00 ] 127.0.0.1 /webshop/Public/bootstrap/css/bootstrap.min.css.map
INFO: [ route_check ] --START--
INFO: CheckRoute Behavior ::run [ RunTime:0.001936s ]
INFO: [ route_check ] --END-- [ RunTime:0.002127s ]
INFO: [ app_begin ] --START--
INFO: ReadHtmlCache Behavior ::run [ RunTime:0.001524s ]
INFO: [ app_begin ] --END-- [ RunTime:0.001685s ]
ERR: 无法加载模块:Public

[ 2017-04-13T19:38:49+08:00 ] 127.0.0.1 /webshop/Public/bootstrap/css/bootstrap.min.css.map
INFO: [ route_check ] --START--
INFO: CheckRoute Behavior ::run [ RunTime:0.003387s ]
INFO: [ route_check ] --END-- [ RunTime:0.003519s ]
INFO: [ app_begin ] --START--
INFO: ReadHtmlCache Behavior ::run [ RunTime:0.003081s ]
INFO: [ app_begin ] --END-- [ RunTime:0.003236s ]
ERR: 无法加载模块:Public

[ 2017-04-13T19:38:51+08:00 ] 127.0.0.1 /webshop/Public/bootstrap/css/bootstrap.min.css.map
INFO: [ route_check ] --START--
INFO: CheckRoute Behavior ::run [ RunTime:0.002512s ]
INFO: [ route_check ] --END-- [ RunTime:0.002838s ]
INFO: [ app_begin ] --START--
INFO: ReadHtmlCache Behavior ::run [ RunTime:0.002157s ]
INFO: [ app_begin ] --END-- [ RunTime:0.002453s ]
ERR: 无法加载模块:Public

[ 2017-04-13T19:38:56+08:00 ] 127.0.0.1 /webshop/Public/bootstrap/css/bootstrap.min.css.map
INFO: [ route_check ] --START--
INFO: CheckRoute Behavior ::run [ RunTime:0.002044s ]
INFO: [ route_check ] --END-- [ RunTime:0.002243s ]
INFO: [ app_begin ] --START--
INFO: ReadHtmlCache Behavior ::run [ RunTime:0.002906s ]
INFO: [ app_begin ] --END-- [ RunTime:0.003248s ]
ERR: 无法加载模块:Public

[ 2017-04-13T19:39:13+08:00 ] 127.0.0.1 /webshop/Public/bootstrap/css/bootstrap.min.css.map
INFO: [ route_check ] --START--
INFO: CheckRoute Behavior ::run [ RunTime:0.002015s ]
INFO: [ route_check ] --END-- [ RunTime:0.002211s ]
INFO: [ app_begin ] --START--
INFO: ReadHtmlCache Behavior ::run [ RunTime:0.001611s ]
INFO: [ app_begin ] --END-- [ RunTime:0.001778s ]
ERR: 无法加载模块:Public

[ 2017-04-13T19:39:56+08:00 ] 127.0.0.1 /webshop/Public/bootstrap/css/bootstrap.min.css.map
INFO: [ route_check ] --START--
INFO: CheckRoute Behavior ::run [ RunTime:0.001948s ]
INFO: [ route_check ] --END-- [ RunTime:0.002115s ]
INFO: [ app_begin ] --START--
INFO: ReadHtmlCache Behavior ::run [ RunTime:0.001357s ]
INFO: [ app_begin ] --END-- [ RunTime:0.001537s ]
ERR: 无法加载模块:Public

[ 2017-04-13T19:40:33+08:00 ] 127.0.0.1 /webshop/Public/bootstrap/css/bootstrap.min.css.map
INFO: [ route_check ] --START--
INFO: CheckRoute Behavior ::run [ RunTime:0.002753s ]
INFO: [ route_check ] --END-- [ RunTime:0.003163s ]
INFO: [ app_begin ] --START--
INFO: ReadHtmlCache Behavior ::run [ RunTime:0.001956s ]
INFO: [ app_begin ] --END-- [ RunTime:0.002164s ]
ERR: 无法加载模块:Public

[ 2017-04-13T19:41:07+08:00 ] 127.0.0.1 /webshop/Public/bootstrap/css/bootstrap.min.css.map
INFO: [ route_check ] --START--
INFO: CheckRoute Behavior ::run [ RunTime:0.002238s ]
INFO: [ route_check ] --END-- [ RunTime:0.002455s ]
INFO: [ app_begin ] --START--
INFO: ReadHtmlCache Behavior ::run [ RunTime:0.001941s ]
INFO: [ app_begin ] --END-- [ RunTime:0.002145s ]
ERR: 无法加载模块:Public

[ 2017-04-13T19:41:27+08:00 ] 127.0.0.1 /webshop/Public/bootstrap/css/bootstrap.min.css.map
INFO: [ route_check ] --START--
INFO: CheckRoute Behavior ::run [ RunTime:0.001992s ]
INFO: [ route_check ] --END-- [ RunTime:0.002198s ]
INFO: [ app_begin ] --START--
INFO: ReadHtmlCache Behavior ::run [ RunTime:0.001461s ]
INFO: [ app_begin ] --END-- [ RunTime:0.001636s ]
ERR: 无法加载模块:Public

[ 2017-04-13T19:41:52+08:00 ] 127.0.0.1 /webshop/Public/bootstrap/css/bootstrap.min.css.map
INFO: [ route_check ] --START--
INFO: CheckRoute Behavior ::run [ RunTime:0.001974s ]
INFO: [ route_check ] --END-- [ RunTime:0.002158s ]
INFO: [ app_begin ] --START--
INFO: ReadHtmlCache Behavior ::run [ RunTime:0.001910s ]
INFO: [ app_begin ] --END-- [ RunTime:0.002294s ]
ERR: 无法加载模块:Public

[ 2017-04-13T19:42:07+08:00 ] 127.0.0.1 /webshop/Public/bootstrap/css/bootstrap.min.css.map
INFO: [ route_check ] --START--
INFO: CheckRoute Behavior ::run [ RunTime:0.002793s ]
INFO: [ route_check ] --END-- [ RunTime:0.003200s ]
INFO: [ app_begin ] --START--
INFO: ReadHtmlCache Behavior ::run [ RunTime:0.001978s ]
INFO: [ app_begin ] --END-- [ RunTime:0.002186s ]
ERR: 无法加载模块:Public

[ 2017-04-13T19:42:20+08:00 ] 127.0.0.1 /webshop/Public/bootstrap/css/bootstrap.min.css.map
INFO: [ route_check ] --START--
INFO: CheckRoute Behavior ::run [ RunTime:0.001400s ]
INFO: [ route_check ] --END-- [ RunTime:0.001541s ]
INFO: [ app_begin ] --START--
INFO: ReadHtmlCache Behavior ::run [ RunTime:0.001163s ]
INFO: [ app_begin ] --END-- [ RunTime:0.001322s ]
ERR: 无法加载模块:Public

[ 2017-04-13T19:42:32+08:00 ] 127.0.0.1 /webshop/Public/bootstrap/css/bootstrap.min.css.map
INFO: [ route_check ] --START--
INFO: CheckRoute Behavior ::run [ RunTime:0.002065s ]
INFO: [ route_check ] --END-- [ RunTime:0.002320s ]
INFO: [ app_begin ] --START--
INFO: ReadHtmlCache Behavior ::run [ RunTime:0.002393s ]
INFO: [ app_begin ] --END-- [ RunTime:0.002762s ]
ERR: 无法加载模块:Public

[ 2017-04-13T19:42:42+08:00 ] 127.0.0.1 /webshop/Public/bootstrap/css/bootstrap.min.css.map
INFO: [ route_check ] --START--
INFO: CheckRoute Behavior ::run [ RunTime:0.002704s ]
INFO: [ route_check ] --END-- [ RunTime:0.003119s ]
INFO: [ app_begin ] --START--
INFO: ReadHtmlCache Behavior ::run [ RunTime:0.001141s ]
INFO: [ app_begin ] --END-- [ RunTime:0.001284s ]
ERR: 无法加载模块:Public

[ 2017-04-13T19:43:05+08:00 ] 127.0.0.1 /webshop/Public/bootstrap/css/bootstrap.min.css.map
INFO: [ route_check ] --START--
INFO: CheckRoute Behavior ::run [ RunTime:0.002171s ]
INFO: [ route_check ] --END-- [ RunTime:0.002377s ]
INFO: [ app_begin ] --START--
INFO: ReadHtmlCache Behavior ::run [ RunTime:0.003060s ]
INFO: [ app_begin ] --END-- [ RunTime:0.003362s ]
ERR: 无法加载模块:Public

[ 2017-04-13T20:18:52+08:00 ] 127.0.0.1 /webshop/Public/bootstrap/css/bootstrap.min.css.map
INFO: [ route_check ] --START--
INFO: CheckRoute Behavior ::run [ RunTime:0.002048s ]
INFO: [ route_check ] --END-- [ RunTime:0.002258s ]
INFO: [ app_begin ] --START--
INFO: ReadHtmlCache Behavior ::run [ RunTime:0.001383s ]
INFO: [ app_begin ] --END-- [ RunTime:0.001666s ]
ERR: 无法加载模块:Public

[ 2017-04-13T20:19:56+08:00 ] 127.0.0.1 /webshop/Public/bootstrap/css/bootstrap.min.css.map
INFO: [ route_check ] --START--
INFO: CheckRoute Behavior ::run [ RunTime:0.002093s ]
INFO: [ route_check ] --END-- [ RunTime:0.002346s ]
INFO: [ app_begin ] --START--
INFO: ReadHtmlCache Behavior ::run [ RunTime:0.001497s ]
INFO: [ app_begin ] --END-- [ RunTime:0.001661s ]
ERR: 无法加载模块:Public

[ 2017-04-13T20:21:14+08:00 ] 127.0.0.1 /webshop/Public/bootstrap/css/bootstrap.min.css.map
INFO: [ route_check ] --START--
INFO: CheckRoute Behavior ::run [ RunTime:0.001907s ]
INFO: [ route_check ] --END-- [ RunTime:0.002074s ]
INFO: [ app_begin ] --START--
INFO: ReadHtmlCache Behavior ::run [ RunTime:0.002883s ]
INFO: [ app_begin ] --END-- [ RunTime:0.003063s ]
ERR: 无法加载模块:Public

[ 2017-04-13T20:23:15+08:00 ] 127.0.0.1 /webshop/Public/bootstrap/css/bootstrap.min.css.map
INFO: [ route_check ] --START--
INFO: CheckRoute Behavior ::run [ RunTime:0.002047s ]
INFO: [ route_check ] --END-- [ RunTime:0.002244s ]
INFO: [ app_begin ] --START--
INFO: ReadHtmlCache Behavior ::run [ RunTime:0.001475s ]
INFO: [ app_begin ] --END-- [ RunTime:0.001633s ]
ERR: 无法加载模块:Public

[ 2017-04-13T20:24:39+08:00 ] 127.0.0.1 /webshop/Public/bootstrap/css/bootstrap.min.css.map
INFO: [ route_check ] --START--
INFO: CheckRoute Behavior ::run [ RunTime:0.001598s ]
INFO: [ route_check ] --END-- [ RunTime:0.001750s ]
INFO: [ app_begin ] --START--
INFO: ReadHtmlCache Behavior ::run [ RunTime:0.001088s ]
INFO: [ app_begin ] --END-- [ RunTime:0.001211s ]
ERR: 无法加载模块:Public

[ 2017-04-13T20:25:07+08:00 ] 127.0.0.1 /webshop/Public/bootstrap/css/bootstrap.min.css.map
INFO: [ route_check ] --START--
INFO: CheckRoute Behavior ::run [ RunTime:0.002056s ]
INFO: [ route_check ] --END-- [ RunTime:0.002257s ]
INFO: [ app_begin ] --START--
INFO: ReadHtmlCache Behavior ::run [ RunTime:0.001574s ]
INFO: [ app_begin ] --END-- [ RunTime:0.001735s ]
ERR: 无法加载模块:Public

[ 2017-04-13T20:25:57+08:00 ] 127.0.0.1 /webshop/Public/bootstrap/css/bootstrap.min.css.map
INFO: [ route_check ] --START--
INFO: CheckRoute Behavior ::run [ RunTime:0.006274s ]
INFO: [ route_check ] --END-- [ RunTime:0.006504s ]
INFO: [ app_begin ] --START--
INFO: ReadHtmlCache Behavior ::run [ RunTime:0.005631s ]
INFO: [ app_begin ] --END-- [ RunTime:0.005984s ]
ERR: 无法加载模块:Public

[ 2017-04-13T20:55:57+08:00 ] 127.0.0.1 /webshop/index.php
INFO: [ app_begin ] --START--
INFO: ReadHtmlCache Behavior ::run [ RunTime:0.000938s ]
INFO: [ app_begin ] --END-- [ RunTime:0.001050s ]
INFO: [ view_parse ] --START--
INFO: ParseTemplate Behavior ::run [ RunTime:0.034470s ]
INFO: [ view_parse ] --END-- [ RunTime:0.034597s ]
INFO: [ view_filter ] --START--
INFO: ContentReplace Behavior ::run [ RunTime:0.000853s ]
INFO: TokenBuild Behavior ::run [ RunTime:0.000692s ]
INFO: WriteHtmlCache Behavior ::run [ RunTime:0.000560s ]
INFO: ShowRuntime Behavior ::run [ RunTime:0.000778s ]
INFO: [ view_filter ] --END-- [ RunTime:0.003093s ]
INFO: [ view_end ] --START--
INFO: ShowPageTrace Behavior ::run [ RunTime:0.000966s ]
INFO: [ view_end ] --END-- [ RunTime:0.001052s ]

[ 2017-04-13T20:56:02+08:00 ] 127.0.0.1 /webshop/index.php/Index/showProduct
INFO: [ route_check ] --START--
INFO: CheckRoute Behavior ::run [ RunTime:0.001231s ]
INFO: [ route_check ] --END-- [ RunTime:0.001351s ]
INFO: [ app_begin ] --START--
INFO: ReadHtmlCache Behavior ::run [ RunTime:0.000974s ]
INFO: [ app_begin ] --END-- [ RunTime:0.001092s ]
INFO: [ view_parse ] --START--
INFO: ParseTemplate Behavior ::run [ RunTime:0.037154s ]
INFO: [ view_parse ] --END-- [ RunTime:0.037305s ]
INFO: [ view_filter ] --START--
INFO: ContentReplace Behavior ::run [ RunTime:0.000932s ]
INFO: TokenBuild Behavior ::run [ RunTime:0.000712s ]
INFO: WriteHtmlCache Behavior ::run [ RunTime:0.000566s ]
INFO: ShowRuntime Behavior ::run [ RunTime:0.000770s ]
INFO: [ view_filter ] --END-- [ RunTime:0.003232s ]
INFO: [ view_end ] --START--
INFO: ShowPageTrace Behavior ::run [ RunTime:0.001011s ]
INFO: [ view_end ] --END-- [ RunTime:0.001107s ]

[ 2017-04-13T20:57:25+08:00 ] 127.0.0.1 /webshop/index.php/Index/index
INFO: [ route_check ] --START--
INFO: CheckRoute Behavior ::run [ RunTime:0.001239s ]
INFO: [ route_check ] --END-- [ RunTime:0.001353s ]
INFO: [ app_begin ] --START--
INFO: ReadHtmlCache Behavior ::run [ RunTime:0.000873s ]
INFO: [ app_begin ] --END-- [ RunTime:0.000950s ]
INFO: [ view_parse ] --START--
INFO: ParseTemplate Behavior ::run [ RunTime:0.034656s ]
INFO: [ view_parse ] --END-- [ RunTime:0.034801s ]
INFO: [ view_filter ] --START--
INFO: ContentReplace Behavior ::run [ RunTime:0.000898s ]
INFO: TokenBuild Behavior ::run [ RunTime:0.000787s ]
INFO: WriteHtmlCache Behavior ::run [ RunTime:0.000741s ]
INFO: ShowRuntime Behavior ::run [ RunTime:0.001260s ]
INFO: [ view_filter ] --END-- [ RunTime:0.003967s ]
INFO: [ view_end ] --START--
INFO: ShowPageTrace Behavior ::run [ RunTime:0.001495s ]
INFO: [ view_end ] --END-- [ RunTime:0.001646s ]

[ 2017-04-13T20:57:26+08:00 ] 127.0.0.1 /webshop/index.php/Index/proCategory
INFO: [ route_check ] --START--
INFO: CheckRoute Behavior ::run [ RunTime:0.001190s ]
INFO: [ route_check ] --END-- [ RunTime:0.001299s ]
INFO: [ app_begin ] --START--
INFO: ReadHtmlCache Behavior ::run [ RunTime:0.000863s ]
INFO: [ app_begin ] --END-- [ RunTime:0.000949s ]
INFO: [ view_parse ] --START--
INFO: ParseTemplate Behavior ::run [ RunTime:0.098000s ]
INFO: [ view_parse ] --END-- [ RunTime:0.098124s ]
INFO: [ view_filter ] --START--
INFO: ContentReplace Behavior ::run [ RunTime:0.000809s ]
INFO: TokenBuild Behavior ::run [ RunTime:0.000719s ]
INFO: WriteHtmlCache Behavior ::run [ RunTime:0.000578s ]
INFO: ShowRuntime Behavior ::run [ RunTime:0.000793s ]
INFO: [ view_filter ] --END-- [ RunTime:0.003112s ]
INFO: [ view_end ] --START--
INFO: ShowPageTrace Behavior ::run [ RunTime:0.001450s ]
INFO: [ view_end ] --END-- [ RunTime:0.001587s ]

[ 2017-04-13T21:13:47+08:00 ] 127.0.0.1 /webshop/Public/bootstrap/css/bootstrap.min.css.map
INFO: [ route_check ] --START--
INFO: CheckRoute Behavior ::run [ RunTime:0.002060s ]
INFO: [ route_check ] --END-- [ RunTime:0.002257s ]
INFO: [ app_begin ] --START--
INFO: ReadHtmlCache Behavior ::run [ RunTime:0.002680s ]
INFO: [ app_begin ] --END-- [ RunTime:0.002952s ]
ERR: 无法加载模块:Public

[ 2017-04-13T21:17:27+08:00 ] 127.0.0.1 /webshop/Public/bootstrap/css/bootstrap.min.css.map
INFO: [ route_check ] --START--
INFO: CheckRoute Behavior ::run [ RunTime:0.002060s ]
INFO: [ route_check ] --END-- [ RunTime:0.002241s ]
INFO: [ app_begin ] --START--
INFO: ReadHtmlCache Behavior ::run [ RunTime:0.000964s ]
INFO: [ app_begin ] --END-- [ RunTime:0.001105s ]
ERR: 无法加载模块:Public

[ 2017-04-13T21:18:27+08:00 ] 127.0.0.1 /webshop/Public/bootstrap/css/bootstrap.min.css.map
INFO: [ route_check ] --START--
INFO: CheckRoute Behavior ::run [ RunTime:0.001922s ]
INFO: [ route_check ] --END-- [ RunTime:0.002105s ]
INFO: [ app_begin ] --START--
INFO: ReadHtmlCache Behavior ::run [ RunTime:0.001665s ]
INFO: [ app_begin ] --END-- [ RunTime:0.001841s ]
ERR: 无法加载模块:Public

[ 2017-04-13T21:19:17+08:00 ] 127.0.0.1 /webshop/Public/bootstrap/css/bootstrap.min.css.map
INFO: [ route_check ] --START--
INFO: CheckRoute Behavior ::run [ RunTime:0.006858s ]
INFO: [ route_check ] --END-- [ RunTime:0.007066s ]
INFO: [ app_begin ] --START--
INFO: ReadHtmlCache Behavior ::run [ RunTime:0.001495s ]
INFO: [ app_begin ] --END-- [ RunTime:0.001648s ]
ERR: 无法加载模块:Public

[ 2017-04-13T21:19:27+08:00 ] 127.0.0.1 /webshop/Public/bootstrap/css/bootstrap.min.css.map
INFO: [ route_check ] --START--
INFO: CheckRoute Behavior ::run [ RunTime:0.001704s ]
INFO: [ route_check ] --END-- [ RunTime:0.001968s ]
INFO: [ app_begin ] --START--
INFO: ReadHtmlCache Behavior ::run [ RunTime:0.001213s ]
INFO: [ app_begin ] --END-- [ RunTime:0.001358s ]
ERR: 无法加载模块:Public

[ 2017-04-13T21:19:32+08:00 ] 127.0.0.1 /webshop/Public/bootstrap/css/bootstrap.min.css.map
INFO: [ route_check ] --START--
INFO: CheckRoute Behavior ::run [ RunTime:0.001589s ]
INFO: [ route_check ] --END-- [ RunTime:0.001733s ]
INFO: [ app_begin ] --START--
INFO: ReadHtmlCache Behavior ::run [ RunTime:0.001419s ]
INFO: [ app_begin ] --END-- [ RunTime:0.001597s ]
ERR: 无法加载模块:Public

[ 2017-04-13T21:19:55+08:00 ] 127.0.0.1 /webshop/Public/bootstrap/css/bootstrap.min.css.map
INFO: [ route_check ] --START--
INFO: CheckRoute Behavior ::run [ RunTime:0.005179s ]
INFO: [ route_check ] --END-- [ RunTime:0.005651s ]
INFO: [ app_begin ] --START--
INFO: ReadHtmlCache Behavior ::run [ RunTime:0.002912s ]
INFO: [ app_begin ] --END-- [ RunTime:0.003025s ]
ERR: 无法加载模块:Public

[ 2017-04-13T21:20:11+08:00 ] 127.0.0.1 /webshop/Public/bootstrap/css/bootstrap.min.css.map
INFO: [ route_check ] --START--
INFO: CheckRoute Behavior ::run [ RunTime:0.005150s ]
INFO: [ route_check ] --END-- [ RunTime:0.005344s ]
INFO: [ app_begin ] --START--
INFO: ReadHtmlCache Behavior ::run [ RunTime:0.005098s ]
INFO: [ app_begin ] --END-- [ RunTime:0.005403s ]
ERR: 无法加载模块:Public

[ 2017-04-13T21:20:58+08:00 ] 127.0.0.1 /webshop/Public/bootstrap/css/bootstrap.min.css.map
INFO: [ route_check ] --START--
INFO: CheckRoute Behavior ::run [ RunTime:0.002514s ]
INFO: [ route_check ] --END-- [ RunTime:0.002782s ]
INFO: [ app_begin ] --START--
INFO: ReadHtmlCache Behavior ::run [ RunTime:0.002134s ]
INFO: [ app_begin ] --END-- [ RunTime:0.002326s ]
ERR: 无法加载模块:Public

[ 2017-04-13T21:24:07+08:00 ] 127.0.0.1 /webshop/Public/bootstrap/css/bootstrap.min.css.map
INFO: [ route_check ] --START--
INFO: CheckRoute Behavior ::run [ RunTime:0.002086s ]
INFO: [ route_check ] --END-- [ RunTime:0.002291s ]
INFO: [ app_begin ] --START--
INFO: ReadHtmlCache Behavior ::run [ RunTime:0.001630s ]
INFO: [ app_begin ] --END-- [ RunTime:0.001829s ]
ERR: 无法加载模块:Public

[ 2017-04-13T21:24:21+08:00 ] 127.0.0.1 /webshop/Public/bootstrap/css/bootstrap.min.css.map
INFO: [ route_check ] --START--
INFO: CheckRoute Behavior ::run [ RunTime:0.006900s ]
INFO: [ route_check ] --END-- [ RunTime:0.007079s ]
INFO: [ app_begin ] --START--
INFO: ReadHtmlCache Behavior ::run [ RunTime:0.004734s ]
INFO: [ app_begin ] --END-- [ RunTime:0.004921s ]
ERR: 无法加载模块:Public

[ 2017-04-13T21:27:03+08:00 ] 127.0.0.1 /webshop/Public/bootstrap/css/bootstrap.min.css.map
INFO: [ route_check ] --START--
INFO: CheckRoute Behavior ::run [ RunTime:0.001980s ]
INFO: [ route_check ] --END-- [ RunTime:0.002169s ]
INFO: [ app_begin ] --START--
INFO: ReadHtmlCache Behavior ::run [ RunTime:0.002658s ]
INFO: [ app_begin ] --END-- [ RunTime:0.002932s ]
ERR: 无法加载模块:Public

[ 2017-04-13T21:27:27+08:00 ] 127.0.0.1 /webshop/Public/bootstrap/css/bootstrap.min.css.map
INFO: [ route_check ] --START--
INFO: CheckRoute Behavior ::run [ RunTime:0.001946s ]
INFO: [ route_check ] --END-- [ RunTime:0.002139s ]
INFO: [ app_begin ] --START--
INFO: ReadHtmlCache Behavior ::run [ RunTime:0.002093s ]
INFO: [ app_begin ] --END-- [ RunTime:0.002534s ]
ERR: 无法加载模块:Public

[ 2017-04-13T21:29:21+08:00 ] 127.0.0.1 /webshop/Public/bootstrap/css/bootstrap.min.css.map
INFO: [ route_check ] --START--
INFO: CheckRoute Behavior ::run [ RunTime:0.001276s ]
INFO: [ route_check ] --END-- [ RunTime:0.001406s ]
INFO: [ app_begin ] --START--
INFO: ReadHtmlCache Behavior ::run [ RunTime:0.001429s ]
INFO: [ app_begin ] --END-- [ RunTime:0.001587s ]
ERR: 无法加载模块:Public

[ 2017-04-13T21:29:58+08:00 ] 127.0.0.1 /webshop/Public/bootstrap/css/bootstrap.min.css.map
INFO: [ route_check ] --START--
INFO: CheckRoute Behavior ::run [ RunTime:0.002248s ]
INFO: [ route_check ] --END-- [ RunTime:0.002455s ]
INFO: [ app_begin ] --START--
INFO: ReadHtmlCache Behavior ::run [ RunTime:0.001507s ]
INFO: [ app_begin ] --END-- [ RunTime:0.001684s ]
ERR: 无法加载模块:Public

[ 2017-04-13T21:33:26+08:00 ] 127.0.0.1 /webshop/Public/bootstrap/css/bootstrap.min.css.map
INFO: [ route_check ] --START--
INFO: CheckRoute Behavior ::run [ RunTime:0.001490s ]
INFO: [ route_check ] --END-- [ RunTime:0.001659s ]
INFO: [ app_begin ] --START--
INFO: ReadHtmlCache Behavior ::run [ RunTime:0.001995s ]
INFO: [ app_begin ] --END-- [ RunTime:0.002393s ]
ERR: 无法加载模块:Public

[ 2017-04-13T21:55:37+08:00 ] 127.0.0.1 /webshop/Public/bootstrap/css/bootstrap.min.css.map
INFO: [ route_check ] --START--
INFO: CheckRoute Behavior ::run [ RunTime:0.003530s ]
INFO: [ route_check ] --END-- [ RunTime:0.003663s ]
INFO: [ app_begin ] --START--
INFO: ReadHtmlCache Behavior ::run [ RunTime:0.003150s ]
INFO: [ app_begin ] --END-- [ RunTime:0.003285s ]
ERR: 无法加载模块:Public

[ 2017-04-13T21:55:38+08:00 ] 127.0.0.1 /webshop/Public/bootstrap/css/bootstrap.min.css.map
INFO: [ route_check ] --START--
INFO: CheckRoute Behavior ::run [ RunTime:0.002134s ]
INFO: [ route_check ] --END-- [ RunTime:0.002328s ]
INFO: [ app_begin ] --START--
INFO: ReadHtmlCache Behavior ::run [ RunTime:0.001688s ]
INFO: [ app_begin ] --END-- [ RunTime:0.001887s ]
ERR: 无法加载模块:Public

[ 2017-04-13T22:07:40+08:00 ] 127.0.0.1 /webshop/Public/bootstrap/css/bootstrap.min.css.map
INFO: [ route_check ] --START--
INFO: CheckRoute Behavior ::run [ RunTime:0.001327s ]
INFO: [ route_check ] --END-- [ RunTime:0.001445s ]
INFO: [ app_begin ] --START--
INFO: ReadHtmlCache Behavior ::run [ RunTime:0.001782s ]
INFO: [ app_begin ] --END-- [ RunTime:0.001930s ]
ERR: 无法加载模块:Public

[ 2017-04-13T22:07:57+08:00 ] 127.0.0.1 /webshop/Public/bootstrap/css/bootstrap.min.css.map
INFO: [ route_check ] --START--
INFO: CheckRoute Behavior ::run [ RunTime:0.002040s ]
INFO: [ route_check ] --END-- [ RunTime:0.002243s ]
INFO: [ app_begin ] --START--
INFO: ReadHtmlCache Behavior ::run [ RunTime:0.001490s ]
INFO: [ app_begin ] --END-- [ RunTime:0.001825s ]
ERR: 无法加载模块:Public

[ 2017-04-13T22:07:59+08:00 ] 127.0.0.1 /webshop/Public/bootstrap/css/bootstrap.min.css.map
INFO: [ route_check ] --START--
INFO: CheckRoute Behavior ::run [ RunTime:0.001980s ]
INFO: [ route_check ] --END-- [ RunTime:0.002167s ]
INFO: [ app_begin ] --START--
INFO: ReadHtmlCache Behavior ::run [ RunTime:0.001422s ]
INFO: [ app_begin ] --END-- [ RunTime:0.001569s ]
ERR: 无法加载模块:Public

[ 2017-04-13T22:08:31+08:00 ] 127.0.0.1 /webshop/Public/bootstrap/css/bootstrap.min.css.map
INFO: [ route_check ] --START--
INFO: CheckRoute Behavior ::run [ RunTime:0.002105s ]
INFO: [ route_check ] --END-- [ RunTime:0.002303s ]
INFO: [ app_begin ] --START--
INFO: ReadHtmlCache Behavior ::run [ RunTime:0.001448s ]
INFO: [ app_begin ] --END-- [ RunTime:0.001623s ]
ERR: 无法加载模块:Public

[ 2017-04-13T22:09:24+08:00 ] 127.0.0.1 /webshop/Public/bootstrap/css/bootstrap.min.css.map
INFO: [ route_check ] --START--
INFO: CheckRoute Behavior ::run [ RunTime:0.002247s ]
INFO: [ route_check ] --END-- [ RunTime:0.002478s ]
INFO: [ app_begin ] --START--
INFO: ReadHtmlCache Behavior ::run [ RunTime:0.001632s ]
INFO: [ app_begin ] --END-- [ RunTime:0.001819s ]
ERR: 无法加载模块:Public

[ 2017-04-13T22:11:33+08:00 ] 127.0.0.1 /webshop/Public/bootstrap/css/bootstrap.min.css.map
INFO: [ route_check ] --START--
INFO: CheckRoute Behavior ::run [ RunTime:0.002752s ]
INFO: [ route_check ] --END-- [ RunTime:0.002933s ]
INFO: [ app_begin ] --START--
INFO: ReadHtmlCache Behavior ::run [ RunTime:0.001044s ]
INFO: [ app_begin ] --END-- [ RunTime:0.001171s ]
ERR: 无法加载模块:Public

[ 2017-04-13T22:14:00+08:00 ] 127.0.0.1 /webshop/Public/bootstrap/css/bootstrap.min.css.map
INFO: [ route_check ] --START--
INFO: CheckRoute Behavior ::run [ RunTime:0.003142s ]
INFO: [ route_check ] --END-- [ RunTime:0.003253s ]
INFO: [ app_begin ] --START--
INFO: ReadHtmlCache Behavior ::run [ RunTime:0.002887s ]
INFO: [ app_begin ] --END-- [ RunTime:0.002972s ]
ERR: 无法加载模块:Public

[ 2017-04-13T22:14:31+08:00 ] 127.0.0.1 /webshop/Public/bootstrap/css/bootstrap.min.css.map
INFO: [ route_check ] --START--
INFO: CheckRoute Behavior ::run [ RunTime:0.001942s ]
INFO: [ route_check ] --END-- [ RunTime:0.002126s ]
INFO: [ app_begin ] --START--
INFO: ReadHtmlCache Behavior ::run [ RunTime:0.001496s ]
INFO: [ app_begin ] --END-- [ RunTime:0.001851s ]
ERR: 无法加载模块:Public

