[ 2017-03-10T11:25:43+08:00 ] 127.0.0.1 /webshop/index.php
INFO: [ app_begin ] --START--
INFO: ReadHtmlCache Behavior ::run [ RunTime:0.016361s ]
INFO: [ app_begin ] --END-- [ RunTime:0.016496s ]
INFO: [ view_parse ] --START--
INFO: ParseTemplate Behavior ::run [ RunTime:0.064135s ]
INFO: [ view_parse ] --END-- [ RunTime:0.064266s ]
INFO: [ view_filter ] --START--
INFO: ContentReplace Behavior ::run [ RunTime:0.004965s ]
INFO: TokenBuild Behavior ::run [ RunTime:0.002817s ]
INFO: WriteHtmlCache Behavior ::run [ RunTime:0.002619s ]
INFO: ShowRuntime Behavior ::run [ RunTime:0.003020s ]
INFO: [ view_filter ] --END-- [ RunTime:0.013758s ]
INFO: [ view_end ] --START--
INFO: ShowPageTrace Behavior ::run [ RunTime:0.004970s ]
INFO: [ view_end ] --END-- [ RunTime:0.005127s ]

[ 2017-03-10T11:25:58+08:00 ] 127.0.0.1 /webshop/index.php/Index/showProduct
INFO: [ route_check ] --START--
INFO: CheckRoute Behavior ::run [ RunTime:0.003665s ]
INFO: [ route_check ] --END-- [ RunTime:0.003851s ]
INFO: [ app_begin ] --START--
INFO: ReadHtmlCache Behavior ::run [ RunTime:0.003028s ]
INFO: [ app_begin ] --END-- [ RunTime:0.003120s ]
INFO: [ view_parse ] --START--
INFO: ParseTemplate Behavior ::run [ RunTime:0.040473s ]
INFO: [ view_parse ] --END-- [ RunTime:0.040599s ]
INFO: [ view_filter ] --START--
INFO: ContentReplace Behavior ::run [ RunTime:0.006177s ]
INFO: TokenBuild Behavior ::run [ RunTime:0.002892s ]
INFO: WriteHtmlCache Behavior ::run [ RunTime:0.002844s ]
INFO: ShowRuntime Behavior ::run [ RunTime:0.002800s ]
INFO: [ view_filter ] --END-- [ RunTime:0.014976s ]
INFO: [ view_end ] --START--
INFO: ShowPageTrace Behavior ::run [ RunTime:0.005794s ]
INFO: [ view_end ] --END-- [ RunTime:0.005904s ]

[ 2017-03-10T13:26:09+08:00 ] 127.0.0.1 /webshop/index.php
INFO: [ app_begin ] --START--
INFO: ReadHtmlCache Behavior ::run [ RunTime:0.054826s ]
INFO: [ app_begin ] --END-- [ RunTime:0.122488s ]
INFO: [ view_parse ] --START--
INFO: ParseTemplate Behavior ::run [ RunTime:0.204162s ]
INFO: [ view_parse ] --END-- [ RunTime:0.204402s ]
INFO: [ view_filter ] --START--
INFO: ContentReplace Behavior ::run [ RunTime:0.016954s ]
INFO: TokenBuild Behavior ::run [ RunTime:0.032843s ]
INFO: WriteHtmlCache Behavior ::run [ RunTime:0.006263s ]
INFO: ShowRuntime Behavior ::run [ RunTime:0.007056s ]
INFO: [ view_filter ] --END-- [ RunTime:0.063702s ]
INFO: [ view_end ] --START--
INFO: ShowPageTrace Behavior ::run [ RunTime:0.022736s ]
INFO: [ view_end ] --END-- [ RunTime:0.022902s ]

[ 2017-03-10T13:26:10+08:00 ] 127.0.0.1 /webshop/Public/js/jquery-easing.min.js
INFO: [ route_check ] --START--
INFO: CheckRoute Behavior ::run [ RunTime:0.024447s ]
INFO: [ route_check ] --END-- [ RunTime:0.024639s ]
INFO: [ app_begin ] --START--
INFO: ReadHtmlCache Behavior ::run [ RunTime:0.004201s ]
INFO: [ app_begin ] --END-- [ RunTime:0.004362s ]
ERR: 无法加载模块:Public

[ 2017-03-10T13:26:13+08:00 ] 127.0.0.1 /webshop/index.php
INFO: [ app_begin ] --START--
INFO: ReadHtmlCache Behavior ::run [ RunTime:0.001036s ]
INFO: [ app_begin ] --END-- [ RunTime:0.001144s ]
INFO: [ view_parse ] --START--
INFO: ParseTemplate Behavior ::run [ RunTime:0.101802s ]
INFO: [ view_parse ] --END-- [ RunTime:0.101925s ]
INFO: [ view_filter ] --START--
INFO: ContentReplace Behavior ::run [ RunTime:0.004347s ]
INFO: TokenBuild Behavior ::run [ RunTime:0.004727s ]
INFO: WriteHtmlCache Behavior ::run [ RunTime:0.004435s ]
INFO: ShowRuntime Behavior ::run [ RunTime:0.003051s ]
INFO: [ view_filter ] --END-- [ RunTime:0.017011s ]
INFO: [ view_end ] --START--
INFO: ShowPageTrace Behavior ::run [ RunTime:0.006356s ]
INFO: [ view_end ] --END-- [ RunTime:0.006736s ]

[ 2017-03-10T13:26:14+08:00 ] 127.0.0.1 /webshop/Public/js/jquery-easing.min.js
INFO: [ route_check ] --START--
INFO: CheckRoute Behavior ::run [ RunTime:0.001748s ]
INFO: [ route_check ] --END-- [ RunTime:0.001964s ]
INFO: [ app_begin ] --START--
INFO: ReadHtmlCache Behavior ::run [ RunTime:0.001247s ]
INFO: [ app_begin ] --END-- [ RunTime:0.001412s ]
ERR: 无法加载模块:Public

[ 2017-03-10T13:26:54+08:00 ] 127.0.0.1 /webshop/index.php
INFO: [ app_begin ] --START--
INFO: ReadHtmlCache Behavior ::run [ RunTime:0.005449s ]
INFO: [ app_begin ] --END-- [ RunTime:0.005598s ]
INFO: [ view_parse ] --START--
INFO: ParseTemplate Behavior ::run [ RunTime:0.069125s ]
INFO: [ view_parse ] --END-- [ RunTime:0.069283s ]
INFO: [ view_filter ] --START--
INFO: ContentReplace Behavior ::run [ RunTime:0.005293s ]
INFO: TokenBuild Behavior ::run [ RunTime:0.004689s ]
INFO: WriteHtmlCache Behavior ::run [ RunTime:0.004649s ]
INFO: ShowRuntime Behavior ::run [ RunTime:0.004709s ]
INFO: [ view_filter ] --END-- [ RunTime:0.019798s ]
INFO: [ view_end ] --START--
INFO: ShowPageTrace Behavior ::run [ RunTime:0.003294s ]
INFO: [ view_end ] --END-- [ RunTime:0.003437s ]

[ 2017-03-10T13:26:54+08:00 ] 127.0.0.1 /webshop/Public/js/jquery-easing.min.js
INFO: [ route_check ] --START--
INFO: CheckRoute Behavior ::run [ RunTime:0.005289s ]
INFO: [ route_check ] --END-- [ RunTime:0.005770s ]
INFO: [ app_begin ] --START--
INFO: ReadHtmlCache Behavior ::run [ RunTime:0.001981s ]
INFO: [ app_begin ] --END-- [ RunTime:0.002299s ]
ERR: 无法加载模块:Public

[ 2017-03-10T13:27:13+08:00 ] 127.0.0.1 /webshop/index.php
INFO: [ app_begin ] --START--
INFO: ReadHtmlCache Behavior ::run [ RunTime:0.001037s ]
INFO: [ app_begin ] --END-- [ RunTime:0.001157s ]
INFO: [ view_parse ] --START--
INFO: ParseTemplate Behavior ::run [ RunTime:0.027532s ]
INFO: [ view_parse ] --END-- [ RunTime:0.027662s ]
INFO: [ view_filter ] --START--
INFO: ContentReplace Behavior ::run [ RunTime:0.000872s ]
INFO: TokenBuild Behavior ::run [ RunTime:0.000727s ]
INFO: WriteHtmlCache Behavior ::run [ RunTime:0.000608s ]
INFO: ShowRuntime Behavior ::run [ RunTime:0.000796s ]
INFO: [ view_filter ] --END-- [ RunTime:0.003220s ]
INFO: [ view_end ] --START--
INFO: ShowPageTrace Behavior ::run [ RunTime:0.001808s ]
INFO: [ view_end ] --END-- [ RunTime:0.001990s ]

[ 2017-03-10T13:27:13+08:00 ] 127.0.0.1 /webshop/Public/js/jquery-easing.min.js
INFO: [ route_check ] --START--
INFO: CheckRoute Behavior ::run [ RunTime:0.002645s ]
INFO: [ route_check ] --END-- [ RunTime:0.002859s ]
INFO: [ app_begin ] --START--
INFO: ReadHtmlCache Behavior ::run [ RunTime:0.001632s ]
INFO: [ app_begin ] --END-- [ RunTime:0.001820s ]
ERR: 无法加载模块:Public

[ 2017-03-10T13:27:49+08:00 ] 127.0.0.1 /webshop/index.php
INFO: [ app_begin ] --START--
INFO: ReadHtmlCache Behavior ::run [ RunTime:0.000961s ]
INFO: [ app_begin ] --END-- [ RunTime:0.001069s ]
INFO: [ view_parse ] --START--
INFO: ParseTemplate Behavior ::run [ RunTime:0.028067s ]
INFO: [ view_parse ] --END-- [ RunTime:0.028234s ]
INFO: [ view_filter ] --START--
INFO: ContentReplace Behavior ::run [ RunTime:0.001036s ]
INFO: TokenBuild Behavior ::run [ RunTime:0.001065s ]
INFO: WriteHtmlCache Behavior ::run [ RunTime:0.000684s ]
INFO: ShowRuntime Behavior ::run [ RunTime:0.000837s ]
INFO: [ view_filter ] --END-- [ RunTime:0.003911s ]
INFO: [ view_end ] --START--
INFO: ShowPageTrace Behavior ::run [ RunTime:0.001201s ]
INFO: [ view_end ] --END-- [ RunTime:0.001873s ]

[ 2017-03-10T13:27:50+08:00 ] 127.0.0.1 /webshop/Public/js/jquery-easing.min.js
INFO: [ route_check ] --START--
INFO: CheckRoute Behavior ::run [ RunTime:0.003617s ]
INFO: [ route_check ] --END-- [ RunTime:0.003834s ]
INFO: [ app_begin ] --START--
INFO: ReadHtmlCache Behavior ::run [ RunTime:0.001546s ]
INFO: [ app_begin ] --END-- [ RunTime:0.001810s ]
ERR: 无法加载模块:Public

[ 2017-03-10T13:27:52+08:00 ] 127.0.0.1 /webshop/Public/bootstrap/css/bootstrap.min.css.map
INFO: [ route_check ] --START--
INFO: CheckRoute Behavior ::run [ RunTime:0.001312s ]
INFO: [ route_check ] --END-- [ RunTime:0.001455s ]
INFO: [ app_begin ] --START--
INFO: ReadHtmlCache Behavior ::run [ RunTime:0.001308s ]
INFO: [ app_begin ] --END-- [ RunTime:0.001436s ]
ERR: 无法加载模块:Public

[ 2017-03-10T13:27:56+08:00 ] 127.0.0.1 /webshop/index.php
INFO: [ app_begin ] --START--
INFO: ReadHtmlCache Behavior ::run [ RunTime:0.000964s ]
INFO: [ app_begin ] --END-- [ RunTime:0.001083s ]
INFO: [ view_parse ] --START--
INFO: ParseTemplate Behavior ::run [ RunTime:0.033300s ]
INFO: [ view_parse ] --END-- [ RunTime:0.033425s ]
INFO: [ view_filter ] --START--
INFO: ContentReplace Behavior ::run [ RunTime:0.000904s ]
INFO: TokenBuild Behavior ::run [ RunTime:0.001241s ]
INFO: WriteHtmlCache Behavior ::run [ RunTime:0.001020s ]
INFO: ShowRuntime Behavior ::run [ RunTime:0.001825s ]
INFO: [ view_filter ] --END-- [ RunTime:0.005442s ]
INFO: [ view_end ] --START--
INFO: ShowPageTrace Behavior ::run [ RunTime:0.001160s ]
INFO: [ view_end ] --END-- [ RunTime:0.001271s ]

[ 2017-03-10T13:27:56+08:00 ] 127.0.0.1 /webshop/Public/js/jquery-easing.min.js
INFO: [ route_check ] --START--
INFO: CheckRoute Behavior ::run [ RunTime:0.013054s ]
INFO: [ route_check ] --END-- [ RunTime:0.013345s ]
INFO: [ app_begin ] --START--
INFO: ReadHtmlCache Behavior ::run [ RunTime:0.027016s ]
INFO: [ app_begin ] --END-- [ RunTime:0.027389s ]
ERR: 无法加载模块:Public

[ 2017-03-10T13:27:56+08:00 ] 127.0.0.1 /webshop/Public/bootstrap/css/bootstrap.min.css.map
INFO: [ route_check ] --START--
INFO: CheckRoute Behavior ::run [ RunTime:0.003265s ]
INFO: [ route_check ] --END-- [ RunTime:0.024280s ]
INFO: [ app_begin ] --START--
INFO: ReadHtmlCache Behavior ::run [ RunTime:0.002380s ]
INFO: [ app_begin ] --END-- [ RunTime:0.002586s ]
ERR: 无法加载模块:Public

[ 2017-03-10T13:28:44+08:00 ] 127.0.0.1 /webshop/index.php
INFO: [ app_begin ] --START--
INFO: ReadHtmlCache Behavior ::run [ RunTime:0.016049s ]
INFO: [ app_begin ] --END-- [ RunTime:0.016222s ]
INFO: [ view_parse ] --START--
INFO: ParseTemplate Behavior ::run [ RunTime:0.073390s ]
INFO: [ view_parse ] --END-- [ RunTime:0.073598s ]
INFO: [ view_filter ] --START--
INFO: ContentReplace Behavior ::run [ RunTime:0.004165s ]
INFO: TokenBuild Behavior ::run [ RunTime:0.004219s ]
INFO: WriteHtmlCache Behavior ::run [ RunTime:0.004110s ]
INFO: ShowRuntime Behavior ::run [ RunTime:0.004739s ]
INFO: [ view_filter ] --END-- [ RunTime:0.017614s ]
INFO: [ view_end ] --START--
INFO: ShowPageTrace Behavior ::run [ RunTime:0.005031s ]
INFO: [ view_end ] --END-- [ RunTime:0.005192s ]

[ 2017-03-10T13:28:44+08:00 ] 127.0.0.1 /webshop/Public/js/jquery-easing.min.js
INFO: [ route_check ] --START--
INFO: CheckRoute Behavior ::run [ RunTime:0.008288s ]
INFO: [ route_check ] --END-- [ RunTime:0.008487s ]
INFO: [ app_begin ] --START--
INFO: ReadHtmlCache Behavior ::run [ RunTime:0.006299s ]
INFO: [ app_begin ] --END-- [ RunTime:0.006859s ]
ERR: 无法加载模块:Public

[ 2017-03-10T13:28:44+08:00 ] 127.0.0.1 /webshop/Public/bootstrap/css/bootstrap.min.css.map
INFO: [ route_check ] --START--
INFO: CheckRoute Behavior ::run [ RunTime:0.001972s ]
INFO: [ route_check ] --END-- [ RunTime:0.002215s ]
INFO: [ app_begin ] --START--
INFO: ReadHtmlCache Behavior ::run [ RunTime:0.001588s ]
INFO: [ app_begin ] --END-- [ RunTime:0.001763s ]
ERR: 无法加载模块:Public

[ 2017-03-10T13:29:12+08:00 ] 127.0.0.1 /webshop/index.php
INFO: [ app_begin ] --START--
INFO: ReadHtmlCache Behavior ::run [ RunTime:0.003086s ]
INFO: [ app_begin ] --END-- [ RunTime:0.003201s ]
INFO: [ view_parse ] --START--
INFO: ParseTemplate Behavior ::run [ RunTime:0.038619s ]
INFO: [ view_parse ] --END-- [ RunTime:0.038747s ]
INFO: [ view_filter ] --START--
INFO: ContentReplace Behavior ::run [ RunTime:0.002980s ]
INFO: TokenBuild Behavior ::run [ RunTime:0.003179s ]
INFO: WriteHtmlCache Behavior ::run [ RunTime:0.002741s ]
INFO: ShowRuntime Behavior ::run [ RunTime:0.003548s ]
INFO: [ view_filter ] --END-- [ RunTime:0.012742s ]
INFO: [ view_end ] --START--
INFO: ShowPageTrace Behavior ::run [ RunTime:0.003176s ]
INFO: [ view_end ] --END-- [ RunTime:0.003588s ]

[ 2017-03-10T13:29:13+08:00 ] 127.0.0.1 /webshop/Public/js/jquery-easing.min.js
INFO: [ route_check ] --START--
INFO: CheckRoute Behavior ::run [ RunTime:0.002061s ]
INFO: [ route_check ] --END-- [ RunTime:0.002308s ]
INFO: [ app_begin ] --START--
INFO: ReadHtmlCache Behavior ::run [ RunTime:0.001570s ]
INFO: [ app_begin ] --END-- [ RunTime:0.001719s ]
ERR: 无法加载模块:Public

[ 2017-03-10T13:29:13+08:00 ] 127.0.0.1 /webshop/Public/bootstrap/css/bootstrap.min.css.map
INFO: [ route_check ] --START--
INFO: CheckRoute Behavior ::run [ RunTime:0.001986s ]
INFO: [ route_check ] --END-- [ RunTime:0.002178s ]
INFO: [ app_begin ] --START--
INFO: ReadHtmlCache Behavior ::run [ RunTime:0.001615s ]
INFO: [ app_begin ] --END-- [ RunTime:0.001766s ]
ERR: 无法加载模块:Public

[ 2017-03-10T13:29:23+08:00 ] 127.0.0.1 /webshop/index.php
INFO: [ app_begin ] --START--
INFO: ReadHtmlCache Behavior ::run [ RunTime:0.009425s ]
INFO: [ app_begin ] --END-- [ RunTime:0.009642s ]
INFO: [ view_parse ] --START--
INFO: ParseTemplate Behavior ::run [ RunTime:0.057244s ]
INFO: [ view_parse ] --END-- [ RunTime:0.057555s ]
INFO: [ view_filter ] --START--
INFO: ContentReplace Behavior ::run [ RunTime:0.005685s ]
INFO: TokenBuild Behavior ::run [ RunTime:0.004813s ]
INFO: WriteHtmlCache Behavior ::run [ RunTime:0.004595s ]
INFO: ShowRuntime Behavior ::run [ RunTime:0.006600s ]
INFO: [ view_filter ] --END-- [ RunTime:0.022326s ]
INFO: [ view_end ] --START--
INFO: ShowPageTrace Behavior ::run [ RunTime:0.006237s ]
INFO: [ view_end ] --END-- [ RunTime:0.006620s ]

[ 2017-03-10T13:29:23+08:00 ] 127.0.0.1 /webshop/Public/js/jquery-easing.min.js
INFO: [ route_check ] --START--
INFO: CheckRoute Behavior ::run [ RunTime:0.005907s ]
INFO: [ route_check ] --END-- [ RunTime:0.006101s ]
INFO: [ app_begin ] --START--
INFO: ReadHtmlCache Behavior ::run [ RunTime:0.001393s ]
INFO: [ app_begin ] --END-- [ RunTime:0.001540s ]
ERR: 无法加载模块:Public

[ 2017-03-10T13:29:24+08:00 ] 127.0.0.1 /webshop/Public/bootstrap/css/bootstrap.min.css.map
INFO: [ route_check ] --START--
INFO: CheckRoute Behavior ::run [ RunTime:0.003425s ]
INFO: [ route_check ] --END-- [ RunTime:0.003546s ]
INFO: [ app_begin ] --START--
INFO: ReadHtmlCache Behavior ::run [ RunTime:0.004751s ]
INFO: [ app_begin ] --END-- [ RunTime:0.004890s ]
ERR: 无法加载模块:Public

[ 2017-03-10T13:29:50+08:00 ] 127.0.0.1 /webshop/index.php
INFO: [ app_begin ] --START--
INFO: ReadHtmlCache Behavior ::run [ RunTime:0.000905s ]
INFO: [ app_begin ] --END-- [ RunTime:0.001009s ]
INFO: [ view_parse ] --START--
INFO: ParseTemplate Behavior ::run [ RunTime:0.049794s ]
INFO: [ view_parse ] --END-- [ RunTime:0.049960s ]
INFO: [ view_filter ] --START--
INFO: ContentReplace Behavior ::run [ RunTime:0.003239s ]
INFO: TokenBuild Behavior ::run [ RunTime:0.003227s ]
INFO: WriteHtmlCache Behavior ::run [ RunTime:0.002794s ]
INFO: ShowRuntime Behavior ::run [ RunTime:0.003064s ]
INFO: [ view_filter ] --END-- [ RunTime:0.012740s ]
INFO: [ view_end ] --START--
INFO: ShowPageTrace Behavior ::run [ RunTime:0.003453s ]
INFO: [ view_end ] --END-- [ RunTime:0.003566s ]

[ 2017-03-10T13:29:50+08:00 ] 127.0.0.1 /webshop/Public/js/jquery-easing.min.js
INFO: [ route_check ] --START--
INFO: CheckRoute Behavior ::run [ RunTime:0.002061s ]
INFO: [ route_check ] --END-- [ RunTime:0.002253s ]
INFO: [ app_begin ] --START--
INFO: ReadHtmlCache Behavior ::run [ RunTime:0.001465s ]
INFO: [ app_begin ] --END-- [ RunTime:0.001605s ]
ERR: 无法加载模块:Public

[ 2017-03-10T13:29:50+08:00 ] 127.0.0.1 /webshop/Public/bootstrap/css/bootstrap.min.css.map
INFO: [ route_check ] --START--
INFO: CheckRoute Behavior ::run [ RunTime:0.002270s ]
INFO: [ route_check ] --END-- [ RunTime:0.002474s ]
INFO: [ app_begin ] --START--
INFO: ReadHtmlCache Behavior ::run [ RunTime:0.001498s ]
INFO: [ app_begin ] --END-- [ RunTime:0.001761s ]
ERR: 无法加载模块:Public

[ 2017-03-10T13:30:28+08:00 ] 127.0.0.1 /webshop/index.php
INFO: [ app_begin ] --START--
INFO: ReadHtmlCache Behavior ::run [ RunTime:0.001567s ]
INFO: [ app_begin ] --END-- [ RunTime:0.001760s ]
INFO: [ view_parse ] --START--
INFO: ParseTemplate Behavior ::run [ RunTime:0.094465s ]
INFO: [ view_parse ] --END-- [ RunTime:0.094652s ]
INFO: [ view_filter ] --START--
INFO: ContentReplace Behavior ::run [ RunTime:0.004509s ]
INFO: TokenBuild Behavior ::run [ RunTime:0.004524s ]
INFO: WriteHtmlCache Behavior ::run [ RunTime:0.003988s ]
INFO: ShowRuntime Behavior ::run [ RunTime:0.004779s ]
INFO: [ view_filter ] --END-- [ RunTime:0.018229s ]
INFO: [ view_end ] --START--
INFO: ShowPageTrace Behavior ::run [ RunTime:0.005160s ]
INFO: [ view_end ] --END-- [ RunTime:0.005322s ]

[ 2017-03-10T13:30:29+08:00 ] 127.0.0.1 /webshop/Public/js/jquery-easing.min.js
INFO: [ route_check ] --START--
INFO: CheckRoute Behavior ::run [ RunTime:0.002545s ]
INFO: [ route_check ] --END-- [ RunTime:0.002771s ]
INFO: [ app_begin ] --START--
INFO: ReadHtmlCache Behavior ::run [ RunTime:0.001707s ]
INFO: [ app_begin ] --END-- [ RunTime:0.001890s ]
ERR: 无法加载模块:Public

[ 2017-03-10T13:30:29+08:00 ] 127.0.0.1 /webshop/Public/bootstrap/css/bootstrap.min.css.map
INFO: [ route_check ] --START--
INFO: CheckRoute Behavior ::run [ RunTime:0.002487s ]
INFO: [ route_check ] --END-- [ RunTime:0.002695s ]
INFO: [ app_begin ] --START--
INFO: ReadHtmlCache Behavior ::run [ RunTime:0.001426s ]
INFO: [ app_begin ] --END-- [ RunTime:0.001573s ]
ERR: 无法加载模块:Public

[ 2017-03-10T13:31:31+08:00 ] 127.0.0.1 /webshop/index.php
INFO: [ app_begin ] --START--
INFO: ReadHtmlCache Behavior ::run [ RunTime:0.002916s ]
INFO: [ app_begin ] --END-- [ RunTime:0.003032s ]
INFO: [ view_parse ] --START--
INFO: ParseTemplate Behavior ::run [ RunTime:0.038692s ]
INFO: [ view_parse ] --END-- [ RunTime:0.038815s ]
INFO: [ view_filter ] --START--
INFO: ContentReplace Behavior ::run [ RunTime:0.003055s ]
INFO: TokenBuild Behavior ::run [ RunTime:0.002849s ]
INFO: WriteHtmlCache Behavior ::run [ RunTime:0.002766s ]
INFO: ShowRuntime Behavior ::run [ RunTime:0.002817s ]
INFO: [ view_filter ] --END-- [ RunTime:0.011739s ]
INFO: [ view_end ] --START--
INFO: ShowPageTrace Behavior ::run [ RunTime:0.003629s ]
INFO: [ view_end ] --END-- [ RunTime:0.003773s ]

[ 2017-03-10T13:31:32+08:00 ] 127.0.0.1 /webshop/Public/bootstrap/css/bootstrap.min.css.map
INFO: [ route_check ] --START--
INFO: CheckRoute Behavior ::run [ RunTime:0.005815s ]
INFO: [ route_check ] --END-- [ RunTime:0.006110s ]
INFO: [ app_begin ] --START--
INFO: ReadHtmlCache Behavior ::run [ RunTime:0.001277s ]
INFO: [ app_begin ] --END-- [ RunTime:0.001417s ]
ERR: 无法加载模块:Public

[ 2017-03-10T13:31:56+08:00 ] 127.0.0.1 /webshop/index.php
INFO: [ app_begin ] --START--
INFO: ReadHtmlCache Behavior ::run [ RunTime:0.002832s ]
INFO: [ app_begin ] --END-- [ RunTime:0.002939s ]
INFO: [ view_parse ] --START--
INFO: ParseTemplate Behavior ::run [ RunTime:0.038365s ]
INFO: [ view_parse ] --END-- [ RunTime:0.038492s ]
INFO: [ view_filter ] --START--
INFO: ContentReplace Behavior ::run [ RunTime:0.003231s ]
INFO: TokenBuild Behavior ::run [ RunTime:0.004767s ]
INFO: WriteHtmlCache Behavior ::run [ RunTime:0.002802s ]
INFO: ShowRuntime Behavior ::run [ RunTime:0.002878s ]
INFO: [ view_filter ] --END-- [ RunTime:0.013923s ]
INFO: [ view_end ] --START--
INFO: ShowPageTrace Behavior ::run [ RunTime:0.017863s ]
INFO: [ view_end ] --END-- [ RunTime:0.023685s ]

[ 2017-03-10T13:31:57+08:00 ] 127.0.0.1 /webshop/Public/bootstrap/css/bootstrap.min.css.map
INFO: [ route_check ] --START--
INFO: CheckRoute Behavior ::run [ RunTime:0.005481s ]
INFO: [ route_check ] --END-- [ RunTime:0.005676s ]
INFO: [ app_begin ] --START--
INFO: ReadHtmlCache Behavior ::run [ RunTime:0.003458s ]
INFO: [ app_begin ] --END-- [ RunTime:0.003663s ]
ERR: 无法加载模块:Public

[ 2017-03-10T13:33:44+08:00 ] 127.0.0.1 /webshop/index.php
INFO: [ app_begin ] --START--
INFO: ReadHtmlCache Behavior ::run [ RunTime:0.002875s ]
INFO: [ app_begin ] --END-- [ RunTime:0.002996s ]
INFO: [ view_parse ] --START--
INFO: ParseTemplate Behavior ::run [ RunTime:0.037755s ]
INFO: [ view_parse ] --END-- [ RunTime:0.037895s ]
INFO: [ view_filter ] --START--
INFO: ContentReplace Behavior ::run [ RunTime:0.003119s ]
INFO: TokenBuild Behavior ::run [ RunTime:0.002893s ]
INFO: WriteHtmlCache Behavior ::run [ RunTime:0.003951s ]
INFO: ShowRuntime Behavior ::run [ RunTime:0.004817s ]
INFO: [ view_filter ] --END-- [ RunTime:0.015138s ]
INFO: [ view_end ] --START--
INFO: ShowPageTrace Behavior ::run [ RunTime:0.031755s ]
INFO: [ view_end ] --END-- [ RunTime:0.032126s ]

[ 2017-03-10T13:34:19+08:00 ] 127.0.0.1 /webshop/index.php
INFO: [ app_begin ] --START--
INFO: ReadHtmlCache Behavior ::run [ RunTime:0.003120s ]
INFO: [ app_begin ] --END-- [ RunTime:0.003263s ]
INFO: [ view_parse ] --START--
INFO: ParseTemplate Behavior ::run [ RunTime:0.060422s ]
INFO: [ view_parse ] --END-- [ RunTime:0.060698s ]
INFO: [ view_filter ] --START--
INFO: ContentReplace Behavior ::run [ RunTime:0.008116s ]
INFO: TokenBuild Behavior ::run [ RunTime:0.006285s ]
INFO: WriteHtmlCache Behavior ::run [ RunTime:0.004580s ]
INFO: ShowRuntime Behavior ::run [ RunTime:0.004921s ]
INFO: [ view_filter ] --END-- [ RunTime:0.024494s ]
INFO: [ view_end ] --START--
INFO: ShowPageTrace Behavior ::run [ RunTime:0.005338s ]
INFO: [ view_end ] --END-- [ RunTime:0.005498s ]

[ 2017-03-10T13:34:31+08:00 ] 127.0.0.1 /webshop/index.php
INFO: [ app_begin ] --START--
INFO: ReadHtmlCache Behavior ::run [ RunTime:0.003045s ]
INFO: [ app_begin ] --END-- [ RunTime:0.003240s ]
INFO: [ view_parse ] --START--
INFO: ParseTemplate Behavior ::run [ RunTime:0.038566s ]
INFO: [ view_parse ] --END-- [ RunTime:0.038699s ]
INFO: [ view_filter ] --START--
INFO: ContentReplace Behavior ::run [ RunTime:0.003068s ]
INFO: TokenBuild Behavior ::run [ RunTime:0.002895s ]
INFO: WriteHtmlCache Behavior ::run [ RunTime:0.002609s ]
INFO: ShowRuntime Behavior ::run [ RunTime:0.002788s ]
INFO: [ view_filter ] --END-- [ RunTime:0.011623s ]
INFO: [ view_end ] --START--
INFO: ShowPageTrace Behavior ::run [ RunTime:0.003072s ]
INFO: [ view_end ] --END-- [ RunTime:0.003178s ]

[ 2017-03-10T13:34:41+08:00 ] 127.0.0.1 /webshop/index.php
INFO: [ app_begin ] --START--
INFO: ReadHtmlCache Behavior ::run [ RunTime:0.002883s ]
INFO: [ app_begin ] --END-- [ RunTime:0.003000s ]
INFO: [ view_parse ] --START--
INFO: ParseTemplate Behavior ::run [ RunTime:0.037105s ]
INFO: [ view_parse ] --END-- [ RunTime:0.037233s ]
INFO: [ view_filter ] --START--
INFO: ContentReplace Behavior ::run [ RunTime:0.003108s ]
INFO: TokenBuild Behavior ::run [ RunTime:0.005022s ]
INFO: WriteHtmlCache Behavior ::run [ RunTime:0.002826s ]
INFO: ShowRuntime Behavior ::run [ RunTime:0.003462s ]
INFO: [ view_filter ] --END-- [ RunTime:0.014851s ]
INFO: [ view_end ] --START--
INFO: ShowPageTrace Behavior ::run [ RunTime:0.003321s ]
INFO: [ view_end ] --END-- [ RunTime:0.003442s ]

[ 2017-03-10T13:35:29+08:00 ] 127.0.0.1 /webshop/index.php/Index/showProduct
INFO: [ route_check ] --START--
INFO: CheckRoute Behavior ::run [ RunTime:0.003296s ]
INFO: [ route_check ] --END-- [ RunTime:0.003409s ]
INFO: [ app_begin ] --START--
INFO: ReadHtmlCache Behavior ::run [ RunTime:0.000914s ]
INFO: [ app_begin ] --END-- [ RunTime:0.000992s ]
INFO: [ view_parse ] --START--
INFO: ParseTemplate Behavior ::run [ RunTime:0.024575s ]
INFO: [ view_parse ] --END-- [ RunTime:0.024692s ]
INFO: [ view_filter ] --START--
INFO: ContentReplace Behavior ::run [ RunTime:0.000831s ]
INFO: TokenBuild Behavior ::run [ RunTime:0.000706s ]
INFO: WriteHtmlCache Behavior ::run [ RunTime:0.000582s ]
INFO: ShowRuntime Behavior ::run [ RunTime:0.000828s ]
INFO: [ view_filter ] --END-- [ RunTime:0.003157s ]
INFO: [ view_end ] --START--
INFO: ShowPageTrace Behavior ::run [ RunTime:0.001277s ]
INFO: [ view_end ] --END-- [ RunTime:0.001378s ]

[ 2017-03-10T15:44:41+08:00 ] 127.0.0.1 /webshop/index.php
INFO: [ app_begin ] --START--
INFO: ReadHtmlCache Behavior ::run [ RunTime:0.003002s ]
INFO: [ app_begin ] --END-- [ RunTime:0.003140s ]
INFO: [ view_parse ] --START--
INFO: ParseTemplate Behavior ::run [ RunTime:0.041749s ]
INFO: [ view_parse ] --END-- [ RunTime:0.041914s ]
INFO: [ view_filter ] --START--
INFO: ContentReplace Behavior ::run [ RunTime:0.003296s ]
INFO: TokenBuild Behavior ::run [ RunTime:0.003382s ]
INFO: WriteHtmlCache Behavior ::run [ RunTime:0.004349s ]
INFO: ShowRuntime Behavior ::run [ RunTime:0.005457s ]
INFO: [ view_filter ] --END-- [ RunTime:0.016890s ]
INFO: [ view_end ] --START--
INFO: ShowPageTrace Behavior ::run [ RunTime:0.004942s ]
INFO: [ view_end ] --END-- [ RunTime:0.005114s ]

[ 2017-03-10T19:18:28+08:00 ] 127.0.0.1 /webshop/
INFO: [ route_check ] --START--
INFO: CheckRoute Behavior ::run [ RunTime:0.029058s ]
INFO: [ route_check ] --END-- [ RunTime:0.029304s ]
INFO: [ app_begin ] --START--
INFO: ReadHtmlCache Behavior ::run [ RunTime:0.005856s ]
INFO: [ app_begin ] --END-- [ RunTime:0.006035s ]
ERR: 无法加载模块:webshop

[ 2017-03-10T19:18:52+08:00 ] 127.0.0.1 /webshop/
INFO: [ route_check ] --START--
INFO: CheckRoute Behavior ::run [ RunTime:0.001264s ]
INFO: [ route_check ] --END-- [ RunTime:0.001367s ]
INFO: [ app_begin ] --START--
INFO: ReadHtmlCache Behavior ::run [ RunTime:0.000939s ]
INFO: [ app_begin ] --END-- [ RunTime:0.001018s ]
ERR: 无法加载模块:webshop

