[ 2017-05-24T11:58:28+08:00 ] 127.0.0.1 /webshop/index.php
INFO: [ app_begin ] --START--
INFO: ReadHtmlCache Behavior ::run [ RunTime:0.009199s ]
INFO: [ app_begin ] --END-- [ RunTime:0.009348s ]
NOTIC: [8] Undefined index:  username E:\www\webshop\Index\Lib\Action\IndexAction.class.php 第 104 行.
SQL: SHOW COLUMNS FROM `mylist` [ RunTime:0.031927s ]
SQL: select mylist.id, phone.phoneid,phone.proname,phone.provtitle,phone.color,phone.price,phone.size,phone.neicun,phone.cunchu,phone.dianchi,phone.brand from phone ,mylist where  phone.phoneid = mylist.phoneid order by  mylist.id [ RunTime:0.036890s ]
SQL: SHOW COLUMNS FROM `broadcast` [ RunTime:0.043283s ]
SQL: SELECT COUNT(*) AS tp_count FROM `broadcast` LIMIT 1   [ RunTime:0.000619s ]
SQL: SELECT * FROM `broadcast`  [ RunTime:0.000229s ]
SQL: SHOW COLUMNS FROM `menu` [ RunTime:0.100712s ]
SQL: SELECT * FROM `menu`  [ RunTime:0.000409s ]
INFO: [ view_parse ] --START--
NOTIC: [8] Undefined variable: account E:\www\webshop\Index\Runtime\Cache\f9c22b8b40e560036663a0ce7ed378ae.php 第 83 行.
NOTIC: [8] Undefined variable: res E:\www\webshop\Index\Runtime\Cache\f9c22b8b40e560036663a0ce7ed378ae.php 第 86 行.
NOTIC: [8] Undefined variable: listdata E:\www\webshop\Index\Runtime\Cache\f9c22b8b40e560036663a0ce7ed378ae.php 第 348 行.
NOTIC: [8] Undefined offset:  20 E:\www\webshop\Index\Runtime\Cache\f9c22b8b40e560036663a0ce7ed378ae.php 第 354 行.
NOTIC: [8] Undefined offset:  20 E:\www\webshop\Index\Runtime\Cache\f9c22b8b40e560036663a0ce7ed378ae.php 第 460 行.
NOTIC: [8] Undefined offset:  20 E:\www\webshop\Index\Runtime\Cache\f9c22b8b40e560036663a0ce7ed378ae.php 第 461 行.
INFO: ParseTemplate Behavior ::run [ RunTime:0.116634s ]
INFO: [ view_parse ] --END-- [ RunTime:0.116759s ]
INFO: [ view_filter ] --START--
INFO: ContentReplace Behavior ::run [ RunTime:0.013659s ]
INFO: TokenBuild Behavior ::run [ RunTime:0.002038s ]
INFO: WriteHtmlCache Behavior ::run [ RunTime:0.001943s ]
INFO: ShowRuntime Behavior ::run [ RunTime:0.020582s ]
INFO: [ view_filter ] --END-- [ RunTime:0.038560s ]
INFO: [ view_end ] --START--
INFO: ShowPageTrace Behavior ::run [ RunTime:0.022675s ]
INFO: [ view_end ] --END-- [ RunTime:0.022809s ]

[ 2017-05-24T11:58:36+08:00 ] 127.0.0.1 /webshop/index.php/Form/handleLogin
INFO: [ route_check ] --START--
INFO: CheckRoute Behavior ::run [ RunTime:0.020296s ]
INFO: [ route_check ] --END-- [ RunTime:0.020419s ]
INFO: [ app_begin ] --START--
INFO: ReadHtmlCache Behavior ::run [ RunTime:0.001648s ]
INFO: [ app_begin ] --END-- [ RunTime:0.001790s ]
INFO: [ view_parse ] --START--
INFO: ParseTemplate Behavior ::run [ RunTime:0.050194s ]
INFO: [ view_parse ] --END-- [ RunTime:0.050330s ]
INFO: [ view_filter ] --START--
INFO: ContentReplace Behavior ::run [ RunTime:0.001514s ]
INFO: TokenBuild Behavior ::run [ RunTime:0.001373s ]
INFO: WriteHtmlCache Behavior ::run [ RunTime:0.001252s ]
INFO: ShowRuntime Behavior ::run [ RunTime:0.001469s ]
INFO: [ view_filter ] --END-- [ RunTime:0.005842s ]
INFO: [ view_end ] --START--
INFO: ShowPageTrace Behavior ::run [ RunTime:0.001713s ]
INFO: [ view_end ] --END-- [ RunTime:0.001815s ]

[ 2017-05-24T11:58:41+08:00 ] 127.0.0.1 /webshop/index.php/Form/handleEnroll
INFO: [ route_check ] --START--
INFO: CheckRoute Behavior ::run [ RunTime:0.000954s ]
INFO: [ route_check ] --END-- [ RunTime:0.001064s ]
INFO: [ app_begin ] --START--
INFO: ReadHtmlCache Behavior ::run [ RunTime:0.000623s ]
INFO: [ app_begin ] --END-- [ RunTime:0.000698s ]
INFO: [ view_parse ] --START--
INFO: ParseTemplate Behavior ::run [ RunTime:0.291270s ]
INFO: [ view_parse ] --END-- [ RunTime:0.291441s ]
INFO: [ view_filter ] --START--
INFO: ContentReplace Behavior ::run [ RunTime:0.001131s ]
INFO: TokenBuild Behavior ::run [ RunTime:0.000929s ]
INFO: WriteHtmlCache Behavior ::run [ RunTime:0.000636s ]
INFO: ShowRuntime Behavior ::run [ RunTime:0.001082s ]
INFO: [ view_filter ] --END-- [ RunTime:0.004189s ]
INFO: [ view_end ] --START--
INFO: ShowPageTrace Behavior ::run [ RunTime:0.001687s ]
INFO: [ view_end ] --END-- [ RunTime:0.002359s ]

[ 2017-05-24T12:59:39+08:00 ] 127.0.0.1 /webshop/index.php/Form/isUserNameEnroll
INFO: [ route_check ] --START--
INFO: CheckRoute Behavior ::run [ RunTime:0.001876s ]
INFO: [ route_check ] --END-- [ RunTime:0.001996s ]
INFO: [ app_begin ] --START--
INFO: ReadHtmlCache Behavior ::run [ RunTime:0.002147s ]
INFO: [ app_begin ] --END-- [ RunTime:0.002229s ]
SQL: SHOW COLUMNS FROM `user` [ RunTime:0.238573s ]
NOTIC: [8] Undefined variable: num E:\www\webshop\Index\Lib\Action\FormAction.class.php 第 68 行.

[ 2017-05-24T12:59:39+08:00 ] 127.0.0.1 /webshop/index.php/Form/isUserNameEnroll
INFO: [ route_check ] --START--
INFO: CheckRoute Behavior ::run [ RunTime:0.001410s ]
INFO: [ route_check ] --END-- [ RunTime:0.001572s ]
INFO: [ app_begin ] --START--
INFO: ReadHtmlCache Behavior ::run [ RunTime:0.001131s ]
INFO: [ app_begin ] --END-- [ RunTime:0.001284s ]
SQL: SHOW COLUMNS FROM `user` [ RunTime:0.038788s ]
NOTIC: [8] Undefined variable: num E:\www\webshop\Index\Lib\Action\FormAction.class.php 第 68 行.

[ 2017-05-24T12:59:40+08:00 ] 127.0.0.1 /webshop/index.php/Form/isUserNameEnroll
INFO: [ route_check ] --START--
INFO: CheckRoute Behavior ::run [ RunTime:0.002380s ]
INFO: [ route_check ] --END-- [ RunTime:0.002743s ]
INFO: [ app_begin ] --START--
INFO: ReadHtmlCache Behavior ::run [ RunTime:0.001483s ]
INFO: [ app_begin ] --END-- [ RunTime:0.001710s ]
SQL: SHOW COLUMNS FROM `user` [ RunTime:0.008344s ]
NOTIC: [8] Undefined variable: num E:\www\webshop\Index\Lib\Action\FormAction.class.php 第 68 行.

[ 2017-05-24T12:59:41+08:00 ] 127.0.0.1 /webshop/index.php/Form/isUserNameEnroll
INFO: [ route_check ] --START--
INFO: CheckRoute Behavior ::run [ RunTime:0.000915s ]
INFO: [ route_check ] --END-- [ RunTime:0.001015s ]
INFO: [ app_begin ] --START--
INFO: ReadHtmlCache Behavior ::run [ RunTime:0.000604s ]
INFO: [ app_begin ] --END-- [ RunTime:0.000671s ]
SQL: SHOW COLUMNS FROM `user` [ RunTime:0.009534s ]
NOTIC: [8] Undefined variable: num E:\www\webshop\Index\Lib\Action\FormAction.class.php 第 68 行.

[ 2017-05-24T15:54:55+08:00 ] 127.0.0.1 /webshop/index.php
INFO: [ app_begin ] --START--
INFO: ReadHtmlCache Behavior ::run [ RunTime:0.014324s ]
INFO: [ app_begin ] --END-- [ RunTime:0.043794s ]
NOTIC: [8] Undefined index:  username E:\www\webshop\Index\Lib\Action\IndexAction.class.php 第 104 行.
SQL: SHOW COLUMNS FROM `mylist` [ RunTime:0.620062s ]
SQL: select mylist.id, phone.phoneid,phone.proname,phone.provtitle,phone.color,phone.price,phone.size,phone.neicun,phone.cunchu,phone.dianchi,phone.brand from phone ,mylist where  phone.phoneid = mylist.phoneid order by  mylist.id [ RunTime:0.581834s ]
SQL: SHOW COLUMNS FROM `broadcast` [ RunTime:0.006647s ]
SQL: SELECT COUNT(*) AS tp_count FROM `broadcast` LIMIT 1   [ RunTime:0.084958s ]
SQL: SELECT * FROM `broadcast`  [ RunTime:0.000543s ]
SQL: SHOW COLUMNS FROM `menu` [ RunTime:0.039363s ]
SQL: SELECT * FROM `menu`  [ RunTime:0.006755s ]
INFO: [ view_parse ] --START--
NOTIC: [8] Undefined variable: account E:\www\webshop\Index\Runtime\Cache\f9c22b8b40e560036663a0ce7ed378ae.php 第 83 行.
NOTIC: [8] Undefined variable: res E:\www\webshop\Index\Runtime\Cache\f9c22b8b40e560036663a0ce7ed378ae.php 第 86 行.
NOTIC: [8] Undefined variable: listdata E:\www\webshop\Index\Runtime\Cache\f9c22b8b40e560036663a0ce7ed378ae.php 第 348 行.
NOTIC: [8] Undefined offset:  20 E:\www\webshop\Index\Runtime\Cache\f9c22b8b40e560036663a0ce7ed378ae.php 第 354 行.
NOTIC: [8] Undefined offset:  20 E:\www\webshop\Index\Runtime\Cache\f9c22b8b40e560036663a0ce7ed378ae.php 第 460 行.
NOTIC: [8] Undefined offset:  20 E:\www\webshop\Index\Runtime\Cache\f9c22b8b40e560036663a0ce7ed378ae.php 第 461 行.
INFO: ParseTemplate Behavior ::run [ RunTime:0.200516s ]
INFO: [ view_parse ] --END-- [ RunTime:0.200618s ]
INFO: [ view_filter ] --START--
INFO: ContentReplace Behavior ::run [ RunTime:0.003318s ]
INFO: TokenBuild Behavior ::run [ RunTime:0.002459s ]
INFO: WriteHtmlCache Behavior ::run [ RunTime:0.002309s ]
INFO: ShowRuntime Behavior ::run [ RunTime:0.026300s ]
INFO: [ view_filter ] --END-- [ RunTime:0.034705s ]
INFO: [ view_end ] --START--
INFO: ShowPageTrace Behavior ::run [ RunTime:0.035268s ]
INFO: [ view_end ] --END-- [ RunTime:0.035423s ]

[ 2017-05-24T15:55:02+08:00 ] 127.0.0.1 /webshop/index.php/Index/showProduct/phoneid/a153512321
INFO: [ route_check ] --START--
INFO: CheckRoute Behavior ::run [ RunTime:0.001940s ]
INFO: [ route_check ] --END-- [ RunTime:0.002074s ]
INFO: [ app_begin ] --START--
INFO: ReadHtmlCache Behavior ::run [ RunTime:0.000766s ]
INFO: [ app_begin ] --END-- [ RunTime:0.000870s ]
SQL: SHOW COLUMNS FROM `phone` [ RunTime:0.011268s ]
NOTIC: 建议使用I方法替代_get
NOTIC: [8] Undefined index:  username E:\www\webshop\Index\Lib\Action\IndexAction.class.php 第 160 行.
SQL: SHOW COLUMNS FROM `recommend` [ RunTime:0.671799s ]
SQL: SELECT COUNT(*) AS tp_count FROM `recommend` WHERE ( username='' and phoneid='a153512321' ) LIMIT 1   [ RunTime:0.042925s ]
SQL: INSERT INTO `recommend` (`phoneid`) VALUES ('a153512321') [ RunTime:0.171435s ]
SQL: select recommend.time,phone.phoneid,phone.proname, phone.imgsrc1,phone.color from phone ,recommend where    phone.phoneid = recommend.phoneid order by recommend.time desc [ RunTime:0.106719s ]
SQL: SHOW COLUMNS FROM `comment` [ RunTime:0.121978s ]
SQL: SELECT `proname` FROM `phone` WHERE ( phoneid='a153512321' )  [ RunTime:0.000322s ]
SQL: SELECT COUNT(*) AS tp_count FROM `comment` WHERE ( proname='魅族Pro 6s' ) LIMIT 1   [ RunTime:0.000216s ]
SQL: SELECT COUNT(*) AS tp_count FROM `comment` WHERE ( proname='魅族Pro 6s' and star>=4 ) LIMIT 1   [ RunTime:0.000246s ]
SQL: SELECT COUNT(*) AS tp_count FROM `comment` WHERE ( proname='魅族Pro 6s' and star between 2 and 3  ) LIMIT 1   [ RunTime:0.049643s ]
SQL: SELECT COUNT(*) AS tp_count FROM `comment` WHERE ( proname='魅族Pro 6s' and star=1  ) LIMIT 1   [ RunTime:0.000693s ]
SQL: SELECT * FROM `phone` WHERE ( phoneid='a153512321' )  [ RunTime:0.000492s ]
NOTIC: 建议使用I方法替代_get
NOTIC: 建议使用I方法替代_get
NOTIC: 建议使用I方法替代_get
SQL: SELECT `phoneid`,`color` FROM `phone` WHERE ( proname='魅族Pro 6s'and phoneid!='a153512321' and color!='星空黑' )  [ RunTime:0.000389s ]
SQL: SELECT `phoneid`,`neicun`,`cunchu` FROM `phone` WHERE ( proname='魅族Pro 6s' and phoneid!='a153512321' and color='星空黑'  )  [ RunTime:0.000345s ]
NOTIC: [8] Undefined index:  imgsrc7 E:\www\webshop\Index\Lib\Action\IndexAction.class.php 第 224 行.
NOTIC: [8] Undefined index:  imgsrc8 E:\www\webshop\Index\Lib\Action\IndexAction.class.php 第 224 行.
NOTIC: [8] Undefined index:  imgsrc9 E:\www\webshop\Index\Lib\Action\IndexAction.class.php 第 224 行.
NOTIC: [8] Undefined index:  imgsrc10 E:\www\webshop\Index\Lib\Action\IndexAction.class.php 第 224 行.
NOTIC: [8] Undefined index:  imgsrc11 E:\www\webshop\Index\Lib\Action\IndexAction.class.php 第 224 行.
NOTIC: [8] Undefined index:  imgsrc12 E:\www\webshop\Index\Lib\Action\IndexAction.class.php 第 224 行.
NOTIC: [8] Undefined index:  imgsrc13 E:\www\webshop\Index\Lib\Action\IndexAction.class.php 第 224 行.
NOTIC: [8] Undefined index:  imgsrc14 E:\www\webshop\Index\Lib\Action\IndexAction.class.php 第 224 行.
NOTIC: [8] Undefined index:  imgsrc15 E:\www\webshop\Index\Lib\Action\IndexAction.class.php 第 224 行.
NOTIC: [8] Undefined index:  imgsrc16 E:\www\webshop\Index\Lib\Action\IndexAction.class.php 第 224 行.
NOTIC: [8] Undefined index:  imgsrc17 E:\www\webshop\Index\Lib\Action\IndexAction.class.php 第 224 行.
NOTIC: [8] Undefined index:  imgsrc18 E:\www\webshop\Index\Lib\Action\IndexAction.class.php 第 224 行.
NOTIC: [8] Undefined index:  imgsrc19 E:\www\webshop\Index\Lib\Action\IndexAction.class.php 第 224 行.
NOTIC: [8] Undefined index:  imgsrc20 E:\www\webshop\Index\Lib\Action\IndexAction.class.php 第 224 行.
NOTIC: [8] Undefined index:  imgsrc21 E:\www\webshop\Index\Lib\Action\IndexAction.class.php 第 224 行.
NOTIC: [8] Undefined index:  imgsrc22 E:\www\webshop\Index\Lib\Action\IndexAction.class.php 第 224 行.
NOTIC: [8] Undefined index:  imgsrc23 E:\www\webshop\Index\Lib\Action\IndexAction.class.php 第 224 行.
SQL: SHOW COLUMNS FROM `allnum` [ RunTime:0.190809s ]
SQL: SELECT * FROM `allnum` WHERE ( phoneid='a153512321' )  [ RunTime:0.000513s ]
INFO: [ view_parse ] --START--
NOTIC: [8] Undefined variable: imgsrc6 E:\www\webshop\Index\Runtime\Cache\7dc461755afe0040285ce84aece2b697.php 第 169 行.
NOTIC: [8] Undefined index:  username E:\www\webshop\Index\Runtime\Cache\7dc461755afe0040285ce84aece2b697.php 第 371 行.
NOTIC: [8] Undefined index:  bigimg5 E:\www\webshop\Index\Runtime\Cache\7dc461755afe0040285ce84aece2b697.php 第 432 行.
NOTIC: [8] Undefined index:  bigimg6 E:\www\webshop\Index\Runtime\Cache\7dc461755afe0040285ce84aece2b697.php 第 434 行.
NOTIC: [8] Undefined index:  bigimg7 E:\www\webshop\Index\Runtime\Cache\7dc461755afe0040285ce84aece2b697.php 第 436 行.
INFO: ParseTemplate Behavior ::run [ RunTime:0.130664s ]
INFO: [ view_parse ] --END-- [ RunTime:0.130859s ]
INFO: [ view_filter ] --START--
INFO: ContentReplace Behavior ::run [ RunTime:0.000999s ]
INFO: TokenBuild Behavior ::run [ RunTime:0.001220s ]
INFO: WriteHtmlCache Behavior ::run [ RunTime:0.000530s ]
INFO: ShowRuntime Behavior ::run [ RunTime:0.000789s ]
INFO: [ view_filter ] --END-- [ RunTime:0.003904s ]
INFO: [ view_end ] --START--
INFO: ShowPageTrace Behavior ::run [ RunTime:0.001069s ]
INFO: [ view_end ] --END-- [ RunTime:0.001207s ]

[ 2017-05-24T15:55:03+08:00 ] 127.0.0.1 /webshop/index.php/Index/getPageNum?phoneid=a153512321&page=0&index=5
INFO: [ route_check ] --START--
INFO: CheckRoute Behavior ::run [ RunTime:0.001542s ]
INFO: [ route_check ] --END-- [ RunTime:0.001754s ]
INFO: [ app_begin ] --START--
INFO: ReadHtmlCache Behavior ::run [ RunTime:0.001203s ]
INFO: [ app_begin ] --END-- [ RunTime:0.001386s ]
NOTIC: 建议使用I方法替代_get
NOTIC: 建议使用I方法替代_get
SQL: SHOW COLUMNS FROM `comment` [ RunTime:0.006808s ]
SQL: SHOW COLUMNS FROM `phone` [ RunTime:0.010142s ]
SQL: SELECT `proname` FROM `phone` WHERE ( phoneid='a153512321' )  [ RunTime:0.000306s ]
SQL: SELECT COUNT(*) AS tp_count FROM `comment` WHERE ( proname='魅族Pro 6s' and star>=4  ) LIMIT 1   [ RunTime:0.000230s ]

[ 2017-05-24T15:55:04+08:00 ] 127.0.0.1 /webshop/index.php/Index/showComment
INFO: [ route_check ] --START--
INFO: CheckRoute Behavior ::run [ RunTime:0.002059s ]
INFO: [ route_check ] --END-- [ RunTime:0.002171s ]
INFO: [ app_begin ] --START--
INFO: ReadHtmlCache Behavior ::run [ RunTime:0.002840s ]
INFO: [ app_begin ] --END-- [ RunTime:0.003022s ]
NOTIC: 建议使用I方法替代_post
NOTIC: 建议使用I方法替代_post
NOTIC: 建议使用I方法替代_post
SQL: SHOW COLUMNS FROM `comment` [ RunTime:0.095862s ]
SQL: SHOW COLUMNS FROM `phone` [ RunTime:0.009121s ]
SQL: SELECT `proname` FROM `phone` WHERE ( phoneid='a153512321' )  [ RunTime:0.000389s ]
SQL: SELECT * FROM `comment` WHERE ( proname='魅族Pro 6s' and star>=4  ) ORDER BY id desc LIMIT -5,5   [ RunTime:0.272210s ]
ERR: 1064:You have an error in your SQL syntax; check the manual that corresponds to your MySQL server version for the right syntax to use near '-5,5' at line 1
 [ SQL语句 ] : SELECT * FROM `comment` WHERE ( proname='魅族Pro 6s' and star>=4  ) ORDER BY id desc LIMIT -5,5  

[ 2017-05-24T16:00:56+08:00 ] 127.0.0.1 /webshop/index.php/ShopCart/shopcart/?key=3
INFO: [ route_check ] --START--
INFO: CheckRoute Behavior ::run [ RunTime:0.002943s ]
INFO: [ route_check ] --END-- [ RunTime:0.003116s ]
INFO: [ app_begin ] --START--
INFO: ReadHtmlCache Behavior ::run [ RunTime:0.002420s ]
INFO: [ app_begin ] --END-- [ RunTime:0.002562s ]
NOTIC: [8] Undefined index:  username E:\www\webshop\Index\Lib\Action\ShopCartAction.class.php 第 108 行.
SQL: SHOW COLUMNS FROM `shopcart` [ RunTime:0.111177s ]
SQL: SHOW COLUMNS FROM `comment` [ RunTime:0.006401s ]
NOTIC: 建议使用I方法替代_get
SQL: select phone.phoneid,phone.proname,phone.protitle, phone.provtitle,phone.neicun,phone.cunchu,phone.color,phone.price,phone.imgsrc1 from phone,shopcart  where phone.phoneid = shopcart.phoneid  and username='' [ RunTime:0.000347s ]
SQL: SHOW COLUMNS FROM `buy` [ RunTime:0.072141s ]
NOTIC: 建议使用I方法替代_get
SQL: select buy.id,buy.time,phone.proname,phone.color,phone.neicun,phone.cunchu, phone.imgsrc1 ,phone.phoneid from phone,buy where buy.username=''  and phone.phoneid = buy.phoneid order by time desc limit 0,5 [ RunTime:0.000399s ]
SQL: SELECT COUNT(*) AS tp_count FROM `buy` LIMIT 1   [ RunTime:0.000160s ]
SQL: SHOW COLUMNS FROM `store` [ RunTime:0.067333s ]
SQL: select phone.proname,phone.color,phone.neicun,phone.cunchu,store.time, phone.imgsrc1 ,phone.phoneid from phone,store 
                     where store.username=''  and phone.phoneid = store.phoneid [ RunTime:0.000304s ]
INFO: [ view_parse ] --START--
INFO: ParseTemplate Behavior ::run [ RunTime:0.053643s ]
INFO: [ view_parse ] --END-- [ RunTime:0.053783s ]
INFO: [ view_filter ] --START--
INFO: ContentReplace Behavior ::run [ RunTime:0.001600s ]
INFO: TokenBuild Behavior ::run [ RunTime:0.001419s ]
INFO: WriteHtmlCache Behavior ::run [ RunTime:0.001647s ]
INFO: ShowRuntime Behavior ::run [ RunTime:0.001522s ]
INFO: [ view_filter ] --END-- [ RunTime:0.006415s ]
INFO: [ view_end ] --START--
INFO: ShowPageTrace Behavior ::run [ RunTime:0.002881s ]
INFO: [ view_end ] --END-- [ RunTime:0.003024s ]

[ 2017-05-24T16:00:56+08:00 ] 127.0.0.1 /webshop/index.php/ShopCart/getComment
INFO: [ route_check ] --START--
INFO: CheckRoute Behavior ::run [ RunTime:0.001920s ]
INFO: [ route_check ] --END-- [ RunTime:0.002027s ]
INFO: [ app_begin ] --START--
INFO: ReadHtmlCache Behavior ::run [ RunTime:0.001596s ]
INFO: [ app_begin ] --END-- [ RunTime:0.001687s ]
NOTIC: 建议使用I方法替代_post
SQL: SHOW COLUMNS FROM `comment` [ RunTime:0.006318s ]
NOTIC: [8] Undefined index:  username E:\www\webshop\Index\Lib\Action\ShopCartAction.class.php 第 402 行.
SQL: SELECT `phoneid`,`content`,`time`,`star` FROM `comment` WHERE ( username='' and buyid ='' ) ORDER BY time  [ RunTime:0.000331s ]

[ 2017-05-24T16:01:01+08:00 ] 127.0.0.1 /webshop/index.php/ShopCart/shopcart/?key=2&page=2
INFO: [ route_check ] --START--
INFO: CheckRoute Behavior ::run [ RunTime:0.000950s ]
INFO: [ route_check ] --END-- [ RunTime:0.001056s ]
INFO: [ app_begin ] --START--
INFO: ReadHtmlCache Behavior ::run [ RunTime:0.000633s ]
INFO: [ app_begin ] --END-- [ RunTime:0.000713s ]
NOTIC: [8] Undefined index:  username E:\www\webshop\Index\Lib\Action\ShopCartAction.class.php 第 108 行.
SQL: SHOW COLUMNS FROM `shopcart` [ RunTime:0.009029s ]
SQL: SHOW COLUMNS FROM `comment` [ RunTime:0.007098s ]
NOTIC: 建议使用I方法替代_get
SQL: select phone.phoneid,phone.proname,phone.protitle, phone.provtitle,phone.neicun,phone.cunchu,phone.color,phone.price,phone.imgsrc1 from phone,shopcart  where phone.phoneid = shopcart.phoneid  and username='' [ RunTime:0.000338s ]
SQL: SHOW COLUMNS FROM `buy` [ RunTime:0.008775s ]
NOTIC: 建议使用I方法替代_get
SQL: select buy.id,buy.time,phone.proname,phone.color,phone.neicun,phone.cunchu, phone.imgsrc1 ,phone.phoneid from phone,buy where buy.username=''  and phone.phoneid = buy.phoneid order by time desc limit 5,5 [ RunTime:0.000411s ]
SQL: SELECT COUNT(*) AS tp_count FROM `buy` LIMIT 1   [ RunTime:0.000274s ]
SQL: SHOW COLUMNS FROM `store` [ RunTime:0.010400s ]
SQL: select phone.proname,phone.color,phone.neicun,phone.cunchu,store.time, phone.imgsrc1 ,phone.phoneid from phone,store 
                     where store.username=''  and phone.phoneid = store.phoneid [ RunTime:0.000331s ]
INFO: [ view_parse ] --START--
INFO: ParseTemplate Behavior ::run [ RunTime:0.074369s ]
INFO: [ view_parse ] --END-- [ RunTime:0.074722s ]
INFO: [ view_filter ] --START--
INFO: ContentReplace Behavior ::run [ RunTime:0.002674s ]
INFO: TokenBuild Behavior ::run [ RunTime:0.002304s ]
INFO: WriteHtmlCache Behavior ::run [ RunTime:0.002053s ]
INFO: ShowRuntime Behavior ::run [ RunTime:0.002520s ]
INFO: [ view_filter ] --END-- [ RunTime:0.010080s ]
INFO: [ view_end ] --START--
INFO: ShowPageTrace Behavior ::run [ RunTime:0.002580s ]
INFO: [ view_end ] --END-- [ RunTime:0.002772s ]

[ 2017-05-24T16:01:01+08:00 ] 127.0.0.1 /webshop/index.php/ShopCart/getComment
INFO: [ route_check ] --START--
INFO: CheckRoute Behavior ::run [ RunTime:0.002110s ]
INFO: [ route_check ] --END-- [ RunTime:0.002532s ]
INFO: [ app_begin ] --START--
INFO: ReadHtmlCache Behavior ::run [ RunTime:0.001343s ]
INFO: [ app_begin ] --END-- [ RunTime:0.001651s ]
NOTIC: 建议使用I方法替代_post
SQL: SHOW COLUMNS FROM `comment` [ RunTime:0.010102s ]
NOTIC: [8] Undefined index:  username E:\www\webshop\Index\Lib\Action\ShopCartAction.class.php 第 402 行.
SQL: SELECT `phoneid`,`content`,`time`,`star` FROM `comment` WHERE ( username='' and buyid ='' ) ORDER BY time  [ RunTime:0.009650s ]

[ 2017-05-24T16:01:04+08:00 ] 127.0.0.1 /webshop/index.php/ShopCart/shopcart/?key=2&page=2
INFO: [ route_check ] --START--
INFO: CheckRoute Behavior ::run [ RunTime:0.001325s ]
INFO: [ route_check ] --END-- [ RunTime:0.001471s ]
INFO: [ app_begin ] --START--
INFO: ReadHtmlCache Behavior ::run [ RunTime:0.000668s ]
INFO: [ app_begin ] --END-- [ RunTime:0.000748s ]
NOTIC: [8] Undefined index:  username E:\www\webshop\Index\Lib\Action\ShopCartAction.class.php 第 108 行.
SQL: SHOW COLUMNS FROM `shopcart` [ RunTime:0.006461s ]
SQL: SHOW COLUMNS FROM `comment` [ RunTime:0.007929s ]
NOTIC: 建议使用I方法替代_get
SQL: select phone.phoneid,phone.proname,phone.protitle, phone.provtitle,phone.neicun,phone.cunchu,phone.color,phone.price,phone.imgsrc1 from phone,shopcart  where phone.phoneid = shopcart.phoneid  and username='' [ RunTime:0.000577s ]
SQL: SHOW COLUMNS FROM `buy` [ RunTime:0.006560s ]
NOTIC: 建议使用I方法替代_get
SQL: select buy.id,buy.time,phone.proname,phone.color,phone.neicun,phone.cunchu, phone.imgsrc1 ,phone.phoneid from phone,buy where buy.username=''  and phone.phoneid = buy.phoneid order by time desc limit 5,5 [ RunTime:0.000431s ]
SQL: SELECT COUNT(*) AS tp_count FROM `buy` LIMIT 1   [ RunTime:0.000206s ]
SQL: SHOW COLUMNS FROM `store` [ RunTime:0.009212s ]
SQL: select phone.proname,phone.color,phone.neicun,phone.cunchu,store.time, phone.imgsrc1 ,phone.phoneid from phone,store 
                     where store.username=''  and phone.phoneid = store.phoneid [ RunTime:0.000334s ]
INFO: [ view_parse ] --START--
INFO: ParseTemplate Behavior ::run [ RunTime:0.030147s ]
INFO: [ view_parse ] --END-- [ RunTime:0.030296s ]
INFO: [ view_filter ] --START--
INFO: ContentReplace Behavior ::run [ RunTime:0.000935s ]
INFO: TokenBuild Behavior ::run [ RunTime:0.000842s ]
INFO: WriteHtmlCache Behavior ::run [ RunTime:0.001281s ]
INFO: ShowRuntime Behavior ::run [ RunTime:0.001388s ]
INFO: [ view_filter ] --END-- [ RunTime:0.005054s ]
INFO: [ view_end ] --START--
INFO: ShowPageTrace Behavior ::run [ RunTime:0.001096s ]
INFO: [ view_end ] --END-- [ RunTime:0.001249s ]

[ 2017-05-24T16:01:04+08:00 ] 127.0.0.1 /webshop/index.php/ShopCart/getComment
INFO: [ route_check ] --START--
INFO: CheckRoute Behavior ::run [ RunTime:0.001010s ]
INFO: [ route_check ] --END-- [ RunTime:0.001122s ]
INFO: [ app_begin ] --START--
INFO: ReadHtmlCache Behavior ::run [ RunTime:0.000760s ]
INFO: [ app_begin ] --END-- [ RunTime:0.000854s ]
NOTIC: 建议使用I方法替代_post
SQL: SHOW COLUMNS FROM `comment` [ RunTime:0.010081s ]
NOTIC: [8] Undefined index:  username E:\www\webshop\Index\Lib\Action\ShopCartAction.class.php 第 402 行.
SQL: SELECT `phoneid`,`content`,`time`,`star` FROM `comment` WHERE ( username='' and buyid ='' ) ORDER BY time  [ RunTime:0.000317s ]

