[ 2017-05-15T21:47:10+08:00 ] 127.0.0.1 /webshop/index.php
INFO: [ app_begin ] --START--
INFO: ReadHtmlCache Behavior ::run [ RunTime:0.046063s ]
INFO: [ app_begin ] --END-- [ RunTime:0.046457s ]
NOTIC: [8] Undefined index:  username E:\www\webshop\Index\Lib\Action\IndexAction.class.php 第 104 行.
SQL: SHOW COLUMNS FROM `mylist` [ RunTime:2.172268s ]
SQL: select mylist.id, phone.phoneid,phone.proname,phone.provtitle,phone.color,phone.price,phone.size,phone.neicun,phone.cunchu,phone.dianchi,phone.brand from phone ,mylist where  phone.phoneid = mylist.phoneid order by  mylist.id [ RunTime:0.324900s ]
SQL: SHOW COLUMNS FROM `broadcast` [ RunTime:0.138675s ]
SQL: SELECT COUNT(*) AS tp_count FROM `broadcast` LIMIT 1   [ RunTime:0.133404s ]
SQL: SELECT * FROM `broadcast`  [ RunTime:0.026418s ]
SQL: SHOW COLUMNS FROM `menu` [ RunTime:0.291265s ]
SQL: SELECT * FROM `menu`  [ RunTime:0.061789s ]
INFO: [ view_parse ] --START--
NOTIC: [8] Undefined variable: account E:\www\webshop\Index\Runtime\Cache\f9c22b8b40e560036663a0ce7ed378ae.php 第 83 行.
NOTIC: [8] Undefined variable: res E:\www\webshop\Index\Runtime\Cache\f9c22b8b40e560036663a0ce7ed378ae.php 第 86 行.
NOTIC: [8] Undefined variable: listdata E:\www\webshop\Index\Runtime\Cache\f9c22b8b40e560036663a0ce7ed378ae.php 第 348 行.
NOTIC: [8] Undefined offset:  20 E:\www\webshop\Index\Runtime\Cache\f9c22b8b40e560036663a0ce7ed378ae.php 第 354 行.
NOTIC: [8] Undefined offset:  20 E:\www\webshop\Index\Runtime\Cache\f9c22b8b40e560036663a0ce7ed378ae.php 第 460 行.
NOTIC: [8] Undefined offset:  20 E:\www\webshop\Index\Runtime\Cache\f9c22b8b40e560036663a0ce7ed378ae.php 第 461 行.
INFO: ParseTemplate Behavior ::run [ RunTime:0.301383s ]
INFO: [ view_parse ] --END-- [ RunTime:0.301666s ]
INFO: [ view_filter ] --START--
INFO: ContentReplace Behavior ::run [ RunTime:0.004051s ]
INFO: TokenBuild Behavior ::run [ RunTime:0.002974s ]
INFO: WriteHtmlCache Behavior ::run [ RunTime:0.002600s ]
INFO: ShowRuntime Behavior ::run [ RunTime:0.002854s ]
INFO: [ view_filter ] --END-- [ RunTime:0.012731s ]
INFO: [ view_end ] --START--
INFO: ShowPageTrace Behavior ::run [ RunTime:0.004247s ]
INFO: [ view_end ] --END-- [ RunTime:0.004705s ]

[ 2017-05-15T21:47:22+08:00 ] 127.0.0.1 /webshop/index.php/Index/showProduct/?phoneid=5443g5gg55
INFO: [ route_check ] --START--
INFO: CheckRoute Behavior ::run [ RunTime:0.003944s ]
INFO: [ route_check ] --END-- [ RunTime:0.004094s ]
INFO: [ app_begin ] --START--
INFO: ReadHtmlCache Behavior ::run [ RunTime:0.003092s ]
INFO: [ app_begin ] --END-- [ RunTime:0.003275s ]
SQL: SHOW COLUMNS FROM `phone` [ RunTime:0.050444s ]
NOTIC: 建议使用I方法替代_get
NOTIC: [8] Undefined index:  username E:\www\webshop\Index\Lib\Action\IndexAction.class.php 第 160 行.
SQL: SHOW COLUMNS FROM `recommend` [ RunTime:0.241094s ]
SQL: SELECT COUNT(*) AS tp_count FROM `recommend` WHERE ( username='' and phoneid='5443g5gg55' ) LIMIT 1   [ RunTime:0.040274s ]
SQL: INSERT INTO `recommend` (`phoneid`) VALUES ('5443g5gg55') [ RunTime:0.240957s ]
SQL: select recommend.time,phone.phoneid,phone.proname, phone.imgsrc1,phone.color from phone ,recommend where    phone.phoneid = recommend.phoneid order by recommend.time desc [ RunTime:0.033611s ]
SQL: SHOW COLUMNS FROM `comment` [ RunTime:0.223291s ]
SQL: SELECT `proname` FROM `phone` WHERE ( phoneid='5443g5gg55' )  [ RunTime:0.000555s ]
SQL: SELECT COUNT(*) AS tp_count FROM `comment` WHERE ( proname='华为p10' ) LIMIT 1   [ RunTime:0.000458s ]
SQL: SELECT COUNT(*) AS tp_count FROM `comment` WHERE ( proname='华为p10' and star>=4 ) LIMIT 1   [ RunTime:0.000890s ]
SQL: SELECT COUNT(*) AS tp_count FROM `comment` WHERE ( proname='华为p10' and star between 2 and 3  ) LIMIT 1   [ RunTime:0.042250s ]
SQL: SELECT COUNT(*) AS tp_count FROM `comment` WHERE ( proname='华为p10' and star=1  ) LIMIT 1   [ RunTime:0.001410s ]
SQL: SELECT * FROM `phone` WHERE ( phoneid='5443g5gg55' )  [ RunTime:0.000996s ]
NOTIC: 建议使用I方法替代_get
NOTIC: 建议使用I方法替代_get
NOTIC: 建议使用I方法替代_get
SQL: SELECT `phoneid`,`color` FROM `phone` WHERE ( proname='华为p10'and phoneid!='5443g5gg55' and color!='赭石黑' )  [ RunTime:0.000634s ]
SQL: SELECT `phoneid`,`neicun`,`cunchu` FROM `phone` WHERE ( proname='华为p10' and phoneid!='5443g5gg55' and color='赭石黑'  )  [ RunTime:0.000587s ]
NOTIC: [8] Undefined index:  imgsrc7 E:\www\webshop\Index\Lib\Action\IndexAction.class.php 第 224 行.
NOTIC: [8] Undefined index:  imgsrc8 E:\www\webshop\Index\Lib\Action\IndexAction.class.php 第 224 行.
NOTIC: [8] Undefined index:  imgsrc9 E:\www\webshop\Index\Lib\Action\IndexAction.class.php 第 224 行.
NOTIC: [8] Undefined index:  imgsrc10 E:\www\webshop\Index\Lib\Action\IndexAction.class.php 第 224 行.
NOTIC: [8] Undefined index:  imgsrc11 E:\www\webshop\Index\Lib\Action\IndexAction.class.php 第 224 行.
NOTIC: [8] Undefined index:  imgsrc12 E:\www\webshop\Index\Lib\Action\IndexAction.class.php 第 224 行.
NOTIC: [8] Undefined index:  imgsrc13 E:\www\webshop\Index\Lib\Action\IndexAction.class.php 第 224 行.
NOTIC: [8] Undefined index:  imgsrc14 E:\www\webshop\Index\Lib\Action\IndexAction.class.php 第 224 行.
NOTIC: [8] Undefined index:  imgsrc15 E:\www\webshop\Index\Lib\Action\IndexAction.class.php 第 224 行.
NOTIC: [8] Undefined index:  imgsrc16 E:\www\webshop\Index\Lib\Action\IndexAction.class.php 第 224 行.
NOTIC: [8] Undefined index:  imgsrc17 E:\www\webshop\Index\Lib\Action\IndexAction.class.php 第 224 行.
NOTIC: [8] Undefined index:  imgsrc18 E:\www\webshop\Index\Lib\Action\IndexAction.class.php 第 224 行.
NOTIC: [8] Undefined index:  imgsrc19 E:\www\webshop\Index\Lib\Action\IndexAction.class.php 第 224 行.
NOTIC: [8] Undefined index:  imgsrc20 E:\www\webshop\Index\Lib\Action\IndexAction.class.php 第 224 行.
NOTIC: [8] Undefined index:  imgsrc21 E:\www\webshop\Index\Lib\Action\IndexAction.class.php 第 224 行.
NOTIC: [8] Undefined index:  imgsrc22 E:\www\webshop\Index\Lib\Action\IndexAction.class.php 第 224 行.
NOTIC: [8] Undefined index:  imgsrc23 E:\www\webshop\Index\Lib\Action\IndexAction.class.php 第 224 行.
SQL: SHOW COLUMNS FROM `allnum` [ RunTime:0.143106s ]
SQL: SELECT * FROM `allnum` WHERE ( phoneid='5443g5gg55' )  [ RunTime:0.000722s ]
INFO: [ view_parse ] --START--
NOTIC: [8] Undefined index:  username E:\www\webshop\Index\Runtime\Cache\7dc461755afe0040285ce84aece2b697.php 第 371 行.
NOTIC: [8] Undefined index:  bigimg5 E:\www\webshop\Index\Runtime\Cache\7dc461755afe0040285ce84aece2b697.php 第 432 行.
NOTIC: [8] Undefined index:  bigimg6 E:\www\webshop\Index\Runtime\Cache\7dc461755afe0040285ce84aece2b697.php 第 434 行.
NOTIC: [8] Undefined index:  bigimg7 E:\www\webshop\Index\Runtime\Cache\7dc461755afe0040285ce84aece2b697.php 第 436 行.
INFO: ParseTemplate Behavior ::run [ RunTime:0.188801s ]
INFO: [ view_parse ] --END-- [ RunTime:0.188973s ]
INFO: [ view_filter ] --START--
INFO: ContentReplace Behavior ::run [ RunTime:0.003123s ]
INFO: TokenBuild Behavior ::run [ RunTime:0.002830s ]
INFO: WriteHtmlCache Behavior ::run [ RunTime:0.002643s ]
INFO: ShowRuntime Behavior ::run [ RunTime:0.004569s ]
INFO: [ view_filter ] --END-- [ RunTime:0.013407s ]
INFO: [ view_end ] --START--
INFO: ShowPageTrace Behavior ::run [ RunTime:0.003774s ]
INFO: [ view_end ] --END-- [ RunTime:0.003892s ]

[ 2017-05-15T21:47:23+08:00 ] 127.0.0.1 /webshop/index.php/Index/showProduct/?phoneid=5g5fdg25a4
INFO: [ route_check ] --START--
INFO: CheckRoute Behavior ::run [ RunTime:0.001225s ]
INFO: [ route_check ] --END-- [ RunTime:0.001337s ]
INFO: [ app_begin ] --START--
INFO: ReadHtmlCache Behavior ::run [ RunTime:0.000871s ]
INFO: [ app_begin ] --END-- [ RunTime:0.000948s ]
SQL: SHOW COLUMNS FROM `phone` [ RunTime:0.042694s ]
NOTIC: 建议使用I方法替代_get
NOTIC: [8] Undefined index:  username E:\www\webshop\Index\Lib\Action\IndexAction.class.php 第 160 行.
SQL: SHOW COLUMNS FROM `recommend` [ RunTime:0.050833s ]
SQL: SELECT COUNT(*) AS tp_count FROM `recommend` WHERE ( username='' and phoneid='5g5fdg25a4' ) LIMIT 1   [ RunTime:0.001375s ]
SQL: INSERT INTO `recommend` (`phoneid`) VALUES ('5g5fdg25a4') [ RunTime:0.214970s ]
SQL: select recommend.time,phone.phoneid,phone.proname, phone.imgsrc1,phone.color from phone ,recommend where    phone.phoneid = recommend.phoneid order by recommend.time desc [ RunTime:0.011491s ]
SQL: SHOW COLUMNS FROM `comment` [ RunTime:0.018548s ]
SQL: SELECT `proname` FROM `phone` WHERE ( phoneid='5g5fdg25a4' )  [ RunTime:0.000453s ]
SQL: SELECT COUNT(*) AS tp_count FROM `comment` WHERE ( proname='苹果7' ) LIMIT 1   [ RunTime:0.000363s ]
SQL: SELECT COUNT(*) AS tp_count FROM `comment` WHERE ( proname='苹果7' and star>=4 ) LIMIT 1   [ RunTime:0.000373s ]
SQL: SELECT COUNT(*) AS tp_count FROM `comment` WHERE ( proname='苹果7' and star between 2 and 3  ) LIMIT 1   [ RunTime:0.000372s ]
SQL: SELECT COUNT(*) AS tp_count FROM `comment` WHERE ( proname='苹果7' and star=1  ) LIMIT 1   [ RunTime:0.000373s ]
NOTIC: [2] Division by zero E:\www\webshop\Index\Lib\Action\IndexAction.class.php 第 198 行.
NOTIC: [2] Division by zero E:\www\webshop\Index\Lib\Action\IndexAction.class.php 第 199 行.
NOTIC: [2] Division by zero E:\www\webshop\Index\Lib\Action\IndexAction.class.php 第 200 行.
SQL: SELECT * FROM `phone` WHERE ( phoneid='5g5fdg25a4' )  [ RunTime:0.000388s ]
NOTIC: 建议使用I方法替代_get
NOTIC: 建议使用I方法替代_get
NOTIC: 建议使用I方法替代_get
SQL: SELECT `phoneid`,`color` FROM `phone` WHERE ( proname='苹果7'and phoneid!='5g5fdg25a4' and color!='玫瑰金' )  [ RunTime:0.000307s ]
SQL: SELECT `phoneid`,`neicun`,`cunchu` FROM `phone` WHERE ( proname='苹果7' and phoneid!='5g5fdg25a4' and color='玫瑰金'  )  [ RunTime:0.000299s ]
NOTIC: [8] Undefined index:  imgsrc7 E:\www\webshop\Index\Lib\Action\IndexAction.class.php 第 224 行.
NOTIC: [8] Undefined index:  imgsrc8 E:\www\webshop\Index\Lib\Action\IndexAction.class.php 第 224 行.
NOTIC: [8] Undefined index:  imgsrc9 E:\www\webshop\Index\Lib\Action\IndexAction.class.php 第 224 行.
NOTIC: [8] Undefined index:  imgsrc10 E:\www\webshop\Index\Lib\Action\IndexAction.class.php 第 224 行.
NOTIC: [8] Undefined index:  imgsrc11 E:\www\webshop\Index\Lib\Action\IndexAction.class.php 第 224 行.
NOTIC: [8] Undefined index:  imgsrc12 E:\www\webshop\Index\Lib\Action\IndexAction.class.php 第 224 行.
NOTIC: [8] Undefined index:  imgsrc13 E:\www\webshop\Index\Lib\Action\IndexAction.class.php 第 224 行.
NOTIC: [8] Undefined index:  imgsrc14 E:\www\webshop\Index\Lib\Action\IndexAction.class.php 第 224 行.
NOTIC: [8] Undefined index:  imgsrc15 E:\www\webshop\Index\Lib\Action\IndexAction.class.php 第 224 行.
NOTIC: [8] Undefined index:  imgsrc16 E:\www\webshop\Index\Lib\Action\IndexAction.class.php 第 224 行.
NOTIC: [8] Undefined index:  imgsrc17 E:\www\webshop\Index\Lib\Action\IndexAction.class.php 第 224 行.
NOTIC: [8] Undefined index:  imgsrc18 E:\www\webshop\Index\Lib\Action\IndexAction.class.php 第 224 行.
NOTIC: [8] Undefined index:  imgsrc19 E:\www\webshop\Index\Lib\Action\IndexAction.class.php 第 224 行.
NOTIC: [8] Undefined index:  imgsrc20 E:\www\webshop\Index\Lib\Action\IndexAction.class.php 第 224 行.
NOTIC: [8] Undefined index:  imgsrc21 E:\www\webshop\Index\Lib\Action\IndexAction.class.php 第 224 行.
NOTIC: [8] Undefined index:  imgsrc22 E:\www\webshop\Index\Lib\Action\IndexAction.class.php 第 224 行.
NOTIC: [8] Undefined index:  imgsrc23 E:\www\webshop\Index\Lib\Action\IndexAction.class.php 第 224 行.
SQL: SHOW COLUMNS FROM `allnum` [ RunTime:0.010036s ]
SQL: SELECT * FROM `allnum` WHERE ( phoneid='5g5fdg25a4' )  [ RunTime:0.000375s ]
INFO: [ view_parse ] --START--
NOTIC: [8] Undefined variable: imgsrc6 E:\www\webshop\Index\Runtime\Cache\7dc461755afe0040285ce84aece2b697.php 第 169 行.
NOTIC: [8] Undefined index:  username E:\www\webshop\Index\Runtime\Cache\7dc461755afe0040285ce84aece2b697.php 第 371 行.
NOTIC: [8] Undefined index:  bigimg5 E:\www\webshop\Index\Runtime\Cache\7dc461755afe0040285ce84aece2b697.php 第 432 行.
NOTIC: [8] Undefined index:  bigimg6 E:\www\webshop\Index\Runtime\Cache\7dc461755afe0040285ce84aece2b697.php 第 434 行.
NOTIC: [8] Undefined index:  bigimg7 E:\www\webshop\Index\Runtime\Cache\7dc461755afe0040285ce84aece2b697.php 第 436 行.
INFO: ParseTemplate Behavior ::run [ RunTime:0.101314s ]
INFO: [ view_parse ] --END-- [ RunTime:0.101423s ]
INFO: [ view_filter ] --START--
INFO: ContentReplace Behavior ::run [ RunTime:0.001354s ]
INFO: TokenBuild Behavior ::run [ RunTime:0.000865s ]
INFO: WriteHtmlCache Behavior ::run [ RunTime:0.000676s ]
INFO: ShowRuntime Behavior ::run [ RunTime:0.000970s ]
INFO: [ view_filter ] --END-- [ RunTime:0.004126s ]
INFO: [ view_end ] --START--
INFO: ShowPageTrace Behavior ::run [ RunTime:0.002655s ]
INFO: [ view_end ] --END-- [ RunTime:0.002799s ]

[ 2017-05-15T21:47:23+08:00 ] 127.0.0.1 /webshop/index.php/Index/getPageNum?phoneid=5g5fdg25a4&page=0&index=5
INFO: [ route_check ] --START--
INFO: CheckRoute Behavior ::run [ RunTime:0.001248s ]
INFO: [ route_check ] --END-- [ RunTime:0.001360s ]
INFO: [ app_begin ] --START--
INFO: ReadHtmlCache Behavior ::run [ RunTime:0.000914s ]
INFO: [ app_begin ] --END-- [ RunTime:0.000989s ]
NOTIC: 建议使用I方法替代_get
NOTIC: 建议使用I方法替代_get
SQL: SHOW COLUMNS FROM `comment` [ RunTime:0.017971s ]
SQL: SHOW COLUMNS FROM `phone` [ RunTime:0.010091s ]
SQL: SELECT `proname` FROM `phone` WHERE ( phoneid='5g5fdg25a4' )  [ RunTime:0.000323s ]
SQL: SELECT COUNT(*) AS tp_count FROM `comment` WHERE ( proname='苹果7' and star>=4  ) LIMIT 1   [ RunTime:0.000238s ]

[ 2017-05-15T21:47:24+08:00 ] 127.0.0.1 /webshop/index.php/Index/showComment
INFO: [ route_check ] --START--
INFO: CheckRoute Behavior ::run [ RunTime:0.003660s ]
INFO: [ route_check ] --END-- [ RunTime:0.003822s ]
INFO: [ app_begin ] --START--
INFO: ReadHtmlCache Behavior ::run [ RunTime:0.001599s ]
INFO: [ app_begin ] --END-- [ RunTime:0.001933s ]
NOTIC: 建议使用I方法替代_post
NOTIC: 建议使用I方法替代_post
NOTIC: 建议使用I方法替代_post
SQL: SHOW COLUMNS FROM `comment` [ RunTime:0.050965s ]
SQL: SHOW COLUMNS FROM `phone` [ RunTime:0.014669s ]
SQL: SELECT `proname` FROM `phone` WHERE ( phoneid='5g5fdg25a4' )  [ RunTime:0.000336s ]
SQL: SELECT * FROM `comment` WHERE ( proname='苹果7' and star>=4  ) ORDER BY id desc LIMIT -5,5   [ RunTime:0.380329s ]
ERR: 1064:You have an error in your SQL syntax; check the manual that corresponds to your MySQL server version for the right syntax to use near '-5,5' at line 1
 [ SQL语句 ] : SELECT * FROM `comment` WHERE ( proname='苹果7' and star>=4  ) ORDER BY id desc LIMIT -5,5  

[ 2017-05-15T21:47:38+08:00 ] 127.0.0.1 /webshop/index.php/Index/index
INFO: [ route_check ] --START--
INFO: CheckRoute Behavior ::run [ RunTime:0.004579s ]
INFO: [ route_check ] --END-- [ RunTime:0.004723s ]
INFO: [ app_begin ] --START--
INFO: ReadHtmlCache Behavior ::run [ RunTime:0.004420s ]
INFO: [ app_begin ] --END-- [ RunTime:0.004537s ]
NOTIC: [8] Undefined index:  username E:\www\webshop\Index\Lib\Action\IndexAction.class.php 第 104 行.
SQL: SHOW COLUMNS FROM `mylist` [ RunTime:0.054418s ]
SQL: select mylist.id, phone.phoneid,phone.proname,phone.provtitle,phone.color,phone.price,phone.size,phone.neicun,phone.cunchu,phone.dianchi,phone.brand from phone ,mylist where  phone.phoneid = mylist.phoneid order by  mylist.id [ RunTime:0.000830s ]
SQL: SHOW COLUMNS FROM `broadcast` [ RunTime:0.011244s ]
SQL: SELECT COUNT(*) AS tp_count FROM `broadcast` LIMIT 1   [ RunTime:0.000352s ]
SQL: SELECT * FROM `broadcast`  [ RunTime:0.000311s ]
SQL: SHOW COLUMNS FROM `menu` [ RunTime:0.009912s ]
SQL: SELECT * FROM `menu`  [ RunTime:0.000524s ]
INFO: [ view_parse ] --START--
NOTIC: [8] Undefined variable: account E:\www\webshop\Index\Runtime\Cache\f9c22b8b40e560036663a0ce7ed378ae.php 第 83 行.
NOTIC: [8] Undefined variable: res E:\www\webshop\Index\Runtime\Cache\f9c22b8b40e560036663a0ce7ed378ae.php 第 86 行.
NOTIC: [8] Undefined variable: listdata E:\www\webshop\Index\Runtime\Cache\f9c22b8b40e560036663a0ce7ed378ae.php 第 348 行.
NOTIC: [8] Undefined offset:  20 E:\www\webshop\Index\Runtime\Cache\f9c22b8b40e560036663a0ce7ed378ae.php 第 354 行.
NOTIC: [8] Undefined offset:  20 E:\www\webshop\Index\Runtime\Cache\f9c22b8b40e560036663a0ce7ed378ae.php 第 460 行.
NOTIC: [8] Undefined offset:  20 E:\www\webshop\Index\Runtime\Cache\f9c22b8b40e560036663a0ce7ed378ae.php 第 461 行.
INFO: ParseTemplate Behavior ::run [ RunTime:0.111755s ]
INFO: [ view_parse ] --END-- [ RunTime:0.111864s ]
INFO: [ view_filter ] --START--
INFO: ContentReplace Behavior ::run [ RunTime:0.003370s ]
INFO: TokenBuild Behavior ::run [ RunTime:0.003219s ]
INFO: WriteHtmlCache Behavior ::run [ RunTime:0.003156s ]
INFO: ShowRuntime Behavior ::run [ RunTime:0.002878s ]
INFO: [ view_filter ] --END-- [ RunTime:0.012913s ]
INFO: [ view_end ] --START--
INFO: ShowPageTrace Behavior ::run [ RunTime:0.004591s ]
INFO: [ view_end ] --END-- [ RunTime:0.004782s ]

[ 2017-05-15T21:53:15+08:00 ] 127.0.0.1 /webshop/index.php/Index/index
INFO: [ route_check ] --START--
INFO: CheckRoute Behavior ::run [ RunTime:0.003441s ]
INFO: [ route_check ] --END-- [ RunTime:0.003589s ]
INFO: [ app_begin ] --START--
INFO: ReadHtmlCache Behavior ::run [ RunTime:0.003005s ]
INFO: [ app_begin ] --END-- [ RunTime:0.003122s ]
NOTIC: [8] Undefined index:  username E:\www\webshop\Index\Lib\Action\IndexAction.class.php 第 104 行.
SQL: SHOW COLUMNS FROM `mylist` [ RunTime:0.014447s ]
SQL: select mylist.id, phone.phoneid,phone.proname,phone.provtitle,phone.color,phone.price,phone.size,phone.neicun,phone.cunchu,phone.dianchi,phone.brand from phone ,mylist where  phone.phoneid = mylist.phoneid order by  mylist.id [ RunTime:0.002003s ]
SQL: SHOW COLUMNS FROM `broadcast` [ RunTime:0.010971s ]
SQL: SELECT COUNT(*) AS tp_count FROM `broadcast` LIMIT 1   [ RunTime:0.000372s ]
SQL: SELECT * FROM `broadcast`  [ RunTime:0.000307s ]
SQL: SHOW COLUMNS FROM `menu` [ RunTime:0.010172s ]
SQL: SELECT * FROM `menu`  [ RunTime:0.000489s ]
INFO: [ view_parse ] --START--
NOTIC: [8] Undefined variable: account E:\www\webshop\Index\Runtime\Cache\f9c22b8b40e560036663a0ce7ed378ae.php 第 83 行.
NOTIC: [8] Undefined variable: res E:\www\webshop\Index\Runtime\Cache\f9c22b8b40e560036663a0ce7ed378ae.php 第 86 行.
NOTIC: [8] Undefined variable: listdata E:\www\webshop\Index\Runtime\Cache\f9c22b8b40e560036663a0ce7ed378ae.php 第 348 行.
NOTIC: [8] Undefined offset:  20 E:\www\webshop\Index\Runtime\Cache\f9c22b8b40e560036663a0ce7ed378ae.php 第 354 行.
NOTIC: [8] Undefined offset:  20 E:\www\webshop\Index\Runtime\Cache\f9c22b8b40e560036663a0ce7ed378ae.php 第 460 行.
NOTIC: [8] Undefined offset:  20 E:\www\webshop\Index\Runtime\Cache\f9c22b8b40e560036663a0ce7ed378ae.php 第 461 行.
INFO: ParseTemplate Behavior ::run [ RunTime:0.070020s ]
INFO: [ view_parse ] --END-- [ RunTime:0.070159s ]
INFO: [ view_filter ] --START--
INFO: ContentReplace Behavior ::run [ RunTime:0.003172s ]
INFO: TokenBuild Behavior ::run [ RunTime:0.003047s ]
INFO: WriteHtmlCache Behavior ::run [ RunTime:0.002774s ]
INFO: ShowRuntime Behavior ::run [ RunTime:0.002917s ]
INFO: [ view_filter ] --END-- [ RunTime:0.012164s ]
INFO: [ view_end ] --START--
INFO: ShowPageTrace Behavior ::run [ RunTime:0.018662s ]
INFO: [ view_end ] --END-- [ RunTime:0.018802s ]

[ 2017-05-15T23:49:37+08:00 ] 127.0.0.1 /webshop/index.php/Form/handleLogin
INFO: [ route_check ] --START--
INFO: CheckRoute Behavior ::run [ RunTime:0.005390s ]
INFO: [ route_check ] --END-- [ RunTime:0.005579s ]
INFO: [ app_begin ] --START--
INFO: ReadHtmlCache Behavior ::run [ RunTime:0.004948s ]
INFO: [ app_begin ] --END-- [ RunTime:0.005117s ]
INFO: [ view_parse ] --START--
INFO: ParseTemplate Behavior ::run [ RunTime:0.066938s ]
INFO: [ view_parse ] --END-- [ RunTime:0.067077s ]
INFO: [ view_filter ] --START--
INFO: ContentReplace Behavior ::run [ RunTime:0.002844s ]
INFO: TokenBuild Behavior ::run [ RunTime:0.002724s ]
INFO: WriteHtmlCache Behavior ::run [ RunTime:0.002572s ]
INFO: ShowRuntime Behavior ::run [ RunTime:0.003244s ]
INFO: [ view_filter ] --END-- [ RunTime:0.011625s ]
INFO: [ view_end ] --START--
INFO: ShowPageTrace Behavior ::run [ RunTime:0.004757s ]
INFO: [ view_end ] --END-- [ RunTime:0.004886s ]

[ 2017-05-15T23:49:39+08:00 ] 127.0.0.1 /webshop/index.php/Form/handleEnroll
INFO: [ route_check ] --START--
INFO: CheckRoute Behavior ::run [ RunTime:0.004984s ]
INFO: [ route_check ] --END-- [ RunTime:0.005110s ]
INFO: [ app_begin ] --START--
INFO: ReadHtmlCache Behavior ::run [ RunTime:0.003340s ]
INFO: [ app_begin ] --END-- [ RunTime:0.003481s ]
INFO: [ view_parse ] --START--
INFO: ParseTemplate Behavior ::run [ RunTime:0.158951s ]
INFO: [ view_parse ] --END-- [ RunTime:0.159084s ]
INFO: [ view_filter ] --START--
INFO: ContentReplace Behavior ::run [ RunTime:0.003009s ]
INFO: TokenBuild Behavior ::run [ RunTime:0.002830s ]
INFO: WriteHtmlCache Behavior ::run [ RunTime:0.002661s ]
INFO: ShowRuntime Behavior ::run [ RunTime:0.003012s ]
INFO: [ view_filter ] --END-- [ RunTime:0.011776s ]
INFO: [ view_end ] --START--
INFO: ShowPageTrace Behavior ::run [ RunTime:0.003807s ]
INFO: [ view_end ] --END-- [ RunTime:0.003939s ]

[ 2017-05-15T23:49:44+08:00 ] 127.0.0.1 /webshop/index.php/Form/isUserNameEnroll
INFO: [ route_check ] --START--
INFO: CheckRoute Behavior ::run [ RunTime:0.001326s ]
INFO: [ route_check ] --END-- [ RunTime:0.001461s ]
INFO: [ app_begin ] --START--
INFO: ReadHtmlCache Behavior ::run [ RunTime:0.001163s ]
INFO: [ app_begin ] --END-- [ RunTime:0.001337s ]
SQL: SHOW COLUMNS FROM `user` [ RunTime:0.045682s ]
NOTIC: [8] Undefined variable: num E:\www\webshop\Index\Lib\Action\FormAction.class.php 第 65 行.

[ 2017-05-15T23:49:45+08:00 ] 127.0.0.1 /webshop/index.php/Form/isUserNameEnroll
INFO: [ route_check ] --START--
INFO: CheckRoute Behavior ::run [ RunTime:0.001277s ]
INFO: [ route_check ] --END-- [ RunTime:0.001392s ]
INFO: [ app_begin ] --START--
INFO: ReadHtmlCache Behavior ::run [ RunTime:0.000886s ]
INFO: [ app_begin ] --END-- [ RunTime:0.000958s ]
SQL: SHOW COLUMNS FROM `user` [ RunTime:0.070193s ]
NOTIC: [8] Undefined variable: num E:\www\webshop\Index\Lib\Action\FormAction.class.php 第 65 行.

[ 2017-05-15T23:50:43+08:00 ] 127.0.0.1 /webshop/index.php/Form/isUserNameEnroll
INFO: [ route_check ] --START--
INFO: CheckRoute Behavior ::run [ RunTime:0.001190s ]
INFO: [ route_check ] --END-- [ RunTime:0.001322s ]
INFO: [ app_begin ] --START--
INFO: ReadHtmlCache Behavior ::run [ RunTime:0.000881s ]
INFO: [ app_begin ] --END-- [ RunTime:0.000953s ]
SQL: SHOW COLUMNS FROM `user` [ RunTime:0.020187s ]
NOTIC: [8] Undefined variable: num E:\www\webshop\Index\Lib\Action\FormAction.class.php 第 65 行.

[ 2017-05-15T23:50:44+08:00 ] 127.0.0.1 /webshop/index.php/Form/isUserNameEnroll
INFO: [ route_check ] --START--
INFO: CheckRoute Behavior ::run [ RunTime:0.001198s ]
INFO: [ route_check ] --END-- [ RunTime:0.001308s ]
INFO: [ app_begin ] --START--
INFO: ReadHtmlCache Behavior ::run [ RunTime:0.000866s ]
INFO: [ app_begin ] --END-- [ RunTime:0.000936s ]
SQL: SHOW COLUMNS FROM `user` [ RunTime:0.010483s ]
NOTIC: [8] Undefined variable: num E:\www\webshop\Index\Lib\Action\FormAction.class.php 第 65 行.

[ 2017-05-15T23:50:44+08:00 ] 127.0.0.1 /webshop/index.php/Form/isUserNameEnroll
INFO: [ route_check ] --START--
INFO: CheckRoute Behavior ::run [ RunTime:0.001551s ]
INFO: [ route_check ] --END-- [ RunTime:0.001678s ]
INFO: [ app_begin ] --START--
INFO: ReadHtmlCache Behavior ::run [ RunTime:0.000942s ]
INFO: [ app_begin ] --END-- [ RunTime:0.001019s ]
SQL: SHOW COLUMNS FROM `user` [ RunTime:0.010095s ]
NOTIC: [8] Undefined variable: num E:\www\webshop\Index\Lib\Action\FormAction.class.php 第 65 行.

[ 2017-05-15T23:50:56+08:00 ] 127.0.0.1 /webshop/index.php/Form/isUserNameEnroll
INFO: [ route_check ] --START--
INFO: CheckRoute Behavior ::run [ RunTime:0.001200s ]
INFO: [ route_check ] --END-- [ RunTime:0.001310s ]
INFO: [ app_begin ] --START--
INFO: ReadHtmlCache Behavior ::run [ RunTime:0.000891s ]
INFO: [ app_begin ] --END-- [ RunTime:0.000961s ]
SQL: SHOW COLUMNS FROM `user` [ RunTime:0.021300s ]
NOTIC: 建议使用I方法替代_post
SQL: SELECT COUNT(*) AS tp_count FROM `user` WHERE ( phone='18819441529' ) LIMIT 1   [ RunTime:0.037395s ]

[ 2017-05-15T23:51:04+08:00 ] 127.0.0.1 /webshop/index.php/Form/isUserNameEnroll
INFO: [ route_check ] --START--
INFO: CheckRoute Behavior ::run [ RunTime:0.001218s ]
INFO: [ route_check ] --END-- [ RunTime:0.001328s ]
INFO: [ app_begin ] --START--
INFO: ReadHtmlCache Behavior ::run [ RunTime:0.000948s ]
INFO: [ app_begin ] --END-- [ RunTime:0.001024s ]
SQL: SHOW COLUMNS FROM `user` [ RunTime:0.010046s ]
NOTIC: 建议使用I方法替代_post
SQL: SELECT COUNT(*) AS tp_count FROM `user` WHERE ( username='zhangsan1' ) LIMIT 1   [ RunTime:0.000491s ]

[ 2017-05-15T23:51:09+08:00 ] 127.0.0.1 /webshop/index.php/Form/isUserNameEnroll
INFO: [ route_check ] --START--
INFO: CheckRoute Behavior ::run [ RunTime:0.001399s ]
INFO: [ route_check ] --END-- [ RunTime:0.001523s ]
INFO: [ app_begin ] --START--
INFO: ReadHtmlCache Behavior ::run [ RunTime:0.000997s ]
INFO: [ app_begin ] --END-- [ RunTime:0.001079s ]
SQL: SHOW COLUMNS FROM `user` [ RunTime:0.009719s ]
NOTIC: 建议使用I方法替代_post
SQL: SELECT COUNT(*) AS tp_count FROM `user` WHERE ( username='zhangsan1' ) LIMIT 1   [ RunTime:0.000389s ]

[ 2017-05-15T23:51:18+08:00 ] 127.0.0.1 /webshop/index.php/Form/handleEnrollOk
INFO: [ route_check ] --START--
INFO: CheckRoute Behavior ::run [ RunTime:0.001327s ]
INFO: [ route_check ] --END-- [ RunTime:0.001526s ]
INFO: [ app_begin ] --START--
INFO: ReadHtmlCache Behavior ::run [ RunTime:0.001276s ]
INFO: [ app_begin ] --END-- [ RunTime:0.001415s ]
NOTIC: 建议使用I方法替代_post
NOTIC: 建议使用I方法替代_post
NOTIC: 建议使用I方法替代_post
NOTIC: 建议使用I方法替代_post
SQL: SHOW COLUMNS FROM `user` [ RunTime:0.009831s ]
SQL: SELECT COUNT(*) AS tp_count FROM `user` WHERE (  username='zhangsan1' || phone='18819441529'  ) LIMIT 1   [ RunTime:0.000362s ]

[ 2017-05-15T23:51:24+08:00 ] 127.0.0.1 /webshop/index.php/Form/isUserNameEnroll
INFO: [ route_check ] --START--
INFO: CheckRoute Behavior ::run [ RunTime:0.001292s ]
INFO: [ route_check ] --END-- [ RunTime:0.001415s ]
INFO: [ app_begin ] --START--
INFO: ReadHtmlCache Behavior ::run [ RunTime:0.000967s ]
INFO: [ app_begin ] --END-- [ RunTime:0.001058s ]
SQL: SHOW COLUMNS FROM `user` [ RunTime:0.012629s ]
NOTIC: [8] Undefined variable: num E:\www\webshop\Index\Lib\Action\FormAction.class.php 第 65 行.

[ 2017-05-15T23:51:25+08:00 ] 127.0.0.1 /webshop/index.php/Form/isUserNameEnroll
INFO: [ route_check ] --START--
INFO: CheckRoute Behavior ::run [ RunTime:0.001256s ]
INFO: [ route_check ] --END-- [ RunTime:0.001373s ]
INFO: [ app_begin ] --START--
INFO: ReadHtmlCache Behavior ::run [ RunTime:0.000880s ]
INFO: [ app_begin ] --END-- [ RunTime:0.000951s ]
SQL: SHOW COLUMNS FROM `user` [ RunTime:0.009840s ]
NOTIC: [8] Undefined variable: num E:\www\webshop\Index\Lib\Action\FormAction.class.php 第 65 行.

[ 2017-05-15T23:51:26+08:00 ] 127.0.0.1 /webshop/index.php/Form/isUserNameEnroll
INFO: [ route_check ] --START--
INFO: CheckRoute Behavior ::run [ RunTime:0.001229s ]
INFO: [ route_check ] --END-- [ RunTime:0.001339s ]
INFO: [ app_begin ] --START--
INFO: ReadHtmlCache Behavior ::run [ RunTime:0.000888s ]
INFO: [ app_begin ] --END-- [ RunTime:0.000958s ]
SQL: SHOW COLUMNS FROM `user` [ RunTime:0.009489s ]
NOTIC: [8] Undefined variable: num E:\www\webshop\Index\Lib\Action\FormAction.class.php 第 65 行.

[ 2017-05-15T23:51:27+08:00 ] 127.0.0.1 /webshop/index.php/Form/isUserNameEnroll
INFO: [ route_check ] --START--
INFO: CheckRoute Behavior ::run [ RunTime:0.001263s ]
INFO: [ route_check ] --END-- [ RunTime:0.001375s ]
INFO: [ app_begin ] --START--
INFO: ReadHtmlCache Behavior ::run [ RunTime:0.000877s ]
INFO: [ app_begin ] --END-- [ RunTime:0.000949s ]
SQL: SHOW COLUMNS FROM `user` [ RunTime:0.009701s ]
NOTIC: [8] Undefined variable: num E:\www\webshop\Index\Lib\Action\FormAction.class.php 第 65 行.

[ 2017-05-15T23:51:30+08:00 ] 127.0.0.1 /webshop/index.php/Form/isUserNameEnroll
INFO: [ route_check ] --START--
INFO: CheckRoute Behavior ::run [ RunTime:0.001229s ]
INFO: [ route_check ] --END-- [ RunTime:0.001336s ]
INFO: [ app_begin ] --START--
INFO: ReadHtmlCache Behavior ::run [ RunTime:0.000891s ]
INFO: [ app_begin ] --END-- [ RunTime:0.000981s ]
SQL: SHOW COLUMNS FROM `user` [ RunTime:0.018728s ]
NOTIC: [8] Undefined variable: num E:\www\webshop\Index\Lib\Action\FormAction.class.php 第 65 行.

