[ 2017-03-13T13:23:56+08:00 ] 127.0.0.1 /webshop/index.php
INFO: [ app_begin ] --START--
INFO: ReadHtmlCache Behavior ::run [ RunTime:0.046900s ]
INFO: [ app_begin ] --END-- [ RunTime:0.082486s ]
INFO: [ view_parse ] --START--
INFO: ParseTemplate Behavior ::run [ RunTime:0.117212s ]
INFO: [ view_parse ] --END-- [ RunTime:0.117390s ]
INFO: [ view_filter ] --START--
INFO: ContentReplace Behavior ::run [ RunTime:0.011050s ]
INFO: TokenBuild Behavior ::run [ RunTime:0.003036s ]
INFO: WriteHtmlCache Behavior ::run [ RunTime:0.002765s ]
INFO: ShowRuntime Behavior ::run [ RunTime:0.002953s ]
INFO: [ view_filter ] --END-- [ RunTime:0.020082s ]
INFO: [ view_end ] --START--
INFO: ShowPageTrace Behavior ::run [ RunTime:0.006140s ]
INFO: [ view_end ] --END-- [ RunTime:0.006430s ]

[ 2017-03-13T23:09:53+08:00 ] 127.0.0.1 /webshop/index.php
INFO: [ app_begin ] --START--
INFO: ReadHtmlCache Behavior ::run [ RunTime:0.022334s ]
INFO: [ app_begin ] --END-- [ RunTime:0.054875s ]
INFO: [ view_parse ] --START--
INFO: ParseTemplate Behavior ::run [ RunTime:0.247002s ]
INFO: [ view_parse ] --END-- [ RunTime:0.247185s ]
INFO: [ view_filter ] --START--
INFO: ContentReplace Behavior ::run [ RunTime:0.003756s ]
INFO: TokenBuild Behavior ::run [ RunTime:0.003724s ]
INFO: WriteHtmlCache Behavior ::run [ RunTime:0.005029s ]
INFO: ShowRuntime Behavior ::run [ RunTime:0.003434s ]
INFO: [ view_filter ] --END-- [ RunTime:0.016247s ]
INFO: [ view_end ] --START--
INFO: ShowPageTrace Behavior ::run [ RunTime:0.006575s ]
INFO: [ view_end ] --END-- [ RunTime:0.007275s ]

