[ 2017-04-08T14:19:26+08:00 ] 127.0.0.1 /webshop/Admin/Tpl/Admin/__PUBLIC__/css/adminHome.css
INFO: [ route_check ] --START--
INFO: CheckRoute Behavior ::run [ RunTime:0.003154s ]
INFO: [ route_check ] --END-- [ RunTime:0.003273s ]
INFO: [ app_begin ] --START--
INFO: ReadHtmlCache Behavior ::run [ RunTime:0.002863s ]
INFO: [ app_begin ] --END-- [ RunTime:0.002955s ]
ERR: 无法加载模块:Admin

[ 2017-04-08T14:19:46+08:00 ] 127.0.0.1 /webshop/Admin/Tpl/Admin/__PUBLIC__/css/adminHome.css
INFO: [ route_check ] --START--
INFO: CheckRoute Behavior ::run [ RunTime:0.003250s ]
INFO: [ route_check ] --END-- [ RunTime:0.003381s ]
INFO: [ app_begin ] --START--
INFO: ReadHtmlCache Behavior ::run [ RunTime:0.003108s ]
INFO: [ app_begin ] --END-- [ RunTime:0.003228s ]
ERR: 无法加载模块:Admin

[ 2017-04-08T14:19:48+08:00 ] 127.0.0.1 /webshop/index.php
INFO: [ app_begin ] --START--
INFO: ReadHtmlCache Behavior ::run [ RunTime:0.000894s ]
INFO: [ app_begin ] --END-- [ RunTime:0.000999s ]
INFO: [ view_parse ] --START--
INFO: ParseTemplate Behavior ::run [ RunTime:0.097833s ]
INFO: [ view_parse ] --END-- [ RunTime:0.097976s ]
INFO: [ view_filter ] --START--
INFO: ContentReplace Behavior ::run [ RunTime:0.003226s ]
INFO: TokenBuild Behavior ::run [ RunTime:0.003473s ]
INFO: WriteHtmlCache Behavior ::run [ RunTime:0.002609s ]
INFO: ShowRuntime Behavior ::run [ RunTime:0.002761s ]
INFO: [ view_filter ] --END-- [ RunTime:0.012350s ]
INFO: [ view_end ] --START--
INFO: ShowPageTrace Behavior ::run [ RunTime:0.003328s ]
INFO: [ view_end ] --END-- [ RunTime:0.003432s ]

[ 2017-04-08T14:23:03+08:00 ] 127.0.0.1 /webshop/Public/bootstrap/css/bootstrap.min.css.map
INFO: [ route_check ] --START--
INFO: CheckRoute Behavior ::run [ RunTime:0.001180s ]
INFO: [ route_check ] --END-- [ RunTime:0.001285s ]
INFO: [ app_begin ] --START--
INFO: ReadHtmlCache Behavior ::run [ RunTime:0.000909s ]
INFO: [ app_begin ] --END-- [ RunTime:0.001013s ]
ERR: 无法加载模块:Public

[ 2017-04-08T14:23:05+08:00 ] 127.0.0.1 /webshop/Public/bootstrap/css/bootstrap.min.css.map
INFO: [ route_check ] --START--
INFO: CheckRoute Behavior ::run [ RunTime:0.001335s ]
INFO: [ route_check ] --END-- [ RunTime:0.001457s ]
INFO: [ app_begin ] --START--
INFO: ReadHtmlCache Behavior ::run [ RunTime:0.001680s ]
INFO: [ app_begin ] --END-- [ RunTime:0.001955s ]
ERR: 无法加载模块:Public

[ 2017-04-08T14:23:38+08:00 ] 127.0.0.1 /webshop/Public/bootstrap/css/bootstrap.min.css.map
INFO: [ route_check ] --START--
INFO: CheckRoute Behavior ::run [ RunTime:0.001353s ]
INFO: [ route_check ] --END-- [ RunTime:0.001474s ]
INFO: [ app_begin ] --START--
INFO: ReadHtmlCache Behavior ::run [ RunTime:0.001007s ]
INFO: [ app_begin ] --END-- [ RunTime:0.001131s ]
ERR: 无法加载模块:Public

[ 2017-04-08T14:23:46+08:00 ] 127.0.0.1 /webshop/Public/bootstrap/css/bootstrap.min.css.map
INFO: [ route_check ] --START--
INFO: CheckRoute Behavior ::run [ RunTime:0.001387s ]
INFO: [ route_check ] --END-- [ RunTime:0.001539s ]
INFO: [ app_begin ] --START--
INFO: ReadHtmlCache Behavior ::run [ RunTime:0.001167s ]
INFO: [ app_begin ] --END-- [ RunTime:0.001263s ]
ERR: 无法加载模块:Public

[ 2017-04-08T14:23:53+08:00 ] 127.0.0.1 /webshop/Public/bootstrap/css/bootstrap.min.css.map
INFO: [ route_check ] --START--
INFO: CheckRoute Behavior ::run [ RunTime:0.001626s ]
INFO: [ route_check ] --END-- [ RunTime:0.001773s ]
INFO: [ app_begin ] --START--
INFO: ReadHtmlCache Behavior ::run [ RunTime:0.001144s ]
INFO: [ app_begin ] --END-- [ RunTime:0.001244s ]
ERR: 无法加载模块:Public

[ 2017-04-08T22:32:06+08:00 ] 127.0.0.1 /webshop/index.php
INFO: [ app_begin ] --START--
INFO: ReadHtmlCache Behavior ::run [ RunTime:0.003095s ]
INFO: [ app_begin ] --END-- [ RunTime:0.003224s ]
INFO: [ view_parse ] --START--
INFO: ParseTemplate Behavior ::run [ RunTime:0.060395s ]
INFO: [ view_parse ] --END-- [ RunTime:0.060529s ]
INFO: [ view_filter ] --START--
INFO: ContentReplace Behavior ::run [ RunTime:0.003321s ]
INFO: TokenBuild Behavior ::run [ RunTime:0.003053s ]
INFO: WriteHtmlCache Behavior ::run [ RunTime:0.002663s ]
INFO: ShowRuntime Behavior ::run [ RunTime:0.003011s ]
INFO: [ view_filter ] --END-- [ RunTime:0.012323s ]
INFO: [ view_end ] --START--
INFO: ShowPageTrace Behavior ::run [ RunTime:0.005237s ]
INFO: [ view_end ] --END-- [ RunTime:0.005416s ]

[ 2017-04-08T22:32:26+08:00 ] 127.0.0.1 /webshop/index.php/Index/showProduct
INFO: [ route_check ] --START--
INFO: CheckRoute Behavior ::run [ RunTime:0.001201s ]
INFO: [ route_check ] --END-- [ RunTime:0.001307s ]
INFO: [ app_begin ] --START--
INFO: ReadHtmlCache Behavior ::run [ RunTime:0.000872s ]
INFO: [ app_begin ] --END-- [ RunTime:0.000953s ]
INFO: [ view_parse ] --START--
INFO: ParseTemplate Behavior ::run [ RunTime:0.046339s ]
INFO: [ view_parse ] --END-- [ RunTime:0.046467s ]
INFO: [ view_filter ] --START--
INFO: ContentReplace Behavior ::run [ RunTime:0.000817s ]
INFO: TokenBuild Behavior ::run [ RunTime:0.000703s ]
INFO: WriteHtmlCache Behavior ::run [ RunTime:0.000561s ]
INFO: ShowRuntime Behavior ::run [ RunTime:0.000778s ]
INFO: [ view_filter ] --END-- [ RunTime:0.003066s ]
INFO: [ view_end ] --START--
INFO: ShowPageTrace Behavior ::run [ RunTime:0.001238s ]
INFO: [ view_end ] --END-- [ RunTime:0.001360s ]

[ 2017-04-08T22:36:38+08:00 ] 127.0.0.1 /webshop/index.php/Index/index
INFO: [ route_check ] --START--
INFO: CheckRoute Behavior ::run [ RunTime:0.003197s ]
INFO: [ route_check ] --END-- [ RunTime:0.003323s ]
INFO: [ app_begin ] --START--
INFO: ReadHtmlCache Behavior ::run [ RunTime:0.002846s ]
INFO: [ app_begin ] --END-- [ RunTime:0.002935s ]
INFO: [ view_parse ] --START--
INFO: ParseTemplate Behavior ::run [ RunTime:0.090690s ]
INFO: [ view_parse ] --END-- [ RunTime:0.090890s ]
INFO: [ view_filter ] --START--
INFO: ContentReplace Behavior ::run [ RunTime:0.003186s ]
INFO: TokenBuild Behavior ::run [ RunTime:0.002665s ]
INFO: WriteHtmlCache Behavior ::run [ RunTime:0.002659s ]
INFO: ShowRuntime Behavior ::run [ RunTime:0.002837s ]
INFO: [ view_filter ] --END-- [ RunTime:0.011655s ]
INFO: [ view_end ] --START--
INFO: ShowPageTrace Behavior ::run [ RunTime:0.003176s ]
INFO: [ view_end ] --END-- [ RunTime:0.003294s ]

[ 2017-04-08T22:36:38+08:00 ] 127.0.0.1 /webshop/Public/bootstrap/css/bootstrap.min.css.map
INFO: [ route_check ] --START--
INFO: CheckRoute Behavior ::run [ RunTime:0.001231s ]
INFO: [ route_check ] --END-- [ RunTime:0.001351s ]
INFO: [ app_begin ] --START--
INFO: ReadHtmlCache Behavior ::run [ RunTime:0.000892s ]
INFO: [ app_begin ] --END-- [ RunTime:0.000978s ]
ERR: 无法加载模块:Public

[ 2017-04-08T22:36:39+08:00 ] 127.0.0.1 /webshop/Public/bootstrap/css/bootstrap.min.css.map
INFO: [ route_check ] --START--
INFO: CheckRoute Behavior ::run [ RunTime:0.001246s ]
INFO: [ route_check ] --END-- [ RunTime:0.001364s ]
INFO: [ app_begin ] --START--
INFO: ReadHtmlCache Behavior ::run [ RunTime:0.000933s ]
INFO: [ app_begin ] --END-- [ RunTime:0.001020s ]
ERR: 无法加载模块:Public

[ 2017-04-08T22:37:13+08:00 ] 127.0.0.1 /webshop/Public/bootstrap/css/bootstrap.min.css.map
INFO: [ route_check ] --START--
INFO: CheckRoute Behavior ::run [ RunTime:0.002251s ]
INFO: [ route_check ] --END-- [ RunTime:0.002636s ]
INFO: [ app_begin ] --START--
INFO: ReadHtmlCache Behavior ::run [ RunTime:0.001465s ]
INFO: [ app_begin ] --END-- [ RunTime:0.001633s ]
ERR: 无法加载模块:Public

[ 2017-04-08T22:37:34+08:00 ] 127.0.0.1 /webshop/Public/bootstrap/css/bootstrap.min.css.map
INFO: [ route_check ] --START--
INFO: CheckRoute Behavior ::run [ RunTime:0.001904s ]
INFO: [ route_check ] --END-- [ RunTime:0.002098s ]
INFO: [ app_begin ] --START--
INFO: ReadHtmlCache Behavior ::run [ RunTime:0.001647s ]
INFO: [ app_begin ] --END-- [ RunTime:0.001951s ]
ERR: 无法加载模块:Public

[ 2017-04-08T22:38:02+08:00 ] 127.0.0.1 /webshop/Public/bootstrap/css/bootstrap.min.css.map
INFO: [ route_check ] --START--
INFO: CheckRoute Behavior ::run [ RunTime:0.001906s ]
INFO: [ route_check ] --END-- [ RunTime:0.002094s ]
INFO: [ app_begin ] --START--
INFO: ReadHtmlCache Behavior ::run [ RunTime:0.001482s ]
INFO: [ app_begin ] --END-- [ RunTime:0.001639s ]
ERR: 无法加载模块:Public

[ 2017-04-08T22:39:11+08:00 ] 127.0.0.1 /webshop/Public/bootstrap/css/bootstrap.min.css.map
INFO: [ route_check ] --START--
INFO: CheckRoute Behavior ::run [ RunTime:0.001974s ]
INFO: [ route_check ] --END-- [ RunTime:0.002158s ]
INFO: [ app_begin ] --START--
INFO: ReadHtmlCache Behavior ::run [ RunTime:0.002222s ]
INFO: [ app_begin ] --END-- [ RunTime:0.002459s ]
ERR: 无法加载模块:Public

[ 2017-04-08T22:39:48+08:00 ] 127.0.0.1 /webshop/Public/bootstrap/css/bootstrap.min.css.map
INFO: [ route_check ] --START--
INFO: CheckRoute Behavior ::run [ RunTime:0.001974s ]
INFO: [ route_check ] --END-- [ RunTime:0.002173s ]
INFO: [ app_begin ] --START--
INFO: ReadHtmlCache Behavior ::run [ RunTime:0.001505s ]
INFO: [ app_begin ] --END-- [ RunTime:0.001688s ]
ERR: 无法加载模块:Public

[ 2017-04-08T22:40:25+08:00 ] 127.0.0.1 /webshop/Public/bootstrap/css/bootstrap.min.css.map
INFO: [ route_check ] --START--
INFO: CheckRoute Behavior ::run [ RunTime:0.002106s ]
INFO: [ route_check ] --END-- [ RunTime:0.002301s ]
INFO: [ app_begin ] --START--
INFO: ReadHtmlCache Behavior ::run [ RunTime:0.001598s ]
INFO: [ app_begin ] --END-- [ RunTime:0.001756s ]
ERR: 无法加载模块:Public

[ 2017-04-08T23:33:09+08:00 ] 127.0.0.1 /webshop/Public/bootstrap/css/bootstrap.min.css.map
INFO: [ route_check ] --START--
INFO: CheckRoute Behavior ::run [ RunTime:0.003211s ]
INFO: [ route_check ] --END-- [ RunTime:0.003331s ]
INFO: [ app_begin ] --START--
INFO: ReadHtmlCache Behavior ::run [ RunTime:0.002981s ]
INFO: [ app_begin ] --END-- [ RunTime:0.003104s ]
ERR: 无法加载模块:Public

[ 2017-04-08T23:33:15+08:00 ] 127.0.0.1 /webshop/Public/bootstrap/css/bootstrap.min.css.map
INFO: [ route_check ] --START--
INFO: CheckRoute Behavior ::run [ RunTime:0.002652s ]
INFO: [ route_check ] --END-- [ RunTime:0.002852s ]
INFO: [ app_begin ] --START--
INFO: ReadHtmlCache Behavior ::run [ RunTime:0.001299s ]
INFO: [ app_begin ] --END-- [ RunTime:0.001433s ]
ERR: 无法加载模块:Public

[ 2017-04-08T23:33:45+08:00 ] 127.0.0.1 /webshop/Public/bootstrap/css/bootstrap.min.css.map
INFO: [ route_check ] --START--
INFO: CheckRoute Behavior ::run [ RunTime:0.001921s ]
INFO: [ route_check ] --END-- [ RunTime:0.002198s ]
INFO: [ app_begin ] --START--
INFO: ReadHtmlCache Behavior ::run [ RunTime:0.001074s ]
INFO: [ app_begin ] --END-- [ RunTime:0.001170s ]
ERR: 无法加载模块:Public

[ 2017-04-08T23:34:34+08:00 ] 127.0.0.1 /webshop/Public/bootstrap/css/bootstrap.min.css.map
INFO: [ route_check ] --START--
INFO: CheckRoute Behavior ::run [ RunTime:0.003070s ]
INFO: [ route_check ] --END-- [ RunTime:0.003288s ]
INFO: [ app_begin ] --START--
INFO: ReadHtmlCache Behavior ::run [ RunTime:0.001401s ]
INFO: [ app_begin ] --END-- [ RunTime:0.001570s ]
ERR: 无法加载模块:Public

[ 2017-04-08T23:34:49+08:00 ] 127.0.0.1 /webshop/Public/bootstrap/css/bootstrap.min.css.map
INFO: [ route_check ] --START--
INFO: CheckRoute Behavior ::run [ RunTime:0.001239s ]
INFO: [ route_check ] --END-- [ RunTime:0.001353s ]
INFO: [ app_begin ] --START--
INFO: ReadHtmlCache Behavior ::run [ RunTime:0.000897s ]
INFO: [ app_begin ] --END-- [ RunTime:0.000974s ]
ERR: 无法加载模块:Public

[ 2017-04-08T23:35:06+08:00 ] 127.0.0.1 /webshop/Public/bootstrap/css/bootstrap.min.css.map
INFO: [ route_check ] --START--
INFO: CheckRoute Behavior ::run [ RunTime:0.002043s ]
INFO: [ route_check ] --END-- [ RunTime:0.002300s ]
INFO: [ app_begin ] --START--
INFO: ReadHtmlCache Behavior ::run [ RunTime:0.001512s ]
INFO: [ app_begin ] --END-- [ RunTime:0.001704s ]
ERR: 无法加载模块:Public

[ 2017-04-08T23:35:19+08:00 ] 127.0.0.1 /webshop/Public/bootstrap/css/bootstrap.min.css.map
INFO: [ route_check ] --START--
INFO: CheckRoute Behavior ::run [ RunTime:0.002116s ]
INFO: [ route_check ] --END-- [ RunTime:0.002297s ]
INFO: [ app_begin ] --START--
INFO: ReadHtmlCache Behavior ::run [ RunTime:0.001760s ]
INFO: [ app_begin ] --END-- [ RunTime:0.001952s ]
ERR: 无法加载模块:Public

[ 2017-04-08T23:35:50+08:00 ] 127.0.0.1 /webshop/Public/bootstrap/css/bootstrap.min.css.map
INFO: [ route_check ] --START--
INFO: CheckRoute Behavior ::run [ RunTime:0.001566s ]
INFO: [ route_check ] --END-- [ RunTime:0.001732s ]
INFO: [ app_begin ] --START--
INFO: ReadHtmlCache Behavior ::run [ RunTime:0.000991s ]
INFO: [ app_begin ] --END-- [ RunTime:0.001124s ]
ERR: 无法加载模块:Public

[ 2017-04-08T23:36:12+08:00 ] 127.0.0.1 /webshop/Public/bootstrap/css/bootstrap.min.css.map
INFO: [ route_check ] --START--
INFO: CheckRoute Behavior ::run [ RunTime:0.001846s ]
INFO: [ route_check ] --END-- [ RunTime:0.002019s ]
INFO: [ app_begin ] --START--
INFO: ReadHtmlCache Behavior ::run [ RunTime:0.001493s ]
INFO: [ app_begin ] --END-- [ RunTime:0.001699s ]
ERR: 无法加载模块:Public

[ 2017-04-08T23:36:39+08:00 ] 127.0.0.1 /webshop/Public/bootstrap/css/bootstrap.min.css.map
INFO: [ route_check ] --START--
INFO: CheckRoute Behavior ::run [ RunTime:0.001908s ]
INFO: [ route_check ] --END-- [ RunTime:0.002085s ]
INFO: [ app_begin ] --START--
INFO: ReadHtmlCache Behavior ::run [ RunTime:0.001411s ]
INFO: [ app_begin ] --END-- [ RunTime:0.001595s ]
ERR: 无法加载模块:Public

[ 2017-04-08T23:37:24+08:00 ] 127.0.0.1 /webshop/Public/bootstrap/css/bootstrap.min.css.map
INFO: [ route_check ] --START--
INFO: CheckRoute Behavior ::run [ RunTime:0.002314s ]
INFO: [ route_check ] --END-- [ RunTime:0.002939s ]
INFO: [ app_begin ] --START--
INFO: ReadHtmlCache Behavior ::run [ RunTime:0.002106s ]
INFO: [ app_begin ] --END-- [ RunTime:0.002308s ]
ERR: 无法加载模块:Public

[ 2017-04-08T23:38:16+08:00 ] 127.0.0.1 /webshop/Public/bootstrap/css/bootstrap.min.css.map
INFO: [ route_check ] --START--
INFO: CheckRoute Behavior ::run [ RunTime:0.003434s ]
INFO: [ route_check ] --END-- [ RunTime:0.004053s ]
INFO: [ app_begin ] --START--
INFO: ReadHtmlCache Behavior ::run [ RunTime:0.001566s ]
INFO: [ app_begin ] --END-- [ RunTime:0.001809s ]
ERR: 无法加载模块:Public

